have_func: checking for rb_category_warn()... -------------------- yes

"x86_64-w64-mingw32-gcc -o conftest.exe -IC:/Users/vagrant/pro/pkg/w32/ruby/include/ruby-3.0.0/x64-mingw32 -IC:/Users/vagrant/pro/pkg/w32/ruby/include/ruby-3.0.0/ruby/backward -IC:/Users/vagrant/pro/pkg/w32/ruby/include/ruby-3.0.0 -I. -D_WIN32_WINNT=0x0600 -D__MINGW_USE_VC2005_COMPAT -D_FILE_OFFSET_BITS=64  -O3 -DFD_SETSIZE=2048 -fno-omit-frame-pointer -fno-fast-math -Wall -Wextra -Wno-unused-parameter -Wno-parentheses -Wno-long-long -Wno-missing-field-initializers -Wunused-variable -Wpointer-arith -Wwrite-strings -Wdeclaration-after-statement -Wimplicit-function-declaration conftest.c  -L. -LC:/Users/vagrant/pro/pkg/w32/ruby/lib -L.   -m64   -lx64-msvcrt-ruby300  -lshell32 -lws2_32 -liphlpapi -limagehlp -lshlwapi  "
In file included from C:/Users/vagrant/pro/pkg/w32/ruby/include/ruby-3.0.0/ruby/internal/arithmetic/int.h:26,
                 from C:/Users/vagrant/pro/pkg/w32/ruby/include/ruby-3.0.0/ruby/internal/arithmetic/char.h:23,
                 from C:/Users/vagrant/pro/pkg/w32/ruby/include/ruby-3.0.0/ruby/internal/arithmetic.h:23,
                 from C:/Users/vagrant/pro/pkg/w32/ruby/include/ruby-3.0.0/ruby/ruby.h:25,
                 from C:/Users/vagrant/pro/pkg/w32/ruby/include/ruby-3.0.0/ruby.h:38,
                 from conftest.c:1:
C:/Users/vagrant/pro/pkg/w32/ruby/include/ruby-3.0.0/ruby/internal/arithmetic/long.h: In function 'RB_INT2FIX':
C:/Users/vagrant/pro/pkg/w32/ruby/include/ruby-3.0.0/ruby/internal/arithmetic/long.h:88:5: warning: ISO C90 forbids mixed declarations and code [-Wdeclaration-after-statement]
   88 |     const unsigned long j = i;
      |     ^~~~~
C:/Users/vagrant/pro/pkg/w32/ruby/include/ruby-3.0.0/ruby/internal/arithmetic/long.h: In function 'rbimpl_fix2long_by_idiv':
C:/Users/vagrant/pro/pkg/w32/ruby/include/ruby-3.0.0/ruby/internal/arithmetic/long.h:123:5: warning: ISO C90 forbids mixed declarations and code [-Wdeclaration-after-statement]
  123 |     const SIGNED_VALUE y = x - RUBY_FIXNUM_FLAG;
      |     ^~~~~
C:/Users/vagrant/pro/pkg/w32/ruby/include/ruby-3.0.0/ruby/internal/arithmetic/long.h: In function 'rbimpl_fix2long_by_shift':
C:/Users/vagrant/pro/pkg/w32/ruby/include/ruby-3.0.0/ruby/internal/arithmetic/long.h:140:5: warning: ISO C90 forbids mixed declarations and code [-Wdeclaration-after-statement]
  140 |     const SIGNED_VALUE y = x;
      |     ^~~~~
In file included from C:/Users/vagrant/pro/pkg/w32/ruby/include/ruby-3.0.0/ruby/internal/fl_type.h:35,
                 from C:/Users/vagrant/pro/pkg/w32/ruby/include/ruby-3.0.0/ruby/internal/core/rstring.h:30,
                 from C:/Users/vagrant/pro/pkg/w32/ruby/include/ruby-3.0.0/ruby/internal/arithmetic/char.h:29,
                 from C:/Users/vagrant/pro/pkg/w32/ruby/include/ruby-3.0.0/ruby/internal/arithmetic.h:23,
                 from C:/Users/vagrant/pro/pkg/w32/ruby/include/ruby-3.0.0/ruby/ruby.h:25,
                 from C:/Users/vagrant/pro/pkg/w32/ruby/include/ruby-3.0.0/ruby.h:38,
                 from conftest.c:1:
C:/Users/vagrant/pro/pkg/w32/ruby/include/ruby-3.0.0/ruby/internal/value_type.h: In function 'RB_BUILTIN_TYPE':
C:/Users/vagrant/pro/pkg/w32/ruby/include/ruby-3.0.0/ruby/internal/value_type.h:157:5: warning: ISO C90 forbids mixed declarations and code [-Wdeclaration-after-statement]
  157 |     VALUE ret = RBASIC(obj)->flags & RUBY_T_MASK;
      |     ^~~~~
In file included from C:/Users/vagrant/pro/pkg/w32/ruby/include/ruby-3.0.0/ruby/internal/arithmetic/char.h:29,
                 from C:/Users/vagrant/pro/pkg/w32/ruby/include/ruby-3.0.0/ruby/internal/arithmetic.h:23,
                 from C:/Users/vagrant/pro/pkg/w32/ruby/include/ruby-3.0.0/ruby/ruby.h:25,
                 from C:/Users/vagrant/pro/pkg/w32/ruby/include/ruby-3.0.0/ruby.h:38,
                 from conftest.c:1:
C:/Users/vagrant/pro/pkg/w32/ruby/include/ruby-3.0.0/ruby/internal/core/rstring.h: In function 'RSTRING_EMBED_LEN':
C:/Users/vagrant/pro/pkg/w32/ruby/include/ruby-3.0.0/ruby/internal/core/rstring.h:109:5: warning: ISO C90 forbids mixed declarations and code [-Wdeclaration-after-statement]
  109 |     VALUE f = RBASIC(str)->flags;
      |     ^~~~~
In file included from C:/Users/vagrant/pro/pkg/w32/ruby/include/ruby-3.0.0/ruby/internal/arithmetic.h:36,
                 from C:/Users/vagrant/pro/pkg/w32/ruby/include/ruby-3.0.0/ruby/ruby.h:25,
                 from C:/Users/vagrant/pro/pkg/w32/ruby/include/ruby-3.0.0/ruby.h:38,
                 from conftest.c:1:
C:/Users/vagrant/pro/pkg/w32/ruby/include/ruby-3.0.0/ruby/internal/arithmetic/st_data_t.h: In function 'RB_ST2FIX':
C:/Users/vagrant/pro/pkg/w32/ruby/include/ruby-3.0.0/ruby/internal/arithmetic/st_data_t.h:55:5: warning: ISO C90 forbids mixed declarations and code [-Wdeclaration-after-statement]
   55 |     unsigned long y = RBIMPL_CAST((unsigned long)x);
      |     ^~~~~~~~
In file included from C:/Users/vagrant/pro/pkg/w32/ruby/include/ruby-3.0.0/ruby/internal/core.h:23,
                 from C:/Users/vagrant/pro/pkg/w32/ruby/include/ruby-3.0.0/ruby/ruby.h:26,
                 from C:/Users/vagrant/pro/pkg/w32/ruby/include/ruby-3.0.0/ruby.h:38,
                 from conftest.c:1:
C:/Users/vagrant/pro/pkg/w32/ruby/include/ruby-3.0.0/ruby/internal/core/rarray.h: In function 'RARRAY_EMBED_LEN':
C:/Users/vagrant/pro/pkg/w32/ruby/include/ruby-3.0.0/ruby/internal/core/rarray.h:123:5: warning: ISO C90 forbids mixed declarations and code [-Wdeclaration-after-statement]
  123 |     VALUE f = RBASIC(ary)->flags;
      |     ^~~~~
C:/Users/vagrant/pro/pkg/w32/ruby/include/ruby-3.0.0/ruby/internal/core/rarray.h: In function 'RARRAY_PTR':
C:/Users/vagrant/pro/pkg/w32/ruby/include/ruby-3.0.0/ruby/internal/core/rarray.h:248:5: warning: ISO C90 forbids mixed declarations and code [-Wdeclaration-after-statement]
  248 |     VALUE tmp = RB_OBJ_WB_UNPROTECT_FOR(ARRAY, ary);
      |     ^~~~~
C:/Users/vagrant/pro/pkg/w32/ruby/include/ruby-3.0.0/ruby/internal/core/rarray.h: In function 'RARRAY_ASET':
C:/Users/vagrant/pro/pkg/w32/ruby/include/ruby-3.0.0/ruby/internal/core/rarray.h:227:5: warning: ISO C90 forbids mixed declarations and code [-Wdeclaration-after-statement]
  227 |     const VALUE rbimpl_ary = (ary);                          \
      |     ^~~~~
C:/Users/vagrant/pro/pkg/w32/ruby/include/ruby-3.0.0/ruby/internal/core/rarray.h:227:5: note: in definition of macro 'RBIMPL_RARRAY_STMT'
  227 |     const VALUE rbimpl_ary = (ary);                          \
      |     ^~~~~
C:/Users/vagrant/pro/pkg/w32/ruby/include/ruby-3.0.0/ruby/internal/core/rarray.h:255:5: note: in expansion of macro 'RARRAY_PTR_USE_TRANSIENT'
  255 |     RARRAY_PTR_USE_TRANSIENT(ary, ptr,
      |     ^~~~~~~~~~~~~~~~~~~~~~~~
In file included from C:/Users/vagrant/pro/pkg/w32/ruby/include/ruby-3.0.0/ruby/internal/core.h:30,
                 from C:/Users/vagrant/pro/pkg/w32/ruby/include/ruby-3.0.0/ruby/ruby.h:26,
                 from C:/Users/vagrant/pro/pkg/w32/ruby/include/ruby-3.0.0/ruby.h:38,
                 from conftest.c:1:
C:/Users/vagrant/pro/pkg/w32/ruby/include/ruby-3.0.0/ruby/internal/core/robject.h: In function 'ROBJECT_IVPTR':
C:/Users/vagrant/pro/pkg/w32/ruby/include/ruby-3.0.0/ruby/internal/core/robject.h:86:5: warning: ISO C90 forbids mixed declarations and code [-Wdeclaration-after-statement]
   86 |     struct RObject *const ptr = ROBJECT(obj);
      |     ^~~~~~
In file included from C:/Users/vagrant/pro/pkg/w32/ruby/include/ruby-3.0.0/ruby/internal/core.h:31,
                 from C:/Users/vagrant/pro/pkg/w32/ruby/include/ruby-3.0.0/ruby/ruby.h:26,
                 from C:/Users/vagrant/pro/pkg/w32/ruby/include/ruby-3.0.0/ruby.h:38,
                 from conftest.c:1:
C:/Users/vagrant/pro/pkg/w32/ruby/include/ruby-3.0.0/ruby/internal/core/rregexp.h: In function 'RREGEXP_SRC':
C:/Users/vagrant/pro/pkg/w32/ruby/include/ruby-3.0.0/ruby/internal/core/rregexp.h:55:5: warning: ISO C90 forbids mixed declarations and code [-Wdeclaration-after-statement]
   55 |     VALUE ret = RREGEXP(rexp)->src;
      |     ^~~~~
In file included from C:/Users/vagrant/pro/pkg/w32/ruby/include/ruby-3.0.0/ruby/ruby.h:42,
                 from C:/Users/vagrant/pro/pkg/w32/ruby/include/ruby-3.0.0/ruby.h:38,
                 from conftest.c:1:
C:/Users/vagrant/pro/pkg/w32/ruby/include/ruby-3.0.0/ruby/internal/newobj.h: In function 'rb_clone_setup':
C:/Users/vagrant/pro/pkg/w32/ruby/include/ruby-3.0.0/ruby/internal/newobj.h:56:5: warning: ISO C90 forbids mixed declarations and code [-Wdeclaration-after-statement]
   56 |     const VALUE flags = RUBY_FL_PROMOTED0 | RUBY_FL_PROMOTED1 | RUBY_FL_FINALIZE;
      |     ^~~~~
checked program was:
/* begin */
1: #include "ruby.h"
2: 
3: #include <winsock2.h>
4: #include <windows.h>
5: int main(int argc, char **argv)
6: {
7:   return !!argv[argc];
8: }
/* end */

"x86_64-w64-mingw32-gcc -o conftest.exe -IC:/Users/vagrant/pro/pkg/w32/ruby/include/ruby-3.0.0/x64-mingw32 -IC:/Users/vagrant/pro/pkg/w32/ruby/include/ruby-3.0.0/ruby/backward -IC:/Users/vagrant/pro/pkg/w32/ruby/include/ruby-3.0.0 -I. -D_WIN32_WINNT=0x0600 -D__MINGW_USE_VC2005_COMPAT -D_FILE_OFFSET_BITS=64  -O3 -DFD_SETSIZE=2048 -fno-omit-frame-pointer -fno-fast-math -Wall -Wextra -Wno-unused-parameter -Wno-parentheses -Wno-long-long -Wno-missing-field-initializers -Wunused-variable -Wpointer-arith -Wwrite-strings -Wdeclaration-after-statement -Wimplicit-function-declaration conftest.c  -L. -LC:/Users/vagrant/pro/pkg/w32/ruby/lib -L.   -m64   -lx64-msvcrt-ruby300  -lshell32 -lws2_32 -liphlpapi -limagehlp -lshlwapi  "
In file included from C:/Users/vagrant/pro/pkg/w32/ruby/include/ruby-3.0.0/ruby/internal/arithmetic/int.h:26,
                 from C:/Users/vagrant/pro/pkg/w32/ruby/include/ruby-3.0.0/ruby/internal/arithmetic/char.h:23,
                 from C:/Users/vagrant/pro/pkg/w32/ruby/include/ruby-3.0.0/ruby/internal/arithmetic.h:23,
                 from C:/Users/vagrant/pro/pkg/w32/ruby/include/ruby-3.0.0/ruby/ruby.h:25,
                 from C:/Users/vagrant/pro/pkg/w32/ruby/include/ruby-3.0.0/ruby.h:38,
                 from conftest.c:1:
C:/Users/vagrant/pro/pkg/w32/ruby/include/ruby-3.0.0/ruby/internal/arithmetic/long.h: In function 'RB_INT2FIX':
C:/Users/vagrant/pro/pkg/w32/ruby/include/ruby-3.0.0/ruby/internal/arithmetic/long.h:88:5: warning: ISO C90 forbids mixed declarations and code [-Wdeclaration-after-statement]
   88 |     const unsigned long j = i;
      |     ^~~~~
C:/Users/vagrant/pro/pkg/w32/ruby/include/ruby-3.0.0/ruby/internal/arithmetic/long.h: In function 'rbimpl_fix2long_by_idiv':
C:/Users/vagrant/pro/pkg/w32/ruby/include/ruby-3.0.0/ruby/internal/arithmetic/long.h:123:5: warning: ISO C90 forbids mixed declarations and code [-Wdeclaration-after-statement]
  123 |     const SIGNED_VALUE y = x - RUBY_FIXNUM_FLAG;
      |     ^~~~~
C:/Users/vagrant/pro/pkg/w32/ruby/include/ruby-3.0.0/ruby/internal/arithmetic/long.h: In function 'rbimpl_fix2long_by_shift':
C:/Users/vagrant/pro/pkg/w32/ruby/include/ruby-3.0.0/ruby/internal/arithmetic/long.h:140:5: warning: ISO C90 forbids mixed declarations and code [-Wdeclaration-after-statement]
  140 |     const SIGNED_VALUE y = x;
      |     ^~~~~
In file included from C:/Users/vagrant/pro/pkg/w32/ruby/include/ruby-3.0.0/ruby/internal/fl_type.h:35,
                 from C:/Users/vagrant/pro/pkg/w32/ruby/include/ruby-3.0.0/ruby/internal/core/rstring.h:30,
                 from C:/Users/vagrant/pro/pkg/w32/ruby/include/ruby-3.0.0/ruby/internal/arithmetic/char.h:29,
                 from C:/Users/vagrant/pro/pkg/w32/ruby/include/ruby-3.0.0/ruby/internal/arithmetic.h:23,
                 from C:/Users/vagrant/pro/pkg/w32/ruby/include/ruby-3.0.0/ruby/ruby.h:25,
                 from C:/Users/vagrant/pro/pkg/w32/ruby/include/ruby-3.0.0/ruby.h:38,
                 from conftest.c:1:
C:/Users/vagrant/pro/pkg/w32/ruby/include/ruby-3.0.0/ruby/internal/value_type.h: In function 'RB_BUILTIN_TYPE':
C:/Users/vagrant/pro/pkg/w32/ruby/include/ruby-3.0.0/ruby/internal/value_type.h:157:5: warning: ISO C90 forbids mixed declarations and code [-Wdeclaration-after-statement]
  157 |     VALUE ret = RBASIC(obj)->flags & RUBY_T_MASK;
      |     ^~~~~
In file included from C:/Users/vagrant/pro/pkg/w32/ruby/include/ruby-3.0.0/ruby/internal/arithmetic/char.h:29,
                 from C:/Users/vagrant/pro/pkg/w32/ruby/include/ruby-3.0.0/ruby/internal/arithmetic.h:23,
                 from C:/Users/vagrant/pro/pkg/w32/ruby/include/ruby-3.0.0/ruby/ruby.h:25,
                 from C:/Users/vagrant/pro/pkg/w32/ruby/include/ruby-3.0.0/ruby.h:38,
                 from conftest.c:1:
C:/Users/vagrant/pro/pkg/w32/ruby/include/ruby-3.0.0/ruby/internal/core/rstring.h: In function 'RSTRING_EMBED_LEN':
C:/Users/vagrant/pro/pkg/w32/ruby/include/ruby-3.0.0/ruby/internal/core/rstring.h:109:5: warning: ISO C90 forbids mixed declarations and code [-Wdeclaration-after-statement]
  109 |     VALUE f = RBASIC(str)->flags;
      |     ^~~~~
In file included from C:/Users/vagrant/pro/pkg/w32/ruby/include/ruby-3.0.0/ruby/internal/arithmetic.h:36,
                 from C:/Users/vagrant/pro/pkg/w32/ruby/include/ruby-3.0.0/ruby/ruby.h:25,
                 from C:/Users/vagrant/pro/pkg/w32/ruby/include/ruby-3.0.0/ruby.h:38,
                 from conftest.c:1:
C:/Users/vagrant/pro/pkg/w32/ruby/include/ruby-3.0.0/ruby/internal/arithmetic/st_data_t.h: In function 'RB_ST2FIX':
C:/Users/vagrant/pro/pkg/w32/ruby/include/ruby-3.0.0/ruby/internal/arithmetic/st_data_t.h:55:5: warning: ISO C90 forbids mixed declarations and code [-Wdeclaration-after-statement]
   55 |     unsigned long y = RBIMPL_CAST((unsigned long)x);
      |     ^~~~~~~~
In file included from C:/Users/vagrant/pro/pkg/w32/ruby/include/ruby-3.0.0/ruby/internal/core.h:23,
                 from C:/Users/vagrant/pro/pkg/w32/ruby/include/ruby-3.0.0/ruby/ruby.h:26,
                 from C:/Users/vagrant/pro/pkg/w32/ruby/include/ruby-3.0.0/ruby.h:38,
                 from conftest.c:1:
C:/Users/vagrant/pro/pkg/w32/ruby/include/ruby-3.0.0/ruby/internal/core/rarray.h: In function 'RARRAY_EMBED_LEN':
C:/Users/vagrant/pro/pkg/w32/ruby/include/ruby-3.0.0/ruby/internal/core/rarray.h:123:5: warning: ISO C90 forbids mixed declarations and code [-Wdeclaration-after-statement]
  123 |     VALUE f = RBASIC(ary)->flags;
      |     ^~~~~
C:/Users/vagrant/pro/pkg/w32/ruby/include/ruby-3.0.0/ruby/internal/core/rarray.h: In function 'RARRAY_PTR':
C:/Users/vagrant/pro/pkg/w32/ruby/include/ruby-3.0.0/ruby/internal/core/rarray.h:248:5: warning: ISO C90 forbids mixed declarations and code [-Wdeclaration-after-statement]
  248 |     VALUE tmp = RB_OBJ_WB_UNPROTECT_FOR(ARRAY, ary);
      |     ^~~~~
C:/Users/vagrant/pro/pkg/w32/ruby/include/ruby-3.0.0/ruby/internal/core/rarray.h: In function 'RARRAY_ASET':
C:/Users/vagrant/pro/pkg/w32/ruby/include/ruby-3.0.0/ruby/internal/core/rarray.h:227:5: warning: ISO C90 forbids mixed declarations and code [-Wdeclaration-after-statement]
  227 |     const VALUE rbimpl_ary = (ary);                          \
      |     ^~~~~
C:/Users/vagrant/pro/pkg/w32/ruby/include/ruby-3.0.0/ruby/internal/core/rarray.h:227:5: note: in definition of macro 'RBIMPL_RARRAY_STMT'
  227 |     const VALUE rbimpl_ary = (ary);                          \
      |     ^~~~~
C:/Users/vagrant/pro/pkg/w32/ruby/include/ruby-3.0.0/ruby/internal/core/rarray.h:255:5: note: in expansion of macro 'RARRAY_PTR_USE_TRANSIENT'
  255 |     RARRAY_PTR_USE_TRANSIENT(ary, ptr,
      |     ^~~~~~~~~~~~~~~~~~~~~~~~
In file included from C:/Users/vagrant/pro/pkg/w32/ruby/include/ruby-3.0.0/ruby/internal/core.h:30,
                 from C:/Users/vagrant/pro/pkg/w32/ruby/include/ruby-3.0.0/ruby/ruby.h:26,
                 from C:/Users/vagrant/pro/pkg/w32/ruby/include/ruby-3.0.0/ruby.h:38,
                 from conftest.c:1:
C:/Users/vagrant/pro/pkg/w32/ruby/include/ruby-3.0.0/ruby/internal/core/robject.h: In function 'ROBJECT_IVPTR':
C:/Users/vagrant/pro/pkg/w32/ruby/include/ruby-3.0.0/ruby/internal/core/robject.h:86:5: warning: ISO C90 forbids mixed declarations and code [-Wdeclaration-after-statement]
   86 |     struct RObject *const ptr = ROBJECT(obj);
      |     ^~~~~~
In file included from C:/Users/vagrant/pro/pkg/w32/ruby/include/ruby-3.0.0/ruby/internal/core.h:31,
                 from C:/Users/vagrant/pro/pkg/w32/ruby/include/ruby-3.0.0/ruby/ruby.h:26,
                 from C:/Users/vagrant/pro/pkg/w32/ruby/include/ruby-3.0.0/ruby.h:38,
                 from conftest.c:1:
C:/Users/vagrant/pro/pkg/w32/ruby/include/ruby-3.0.0/ruby/internal/core/rregexp.h: In function 'RREGEXP_SRC':
C:/Users/vagrant/pro/pkg/w32/ruby/include/ruby-3.0.0/ruby/internal/core/rregexp.h:55:5: warning: ISO C90 forbids mixed declarations and code [-Wdeclaration-after-statement]
   55 |     VALUE ret = RREGEXP(rexp)->src;
      |     ^~~~~
In file included from C:/Users/vagrant/pro/pkg/w32/ruby/include/ruby-3.0.0/ruby/ruby.h:42,
                 from C:/Users/vagrant/pro/pkg/w32/ruby/include/ruby-3.0.0/ruby.h:38,
                 from conftest.c:1:
C:/Users/vagrant/pro/pkg/w32/ruby/include/ruby-3.0.0/ruby/internal/newobj.h: In function 'rb_clone_setup':
C:/Users/vagrant/pro/pkg/w32/ruby/include/ruby-3.0.0/ruby/internal/newobj.h:56:5: warning: ISO C90 forbids mixed declarations and code [-Wdeclaration-after-statement]
   56 |     const VALUE flags = RUBY_FL_PROMOTED0 | RUBY_FL_PROMOTED1 | RUBY_FL_FINALIZE;
      |     ^~~~~
checked program was:
/* begin */
 1: #include "ruby.h"
 2: 
 3: #include <winsock2.h>
 4: #include <windows.h>
 5: 
 6: /*top*/
 7: extern int t(void);
 8: int main(int argc, char **argv)
 9: {
10:   if (argc > 1000000) {
11:     int (* volatile tp)(void)=(int (*)(void))&t;
12:     printf("%d", (*tp)());
13:   }
14: 
15:   return !!argv[argc];
16: }
17: int t(void) { void ((*volatile p)()); p = (void ((*)()))rb_category_warn; return !p; }
/* end */

--------------------

have_var: checking for timezone in time.h with  -Werror... -------------------- no

"x86_64-w64-mingw32-gcc -IC:/Users/vagrant/pro/pkg/w32/ruby/include/ruby-3.0.0/x64-mingw32 -IC:/Users/vagrant/pro/pkg/w32/ruby/include/ruby-3.0.0/ruby/backward -IC:/Users/vagrant/pro/pkg/w32/ruby/include/ruby-3.0.0 -I. -D_WIN32_WINNT=0x0600 -D__MINGW_USE_VC2005_COMPAT -D_FILE_OFFSET_BITS=64  -O3 -DFD_SETSIZE=2048 -fno-omit-frame-pointer -fno-fast-math -Wall -Wextra -Wno-unused-parameter -Wno-parentheses -Wno-long-long -Wno-missing-field-initializers -Wunused-variable -Wpointer-arith -Wwrite-strings -Wdeclaration-after-statement -Wimplicit-function-declaration -m64  -Werror -c conftest.c"
In file included from C:/Users/vagrant/pro/pkg/w32/ruby/include/ruby-3.0.0/ruby/internal/arithmetic/int.h:26,
                 from C:/Users/vagrant/pro/pkg/w32/ruby/include/ruby-3.0.0/ruby/internal/arithmetic/char.h:23,
                 from C:/Users/vagrant/pro/pkg/w32/ruby/include/ruby-3.0.0/ruby/internal/arithmetic.h:23,
                 from C:/Users/vagrant/pro/pkg/w32/ruby/include/ruby-3.0.0/ruby/ruby.h:25,
                 from C:/Users/vagrant/pro/pkg/w32/ruby/include/ruby-3.0.0/ruby.h:38,
                 from conftest.c:1:
C:/Users/vagrant/pro/pkg/w32/ruby/include/ruby-3.0.0/ruby/internal/arithmetic/long.h: In function 'RB_INT2FIX':
C:/Users/vagrant/pro/pkg/w32/ruby/include/ruby-3.0.0/ruby/internal/arithmetic/long.h:88:5: error: ISO C90 forbids mixed declarations and code [-Werror=declaration-after-statement]
   88 |     const unsigned long j = i;
      |     ^~~~~
C:/Users/vagrant/pro/pkg/w32/ruby/include/ruby-3.0.0/ruby/internal/arithmetic/long.h: In function 'rbimpl_fix2long_by_idiv':
C:/Users/vagrant/pro/pkg/w32/ruby/include/ruby-3.0.0/ruby/internal/arithmetic/long.h:123:5: error: ISO C90 forbids mixed declarations and code [-Werror=declaration-after-statement]
  123 |     const SIGNED_VALUE y = x - RUBY_FIXNUM_FLAG;
      |     ^~~~~
C:/Users/vagrant/pro/pkg/w32/ruby/include/ruby-3.0.0/ruby/internal/arithmetic/long.h: In function 'rbimpl_fix2long_by_shift':
C:/Users/vagrant/pro/pkg/w32/ruby/include/ruby-3.0.0/ruby/internal/arithmetic/long.h:140:5: error: ISO C90 forbids mixed declarations and code [-Werror=declaration-after-statement]
  140 |     const SIGNED_VALUE y = x;
      |     ^~~~~
In file included from C:/Users/vagrant/pro/pkg/w32/ruby/include/ruby-3.0.0/ruby/internal/fl_type.h:35,
                 from C:/Users/vagrant/pro/pkg/w32/ruby/include/ruby-3.0.0/ruby/internal/core/rstring.h:30,
                 from C:/Users/vagrant/pro/pkg/w32/ruby/include/ruby-3.0.0/ruby/internal/arithmetic/char.h:29,
                 from C:/Users/vagrant/pro/pkg/w32/ruby/include/ruby-3.0.0/ruby/internal/arithmetic.h:23,
                 from C:/Users/vagrant/pro/pkg/w32/ruby/include/ruby-3.0.0/ruby/ruby.h:25,
                 from C:/Users/vagrant/pro/pkg/w32/ruby/include/ruby-3.0.0/ruby.h:38,
                 from conftest.c:1:
C:/Users/vagrant/pro/pkg/w32/ruby/include/ruby-3.0.0/ruby/internal/value_type.h: In function 'RB_BUILTIN_TYPE':
C:/Users/vagrant/pro/pkg/w32/ruby/include/ruby-3.0.0/ruby/internal/value_type.h:157:5: error: ISO C90 forbids mixed declarations and code [-Werror=declaration-after-statement]
  157 |     VALUE ret = RBASIC(obj)->flags & RUBY_T_MASK;
      |     ^~~~~
In file included from C:/Users/vagrant/pro/pkg/w32/ruby/include/ruby-3.0.0/ruby/internal/arithmetic/char.h:29,
                 from C:/Users/vagrant/pro/pkg/w32/ruby/include/ruby-3.0.0/ruby/internal/arithmetic.h:23,
                 from C:/Users/vagrant/pro/pkg/w32/ruby/include/ruby-3.0.0/ruby/ruby.h:25,
                 from C:/Users/vagrant/pro/pkg/w32/ruby/include/ruby-3.0.0/ruby.h:38,
                 from conftest.c:1:
C:/Users/vagrant/pro/pkg/w32/ruby/include/ruby-3.0.0/ruby/internal/core/rstring.h: In function 'RSTRING_EMBED_LEN':
C:/Users/vagrant/pro/pkg/w32/ruby/include/ruby-3.0.0/ruby/internal/core/rstring.h:109:5: error: ISO C90 forbids mixed declarations and code [-Werror=declaration-after-statement]
  109 |     VALUE f = RBASIC(str)->flags;
      |     ^~~~~
In file included from C:/Users/vagrant/pro/pkg/w32/ruby/include/ruby-3.0.0/ruby/internal/arithmetic.h:36,
                 from C:/Users/vagrant/pro/pkg/w32/ruby/include/ruby-3.0.0/ruby/ruby.h:25,
                 from C:/Users/vagrant/pro/pkg/w32/ruby/include/ruby-3.0.0/ruby.h:38,
                 from conftest.c:1:
C:/Users/vagrant/pro/pkg/w32/ruby/include/ruby-3.0.0/ruby/internal/arithmetic/st_data_t.h: In function 'RB_ST2FIX':
C:/Users/vagrant/pro/pkg/w32/ruby/include/ruby-3.0.0/ruby/internal/arithmetic/st_data_t.h:55:5: error: ISO C90 forbids mixed declarations and code [-Werror=declaration-after-statement]
   55 |     unsigned long y = RBIMPL_CAST((unsigned long)x);
      |     ^~~~~~~~
In file included from C:/Users/vagrant/pro/pkg/w32/ruby/include/ruby-3.0.0/ruby/internal/core.h:23,
                 from C:/Users/vagrant/pro/pkg/w32/ruby/include/ruby-3.0.0/ruby/ruby.h:26,
                 from C:/Users/vagrant/pro/pkg/w32/ruby/include/ruby-3.0.0/ruby.h:38,
                 from conftest.c:1:
C:/Users/vagrant/pro/pkg/w32/ruby/include/ruby-3.0.0/ruby/internal/core/rarray.h: In function 'RARRAY_EMBED_LEN':
C:/Users/vagrant/pro/pkg/w32/ruby/include/ruby-3.0.0/ruby/internal/core/rarray.h:123:5: error: ISO C90 forbids mixed declarations and code [-Werror=declaration-after-statement]
  123 |     VALUE f = RBASIC(ary)->flags;
      |     ^~~~~
C:/Users/vagrant/pro/pkg/w32/ruby/include/ruby-3.0.0/ruby/internal/core/rarray.h: In function 'RARRAY_PTR':
C:/Users/vagrant/pro/pkg/w32/ruby/include/ruby-3.0.0/ruby/internal/core/rarray.h:248:5: error: ISO C90 forbids mixed declarations and code [-Werror=declaration-after-statement]
  248 |     VALUE tmp = RB_OBJ_WB_UNPROTECT_FOR(ARRAY, ary);
      |     ^~~~~
C:/Users/vagrant/pro/pkg/w32/ruby/include/ruby-3.0.0/ruby/internal/core/rarray.h: In function 'RARRAY_ASET':
C:/Users/vagrant/pro/pkg/w32/ruby/include/ruby-3.0.0/ruby/internal/core/rarray.h:227:5: error: ISO C90 forbids mixed declarations and code [-Werror=declaration-after-statement]
  227 |     const VALUE rbimpl_ary = (ary);                          \
      |     ^~~~~
C:/Users/vagrant/pro/pkg/w32/ruby/include/ruby-3.0.0/ruby/internal/core/rarray.h:227:5: note: in definition of macro 'RBIMPL_RARRAY_STMT'
  227 |     const VALUE rbimpl_ary = (ary);                          \
      |     ^~~~~
C:/Users/vagrant/pro/pkg/w32/ruby/include/ruby-3.0.0/ruby/internal/core/rarray.h:255:5: note: in expansion of macro 'RARRAY_PTR_USE_TRANSIENT'
  255 |     RARRAY_PTR_USE_TRANSIENT(ary, ptr,
      |     ^~~~~~~~~~~~~~~~~~~~~~~~
In file included from C:/Users/vagrant/pro/pkg/w32/ruby/include/ruby-3.0.0/ruby/internal/core.h:30,
                 from C:/Users/vagrant/pro/pkg/w32/ruby/include/ruby-3.0.0/ruby/ruby.h:26,
                 from C:/Users/vagrant/pro/pkg/w32/ruby/include/ruby-3.0.0/ruby.h:38,
                 from conftest.c:1:
C:/Users/vagrant/pro/pkg/w32/ruby/include/ruby-3.0.0/ruby/internal/core/robject.h: In function 'ROBJECT_IVPTR':
C:/Users/vagrant/pro/pkg/w32/ruby/include/ruby-3.0.0/ruby/internal/core/robject.h:86:5: error: ISO C90 forbids mixed declarations and code [-Werror=declaration-after-statement]
   86 |     struct RObject *const ptr = ROBJECT(obj);
      |     ^~~~~~
In file included from C:/Users/vagrant/pro/pkg/w32/ruby/include/ruby-3.0.0/ruby/internal/core.h:31,
                 from C:/Users/vagrant/pro/pkg/w32/ruby/include/ruby-3.0.0/ruby/ruby.h:26,
                 from C:/Users/vagrant/pro/pkg/w32/ruby/include/ruby-3.0.0/ruby.h:38,
                 from conftest.c:1:
C:/Users/vagrant/pro/pkg/w32/ruby/include/ruby-3.0.0/ruby/internal/core/rregexp.h: In function 'RREGEXP_SRC':
C:/Users/vagrant/pro/pkg/w32/ruby/include/ruby-3.0.0/ruby/internal/core/rregexp.h:55:5: error: ISO C90 forbids mixed declarations and code [-Werror=declaration-after-statement]
   55 |     VALUE ret = RREGEXP(rexp)->src;
      |     ^~~~~
In file included from C:/Users/vagrant/pro/pkg/w32/ruby/include/ruby-3.0.0/ruby/ruby.h:42,
                 from C:/Users/vagrant/pro/pkg/w32/ruby/include/ruby-3.0.0/ruby.h:38,
                 from conftest.c:1:
C:/Users/vagrant/pro/pkg/w32/ruby/include/ruby-3.0.0/ruby/internal/newobj.h: In function 'rb_clone_setup':
C:/Users/vagrant/pro/pkg/w32/ruby/include/ruby-3.0.0/ruby/internal/newobj.h:56:5: error: ISO C90 forbids mixed declarations and code [-Werror=declaration-after-statement]
   56 |     const VALUE flags = RUBY_FL_PROMOTED0 | RUBY_FL_PROMOTED1 | RUBY_FL_FINALIZE;
      |     ^~~~~
cc1.exe: all warnings being treated as errors
checked program was:
/* begin */
 1: #include "ruby.h"
 2: 
 3: #include <winsock2.h>
 4: #include <windows.h>
 5: #include <time.h>
 6: 
 7: /*top*/
 8: extern int t(void);
 9: int main(int argc, char **argv)
10: {
11:   if (argc > 1000000) {
12:     int (* volatile tp)(void)=(int (*)(void))&t;
13:     printf("%d", (*tp)());
14:   }
15: 
16:   return !!argv[argc];
17: }
18: int t(void) { const volatile void *volatile p; p = &(&timezone)[0]; return !p; }
/* end */

--------------------

have_var: checking for altzone in time.h with  -Werror... -------------------- no

"x86_64-w64-mingw32-gcc -IC:/Users/vagrant/pro/pkg/w32/ruby/include/ruby-3.0.0/x64-mingw32 -IC:/Users/vagrant/pro/pkg/w32/ruby/include/ruby-3.0.0/ruby/backward -IC:/Users/vagrant/pro/pkg/w32/ruby/include/ruby-3.0.0 -I. -D_WIN32_WINNT=0x0600 -D__MINGW_USE_VC2005_COMPAT -D_FILE_OFFSET_BITS=64  -O3 -DFD_SETSIZE=2048 -fno-omit-frame-pointer -fno-fast-math -Wall -Wextra -Wno-unused-parameter -Wno-parentheses -Wno-long-long -Wno-missing-field-initializers -Wunused-variable -Wpointer-arith -Wwrite-strings -Wdeclaration-after-statement -Wimplicit-function-declaration -m64  -Werror -c conftest.c"
In file included from C:/Users/vagrant/pro/pkg/w32/ruby/include/ruby-3.0.0/ruby/internal/arithmetic/int.h:26,
                 from C:/Users/vagrant/pro/pkg/w32/ruby/include/ruby-3.0.0/ruby/internal/arithmetic/char.h:23,
                 from C:/Users/vagrant/pro/pkg/w32/ruby/include/ruby-3.0.0/ruby/internal/arithmetic.h:23,
                 from C:/Users/vagrant/pro/pkg/w32/ruby/include/ruby-3.0.0/ruby/ruby.h:25,
                 from C:/Users/vagrant/pro/pkg/w32/ruby/include/ruby-3.0.0/ruby.h:38,
                 from conftest.c:1:
C:/Users/vagrant/pro/pkg/w32/ruby/include/ruby-3.0.0/ruby/internal/arithmetic/long.h: In function 'RB_INT2FIX':
C:/Users/vagrant/pro/pkg/w32/ruby/include/ruby-3.0.0/ruby/internal/arithmetic/long.h:88:5: error: ISO C90 forbids mixed declarations and code [-Werror=declaration-after-statement]
   88 |     const unsigned long j = i;
      |     ^~~~~
C:/Users/vagrant/pro/pkg/w32/ruby/include/ruby-3.0.0/ruby/internal/arithmetic/long.h: In function 'rbimpl_fix2long_by_idiv':
C:/Users/vagrant/pro/pkg/w32/ruby/include/ruby-3.0.0/ruby/internal/arithmetic/long.h:123:5: error: ISO C90 forbids mixed declarations and code [-Werror=declaration-after-statement]
  123 |     const SIGNED_VALUE y = x - RUBY_FIXNUM_FLAG;
      |     ^~~~~
C:/Users/vagrant/pro/pkg/w32/ruby/include/ruby-3.0.0/ruby/internal/arithmetic/long.h: In function 'rbimpl_fix2long_by_shift':
C:/Users/vagrant/pro/pkg/w32/ruby/include/ruby-3.0.0/ruby/internal/arithmetic/long.h:140:5: error: ISO C90 forbids mixed declarations and code [-Werror=declaration-after-statement]
  140 |     const SIGNED_VALUE y = x;
      |     ^~~~~
In file included from C:/Users/vagrant/pro/pkg/w32/ruby/include/ruby-3.0.0/ruby/internal/fl_type.h:35,
                 from C:/Users/vagrant/pro/pkg/w32/ruby/include/ruby-3.0.0/ruby/internal/core/rstring.h:30,
                 from C:/Users/vagrant/pro/pkg/w32/ruby/include/ruby-3.0.0/ruby/internal/arithmetic/char.h:29,
                 from C:/Users/vagrant/pro/pkg/w32/ruby/include/ruby-3.0.0/ruby/internal/arithmetic.h:23,
                 from C:/Users/vagrant/pro/pkg/w32/ruby/include/ruby-3.0.0/ruby/ruby.h:25,
                 from C:/Users/vagrant/pro/pkg/w32/ruby/include/ruby-3.0.0/ruby.h:38,
                 from conftest.c:1:
C:/Users/vagrant/pro/pkg/w32/ruby/include/ruby-3.0.0/ruby/internal/value_type.h: In function 'RB_BUILTIN_TYPE':
C:/Users/vagrant/pro/pkg/w32/ruby/include/ruby-3.0.0/ruby/internal/value_type.h:157:5: error: ISO C90 forbids mixed declarations and code [-Werror=declaration-after-statement]
  157 |     VALUE ret = RBASIC(obj)->flags & RUBY_T_MASK;
      |     ^~~~~
In file included from C:/Users/vagrant/pro/pkg/w32/ruby/include/ruby-3.0.0/ruby/internal/arithmetic/char.h:29,
                 from C:/Users/vagrant/pro/pkg/w32/ruby/include/ruby-3.0.0/ruby/internal/arithmetic.h:23,
                 from C:/Users/vagrant/pro/pkg/w32/ruby/include/ruby-3.0.0/ruby/ruby.h:25,
                 from C:/Users/vagrant/pro/pkg/w32/ruby/include/ruby-3.0.0/ruby.h:38,
                 from conftest.c:1:
C:/Users/vagrant/pro/pkg/w32/ruby/include/ruby-3.0.0/ruby/internal/core/rstring.h: In function 'RSTRING_EMBED_LEN':
C:/Users/vagrant/pro/pkg/w32/ruby/include/ruby-3.0.0/ruby/internal/core/rstring.h:109:5: error: ISO C90 forbids mixed declarations and code [-Werror=declaration-after-statement]
  109 |     VALUE f = RBASIC(str)->flags;
      |     ^~~~~
In file included from C:/Users/vagrant/pro/pkg/w32/ruby/include/ruby-3.0.0/ruby/internal/arithmetic.h:36,
                 from C:/Users/vagrant/pro/pkg/w32/ruby/include/ruby-3.0.0/ruby/ruby.h:25,
                 from C:/Users/vagrant/pro/pkg/w32/ruby/include/ruby-3.0.0/ruby.h:38,
                 from conftest.c:1:
C:/Users/vagrant/pro/pkg/w32/ruby/include/ruby-3.0.0/ruby/internal/arithmetic/st_data_t.h: In function 'RB_ST2FIX':
C:/Users/vagrant/pro/pkg/w32/ruby/include/ruby-3.0.0/ruby/internal/arithmetic/st_data_t.h:55:5: error: ISO C90 forbids mixed declarations and code [-Werror=declaration-after-statement]
   55 |     unsigned long y = RBIMPL_CAST((unsigned long)x);
      |     ^~~~~~~~
In file included from C:/Users/vagrant/pro/pkg/w32/ruby/include/ruby-3.0.0/ruby/internal/core.h:23,
                 from C:/Users/vagrant/pro/pkg/w32/ruby/include/ruby-3.0.0/ruby/ruby.h:26,
                 from C:/Users/vagrant/pro/pkg/w32/ruby/include/ruby-3.0.0/ruby.h:38,
                 from conftest.c:1:
C:/Users/vagrant/pro/pkg/w32/ruby/include/ruby-3.0.0/ruby/internal/core/rarray.h: In function 'RARRAY_EMBED_LEN':
C:/Users/vagrant/pro/pkg/w32/ruby/include/ruby-3.0.0/ruby/internal/core/rarray.h:123:5: error: ISO C90 forbids mixed declarations and code [-Werror=declaration-after-statement]
  123 |     VALUE f = RBASIC(ary)->flags;
      |     ^~~~~
C:/Users/vagrant/pro/pkg/w32/ruby/include/ruby-3.0.0/ruby/internal/core/rarray.h: In function 'RARRAY_PTR':
C:/Users/vagrant/pro/pkg/w32/ruby/include/ruby-3.0.0/ruby/internal/core/rarray.h:248:5: error: ISO C90 forbids mixed declarations and code [-Werror=declaration-after-statement]
  248 |     VALUE tmp = RB_OBJ_WB_UNPROTECT_FOR(ARRAY, ary);
      |     ^~~~~
C:/Users/vagrant/pro/pkg/w32/ruby/include/ruby-3.0.0/ruby/internal/core/rarray.h: In function 'RARRAY_ASET':
C:/Users/vagrant/pro/pkg/w32/ruby/include/ruby-3.0.0/ruby/internal/core/rarray.h:227:5: error: ISO C90 forbids mixed declarations and code [-Werror=declaration-after-statement]
  227 |     const VALUE rbimpl_ary = (ary);                          \
      |     ^~~~~
C:/Users/vagrant/pro/pkg/w32/ruby/include/ruby-3.0.0/ruby/internal/core/rarray.h:227:5: note: in definition of macro 'RBIMPL_RARRAY_STMT'
  227 |     const VALUE rbimpl_ary = (ary);                          \
      |     ^~~~~
C:/Users/vagrant/pro/pkg/w32/ruby/include/ruby-3.0.0/ruby/internal/core/rarray.h:255:5: note: in expansion of macro 'RARRAY_PTR_USE_TRANSIENT'
  255 |     RARRAY_PTR_USE_TRANSIENT(ary, ptr,
      |     ^~~~~~~~~~~~~~~~~~~~~~~~
In file included from C:/Users/vagrant/pro/pkg/w32/ruby/include/ruby-3.0.0/ruby/internal/core.h:30,
                 from C:/Users/vagrant/pro/pkg/w32/ruby/include/ruby-3.0.0/ruby/ruby.h:26,
                 from C:/Users/vagrant/pro/pkg/w32/ruby/include/ruby-3.0.0/ruby.h:38,
                 from conftest.c:1:
C:/Users/vagrant/pro/pkg/w32/ruby/include/ruby-3.0.0/ruby/internal/core/robject.h: In function 'ROBJECT_IVPTR':
C:/Users/vagrant/pro/pkg/w32/ruby/include/ruby-3.0.0/ruby/internal/core/robject.h:86:5: error: ISO C90 forbids mixed declarations and code [-Werror=declaration-after-statement]
   86 |     struct RObject *const ptr = ROBJECT(obj);
      |     ^~~~~~
In file included from C:/Users/vagrant/pro/pkg/w32/ruby/include/ruby-3.0.0/ruby/internal/core.h:31,
                 from C:/Users/vagrant/pro/pkg/w32/ruby/include/ruby-3.0.0/ruby/ruby.h:26,
                 from C:/Users/vagrant/pro/pkg/w32/ruby/include/ruby-3.0.0/ruby.h:38,
                 from conftest.c:1:
C:/Users/vagrant/pro/pkg/w32/ruby/include/ruby-3.0.0/ruby/internal/core/rregexp.h: In function 'RREGEXP_SRC':
C:/Users/vagrant/pro/pkg/w32/ruby/include/ruby-3.0.0/ruby/internal/core/rregexp.h:55:5: error: ISO C90 forbids mixed declarations and code [-Werror=declaration-after-statement]
   55 |     VALUE ret = RREGEXP(rexp)->src;
      |     ^~~~~
In file included from C:/Users/vagrant/pro/pkg/w32/ruby/include/ruby-3.0.0/ruby/ruby.h:42,
                 from C:/Users/vagrant/pro/pkg/w32/ruby/include/ruby-3.0.0/ruby.h:38,
                 from conftest.c:1:
C:/Users/vagrant/pro/pkg/w32/ruby/include/ruby-3.0.0/ruby/internal/newobj.h: In function 'rb_clone_setup':
C:/Users/vagrant/pro/pkg/w32/ruby/include/ruby-3.0.0/ruby/internal/newobj.h:56:5: error: ISO C90 forbids mixed declarations and code [-Werror=declaration-after-statement]
   56 |     const VALUE flags = RUBY_FL_PROMOTED0 | RUBY_FL_PROMOTED1 | RUBY_FL_FINALIZE;
      |     ^~~~~
conftest.c: In function 't':
conftest.c:18:55: error: 'altzone' undeclared (first use in this function)
   18 | int t(void) { const volatile void *volatile p; p = &(&altzone)[0]; return !p; }
      |                                                       ^~~~~~~
conftest.c:18:55: note: each undeclared identifier is reported only once for each function it appears in
cc1.exe: all warnings being treated as errors
checked program was:
/* begin */
 1: #include "ruby.h"
 2: 
 3: #include <winsock2.h>
 4: #include <windows.h>
 5: #include <time.h>
 6: 
 7: /*top*/
 8: extern int t(void);
 9: int main(int argc, char **argv)
10: {
11:   if (argc > 1000000) {
12:     int (* volatile tp)(void)=(int (*)(void))&t;
13:     printf("%d", (*tp)());
14:   }
15: 
16:   return !!argv[argc];
17: }
18: int t(void) { const volatile void *volatile p; p = &(&altzone)[0]; return !p; }
/* end */

--------------------

