"pkg-config --exists sqlite3"
package configuration for sqlite3 is not found
find_header: checking for sqlite3.h... -------------------- yes

"x86_64-w64-mingw32-gcc -o conftest.exe -IC:/Users/vagrant/pro/pkg/w32/ruby/include/ruby-3.0.0/x64-mingw32 -IC:/Users/vagrant/pro/pkg/w32/ruby/include/ruby-3.0.0/ruby/backward -IC:/Users/vagrant/pro/pkg/w32/ruby/include/ruby-3.0.0 -I. -D_WIN32_WINNT=0x0600 -D__MINGW_USE_VC2005_COMPAT -D_FILE_OFFSET_BITS=64  -O3 -DFD_SETSIZE=2048 -fno-omit-frame-pointer -fno-fast-math -Wall -Wextra -Wno-unused-parameter -Wno-parentheses -Wno-long-long -Wno-missing-field-initializers -Wunused-variable -Wpointer-arith -Wwrite-strings -Wdeclaration-after-statement -Wimplicit-function-declaration conftest.c  -L. -LC:/Users/vagrant/pro/pkg/w32/ruby/lib -L.   -m64   -lx64-msvcrt-ruby300  -lshell32 -lws2_32 -liphlpapi -limagehlp -lshlwapi  "
In file included from C:/Users/vagrant/pro/pkg/w32/ruby/include/ruby-3.0.0/ruby/internal/arithmetic/int.h:26,
                 from C:/Users/vagrant/pro/pkg/w32/ruby/include/ruby-3.0.0/ruby/internal/arithmetic/char.h:23,
                 from C:/Users/vagrant/pro/pkg/w32/ruby/include/ruby-3.0.0/ruby/internal/arithmetic.h:23,
                 from C:/Users/vagrant/pro/pkg/w32/ruby/include/ruby-3.0.0/ruby/ruby.h:25,
                 from C:/Users/vagrant/pro/pkg/w32/ruby/include/ruby-3.0.0/ruby.h:38,
                 from conftest.c:1:
C:/Users/vagrant/pro/pkg/w32/ruby/include/ruby-3.0.0/ruby/internal/arithmetic/long.h: In function 'RB_INT2FIX':
C:/Users/vagrant/pro/pkg/w32/ruby/include/ruby-3.0.0/ruby/internal/arithmetic/long.h:88:5: warning: ISO C90 forbids mixed declarations and code [-Wdeclaration-after-statement]
   88 |     const unsigned long j = i;
      |     ^~~~~
C:/Users/vagrant/pro/pkg/w32/ruby/include/ruby-3.0.0/ruby/internal/arithmetic/long.h: In function 'rbimpl_fix2long_by_idiv':
C:/Users/vagrant/pro/pkg/w32/ruby/include/ruby-3.0.0/ruby/internal/arithmetic/long.h:123:5: warning: ISO C90 forbids mixed declarations and code [-Wdeclaration-after-statement]
  123 |     const SIGNED_VALUE y = x - RUBY_FIXNUM_FLAG;
      |     ^~~~~
C:/Users/vagrant/pro/pkg/w32/ruby/include/ruby-3.0.0/ruby/internal/arithmetic/long.h: In function 'rbimpl_fix2long_by_shift':
C:/Users/vagrant/pro/pkg/w32/ruby/include/ruby-3.0.0/ruby/internal/arithmetic/long.h:140:5: warning: ISO C90 forbids mixed declarations and code [-Wdeclaration-after-statement]
  140 |     const SIGNED_VALUE y = x;
      |     ^~~~~
In file included from C:/Users/vagrant/pro/pkg/w32/ruby/include/ruby-3.0.0/ruby/internal/fl_type.h:35,
                 from C:/Users/vagrant/pro/pkg/w32/ruby/include/ruby-3.0.0/ruby/internal/core/rstring.h:30,
                 from C:/Users/vagrant/pro/pkg/w32/ruby/include/ruby-3.0.0/ruby/internal/arithmetic/char.h:29,
                 from C:/Users/vagrant/pro/pkg/w32/ruby/include/ruby-3.0.0/ruby/internal/arithmetic.h:23,
                 from C:/Users/vagrant/pro/pkg/w32/ruby/include/ruby-3.0.0/ruby/ruby.h:25,
                 from C:/Users/vagrant/pro/pkg/w32/ruby/include/ruby-3.0.0/ruby.h:38,
                 from conftest.c:1:
C:/Users/vagrant/pro/pkg/w32/ruby/include/ruby-3.0.0/ruby/internal/value_type.h: In function 'RB_BUILTIN_TYPE':
C:/Users/vagrant/pro/pkg/w32/ruby/include/ruby-3.0.0/ruby/internal/value_type.h:157:5: warning: ISO C90 forbids mixed declarations and code [-Wdeclaration-after-statement]
  157 |     VALUE ret = RBASIC(obj)->flags & RUBY_T_MASK;
      |     ^~~~~
In file included from C:/Users/vagrant/pro/pkg/w32/ruby/include/ruby-3.0.0/ruby/internal/arithmetic/char.h:29,
                 from C:/Users/vagrant/pro/pkg/w32/ruby/include/ruby-3.0.0/ruby/internal/arithmetic.h:23,
                 from C:/Users/vagrant/pro/pkg/w32/ruby/include/ruby-3.0.0/ruby/ruby.h:25,
                 from C:/Users/vagrant/pro/pkg/w32/ruby/include/ruby-3.0.0/ruby.h:38,
                 from conftest.c:1:
C:/Users/vagrant/pro/pkg/w32/ruby/include/ruby-3.0.0/ruby/internal/core/rstring.h: In function 'RSTRING_EMBED_LEN':
C:/Users/vagrant/pro/pkg/w32/ruby/include/ruby-3.0.0/ruby/internal/core/rstring.h:109:5: warning: ISO C90 forbids mixed declarations and code [-Wdeclaration-after-statement]
  109 |     VALUE f = RBASIC(str)->flags;
      |     ^~~~~
In file included from C:/Users/vagrant/pro/pkg/w32/ruby/include/ruby-3.0.0/ruby/internal/arithmetic.h:36,
                 from C:/Users/vagrant/pro/pkg/w32/ruby/include/ruby-3.0.0/ruby/ruby.h:25,
                 from C:/Users/vagrant/pro/pkg/w32/ruby/include/ruby-3.0.0/ruby.h:38,
                 from conftest.c:1:
C:/Users/vagrant/pro/pkg/w32/ruby/include/ruby-3.0.0/ruby/internal/arithmetic/st_data_t.h: In function 'RB_ST2FIX':
C:/Users/vagrant/pro/pkg/w32/ruby/include/ruby-3.0.0/ruby/internal/arithmetic/st_data_t.h:55:5: warning: ISO C90 forbids mixed declarations and code [-Wdeclaration-after-statement]
   55 |     unsigned long y = RBIMPL_CAST((unsigned long)x);
      |     ^~~~~~~~
In file included from C:/Users/vagrant/pro/pkg/w32/ruby/include/ruby-3.0.0/ruby/internal/core.h:23,
                 from C:/Users/vagrant/pro/pkg/w32/ruby/include/ruby-3.0.0/ruby/ruby.h:26,
                 from C:/Users/vagrant/pro/pkg/w32/ruby/include/ruby-3.0.0/ruby.h:38,
                 from conftest.c:1:
C:/Users/vagrant/pro/pkg/w32/ruby/include/ruby-3.0.0/ruby/internal/core/rarray.h: In function 'RARRAY_EMBED_LEN':
C:/Users/vagrant/pro/pkg/w32/ruby/include/ruby-3.0.0/ruby/internal/core/rarray.h:123:5: warning: ISO C90 forbids mixed declarations and code [-Wdeclaration-after-statement]
  123 |     VALUE f = RBASIC(ary)->flags;
      |     ^~~~~
C:/Users/vagrant/pro/pkg/w32/ruby/include/ruby-3.0.0/ruby/internal/core/rarray.h: In function 'RARRAY_PTR':
C:/Users/vagrant/pro/pkg/w32/ruby/include/ruby-3.0.0/ruby/internal/core/rarray.h:248:5: warning: ISO C90 forbids mixed declarations and code [-Wdeclaration-after-statement]
  248 |     VALUE tmp = RB_OBJ_WB_UNPROTECT_FOR(ARRAY, ary);
      |     ^~~~~
C:/Users/vagrant/pro/pkg/w32/ruby/include/ruby-3.0.0/ruby/internal/core/rarray.h: In function 'RARRAY_ASET':
C:/Users/vagrant/pro/pkg/w32/ruby/include/ruby-3.0.0/ruby/internal/core/rarray.h:227:5: warning: ISO C90 forbids mixed declarations and code [-Wdeclaration-after-statement]
  227 |     const VALUE rbimpl_ary = (ary);                          \
      |     ^~~~~
C:/Users/vagrant/pro/pkg/w32/ruby/include/ruby-3.0.0/ruby/internal/core/rarray.h:227:5: note: in definition of macro 'RBIMPL_RARRAY_STMT'
  227 |     const VALUE rbimpl_ary = (ary);                          \
      |     ^~~~~
C:/Users/vagrant/pro/pkg/w32/ruby/include/ruby-3.0.0/ruby/internal/core/rarray.h:255:5: note: in expansion of macro 'RARRAY_PTR_USE_TRANSIENT'
  255 |     RARRAY_PTR_USE_TRANSIENT(ary, ptr,
      |     ^~~~~~~~~~~~~~~~~~~~~~~~
In file included from C:/Users/vagrant/pro/pkg/w32/ruby/include/ruby-3.0.0/ruby/internal/core.h:30,
                 from C:/Users/vagrant/pro/pkg/w32/ruby/include/ruby-3.0.0/ruby/ruby.h:26,
                 from C:/Users/vagrant/pro/pkg/w32/ruby/include/ruby-3.0.0/ruby.h:38,
                 from conftest.c:1:
C:/Users/vagrant/pro/pkg/w32/ruby/include/ruby-3.0.0/ruby/internal/core/robject.h: In function 'ROBJECT_IVPTR':
C:/Users/vagrant/pro/pkg/w32/ruby/include/ruby-3.0.0/ruby/internal/core/robject.h:86:5: warning: ISO C90 forbids mixed declarations and code [-Wdeclaration-after-statement]
   86 |     struct RObject *const ptr = ROBJECT(obj);
      |     ^~~~~~
In file included from C:/Users/vagrant/pro/pkg/w32/ruby/include/ruby-3.0.0/ruby/internal/core.h:31,
                 from C:/Users/vagrant/pro/pkg/w32/ruby/include/ruby-3.0.0/ruby/ruby.h:26,
                 from C:/Users/vagrant/pro/pkg/w32/ruby/include/ruby-3.0.0/ruby.h:38,
                 from conftest.c:1:
C:/Users/vagrant/pro/pkg/w32/ruby/include/ruby-3.0.0/ruby/internal/core/rregexp.h: In function 'RREGEXP_SRC':
C:/Users/vagrant/pro/pkg/w32/ruby/include/ruby-3.0.0/ruby/internal/core/rregexp.h:55:5: warning: ISO C90 forbids mixed declarations and code [-Wdeclaration-after-statement]
   55 |     VALUE ret = RREGEXP(rexp)->src;
      |     ^~~~~
In file included from C:/Users/vagrant/pro/pkg/w32/ruby/include/ruby-3.0.0/ruby/ruby.h:42,
                 from C:/Users/vagrant/pro/pkg/w32/ruby/include/ruby-3.0.0/ruby.h:38,
                 from conftest.c:1:
C:/Users/vagrant/pro/pkg/w32/ruby/include/ruby-3.0.0/ruby/internal/newobj.h: In function 'rb_clone_setup':
C:/Users/vagrant/pro/pkg/w32/ruby/include/ruby-3.0.0/ruby/internal/newobj.h:56:5: warning: ISO C90 forbids mixed declarations and code [-Wdeclaration-after-statement]
   56 |     const VALUE flags = RUBY_FL_PROMOTED0 | RUBY_FL_PROMOTED1 | RUBY_FL_FINALIZE;
      |     ^~~~~
checked program was:
/* begin */
1: #include "ruby.h"
2: 
3: #include <winsock2.h>
4: #include <windows.h>
5: int main(int argc, char **argv)
6: {
7:   return !!argv[argc];
8: }
/* end */

"x86_64-w64-mingw32-gcc -E -IC:/Users/vagrant/pro/pkg/w32/ruby/include/ruby-3.0.0/x64-mingw32 -IC:/Users/vagrant/pro/pkg/w32/ruby/include/ruby-3.0.0/ruby/backward -IC:/Users/vagrant/pro/pkg/w32/ruby/include/ruby-3.0.0 -I. -D_WIN32_WINNT=0x0600 -D__MINGW_USE_VC2005_COMPAT -D_FILE_OFFSET_BITS=64  -O3 -DFD_SETSIZE=2048 -fno-omit-frame-pointer -fno-fast-math -Wall -Wextra -Wno-unused-parameter -Wno-parentheses -Wno-long-long -Wno-missing-field-initializers -Wunused-variable -Wpointer-arith -Wwrite-strings -Wdeclaration-after-statement -Wimplicit-function-declaration  conftest.c -o conftest.i"
checked program was:
/* begin */
1: #include "ruby.h"
2: 
3: #include <winsock2.h>
4: #include <windows.h>
5: #include <sqlite3.h>
/* end */

--------------------

find_library: checking for pthread_create() in -lpthread... -------------------- yes

"x86_64-w64-mingw32-gcc -o conftest.exe -IC:/Users/vagrant/pro/pkg/w32/ruby/include/ruby-3.0.0/x64-mingw32 -IC:/Users/vagrant/pro/pkg/w32/ruby/include/ruby-3.0.0/ruby/backward -IC:/Users/vagrant/pro/pkg/w32/ruby/include/ruby-3.0.0 -I. -D_WIN32_WINNT=0x0600 -D__MINGW_USE_VC2005_COMPAT -D_FILE_OFFSET_BITS=64  -O3 -DFD_SETSIZE=2048 -fno-omit-frame-pointer -fno-fast-math -Wall -Wextra -Wno-unused-parameter -Wno-parentheses -Wno-long-long -Wno-missing-field-initializers -Wunused-variable -Wpointer-arith -Wwrite-strings -Wdeclaration-after-statement -Wimplicit-function-declaration conftest.c  -L. -LC:/Users/vagrant/pro/pkg/w32/ruby/lib -L.   -m64   -lx64-msvcrt-ruby300 -lpthread  -lshell32 -lws2_32 -liphlpapi -limagehlp -lshlwapi  "
In file included from C:/Users/vagrant/pro/pkg/w32/ruby/include/ruby-3.0.0/ruby/internal/arithmetic/int.h:26,
                 from C:/Users/vagrant/pro/pkg/w32/ruby/include/ruby-3.0.0/ruby/internal/arithmetic/char.h:23,
                 from C:/Users/vagrant/pro/pkg/w32/ruby/include/ruby-3.0.0/ruby/internal/arithmetic.h:23,
                 from C:/Users/vagrant/pro/pkg/w32/ruby/include/ruby-3.0.0/ruby/ruby.h:25,
                 from C:/Users/vagrant/pro/pkg/w32/ruby/include/ruby-3.0.0/ruby.h:38,
                 from conftest.c:1:
C:/Users/vagrant/pro/pkg/w32/ruby/include/ruby-3.0.0/ruby/internal/arithmetic/long.h: In function 'RB_INT2FIX':
C:/Users/vagrant/pro/pkg/w32/ruby/include/ruby-3.0.0/ruby/internal/arithmetic/long.h:88:5: warning: ISO C90 forbids mixed declarations and code [-Wdeclaration-after-statement]
   88 |     const unsigned long j = i;
      |     ^~~~~
C:/Users/vagrant/pro/pkg/w32/ruby/include/ruby-3.0.0/ruby/internal/arithmetic/long.h: In function 'rbimpl_fix2long_by_idiv':
C:/Users/vagrant/pro/pkg/w32/ruby/include/ruby-3.0.0/ruby/internal/arithmetic/long.h:123:5: warning: ISO C90 forbids mixed declarations and code [-Wdeclaration-after-statement]
  123 |     const SIGNED_VALUE y = x - RUBY_FIXNUM_FLAG;
      |     ^~~~~
C:/Users/vagrant/pro/pkg/w32/ruby/include/ruby-3.0.0/ruby/internal/arithmetic/long.h: In function 'rbimpl_fix2long_by_shift':
C:/Users/vagrant/pro/pkg/w32/ruby/include/ruby-3.0.0/ruby/internal/arithmetic/long.h:140:5: warning: ISO C90 forbids mixed declarations and code [-Wdeclaration-after-statement]
  140 |     const SIGNED_VALUE y = x;
      |     ^~~~~
In file included from C:/Users/vagrant/pro/pkg/w32/ruby/include/ruby-3.0.0/ruby/internal/fl_type.h:35,
                 from C:/Users/vagrant/pro/pkg/w32/ruby/include/ruby-3.0.0/ruby/internal/core/rstring.h:30,
                 from C:/Users/vagrant/pro/pkg/w32/ruby/include/ruby-3.0.0/ruby/internal/arithmetic/char.h:29,
                 from C:/Users/vagrant/pro/pkg/w32/ruby/include/ruby-3.0.0/ruby/internal/arithmetic.h:23,
                 from C:/Users/vagrant/pro/pkg/w32/ruby/include/ruby-3.0.0/ruby/ruby.h:25,
                 from C:/Users/vagrant/pro/pkg/w32/ruby/include/ruby-3.0.0/ruby.h:38,
                 from conftest.c:1:
C:/Users/vagrant/pro/pkg/w32/ruby/include/ruby-3.0.0/ruby/internal/value_type.h: In function 'RB_BUILTIN_TYPE':
C:/Users/vagrant/pro/pkg/w32/ruby/include/ruby-3.0.0/ruby/internal/value_type.h:157:5: warning: ISO C90 forbids mixed declarations and code [-Wdeclaration-after-statement]
  157 |     VALUE ret = RBASIC(obj)->flags & RUBY_T_MASK;
      |     ^~~~~
In file included from C:/Users/vagrant/pro/pkg/w32/ruby/include/ruby-3.0.0/ruby/internal/arithmetic/char.h:29,
                 from C:/Users/vagrant/pro/pkg/w32/ruby/include/ruby-3.0.0/ruby/internal/arithmetic.h:23,
                 from C:/Users/vagrant/pro/pkg/w32/ruby/include/ruby-3.0.0/ruby/ruby.h:25,
                 from C:/Users/vagrant/pro/pkg/w32/ruby/include/ruby-3.0.0/ruby.h:38,
                 from conftest.c:1:
C:/Users/vagrant/pro/pkg/w32/ruby/include/ruby-3.0.0/ruby/internal/core/rstring.h: In function 'RSTRING_EMBED_LEN':
C:/Users/vagrant/pro/pkg/w32/ruby/include/ruby-3.0.0/ruby/internal/core/rstring.h:109:5: warning: ISO C90 forbids mixed declarations and code [-Wdeclaration-after-statement]
  109 |     VALUE f = RBASIC(str)->flags;
      |     ^~~~~
In file included from C:/Users/vagrant/pro/pkg/w32/ruby/include/ruby-3.0.0/ruby/internal/arithmetic.h:36,
                 from C:/Users/vagrant/pro/pkg/w32/ruby/include/ruby-3.0.0/ruby/ruby.h:25,
                 from C:/Users/vagrant/pro/pkg/w32/ruby/include/ruby-3.0.0/ruby.h:38,
                 from conftest.c:1:
C:/Users/vagrant/pro/pkg/w32/ruby/include/ruby-3.0.0/ruby/internal/arithmetic/st_data_t.h: In function 'RB_ST2FIX':
C:/Users/vagrant/pro/pkg/w32/ruby/include/ruby-3.0.0/ruby/internal/arithmetic/st_data_t.h:55:5: warning: ISO C90 forbids mixed declarations and code [-Wdeclaration-after-statement]
   55 |     unsigned long y = RBIMPL_CAST((unsigned long)x);
      |     ^~~~~~~~
In file included from C:/Users/vagrant/pro/pkg/w32/ruby/include/ruby-3.0.0/ruby/internal/core.h:23,
                 from C:/Users/vagrant/pro/pkg/w32/ruby/include/ruby-3.0.0/ruby/ruby.h:26,
                 from C:/Users/vagrant/pro/pkg/w32/ruby/include/ruby-3.0.0/ruby.h:38,
                 from conftest.c:1:
C:/Users/vagrant/pro/pkg/w32/ruby/include/ruby-3.0.0/ruby/internal/core/rarray.h: In function 'RARRAY_EMBED_LEN':
C:/Users/vagrant/pro/pkg/w32/ruby/include/ruby-3.0.0/ruby/internal/core/rarray.h:123:5: warning: ISO C90 forbids mixed declarations and code [-Wdeclaration-after-statement]
  123 |     VALUE f = RBASIC(ary)->flags;
      |     ^~~~~
C:/Users/vagrant/pro/pkg/w32/ruby/include/ruby-3.0.0/ruby/internal/core/rarray.h: In function 'RARRAY_PTR':
C:/Users/vagrant/pro/pkg/w32/ruby/include/ruby-3.0.0/ruby/internal/core/rarray.h:248:5: warning: ISO C90 forbids mixed declarations and code [-Wdeclaration-after-statement]
  248 |     VALUE tmp = RB_OBJ_WB_UNPROTECT_FOR(ARRAY, ary);
      |     ^~~~~
C:/Users/vagrant/pro/pkg/w32/ruby/include/ruby-3.0.0/ruby/internal/core/rarray.h: In function 'RARRAY_ASET':
C:/Users/vagrant/pro/pkg/w32/ruby/include/ruby-3.0.0/ruby/internal/core/rarray.h:227:5: warning: ISO C90 forbids mixed declarations and code [-Wdeclaration-after-statement]
  227 |     const VALUE rbimpl_ary = (ary);                          \
      |     ^~~~~
C:/Users/vagrant/pro/pkg/w32/ruby/include/ruby-3.0.0/ruby/internal/core/rarray.h:227:5: note: in definition of macro 'RBIMPL_RARRAY_STMT'
  227 |     const VALUE rbimpl_ary = (ary);                          \
      |     ^~~~~
C:/Users/vagrant/pro/pkg/w32/ruby/include/ruby-3.0.0/ruby/internal/core/rarray.h:255:5: note: in expansion of macro 'RARRAY_PTR_USE_TRANSIENT'
  255 |     RARRAY_PTR_USE_TRANSIENT(ary, ptr,
      |     ^~~~~~~~~~~~~~~~~~~~~~~~
In file included from C:/Users/vagrant/pro/pkg/w32/ruby/include/ruby-3.0.0/ruby/internal/core.h:30,
                 from C:/Users/vagrant/pro/pkg/w32/ruby/include/ruby-3.0.0/ruby/ruby.h:26,
                 from C:/Users/vagrant/pro/pkg/w32/ruby/include/ruby-3.0.0/ruby.h:38,
                 from conftest.c:1:
C:/Users/vagrant/pro/pkg/w32/ruby/include/ruby-3.0.0/ruby/internal/core/robject.h: In function 'ROBJECT_IVPTR':
C:/Users/vagrant/pro/pkg/w32/ruby/include/ruby-3.0.0/ruby/internal/core/robject.h:86:5: warning: ISO C90 forbids mixed declarations and code [-Wdeclaration-after-statement]
   86 |     struct RObject *const ptr = ROBJECT(obj);
      |     ^~~~~~
In file included from C:/Users/vagrant/pro/pkg/w32/ruby/include/ruby-3.0.0/ruby/internal/core.h:31,
                 from C:/Users/vagrant/pro/pkg/w32/ruby/include/ruby-3.0.0/ruby/ruby.h:26,
                 from C:/Users/vagrant/pro/pkg/w32/ruby/include/ruby-3.0.0/ruby.h:38,
                 from conftest.c:1:
C:/Users/vagrant/pro/pkg/w32/ruby/include/ruby-3.0.0/ruby/internal/core/rregexp.h: In function 'RREGEXP_SRC':
C:/Users/vagrant/pro/pkg/w32/ruby/include/ruby-3.0.0/ruby/internal/core/rregexp.h:55:5: warning: ISO C90 forbids mixed declarations and code [-Wdeclaration-after-statement]
   55 |     VALUE ret = RREGEXP(rexp)->src;
      |     ^~~~~
In file included from C:/Users/vagrant/pro/pkg/w32/ruby/include/ruby-3.0.0/ruby/ruby.h:42,
                 from C:/Users/vagrant/pro/pkg/w32/ruby/include/ruby-3.0.0/ruby.h:38,
                 from conftest.c:1:
C:/Users/vagrant/pro/pkg/w32/ruby/include/ruby-3.0.0/ruby/internal/newobj.h: In function 'rb_clone_setup':
C:/Users/vagrant/pro/pkg/w32/ruby/include/ruby-3.0.0/ruby/internal/newobj.h:56:5: warning: ISO C90 forbids mixed declarations and code [-Wdeclaration-after-statement]
   56 |     const VALUE flags = RUBY_FL_PROMOTED0 | RUBY_FL_PROMOTED1 | RUBY_FL_FINALIZE;
      |     ^~~~~
conftest.c: In function 't':
conftest.c:17:57: error: 'pthread_create' undeclared (first use in this function); did you mean 'rb_thread_create'?
   17 | int t(void) { void ((*volatile p)()); p = (void ((*)()))pthread_create; return !p; }
      |                                                         ^~~~~~~~~~~~~~
      |                                                         rb_thread_create
conftest.c:17:57: note: each undeclared identifier is reported only once for each function it appears in
checked program was:
/* begin */
 1: #include "ruby.h"
 2: 
 3: #include <winsock2.h>
 4: #include <windows.h>
 5: 
 6: /*top*/
 7: extern int t(void);
 8: int main(int argc, char **argv)
 9: {
10:   if (argc > 1000000) {
11:     int (* volatile tp)(void)=(int (*)(void))&t;
12:     printf("%d", (*tp)());
13:   }
14: 
15:   return !!argv[argc];
16: }
17: int t(void) { void ((*volatile p)()); p = (void ((*)()))pthread_create; return !p; }
/* end */

"x86_64-w64-mingw32-gcc -o conftest.exe -IC:/Users/vagrant/pro/pkg/w32/ruby/include/ruby-3.0.0/x64-mingw32 -IC:/Users/vagrant/pro/pkg/w32/ruby/include/ruby-3.0.0/ruby/backward -IC:/Users/vagrant/pro/pkg/w32/ruby/include/ruby-3.0.0 -I. -D_WIN32_WINNT=0x0600 -D__MINGW_USE_VC2005_COMPAT -D_FILE_OFFSET_BITS=64  -O3 -DFD_SETSIZE=2048 -fno-omit-frame-pointer -fno-fast-math -Wall -Wextra -Wno-unused-parameter -Wno-parentheses -Wno-long-long -Wno-missing-field-initializers -Wunused-variable -Wpointer-arith -Wwrite-strings -Wdeclaration-after-statement -Wimplicit-function-declaration conftest.c  -L. -LC:/Users/vagrant/pro/pkg/w32/ruby/lib -L.   -m64   -lx64-msvcrt-ruby300 -lpthread  -lshell32 -lws2_32 -liphlpapi -limagehlp -lshlwapi  "
In file included from C:/Users/vagrant/pro/pkg/w32/ruby/include/ruby-3.0.0/ruby/internal/arithmetic/int.h:26,
                 from C:/Users/vagrant/pro/pkg/w32/ruby/include/ruby-3.0.0/ruby/internal/arithmetic/char.h:23,
                 from C:/Users/vagrant/pro/pkg/w32/ruby/include/ruby-3.0.0/ruby/internal/arithmetic.h:23,
                 from C:/Users/vagrant/pro/pkg/w32/ruby/include/ruby-3.0.0/ruby/ruby.h:25,
                 from C:/Users/vagrant/pro/pkg/w32/ruby/include/ruby-3.0.0/ruby.h:38,
                 from conftest.c:1:
C:/Users/vagrant/pro/pkg/w32/ruby/include/ruby-3.0.0/ruby/internal/arithmetic/long.h: In function 'RB_INT2FIX':
C:/Users/vagrant/pro/pkg/w32/ruby/include/ruby-3.0.0/ruby/internal/arithmetic/long.h:88:5: warning: ISO C90 forbids mixed declarations and code [-Wdeclaration-after-statement]
   88 |     const unsigned long j = i;
      |     ^~~~~
C:/Users/vagrant/pro/pkg/w32/ruby/include/ruby-3.0.0/ruby/internal/arithmetic/long.h: In function 'rbimpl_fix2long_by_idiv':
C:/Users/vagrant/pro/pkg/w32/ruby/include/ruby-3.0.0/ruby/internal/arithmetic/long.h:123:5: warning: ISO C90 forbids mixed declarations and code [-Wdeclaration-after-statement]
  123 |     const SIGNED_VALUE y = x - RUBY_FIXNUM_FLAG;
      |     ^~~~~
C:/Users/vagrant/pro/pkg/w32/ruby/include/ruby-3.0.0/ruby/internal/arithmetic/long.h: In function 'rbimpl_fix2long_by_shift':
C:/Users/vagrant/pro/pkg/w32/ruby/include/ruby-3.0.0/ruby/internal/arithmetic/long.h:140:5: warning: ISO C90 forbids mixed declarations and code [-Wdeclaration-after-statement]
  140 |     const SIGNED_VALUE y = x;
      |     ^~~~~
In file included from C:/Users/vagrant/pro/pkg/w32/ruby/include/ruby-3.0.0/ruby/internal/fl_type.h:35,
                 from C:/Users/vagrant/pro/pkg/w32/ruby/include/ruby-3.0.0/ruby/internal/core/rstring.h:30,
                 from C:/Users/vagrant/pro/pkg/w32/ruby/include/ruby-3.0.0/ruby/internal/arithmetic/char.h:29,
                 from C:/Users/vagrant/pro/pkg/w32/ruby/include/ruby-3.0.0/ruby/internal/arithmetic.h:23,
                 from C:/Users/vagrant/pro/pkg/w32/ruby/include/ruby-3.0.0/ruby/ruby.h:25,
                 from C:/Users/vagrant/pro/pkg/w32/ruby/include/ruby-3.0.0/ruby.h:38,
                 from conftest.c:1:
C:/Users/vagrant/pro/pkg/w32/ruby/include/ruby-3.0.0/ruby/internal/value_type.h: In function 'RB_BUILTIN_TYPE':
C:/Users/vagrant/pro/pkg/w32/ruby/include/ruby-3.0.0/ruby/internal/value_type.h:157:5: warning: ISO C90 forbids mixed declarations and code [-Wdeclaration-after-statement]
  157 |     VALUE ret = RBASIC(obj)->flags & RUBY_T_MASK;
      |     ^~~~~
In file included from C:/Users/vagrant/pro/pkg/w32/ruby/include/ruby-3.0.0/ruby/internal/arithmetic/char.h:29,
                 from C:/Users/vagrant/pro/pkg/w32/ruby/include/ruby-3.0.0/ruby/internal/arithmetic.h:23,
                 from C:/Users/vagrant/pro/pkg/w32/ruby/include/ruby-3.0.0/ruby/ruby.h:25,
                 from C:/Users/vagrant/pro/pkg/w32/ruby/include/ruby-3.0.0/ruby.h:38,
                 from conftest.c:1:
C:/Users/vagrant/pro/pkg/w32/ruby/include/ruby-3.0.0/ruby/internal/core/rstring.h: In function 'RSTRING_EMBED_LEN':
C:/Users/vagrant/pro/pkg/w32/ruby/include/ruby-3.0.0/ruby/internal/core/rstring.h:109:5: warning: ISO C90 forbids mixed declarations and code [-Wdeclaration-after-statement]
  109 |     VALUE f = RBASIC(str)->flags;
      |     ^~~~~
In file included from C:/Users/vagrant/pro/pkg/w32/ruby/include/ruby-3.0.0/ruby/internal/arithmetic.h:36,
                 from C:/Users/vagrant/pro/pkg/w32/ruby/include/ruby-3.0.0/ruby/ruby.h:25,
                 from C:/Users/vagrant/pro/pkg/w32/ruby/include/ruby-3.0.0/ruby.h:38,
                 from conftest.c:1:
C:/Users/vagrant/pro/pkg/w32/ruby/include/ruby-3.0.0/ruby/internal/arithmetic/st_data_t.h: In function 'RB_ST2FIX':
C:/Users/vagrant/pro/pkg/w32/ruby/include/ruby-3.0.0/ruby/internal/arithmetic/st_data_t.h:55:5: warning: ISO C90 forbids mixed declarations and code [-Wdeclaration-after-statement]
   55 |     unsigned long y = RBIMPL_CAST((unsigned long)x);
      |     ^~~~~~~~
In file included from C:/Users/vagrant/pro/pkg/w32/ruby/include/ruby-3.0.0/ruby/internal/core.h:23,
                 from C:/Users/vagrant/pro/pkg/w32/ruby/include/ruby-3.0.0/ruby/ruby.h:26,
                 from C:/Users/vagrant/pro/pkg/w32/ruby/include/ruby-3.0.0/ruby.h:38,
                 from conftest.c:1:
C:/Users/vagrant/pro/pkg/w32/ruby/include/ruby-3.0.0/ruby/internal/core/rarray.h: In function 'RARRAY_EMBED_LEN':
C:/Users/vagrant/pro/pkg/w32/ruby/include/ruby-3.0.0/ruby/internal/core/rarray.h:123:5: warning: ISO C90 forbids mixed declarations and code [-Wdeclaration-after-statement]
  123 |     VALUE f = RBASIC(ary)->flags;
      |     ^~~~~
C:/Users/vagrant/pro/pkg/w32/ruby/include/ruby-3.0.0/ruby/internal/core/rarray.h: In function 'RARRAY_PTR':
C:/Users/vagrant/pro/pkg/w32/ruby/include/ruby-3.0.0/ruby/internal/core/rarray.h:248:5: warning: ISO C90 forbids mixed declarations and code [-Wdeclaration-after-statement]
  248 |     VALUE tmp = RB_OBJ_WB_UNPROTECT_FOR(ARRAY, ary);
      |     ^~~~~
C:/Users/vagrant/pro/pkg/w32/ruby/include/ruby-3.0.0/ruby/internal/core/rarray.h: In function 'RARRAY_ASET':
C:/Users/vagrant/pro/pkg/w32/ruby/include/ruby-3.0.0/ruby/internal/core/rarray.h:227:5: warning: ISO C90 forbids mixed declarations and code [-Wdeclaration-after-statement]
  227 |     const VALUE rbimpl_ary = (ary);                          \
      |     ^~~~~
C:/Users/vagrant/pro/pkg/w32/ruby/include/ruby-3.0.0/ruby/internal/core/rarray.h:227:5: note: in definition of macro 'RBIMPL_RARRAY_STMT'
  227 |     const VALUE rbimpl_ary = (ary);                          \
      |     ^~~~~
C:/Users/vagrant/pro/pkg/w32/ruby/include/ruby-3.0.0/ruby/internal/core/rarray.h:255:5: note: in expansion of macro 'RARRAY_PTR_USE_TRANSIENT'
  255 |     RARRAY_PTR_USE_TRANSIENT(ary, ptr,
      |     ^~~~~~~~~~~~~~~~~~~~~~~~
In file included from C:/Users/vagrant/pro/pkg/w32/ruby/include/ruby-3.0.0/ruby/internal/core.h:30,
                 from C:/Users/vagrant/pro/pkg/w32/ruby/include/ruby-3.0.0/ruby/ruby.h:26,
                 from C:/Users/vagrant/pro/pkg/w32/ruby/include/ruby-3.0.0/ruby.h:38,
                 from conftest.c:1:
C:/Users/vagrant/pro/pkg/w32/ruby/include/ruby-3.0.0/ruby/internal/core/robject.h: In function 'ROBJECT_IVPTR':
C:/Users/vagrant/pro/pkg/w32/ruby/include/ruby-3.0.0/ruby/internal/core/robject.h:86:5: warning: ISO C90 forbids mixed declarations and code [-Wdeclaration-after-statement]
   86 |     struct RObject *const ptr = ROBJECT(obj);
      |     ^~~~~~
In file included from C:/Users/vagrant/pro/pkg/w32/ruby/include/ruby-3.0.0/ruby/internal/core.h:31,
                 from C:/Users/vagrant/pro/pkg/w32/ruby/include/ruby-3.0.0/ruby/ruby.h:26,
                 from C:/Users/vagrant/pro/pkg/w32/ruby/include/ruby-3.0.0/ruby.h:38,
                 from conftest.c:1:
C:/Users/vagrant/pro/pkg/w32/ruby/include/ruby-3.0.0/ruby/internal/core/rregexp.h: In function 'RREGEXP_SRC':
C:/Users/vagrant/pro/pkg/w32/ruby/include/ruby-3.0.0/ruby/internal/core/rregexp.h:55:5: warning: ISO C90 forbids mixed declarations and code [-Wdeclaration-after-statement]
   55 |     VALUE ret = RREGEXP(rexp)->src;
      |     ^~~~~
In file included from C:/Users/vagrant/pro/pkg/w32/ruby/include/ruby-3.0.0/ruby/ruby.h:42,
                 from C:/Users/vagrant/pro/pkg/w32/ruby/include/ruby-3.0.0/ruby.h:38,
                 from conftest.c:1:
C:/Users/vagrant/pro/pkg/w32/ruby/include/ruby-3.0.0/ruby/internal/newobj.h: In function 'rb_clone_setup':
C:/Users/vagrant/pro/pkg/w32/ruby/include/ruby-3.0.0/ruby/internal/newobj.h:56:5: warning: ISO C90 forbids mixed declarations and code [-Wdeclaration-after-statement]
   56 |     const VALUE flags = RUBY_FL_PROMOTED0 | RUBY_FL_PROMOTED1 | RUBY_FL_FINALIZE;
      |     ^~~~~
checked program was:
/* begin */
 1: #include "ruby.h"
 2: 
 3: #include <winsock2.h>
 4: #include <windows.h>
 5: 
 6: /*top*/
 7: extern int t(void);
 8: int main(int argc, char **argv)
 9: {
10:   if (argc > 1000000) {
11:     int (* volatile tp)(void)=(int (*)(void))&t;
12:     printf("%d", (*tp)());
13:   }
14: 
15:   return !!argv[argc];
16: }
17: extern void pthread_create();
18: int t(void) { pthread_create(); return 0; }
/* end */

--------------------

have_library: checking for -ldl... -------------------- no

"x86_64-w64-mingw32-gcc -o conftest.exe -IC:/Users/vagrant/pro/pkg/w32/ruby/include/ruby-3.0.0/x64-mingw32 -IC:/Users/vagrant/pro/pkg/w32/ruby/include/ruby-3.0.0/ruby/backward -IC:/Users/vagrant/pro/pkg/w32/ruby/include/ruby-3.0.0 -I. -D_WIN32_WINNT=0x0600 -D__MINGW_USE_VC2005_COMPAT -D_FILE_OFFSET_BITS=64  -O3 -DFD_SETSIZE=2048 -fno-omit-frame-pointer -fno-fast-math -Wall -Wextra -Wno-unused-parameter -Wno-parentheses -Wno-long-long -Wno-missing-field-initializers -Wunused-variable -Wpointer-arith -Wwrite-strings -Wdeclaration-after-statement -Wimplicit-function-declaration conftest.c  -L. -LC:/Users/vagrant/pro/pkg/w32/ruby/lib -L.   -m64  -lpthread  -lx64-msvcrt-ruby300 -ldl -lpthread  -lshell32 -lws2_32 -liphlpapi -limagehlp -lshlwapi  "
In file included from C:/Users/vagrant/pro/pkg/w32/ruby/include/ruby-3.0.0/ruby/internal/arithmetic/int.h:26,
                 from C:/Users/vagrant/pro/pkg/w32/ruby/include/ruby-3.0.0/ruby/internal/arithmetic/char.h:23,
                 from C:/Users/vagrant/pro/pkg/w32/ruby/include/ruby-3.0.0/ruby/internal/arithmetic.h:23,
                 from C:/Users/vagrant/pro/pkg/w32/ruby/include/ruby-3.0.0/ruby/ruby.h:25,
                 from C:/Users/vagrant/pro/pkg/w32/ruby/include/ruby-3.0.0/ruby.h:38,
                 from conftest.c:1:
C:/Users/vagrant/pro/pkg/w32/ruby/include/ruby-3.0.0/ruby/internal/arithmetic/long.h: In function 'RB_INT2FIX':
C:/Users/vagrant/pro/pkg/w32/ruby/include/ruby-3.0.0/ruby/internal/arithmetic/long.h:88:5: warning: ISO C90 forbids mixed declarations and code [-Wdeclaration-after-statement]
   88 |     const unsigned long j = i;
      |     ^~~~~
C:/Users/vagrant/pro/pkg/w32/ruby/include/ruby-3.0.0/ruby/internal/arithmetic/long.h: In function 'rbimpl_fix2long_by_idiv':
C:/Users/vagrant/pro/pkg/w32/ruby/include/ruby-3.0.0/ruby/internal/arithmetic/long.h:123:5: warning: ISO C90 forbids mixed declarations and code [-Wdeclaration-after-statement]
  123 |     const SIGNED_VALUE y = x - RUBY_FIXNUM_FLAG;
      |     ^~~~~
C:/Users/vagrant/pro/pkg/w32/ruby/include/ruby-3.0.0/ruby/internal/arithmetic/long.h: In function 'rbimpl_fix2long_by_shift':
C:/Users/vagrant/pro/pkg/w32/ruby/include/ruby-3.0.0/ruby/internal/arithmetic/long.h:140:5: warning: ISO C90 forbids mixed declarations and code [-Wdeclaration-after-statement]
  140 |     const SIGNED_VALUE y = x;
      |     ^~~~~
In file included from C:/Users/vagrant/pro/pkg/w32/ruby/include/ruby-3.0.0/ruby/internal/fl_type.h:35,
                 from C:/Users/vagrant/pro/pkg/w32/ruby/include/ruby-3.0.0/ruby/internal/core/rstring.h:30,
                 from C:/Users/vagrant/pro/pkg/w32/ruby/include/ruby-3.0.0/ruby/internal/arithmetic/char.h:29,
                 from C:/Users/vagrant/pro/pkg/w32/ruby/include/ruby-3.0.0/ruby/internal/arithmetic.h:23,
                 from C:/Users/vagrant/pro/pkg/w32/ruby/include/ruby-3.0.0/ruby/ruby.h:25,
                 from C:/Users/vagrant/pro/pkg/w32/ruby/include/ruby-3.0.0/ruby.h:38,
                 from conftest.c:1:
C:/Users/vagrant/pro/pkg/w32/ruby/include/ruby-3.0.0/ruby/internal/value_type.h: In function 'RB_BUILTIN_TYPE':
C:/Users/vagrant/pro/pkg/w32/ruby/include/ruby-3.0.0/ruby/internal/value_type.h:157:5: warning: ISO C90 forbids mixed declarations and code [-Wdeclaration-after-statement]
  157 |     VALUE ret = RBASIC(obj)->flags & RUBY_T_MASK;
      |     ^~~~~
In file included from C:/Users/vagrant/pro/pkg/w32/ruby/include/ruby-3.0.0/ruby/internal/arithmetic/char.h:29,
                 from C:/Users/vagrant/pro/pkg/w32/ruby/include/ruby-3.0.0/ruby/internal/arithmetic.h:23,
                 from C:/Users/vagrant/pro/pkg/w32/ruby/include/ruby-3.0.0/ruby/ruby.h:25,
                 from C:/Users/vagrant/pro/pkg/w32/ruby/include/ruby-3.0.0/ruby.h:38,
                 from conftest.c:1:
C:/Users/vagrant/pro/pkg/w32/ruby/include/ruby-3.0.0/ruby/internal/core/rstring.h: In function 'RSTRING_EMBED_LEN':
C:/Users/vagrant/pro/pkg/w32/ruby/include/ruby-3.0.0/ruby/internal/core/rstring.h:109:5: warning: ISO C90 forbids mixed declarations and code [-Wdeclaration-after-statement]
  109 |     VALUE f = RBASIC(str)->flags;
      |     ^~~~~
In file included from C:/Users/vagrant/pro/pkg/w32/ruby/include/ruby-3.0.0/ruby/internal/arithmetic.h:36,
                 from C:/Users/vagrant/pro/pkg/w32/ruby/include/ruby-3.0.0/ruby/ruby.h:25,
                 from C:/Users/vagrant/pro/pkg/w32/ruby/include/ruby-3.0.0/ruby.h:38,
                 from conftest.c:1:
C:/Users/vagrant/pro/pkg/w32/ruby/include/ruby-3.0.0/ruby/internal/arithmetic/st_data_t.h: In function 'RB_ST2FIX':
C:/Users/vagrant/pro/pkg/w32/ruby/include/ruby-3.0.0/ruby/internal/arithmetic/st_data_t.h:55:5: warning: ISO C90 forbids mixed declarations and code [-Wdeclaration-after-statement]
   55 |     unsigned long y = RBIMPL_CAST((unsigned long)x);
      |     ^~~~~~~~
In file included from C:/Users/vagrant/pro/pkg/w32/ruby/include/ruby-3.0.0/ruby/internal/core.h:23,
                 from C:/Users/vagrant/pro/pkg/w32/ruby/include/ruby-3.0.0/ruby/ruby.h:26,
                 from C:/Users/vagrant/pro/pkg/w32/ruby/include/ruby-3.0.0/ruby.h:38,
                 from conftest.c:1:
C:/Users/vagrant/pro/pkg/w32/ruby/include/ruby-3.0.0/ruby/internal/core/rarray.h: In function 'RARRAY_EMBED_LEN':
C:/Users/vagrant/pro/pkg/w32/ruby/include/ruby-3.0.0/ruby/internal/core/rarray.h:123:5: warning: ISO C90 forbids mixed declarations and code [-Wdeclaration-after-statement]
  123 |     VALUE f = RBASIC(ary)->flags;
      |     ^~~~~
C:/Users/vagrant/pro/pkg/w32/ruby/include/ruby-3.0.0/ruby/internal/core/rarray.h: In function 'RARRAY_PTR':
C:/Users/vagrant/pro/pkg/w32/ruby/include/ruby-3.0.0/ruby/internal/core/rarray.h:248:5: warning: ISO C90 forbids mixed declarations and code [-Wdeclaration-after-statement]
  248 |     VALUE tmp = RB_OBJ_WB_UNPROTECT_FOR(ARRAY, ary);
      |     ^~~~~
C:/Users/vagrant/pro/pkg/w32/ruby/include/ruby-3.0.0/ruby/internal/core/rarray.h: In function 'RARRAY_ASET':
C:/Users/vagrant/pro/pkg/w32/ruby/include/ruby-3.0.0/ruby/internal/core/rarray.h:227:5: warning: ISO C90 forbids mixed declarations and code [-Wdeclaration-after-statement]
  227 |     const VALUE rbimpl_ary = (ary);                          \
      |     ^~~~~
C:/Users/vagrant/pro/pkg/w32/ruby/include/ruby-3.0.0/ruby/internal/core/rarray.h:227:5: note: in definition of macro 'RBIMPL_RARRAY_STMT'
  227 |     const VALUE rbimpl_ary = (ary);                          \
      |     ^~~~~
C:/Users/vagrant/pro/pkg/w32/ruby/include/ruby-3.0.0/ruby/internal/core/rarray.h:255:5: note: in expansion of macro 'RARRAY_PTR_USE_TRANSIENT'
  255 |     RARRAY_PTR_USE_TRANSIENT(ary, ptr,
      |     ^~~~~~~~~~~~~~~~~~~~~~~~
In file included from C:/Users/vagrant/pro/pkg/w32/ruby/include/ruby-3.0.0/ruby/internal/core.h:30,
                 from C:/Users/vagrant/pro/pkg/w32/ruby/include/ruby-3.0.0/ruby/ruby.h:26,
                 from C:/Users/vagrant/pro/pkg/w32/ruby/include/ruby-3.0.0/ruby.h:38,
                 from conftest.c:1:
C:/Users/vagrant/pro/pkg/w32/ruby/include/ruby-3.0.0/ruby/internal/core/robject.h: In function 'ROBJECT_IVPTR':
C:/Users/vagrant/pro/pkg/w32/ruby/include/ruby-3.0.0/ruby/internal/core/robject.h:86:5: warning: ISO C90 forbids mixed declarations and code [-Wdeclaration-after-statement]
   86 |     struct RObject *const ptr = ROBJECT(obj);
      |     ^~~~~~
In file included from C:/Users/vagrant/pro/pkg/w32/ruby/include/ruby-3.0.0/ruby/internal/core.h:31,
                 from C:/Users/vagrant/pro/pkg/w32/ruby/include/ruby-3.0.0/ruby/ruby.h:26,
                 from C:/Users/vagrant/pro/pkg/w32/ruby/include/ruby-3.0.0/ruby.h:38,
                 from conftest.c:1:
C:/Users/vagrant/pro/pkg/w32/ruby/include/ruby-3.0.0/ruby/internal/core/rregexp.h: In function 'RREGEXP_SRC':
C:/Users/vagrant/pro/pkg/w32/ruby/include/ruby-3.0.0/ruby/internal/core/rregexp.h:55:5: warning: ISO C90 forbids mixed declarations and code [-Wdeclaration-after-statement]
   55 |     VALUE ret = RREGEXP(rexp)->src;
      |     ^~~~~
In file included from C:/Users/vagrant/pro/pkg/w32/ruby/include/ruby-3.0.0/ruby/ruby.h:42,
                 from C:/Users/vagrant/pro/pkg/w32/ruby/include/ruby-3.0.0/ruby.h:38,
                 from conftest.c:1:
C:/Users/vagrant/pro/pkg/w32/ruby/include/ruby-3.0.0/ruby/internal/newobj.h: In function 'rb_clone_setup':
C:/Users/vagrant/pro/pkg/w32/ruby/include/ruby-3.0.0/ruby/internal/newobj.h:56:5: warning: ISO C90 forbids mixed declarations and code [-Wdeclaration-after-statement]
   56 |     const VALUE flags = RUBY_FL_PROMOTED0 | RUBY_FL_PROMOTED1 | RUBY_FL_FINALIZE;
      |     ^~~~~
C:/tools/msys64/mingw64/bin/../lib/gcc/x86_64-w64-mingw32/10.3.0/../../../../x86_64-w64-mingw32/bin/ld.exe: cannot find -ldl
collect2.exe: error: ld returned 1 exit status
checked program was:
/* begin */
 1: #include "ruby.h"
 2: 
 3: #include <winsock2.h>
 4: #include <windows.h>
 5: 
 6: /*top*/
 7: extern int t(void);
 8: int main(int argc, char **argv)
 9: {
10:   if (argc > 1000000) {
11:     int (* volatile tp)(void)=(int (*)(void))&t;
12:     printf("%d", (*tp)());
13:   }
14: 
15:   return !!argv[argc];
16: }
17: 
18: int t(void) { ; return 0; }
/* end */

--------------------

find_library: checking for sqlite3_libversion_number() in -lsqlite3... -------------------- yes

"x86_64-w64-mingw32-gcc -o conftest.exe -IC:/Users/vagrant/pro/pkg/w32/ruby/include/ruby-3.0.0/x64-mingw32 -IC:/Users/vagrant/pro/pkg/w32/ruby/include/ruby-3.0.0/ruby/backward -IC:/Users/vagrant/pro/pkg/w32/ruby/include/ruby-3.0.0 -I. -D_WIN32_WINNT=0x0600 -D__MINGW_USE_VC2005_COMPAT -D_FILE_OFFSET_BITS=64  -O3 -DFD_SETSIZE=2048 -fno-omit-frame-pointer -fno-fast-math -Wall -Wextra -Wno-unused-parameter -Wno-parentheses -Wno-long-long -Wno-missing-field-initializers -Wunused-variable -Wpointer-arith -Wwrite-strings -Wdeclaration-after-statement -Wimplicit-function-declaration conftest.c  -L. -LC:/Users/vagrant/pro/pkg/w32/ruby/lib -L.   -m64  -lpthread  -lx64-msvcrt-ruby300 -lsqlite3 -lpthread  -lshell32 -lws2_32 -liphlpapi -limagehlp -lshlwapi  "
In file included from C:/Users/vagrant/pro/pkg/w32/ruby/include/ruby-3.0.0/ruby/internal/arithmetic/int.h:26,
                 from C:/Users/vagrant/pro/pkg/w32/ruby/include/ruby-3.0.0/ruby/internal/arithmetic/char.h:23,
                 from C:/Users/vagrant/pro/pkg/w32/ruby/include/ruby-3.0.0/ruby/internal/arithmetic.h:23,
                 from C:/Users/vagrant/pro/pkg/w32/ruby/include/ruby-3.0.0/ruby/ruby.h:25,
                 from C:/Users/vagrant/pro/pkg/w32/ruby/include/ruby-3.0.0/ruby.h:38,
                 from conftest.c:1:
C:/Users/vagrant/pro/pkg/w32/ruby/include/ruby-3.0.0/ruby/internal/arithmetic/long.h: In function 'RB_INT2FIX':
C:/Users/vagrant/pro/pkg/w32/ruby/include/ruby-3.0.0/ruby/internal/arithmetic/long.h:88:5: warning: ISO C90 forbids mixed declarations and code [-Wdeclaration-after-statement]
   88 |     const unsigned long j = i;
      |     ^~~~~
C:/Users/vagrant/pro/pkg/w32/ruby/include/ruby-3.0.0/ruby/internal/arithmetic/long.h: In function 'rbimpl_fix2long_by_idiv':
C:/Users/vagrant/pro/pkg/w32/ruby/include/ruby-3.0.0/ruby/internal/arithmetic/long.h:123:5: warning: ISO C90 forbids mixed declarations and code [-Wdeclaration-after-statement]
  123 |     const SIGNED_VALUE y = x - RUBY_FIXNUM_FLAG;
      |     ^~~~~
C:/Users/vagrant/pro/pkg/w32/ruby/include/ruby-3.0.0/ruby/internal/arithmetic/long.h: In function 'rbimpl_fix2long_by_shift':
C:/Users/vagrant/pro/pkg/w32/ruby/include/ruby-3.0.0/ruby/internal/arithmetic/long.h:140:5: warning: ISO C90 forbids mixed declarations and code [-Wdeclaration-after-statement]
  140 |     const SIGNED_VALUE y = x;
      |     ^~~~~
In file included from C:/Users/vagrant/pro/pkg/w32/ruby/include/ruby-3.0.0/ruby/internal/fl_type.h:35,
                 from C:/Users/vagrant/pro/pkg/w32/ruby/include/ruby-3.0.0/ruby/internal/core/rstring.h:30,
                 from C:/Users/vagrant/pro/pkg/w32/ruby/include/ruby-3.0.0/ruby/internal/arithmetic/char.h:29,
                 from C:/Users/vagrant/pro/pkg/w32/ruby/include/ruby-3.0.0/ruby/internal/arithmetic.h:23,
                 from C:/Users/vagrant/pro/pkg/w32/ruby/include/ruby-3.0.0/ruby/ruby.h:25,
                 from C:/Users/vagrant/pro/pkg/w32/ruby/include/ruby-3.0.0/ruby.h:38,
                 from conftest.c:1:
C:/Users/vagrant/pro/pkg/w32/ruby/include/ruby-3.0.0/ruby/internal/value_type.h: In function 'RB_BUILTIN_TYPE':
C:/Users/vagrant/pro/pkg/w32/ruby/include/ruby-3.0.0/ruby/internal/value_type.h:157:5: warning: ISO C90 forbids mixed declarations and code [-Wdeclaration-after-statement]
  157 |     VALUE ret = RBASIC(obj)->flags & RUBY_T_MASK;
      |     ^~~~~
In file included from C:/Users/vagrant/pro/pkg/w32/ruby/include/ruby-3.0.0/ruby/internal/arithmetic/char.h:29,
                 from C:/Users/vagrant/pro/pkg/w32/ruby/include/ruby-3.0.0/ruby/internal/arithmetic.h:23,
                 from C:/Users/vagrant/pro/pkg/w32/ruby/include/ruby-3.0.0/ruby/ruby.h:25,
                 from C:/Users/vagrant/pro/pkg/w32/ruby/include/ruby-3.0.0/ruby.h:38,
                 from conftest.c:1:
C:/Users/vagrant/pro/pkg/w32/ruby/include/ruby-3.0.0/ruby/internal/core/rstring.h: In function 'RSTRING_EMBED_LEN':
C:/Users/vagrant/pro/pkg/w32/ruby/include/ruby-3.0.0/ruby/internal/core/rstring.h:109:5: warning: ISO C90 forbids mixed declarations and code [-Wdeclaration-after-statement]
  109 |     VALUE f = RBASIC(str)->flags;
      |     ^~~~~
In file included from C:/Users/vagrant/pro/pkg/w32/ruby/include/ruby-3.0.0/ruby/internal/arithmetic.h:36,
                 from C:/Users/vagrant/pro/pkg/w32/ruby/include/ruby-3.0.0/ruby/ruby.h:25,
                 from C:/Users/vagrant/pro/pkg/w32/ruby/include/ruby-3.0.0/ruby.h:38,
                 from conftest.c:1:
C:/Users/vagrant/pro/pkg/w32/ruby/include/ruby-3.0.0/ruby/internal/arithmetic/st_data_t.h: In function 'RB_ST2FIX':
C:/Users/vagrant/pro/pkg/w32/ruby/include/ruby-3.0.0/ruby/internal/arithmetic/st_data_t.h:55:5: warning: ISO C90 forbids mixed declarations and code [-Wdeclaration-after-statement]
   55 |     unsigned long y = RBIMPL_CAST((unsigned long)x);
      |     ^~~~~~~~
In file included from C:/Users/vagrant/pro/pkg/w32/ruby/include/ruby-3.0.0/ruby/internal/core.h:23,
                 from C:/Users/vagrant/pro/pkg/w32/ruby/include/ruby-3.0.0/ruby/ruby.h:26,
                 from C:/Users/vagrant/pro/pkg/w32/ruby/include/ruby-3.0.0/ruby.h:38,
                 from conftest.c:1:
C:/Users/vagrant/pro/pkg/w32/ruby/include/ruby-3.0.0/ruby/internal/core/rarray.h: In function 'RARRAY_EMBED_LEN':
C:/Users/vagrant/pro/pkg/w32/ruby/include/ruby-3.0.0/ruby/internal/core/rarray.h:123:5: warning: ISO C90 forbids mixed declarations and code [-Wdeclaration-after-statement]
  123 |     VALUE f = RBASIC(ary)->flags;
      |     ^~~~~
C:/Users/vagrant/pro/pkg/w32/ruby/include/ruby-3.0.0/ruby/internal/core/rarray.h: In function 'RARRAY_PTR':
C:/Users/vagrant/pro/pkg/w32/ruby/include/ruby-3.0.0/ruby/internal/core/rarray.h:248:5: warning: ISO C90 forbids mixed declarations and code [-Wdeclaration-after-statement]
  248 |     VALUE tmp = RB_OBJ_WB_UNPROTECT_FOR(ARRAY, ary);
      |     ^~~~~
C:/Users/vagrant/pro/pkg/w32/ruby/include/ruby-3.0.0/ruby/internal/core/rarray.h: In function 'RARRAY_ASET':
C:/Users/vagrant/pro/pkg/w32/ruby/include/ruby-3.0.0/ruby/internal/core/rarray.h:227:5: warning: ISO C90 forbids mixed declarations and code [-Wdeclaration-after-statement]
  227 |     const VALUE rbimpl_ary = (ary);                          \
      |     ^~~~~
C:/Users/vagrant/pro/pkg/w32/ruby/include/ruby-3.0.0/ruby/internal/core/rarray.h:227:5: note: in definition of macro 'RBIMPL_RARRAY_STMT'
  227 |     const VALUE rbimpl_ary = (ary);                          \
      |     ^~~~~
C:/Users/vagrant/pro/pkg/w32/ruby/include/ruby-3.0.0/ruby/internal/core/rarray.h:255:5: note: in expansion of macro 'RARRAY_PTR_USE_TRANSIENT'
  255 |     RARRAY_PTR_USE_TRANSIENT(ary, ptr,
      |     ^~~~~~~~~~~~~~~~~~~~~~~~
In file included from C:/Users/vagrant/pro/pkg/w32/ruby/include/ruby-3.0.0/ruby/internal/core.h:30,
                 from C:/Users/vagrant/pro/pkg/w32/ruby/include/ruby-3.0.0/ruby/ruby.h:26,
                 from C:/Users/vagrant/pro/pkg/w32/ruby/include/ruby-3.0.0/ruby.h:38,
                 from conftest.c:1:
C:/Users/vagrant/pro/pkg/w32/ruby/include/ruby-3.0.0/ruby/internal/core/robject.h: In function 'ROBJECT_IVPTR':
C:/Users/vagrant/pro/pkg/w32/ruby/include/ruby-3.0.0/ruby/internal/core/robject.h:86:5: warning: ISO C90 forbids mixed declarations and code [-Wdeclaration-after-statement]
   86 |     struct RObject *const ptr = ROBJECT(obj);
      |     ^~~~~~
In file included from C:/Users/vagrant/pro/pkg/w32/ruby/include/ruby-3.0.0/ruby/internal/core.h:31,
                 from C:/Users/vagrant/pro/pkg/w32/ruby/include/ruby-3.0.0/ruby/ruby.h:26,
                 from C:/Users/vagrant/pro/pkg/w32/ruby/include/ruby-3.0.0/ruby.h:38,
                 from conftest.c:1:
C:/Users/vagrant/pro/pkg/w32/ruby/include/ruby-3.0.0/ruby/internal/core/rregexp.h: In function 'RREGEXP_SRC':
C:/Users/vagrant/pro/pkg/w32/ruby/include/ruby-3.0.0/ruby/internal/core/rregexp.h:55:5: warning: ISO C90 forbids mixed declarations and code [-Wdeclaration-after-statement]
   55 |     VALUE ret = RREGEXP(rexp)->src;
      |     ^~~~~
In file included from C:/Users/vagrant/pro/pkg/w32/ruby/include/ruby-3.0.0/ruby/ruby.h:42,
                 from C:/Users/vagrant/pro/pkg/w32/ruby/include/ruby-3.0.0/ruby.h:38,
                 from conftest.c:1:
C:/Users/vagrant/pro/pkg/w32/ruby/include/ruby-3.0.0/ruby/internal/newobj.h: In function 'rb_clone_setup':
C:/Users/vagrant/pro/pkg/w32/ruby/include/ruby-3.0.0/ruby/internal/newobj.h:56:5: warning: ISO C90 forbids mixed declarations and code [-Wdeclaration-after-statement]
   56 |     const VALUE flags = RUBY_FL_PROMOTED0 | RUBY_FL_PROMOTED1 | RUBY_FL_FINALIZE;
      |     ^~~~~
conftest.c: In function 't':
conftest.c:17:57: error: 'sqlite3_libversion_number' undeclared (first use in this function)
   17 | int t(void) { void ((*volatile p)()); p = (void ((*)()))sqlite3_libversion_number; return !p; }
      |                                                         ^~~~~~~~~~~~~~~~~~~~~~~~~
conftest.c:17:57: note: each undeclared identifier is reported only once for each function it appears in
checked program was:
/* begin */
 1: #include "ruby.h"
 2: 
 3: #include <winsock2.h>
 4: #include <windows.h>
 5: 
 6: /*top*/
 7: extern int t(void);
 8: int main(int argc, char **argv)
 9: {
10:   if (argc > 1000000) {
11:     int (* volatile tp)(void)=(int (*)(void))&t;
12:     printf("%d", (*tp)());
13:   }
14: 
15:   return !!argv[argc];
16: }
17: int t(void) { void ((*volatile p)()); p = (void ((*)()))sqlite3_libversion_number; return !p; }
/* end */

"x86_64-w64-mingw32-gcc -o conftest.exe -IC:/Users/vagrant/pro/pkg/w32/ruby/include/ruby-3.0.0/x64-mingw32 -IC:/Users/vagrant/pro/pkg/w32/ruby/include/ruby-3.0.0/ruby/backward -IC:/Users/vagrant/pro/pkg/w32/ruby/include/ruby-3.0.0 -I. -D_WIN32_WINNT=0x0600 -D__MINGW_USE_VC2005_COMPAT -D_FILE_OFFSET_BITS=64  -O3 -DFD_SETSIZE=2048 -fno-omit-frame-pointer -fno-fast-math -Wall -Wextra -Wno-unused-parameter -Wno-parentheses -Wno-long-long -Wno-missing-field-initializers -Wunused-variable -Wpointer-arith -Wwrite-strings -Wdeclaration-after-statement -Wimplicit-function-declaration conftest.c  -L. -LC:/Users/vagrant/pro/pkg/w32/ruby/lib -L.   -m64  -lpthread  -lx64-msvcrt-ruby300 -lsqlite3 -lpthread  -lshell32 -lws2_32 -liphlpapi -limagehlp -lshlwapi  "
In file included from C:/Users/vagrant/pro/pkg/w32/ruby/include/ruby-3.0.0/ruby/internal/arithmetic/int.h:26,
                 from C:/Users/vagrant/pro/pkg/w32/ruby/include/ruby-3.0.0/ruby/internal/arithmetic/char.h:23,
                 from C:/Users/vagrant/pro/pkg/w32/ruby/include/ruby-3.0.0/ruby/internal/arithmetic.h:23,
                 from C:/Users/vagrant/pro/pkg/w32/ruby/include/ruby-3.0.0/ruby/ruby.h:25,
                 from C:/Users/vagrant/pro/pkg/w32/ruby/include/ruby-3.0.0/ruby.h:38,
                 from conftest.c:1:
C:/Users/vagrant/pro/pkg/w32/ruby/include/ruby-3.0.0/ruby/internal/arithmetic/long.h: In function 'RB_INT2FIX':
C:/Users/vagrant/pro/pkg/w32/ruby/include/ruby-3.0.0/ruby/internal/arithmetic/long.h:88:5: warning: ISO C90 forbids mixed declarations and code [-Wdeclaration-after-statement]
   88 |     const unsigned long j = i;
      |     ^~~~~
C:/Users/vagrant/pro/pkg/w32/ruby/include/ruby-3.0.0/ruby/internal/arithmetic/long.h: In function 'rbimpl_fix2long_by_idiv':
C:/Users/vagrant/pro/pkg/w32/ruby/include/ruby-3.0.0/ruby/internal/arithmetic/long.h:123:5: warning: ISO C90 forbids mixed declarations and code [-Wdeclaration-after-statement]
  123 |     const SIGNED_VALUE y = x - RUBY_FIXNUM_FLAG;
      |     ^~~~~
C:/Users/vagrant/pro/pkg/w32/ruby/include/ruby-3.0.0/ruby/internal/arithmetic/long.h: In function 'rbimpl_fix2long_by_shift':
C:/Users/vagrant/pro/pkg/w32/ruby/include/ruby-3.0.0/ruby/internal/arithmetic/long.h:140:5: warning: ISO C90 forbids mixed declarations and code [-Wdeclaration-after-statement]
  140 |     const SIGNED_VALUE y = x;
      |     ^~~~~
In file included from C:/Users/vagrant/pro/pkg/w32/ruby/include/ruby-3.0.0/ruby/internal/fl_type.h:35,
                 from C:/Users/vagrant/pro/pkg/w32/ruby/include/ruby-3.0.0/ruby/internal/core/rstring.h:30,
                 from C:/Users/vagrant/pro/pkg/w32/ruby/include/ruby-3.0.0/ruby/internal/arithmetic/char.h:29,
                 from C:/Users/vagrant/pro/pkg/w32/ruby/include/ruby-3.0.0/ruby/internal/arithmetic.h:23,
                 from C:/Users/vagrant/pro/pkg/w32/ruby/include/ruby-3.0.0/ruby/ruby.h:25,
                 from C:/Users/vagrant/pro/pkg/w32/ruby/include/ruby-3.0.0/ruby.h:38,
                 from conftest.c:1:
C:/Users/vagrant/pro/pkg/w32/ruby/include/ruby-3.0.0/ruby/internal/value_type.h: In function 'RB_BUILTIN_TYPE':
C:/Users/vagrant/pro/pkg/w32/ruby/include/ruby-3.0.0/ruby/internal/value_type.h:157:5: warning: ISO C90 forbids mixed declarations and code [-Wdeclaration-after-statement]
  157 |     VALUE ret = RBASIC(obj)->flags & RUBY_T_MASK;
      |     ^~~~~
In file included from C:/Users/vagrant/pro/pkg/w32/ruby/include/ruby-3.0.0/ruby/internal/arithmetic/char.h:29,
                 from C:/Users/vagrant/pro/pkg/w32/ruby/include/ruby-3.0.0/ruby/internal/arithmetic.h:23,
                 from C:/Users/vagrant/pro/pkg/w32/ruby/include/ruby-3.0.0/ruby/ruby.h:25,
                 from C:/Users/vagrant/pro/pkg/w32/ruby/include/ruby-3.0.0/ruby.h:38,
                 from conftest.c:1:
C:/Users/vagrant/pro/pkg/w32/ruby/include/ruby-3.0.0/ruby/internal/core/rstring.h: In function 'RSTRING_EMBED_LEN':
C:/Users/vagrant/pro/pkg/w32/ruby/include/ruby-3.0.0/ruby/internal/core/rstring.h:109:5: warning: ISO C90 forbids mixed declarations and code [-Wdeclaration-after-statement]
  109 |     VALUE f = RBASIC(str)->flags;
      |     ^~~~~
In file included from C:/Users/vagrant/pro/pkg/w32/ruby/include/ruby-3.0.0/ruby/internal/arithmetic.h:36,
                 from C:/Users/vagrant/pro/pkg/w32/ruby/include/ruby-3.0.0/ruby/ruby.h:25,
                 from C:/Users/vagrant/pro/pkg/w32/ruby/include/ruby-3.0.0/ruby.h:38,
                 from conftest.c:1:
C:/Users/vagrant/pro/pkg/w32/ruby/include/ruby-3.0.0/ruby/internal/arithmetic/st_data_t.h: In function 'RB_ST2FIX':
C:/Users/vagrant/pro/pkg/w32/ruby/include/ruby-3.0.0/ruby/internal/arithmetic/st_data_t.h:55:5: warning: ISO C90 forbids mixed declarations and code [-Wdeclaration-after-statement]
   55 |     unsigned long y = RBIMPL_CAST((unsigned long)x);
      |     ^~~~~~~~
In file included from C:/Users/vagrant/pro/pkg/w32/ruby/include/ruby-3.0.0/ruby/internal/core.h:23,
                 from C:/Users/vagrant/pro/pkg/w32/ruby/include/ruby-3.0.0/ruby/ruby.h:26,
                 from C:/Users/vagrant/pro/pkg/w32/ruby/include/ruby-3.0.0/ruby.h:38,
                 from conftest.c:1:
C:/Users/vagrant/pro/pkg/w32/ruby/include/ruby-3.0.0/ruby/internal/core/rarray.h: In function 'RARRAY_EMBED_LEN':
C:/Users/vagrant/pro/pkg/w32/ruby/include/ruby-3.0.0/ruby/internal/core/rarray.h:123:5: warning: ISO C90 forbids mixed declarations and code [-Wdeclaration-after-statement]
  123 |     VALUE f = RBASIC(ary)->flags;
      |     ^~~~~
C:/Users/vagrant/pro/pkg/w32/ruby/include/ruby-3.0.0/ruby/internal/core/rarray.h: In function 'RARRAY_PTR':
C:/Users/vagrant/pro/pkg/w32/ruby/include/ruby-3.0.0/ruby/internal/core/rarray.h:248:5: warning: ISO C90 forbids mixed declarations and code [-Wdeclaration-after-statement]
  248 |     VALUE tmp = RB_OBJ_WB_UNPROTECT_FOR(ARRAY, ary);
      |     ^~~~~
C:/Users/vagrant/pro/pkg/w32/ruby/include/ruby-3.0.0/ruby/internal/core/rarray.h: In function 'RARRAY_ASET':
C:/Users/vagrant/pro/pkg/w32/ruby/include/ruby-3.0.0/ruby/internal/core/rarray.h:227:5: warning: ISO C90 forbids mixed declarations and code [-Wdeclaration-after-statement]
  227 |     const VALUE rbimpl_ary = (ary);                          \
      |     ^~~~~
C:/Users/vagrant/pro/pkg/w32/ruby/include/ruby-3.0.0/ruby/internal/core/rarray.h:227:5: note: in definition of macro 'RBIMPL_RARRAY_STMT'
  227 |     const VALUE rbimpl_ary = (ary);                          \
      |     ^~~~~
C:/Users/vagrant/pro/pkg/w32/ruby/include/ruby-3.0.0/ruby/internal/core/rarray.h:255:5: note: in expansion of macro 'RARRAY_PTR_USE_TRANSIENT'
  255 |     RARRAY_PTR_USE_TRANSIENT(ary, ptr,
      |     ^~~~~~~~~~~~~~~~~~~~~~~~
In file included from C:/Users/vagrant/pro/pkg/w32/ruby/include/ruby-3.0.0/ruby/internal/core.h:30,
                 from C:/Users/vagrant/pro/pkg/w32/ruby/include/ruby-3.0.0/ruby/ruby.h:26,
                 from C:/Users/vagrant/pro/pkg/w32/ruby/include/ruby-3.0.0/ruby.h:38,
                 from conftest.c:1:
C:/Users/vagrant/pro/pkg/w32/ruby/include/ruby-3.0.0/ruby/internal/core/robject.h: In function 'ROBJECT_IVPTR':
C:/Users/vagrant/pro/pkg/w32/ruby/include/ruby-3.0.0/ruby/internal/core/robject.h:86:5: warning: ISO C90 forbids mixed declarations and code [-Wdeclaration-after-statement]
   86 |     struct RObject *const ptr = ROBJECT(obj);
      |     ^~~~~~
In file included from C:/Users/vagrant/pro/pkg/w32/ruby/include/ruby-3.0.0/ruby/internal/core.h:31,
                 from C:/Users/vagrant/pro/pkg/w32/ruby/include/ruby-3.0.0/ruby/ruby.h:26,
                 from C:/Users/vagrant/pro/pkg/w32/ruby/include/ruby-3.0.0/ruby.h:38,
                 from conftest.c:1:
C:/Users/vagrant/pro/pkg/w32/ruby/include/ruby-3.0.0/ruby/internal/core/rregexp.h: In function 'RREGEXP_SRC':
C:/Users/vagrant/pro/pkg/w32/ruby/include/ruby-3.0.0/ruby/internal/core/rregexp.h:55:5: warning: ISO C90 forbids mixed declarations and code [-Wdeclaration-after-statement]
   55 |     VALUE ret = RREGEXP(rexp)->src;
      |     ^~~~~
In file included from C:/Users/vagrant/pro/pkg/w32/ruby/include/ruby-3.0.0/ruby/ruby.h:42,
                 from C:/Users/vagrant/pro/pkg/w32/ruby/include/ruby-3.0.0/ruby.h:38,
                 from conftest.c:1:
C:/Users/vagrant/pro/pkg/w32/ruby/include/ruby-3.0.0/ruby/internal/newobj.h: In function 'rb_clone_setup':
C:/Users/vagrant/pro/pkg/w32/ruby/include/ruby-3.0.0/ruby/internal/newobj.h:56:5: warning: ISO C90 forbids mixed declarations and code [-Wdeclaration-after-statement]
   56 |     const VALUE flags = RUBY_FL_PROMOTED0 | RUBY_FL_PROMOTED1 | RUBY_FL_FINALIZE;
      |     ^~~~~
checked program was:
/* begin */
 1: #include "ruby.h"
 2: 
 3: #include <winsock2.h>
 4: #include <windows.h>
 5: 
 6: /*top*/
 7: extern int t(void);
 8: int main(int argc, char **argv)
 9: {
10:   if (argc > 1000000) {
11:     int (* volatile tp)(void)=(int (*)(void))&t;
12:     printf("%d", (*tp)());
13:   }
14: 
15:   return !!argv[argc];
16: }
17: extern void sqlite3_libversion_number();
18: int t(void) { sqlite3_libversion_number(); return 0; }
/* end */

--------------------

have_func: checking for rb_proc_arity()... -------------------- yes

"x86_64-w64-mingw32-gcc -o conftest.exe -IC:/Users/vagrant/pro/pkg/w32/ruby/include/ruby-3.0.0/x64-mingw32 -IC:/Users/vagrant/pro/pkg/w32/ruby/include/ruby-3.0.0/ruby/backward -IC:/Users/vagrant/pro/pkg/w32/ruby/include/ruby-3.0.0 -I. -D_WIN32_WINNT=0x0600 -D__MINGW_USE_VC2005_COMPAT -D_FILE_OFFSET_BITS=64  -O3 -DFD_SETSIZE=2048 -fno-omit-frame-pointer -fno-fast-math -Wall -Wextra -Wno-unused-parameter -Wno-parentheses -Wno-long-long -Wno-missing-field-initializers -Wunused-variable -Wpointer-arith -Wwrite-strings -Wdeclaration-after-statement -Wimplicit-function-declaration conftest.c  -L. -LC:/Users/vagrant/pro/pkg/w32/ruby/lib -L.   -m64  -lsqlite3 -lpthread  -lx64-msvcrt-ruby300 -lsqlite3 -lpthread  -lshell32 -lws2_32 -liphlpapi -limagehlp -lshlwapi  "
In file included from C:/Users/vagrant/pro/pkg/w32/ruby/include/ruby-3.0.0/ruby/internal/arithmetic/int.h:26,
                 from C:/Users/vagrant/pro/pkg/w32/ruby/include/ruby-3.0.0/ruby/internal/arithmetic/char.h:23,
                 from C:/Users/vagrant/pro/pkg/w32/ruby/include/ruby-3.0.0/ruby/internal/arithmetic.h:23,
                 from C:/Users/vagrant/pro/pkg/w32/ruby/include/ruby-3.0.0/ruby/ruby.h:25,
                 from C:/Users/vagrant/pro/pkg/w32/ruby/include/ruby-3.0.0/ruby.h:38,
                 from conftest.c:1:
C:/Users/vagrant/pro/pkg/w32/ruby/include/ruby-3.0.0/ruby/internal/arithmetic/long.h: In function 'RB_INT2FIX':
C:/Users/vagrant/pro/pkg/w32/ruby/include/ruby-3.0.0/ruby/internal/arithmetic/long.h:88:5: warning: ISO C90 forbids mixed declarations and code [-Wdeclaration-after-statement]
   88 |     const unsigned long j = i;
      |     ^~~~~
C:/Users/vagrant/pro/pkg/w32/ruby/include/ruby-3.0.0/ruby/internal/arithmetic/long.h: In function 'rbimpl_fix2long_by_idiv':
C:/Users/vagrant/pro/pkg/w32/ruby/include/ruby-3.0.0/ruby/internal/arithmetic/long.h:123:5: warning: ISO C90 forbids mixed declarations and code [-Wdeclaration-after-statement]
  123 |     const SIGNED_VALUE y = x - RUBY_FIXNUM_FLAG;
      |     ^~~~~
C:/Users/vagrant/pro/pkg/w32/ruby/include/ruby-3.0.0/ruby/internal/arithmetic/long.h: In function 'rbimpl_fix2long_by_shift':
C:/Users/vagrant/pro/pkg/w32/ruby/include/ruby-3.0.0/ruby/internal/arithmetic/long.h:140:5: warning: ISO C90 forbids mixed declarations and code [-Wdeclaration-after-statement]
  140 |     const SIGNED_VALUE y = x;
      |     ^~~~~
In file included from C:/Users/vagrant/pro/pkg/w32/ruby/include/ruby-3.0.0/ruby/internal/fl_type.h:35,
                 from C:/Users/vagrant/pro/pkg/w32/ruby/include/ruby-3.0.0/ruby/internal/core/rstring.h:30,
                 from C:/Users/vagrant/pro/pkg/w32/ruby/include/ruby-3.0.0/ruby/internal/arithmetic/char.h:29,
                 from C:/Users/vagrant/pro/pkg/w32/ruby/include/ruby-3.0.0/ruby/internal/arithmetic.h:23,
                 from C:/Users/vagrant/pro/pkg/w32/ruby/include/ruby-3.0.0/ruby/ruby.h:25,
                 from C:/Users/vagrant/pro/pkg/w32/ruby/include/ruby-3.0.0/ruby.h:38,
                 from conftest.c:1:
C:/Users/vagrant/pro/pkg/w32/ruby/include/ruby-3.0.0/ruby/internal/value_type.h: In function 'RB_BUILTIN_TYPE':
C:/Users/vagrant/pro/pkg/w32/ruby/include/ruby-3.0.0/ruby/internal/value_type.h:157:5: warning: ISO C90 forbids mixed declarations and code [-Wdeclaration-after-statement]
  157 |     VALUE ret = RBASIC(obj)->flags & RUBY_T_MASK;
      |     ^~~~~
In file included from C:/Users/vagrant/pro/pkg/w32/ruby/include/ruby-3.0.0/ruby/internal/arithmetic/char.h:29,
                 from C:/Users/vagrant/pro/pkg/w32/ruby/include/ruby-3.0.0/ruby/internal/arithmetic.h:23,
                 from C:/Users/vagrant/pro/pkg/w32/ruby/include/ruby-3.0.0/ruby/ruby.h:25,
                 from C:/Users/vagrant/pro/pkg/w32/ruby/include/ruby-3.0.0/ruby.h:38,
                 from conftest.c:1:
C:/Users/vagrant/pro/pkg/w32/ruby/include/ruby-3.0.0/ruby/internal/core/rstring.h: In function 'RSTRING_EMBED_LEN':
C:/Users/vagrant/pro/pkg/w32/ruby/include/ruby-3.0.0/ruby/internal/core/rstring.h:109:5: warning: ISO C90 forbids mixed declarations and code [-Wdeclaration-after-statement]
  109 |     VALUE f = RBASIC(str)->flags;
      |     ^~~~~
In file included from C:/Users/vagrant/pro/pkg/w32/ruby/include/ruby-3.0.0/ruby/internal/arithmetic.h:36,
                 from C:/Users/vagrant/pro/pkg/w32/ruby/include/ruby-3.0.0/ruby/ruby.h:25,
                 from C:/Users/vagrant/pro/pkg/w32/ruby/include/ruby-3.0.0/ruby.h:38,
                 from conftest.c:1:
C:/Users/vagrant/pro/pkg/w32/ruby/include/ruby-3.0.0/ruby/internal/arithmetic/st_data_t.h: In function 'RB_ST2FIX':
C:/Users/vagrant/pro/pkg/w32/ruby/include/ruby-3.0.0/ruby/internal/arithmetic/st_data_t.h:55:5: warning: ISO C90 forbids mixed declarations and code [-Wdeclaration-after-statement]
   55 |     unsigned long y = RBIMPL_CAST((unsigned long)x);
      |     ^~~~~~~~
In file included from C:/Users/vagrant/pro/pkg/w32/ruby/include/ruby-3.0.0/ruby/internal/core.h:23,
                 from C:/Users/vagrant/pro/pkg/w32/ruby/include/ruby-3.0.0/ruby/ruby.h:26,
                 from C:/Users/vagrant/pro/pkg/w32/ruby/include/ruby-3.0.0/ruby.h:38,
                 from conftest.c:1:
C:/Users/vagrant/pro/pkg/w32/ruby/include/ruby-3.0.0/ruby/internal/core/rarray.h: In function 'RARRAY_EMBED_LEN':
C:/Users/vagrant/pro/pkg/w32/ruby/include/ruby-3.0.0/ruby/internal/core/rarray.h:123:5: warning: ISO C90 forbids mixed declarations and code [-Wdeclaration-after-statement]
  123 |     VALUE f = RBASIC(ary)->flags;
      |     ^~~~~
C:/Users/vagrant/pro/pkg/w32/ruby/include/ruby-3.0.0/ruby/internal/core/rarray.h: In function 'RARRAY_PTR':
C:/Users/vagrant/pro/pkg/w32/ruby/include/ruby-3.0.0/ruby/internal/core/rarray.h:248:5: warning: ISO C90 forbids mixed declarations and code [-Wdeclaration-after-statement]
  248 |     VALUE tmp = RB_OBJ_WB_UNPROTECT_FOR(ARRAY, ary);
      |     ^~~~~
C:/Users/vagrant/pro/pkg/w32/ruby/include/ruby-3.0.0/ruby/internal/core/rarray.h: In function 'RARRAY_ASET':
C:/Users/vagrant/pro/pkg/w32/ruby/include/ruby-3.0.0/ruby/internal/core/rarray.h:227:5: warning: ISO C90 forbids mixed declarations and code [-Wdeclaration-after-statement]
  227 |     const VALUE rbimpl_ary = (ary);                          \
      |     ^~~~~
C:/Users/vagrant/pro/pkg/w32/ruby/include/ruby-3.0.0/ruby/internal/core/rarray.h:227:5: note: in definition of macro 'RBIMPL_RARRAY_STMT'
  227 |     const VALUE rbimpl_ary = (ary);                          \
      |     ^~~~~
C:/Users/vagrant/pro/pkg/w32/ruby/include/ruby-3.0.0/ruby/internal/core/rarray.h:255:5: note: in expansion of macro 'RARRAY_PTR_USE_TRANSIENT'
  255 |     RARRAY_PTR_USE_TRANSIENT(ary, ptr,
      |     ^~~~~~~~~~~~~~~~~~~~~~~~
In file included from C:/Users/vagrant/pro/pkg/w32/ruby/include/ruby-3.0.0/ruby/internal/core.h:30,
                 from C:/Users/vagrant/pro/pkg/w32/ruby/include/ruby-3.0.0/ruby/ruby.h:26,
                 from C:/Users/vagrant/pro/pkg/w32/ruby/include/ruby-3.0.0/ruby.h:38,
                 from conftest.c:1:
C:/Users/vagrant/pro/pkg/w32/ruby/include/ruby-3.0.0/ruby/internal/core/robject.h: In function 'ROBJECT_IVPTR':
C:/Users/vagrant/pro/pkg/w32/ruby/include/ruby-3.0.0/ruby/internal/core/robject.h:86:5: warning: ISO C90 forbids mixed declarations and code [-Wdeclaration-after-statement]
   86 |     struct RObject *const ptr = ROBJECT(obj);
      |     ^~~~~~
In file included from C:/Users/vagrant/pro/pkg/w32/ruby/include/ruby-3.0.0/ruby/internal/core.h:31,
                 from C:/Users/vagrant/pro/pkg/w32/ruby/include/ruby-3.0.0/ruby/ruby.h:26,
                 from C:/Users/vagrant/pro/pkg/w32/ruby/include/ruby-3.0.0/ruby.h:38,
                 from conftest.c:1:
C:/Users/vagrant/pro/pkg/w32/ruby/include/ruby-3.0.0/ruby/internal/core/rregexp.h: In function 'RREGEXP_SRC':
C:/Users/vagrant/pro/pkg/w32/ruby/include/ruby-3.0.0/ruby/internal/core/rregexp.h:55:5: warning: ISO C90 forbids mixed declarations and code [-Wdeclaration-after-statement]
   55 |     VALUE ret = RREGEXP(rexp)->src;
      |     ^~~~~
In file included from C:/Users/vagrant/pro/pkg/w32/ruby/include/ruby-3.0.0/ruby/ruby.h:42,
                 from C:/Users/vagrant/pro/pkg/w32/ruby/include/ruby-3.0.0/ruby.h:38,
                 from conftest.c:1:
C:/Users/vagrant/pro/pkg/w32/ruby/include/ruby-3.0.0/ruby/internal/newobj.h: In function 'rb_clone_setup':
C:/Users/vagrant/pro/pkg/w32/ruby/include/ruby-3.0.0/ruby/internal/newobj.h:56:5: warning: ISO C90 forbids mixed declarations and code [-Wdeclaration-after-statement]
   56 |     const VALUE flags = RUBY_FL_PROMOTED0 | RUBY_FL_PROMOTED1 | RUBY_FL_FINALIZE;
      |     ^~~~~
conftest.c: In function 't':
conftest.c:17:43: warning: cast between incompatible function types from 'int (*)(VALUE)' {aka 'int (*)(long long unsigned int)'} to 'void (*)()' [-Wcast-function-type]
   17 | int t(void) { void ((*volatile p)()); p = (void ((*)()))rb_proc_arity; return !p; }
      |                                           ^
checked program was:
/* begin */
 1: #include "ruby.h"
 2: 
 3: #include <winsock2.h>
 4: #include <windows.h>
 5: 
 6: /*top*/
 7: extern int t(void);
 8: int main(int argc, char **argv)
 9: {
10:   if (argc > 1000000) {
11:     int (* volatile tp)(void)=(int (*)(void))&t;
12:     printf("%d", (*tp)());
13:   }
14: 
15:   return !!argv[argc];
16: }
17: int t(void) { void ((*volatile p)()); p = (void ((*)()))rb_proc_arity; return !p; }
/* end */

--------------------

have_func: checking for rb_integer_pack()... -------------------- yes

"x86_64-w64-mingw32-gcc -o conftest.exe -IC:/Users/vagrant/pro/pkg/w32/ruby/include/ruby-3.0.0/x64-mingw32 -IC:/Users/vagrant/pro/pkg/w32/ruby/include/ruby-3.0.0/ruby/backward -IC:/Users/vagrant/pro/pkg/w32/ruby/include/ruby-3.0.0 -I. -D_WIN32_WINNT=0x0600 -D__MINGW_USE_VC2005_COMPAT -D_FILE_OFFSET_BITS=64  -O3 -DFD_SETSIZE=2048 -fno-omit-frame-pointer -fno-fast-math -Wall -Wextra -Wno-unused-parameter -Wno-parentheses -Wno-long-long -Wno-missing-field-initializers -Wunused-variable -Wpointer-arith -Wwrite-strings -Wdeclaration-after-statement -Wimplicit-function-declaration conftest.c  -L. -LC:/Users/vagrant/pro/pkg/w32/ruby/lib -L.   -m64  -lsqlite3 -lpthread  -lx64-msvcrt-ruby300 -lsqlite3 -lpthread  -lshell32 -lws2_32 -liphlpapi -limagehlp -lshlwapi  "
In file included from C:/Users/vagrant/pro/pkg/w32/ruby/include/ruby-3.0.0/ruby/internal/arithmetic/int.h:26,
                 from C:/Users/vagrant/pro/pkg/w32/ruby/include/ruby-3.0.0/ruby/internal/arithmetic/char.h:23,
                 from C:/Users/vagrant/pro/pkg/w32/ruby/include/ruby-3.0.0/ruby/internal/arithmetic.h:23,
                 from C:/Users/vagrant/pro/pkg/w32/ruby/include/ruby-3.0.0/ruby/ruby.h:25,
                 from C:/Users/vagrant/pro/pkg/w32/ruby/include/ruby-3.0.0/ruby.h:38,
                 from conftest.c:1:
C:/Users/vagrant/pro/pkg/w32/ruby/include/ruby-3.0.0/ruby/internal/arithmetic/long.h: In function 'RB_INT2FIX':
C:/Users/vagrant/pro/pkg/w32/ruby/include/ruby-3.0.0/ruby/internal/arithmetic/long.h:88:5: warning: ISO C90 forbids mixed declarations and code [-Wdeclaration-after-statement]
   88 |     const unsigned long j = i;
      |     ^~~~~
C:/Users/vagrant/pro/pkg/w32/ruby/include/ruby-3.0.0/ruby/internal/arithmetic/long.h: In function 'rbimpl_fix2long_by_idiv':
C:/Users/vagrant/pro/pkg/w32/ruby/include/ruby-3.0.0/ruby/internal/arithmetic/long.h:123:5: warning: ISO C90 forbids mixed declarations and code [-Wdeclaration-after-statement]
  123 |     const SIGNED_VALUE y = x - RUBY_FIXNUM_FLAG;
      |     ^~~~~
C:/Users/vagrant/pro/pkg/w32/ruby/include/ruby-3.0.0/ruby/internal/arithmetic/long.h: In function 'rbimpl_fix2long_by_shift':
C:/Users/vagrant/pro/pkg/w32/ruby/include/ruby-3.0.0/ruby/internal/arithmetic/long.h:140:5: warning: ISO C90 forbids mixed declarations and code [-Wdeclaration-after-statement]
  140 |     const SIGNED_VALUE y = x;
      |     ^~~~~
In file included from C:/Users/vagrant/pro/pkg/w32/ruby/include/ruby-3.0.0/ruby/internal/fl_type.h:35,
                 from C:/Users/vagrant/pro/pkg/w32/ruby/include/ruby-3.0.0/ruby/internal/core/rstring.h:30,
                 from C:/Users/vagrant/pro/pkg/w32/ruby/include/ruby-3.0.0/ruby/internal/arithmetic/char.h:29,
                 from C:/Users/vagrant/pro/pkg/w32/ruby/include/ruby-3.0.0/ruby/internal/arithmetic.h:23,
                 from C:/Users/vagrant/pro/pkg/w32/ruby/include/ruby-3.0.0/ruby/ruby.h:25,
                 from C:/Users/vagrant/pro/pkg/w32/ruby/include/ruby-3.0.0/ruby.h:38,
                 from conftest.c:1:
C:/Users/vagrant/pro/pkg/w32/ruby/include/ruby-3.0.0/ruby/internal/value_type.h: In function 'RB_BUILTIN_TYPE':
C:/Users/vagrant/pro/pkg/w32/ruby/include/ruby-3.0.0/ruby/internal/value_type.h:157:5: warning: ISO C90 forbids mixed declarations and code [-Wdeclaration-after-statement]
  157 |     VALUE ret = RBASIC(obj)->flags & RUBY_T_MASK;
      |     ^~~~~
In file included from C:/Users/vagrant/pro/pkg/w32/ruby/include/ruby-3.0.0/ruby/internal/arithmetic/char.h:29,
                 from C:/Users/vagrant/pro/pkg/w32/ruby/include/ruby-3.0.0/ruby/internal/arithmetic.h:23,
                 from C:/Users/vagrant/pro/pkg/w32/ruby/include/ruby-3.0.0/ruby/ruby.h:25,
                 from C:/Users/vagrant/pro/pkg/w32/ruby/include/ruby-3.0.0/ruby.h:38,
                 from conftest.c:1:
C:/Users/vagrant/pro/pkg/w32/ruby/include/ruby-3.0.0/ruby/internal/core/rstring.h: In function 'RSTRING_EMBED_LEN':
C:/Users/vagrant/pro/pkg/w32/ruby/include/ruby-3.0.0/ruby/internal/core/rstring.h:109:5: warning: ISO C90 forbids mixed declarations and code [-Wdeclaration-after-statement]
  109 |     VALUE f = RBASIC(str)->flags;
      |     ^~~~~
In file included from C:/Users/vagrant/pro/pkg/w32/ruby/include/ruby-3.0.0/ruby/internal/arithmetic.h:36,
                 from C:/Users/vagrant/pro/pkg/w32/ruby/include/ruby-3.0.0/ruby/ruby.h:25,
                 from C:/Users/vagrant/pro/pkg/w32/ruby/include/ruby-3.0.0/ruby.h:38,
                 from conftest.c:1:
C:/Users/vagrant/pro/pkg/w32/ruby/include/ruby-3.0.0/ruby/internal/arithmetic/st_data_t.h: In function 'RB_ST2FIX':
C:/Users/vagrant/pro/pkg/w32/ruby/include/ruby-3.0.0/ruby/internal/arithmetic/st_data_t.h:55:5: warning: ISO C90 forbids mixed declarations and code [-Wdeclaration-after-statement]
   55 |     unsigned long y = RBIMPL_CAST((unsigned long)x);
      |     ^~~~~~~~
In file included from C:/Users/vagrant/pro/pkg/w32/ruby/include/ruby-3.0.0/ruby/internal/core.h:23,
                 from C:/Users/vagrant/pro/pkg/w32/ruby/include/ruby-3.0.0/ruby/ruby.h:26,
                 from C:/Users/vagrant/pro/pkg/w32/ruby/include/ruby-3.0.0/ruby.h:38,
                 from conftest.c:1:
C:/Users/vagrant/pro/pkg/w32/ruby/include/ruby-3.0.0/ruby/internal/core/rarray.h: In function 'RARRAY_EMBED_LEN':
C:/Users/vagrant/pro/pkg/w32/ruby/include/ruby-3.0.0/ruby/internal/core/rarray.h:123:5: warning: ISO C90 forbids mixed declarations and code [-Wdeclaration-after-statement]
  123 |     VALUE f = RBASIC(ary)->flags;
      |     ^~~~~
C:/Users/vagrant/pro/pkg/w32/ruby/include/ruby-3.0.0/ruby/internal/core/rarray.h: In function 'RARRAY_PTR':
C:/Users/vagrant/pro/pkg/w32/ruby/include/ruby-3.0.0/ruby/internal/core/rarray.h:248:5: warning: ISO C90 forbids mixed declarations and code [-Wdeclaration-after-statement]
  248 |     VALUE tmp = RB_OBJ_WB_UNPROTECT_FOR(ARRAY, ary);
      |     ^~~~~
C:/Users/vagrant/pro/pkg/w32/ruby/include/ruby-3.0.0/ruby/internal/core/rarray.h: In function 'RARRAY_ASET':
C:/Users/vagrant/pro/pkg/w32/ruby/include/ruby-3.0.0/ruby/internal/core/rarray.h:227:5: warning: ISO C90 forbids mixed declarations and code [-Wdeclaration-after-statement]
  227 |     const VALUE rbimpl_ary = (ary);                          \
      |     ^~~~~
C:/Users/vagrant/pro/pkg/w32/ruby/include/ruby-3.0.0/ruby/internal/core/rarray.h:227:5: note: in definition of macro 'RBIMPL_RARRAY_STMT'
  227 |     const VALUE rbimpl_ary = (ary);                          \
      |     ^~~~~
C:/Users/vagrant/pro/pkg/w32/ruby/include/ruby-3.0.0/ruby/internal/core/rarray.h:255:5: note: in expansion of macro 'RARRAY_PTR_USE_TRANSIENT'
  255 |     RARRAY_PTR_USE_TRANSIENT(ary, ptr,
      |     ^~~~~~~~~~~~~~~~~~~~~~~~
In file included from C:/Users/vagrant/pro/pkg/w32/ruby/include/ruby-3.0.0/ruby/internal/core.h:30,
                 from C:/Users/vagrant/pro/pkg/w32/ruby/include/ruby-3.0.0/ruby/ruby.h:26,
                 from C:/Users/vagrant/pro/pkg/w32/ruby/include/ruby-3.0.0/ruby.h:38,
                 from conftest.c:1:
C:/Users/vagrant/pro/pkg/w32/ruby/include/ruby-3.0.0/ruby/internal/core/robject.h: In function 'ROBJECT_IVPTR':
C:/Users/vagrant/pro/pkg/w32/ruby/include/ruby-3.0.0/ruby/internal/core/robject.h:86:5: warning: ISO C90 forbids mixed declarations and code [-Wdeclaration-after-statement]
   86 |     struct RObject *const ptr = ROBJECT(obj);
      |     ^~~~~~
In file included from C:/Users/vagrant/pro/pkg/w32/ruby/include/ruby-3.0.0/ruby/internal/core.h:31,
                 from C:/Users/vagrant/pro/pkg/w32/ruby/include/ruby-3.0.0/ruby/ruby.h:26,
                 from C:/Users/vagrant/pro/pkg/w32/ruby/include/ruby-3.0.0/ruby.h:38,
                 from conftest.c:1:
C:/Users/vagrant/pro/pkg/w32/ruby/include/ruby-3.0.0/ruby/internal/core/rregexp.h: In function 'RREGEXP_SRC':
C:/Users/vagrant/pro/pkg/w32/ruby/include/ruby-3.0.0/ruby/internal/core/rregexp.h:55:5: warning: ISO C90 forbids mixed declarations and code [-Wdeclaration-after-statement]
   55 |     VALUE ret = RREGEXP(rexp)->src;
      |     ^~~~~
In file included from C:/Users/vagrant/pro/pkg/w32/ruby/include/ruby-3.0.0/ruby/ruby.h:42,
                 from C:/Users/vagrant/pro/pkg/w32/ruby/include/ruby-3.0.0/ruby.h:38,
                 from conftest.c:1:
C:/Users/vagrant/pro/pkg/w32/ruby/include/ruby-3.0.0/ruby/internal/newobj.h: In function 'rb_clone_setup':
C:/Users/vagrant/pro/pkg/w32/ruby/include/ruby-3.0.0/ruby/internal/newobj.h:56:5: warning: ISO C90 forbids mixed declarations and code [-Wdeclaration-after-statement]
   56 |     const VALUE flags = RUBY_FL_PROMOTED0 | RUBY_FL_PROMOTED1 | RUBY_FL_FINALIZE;
      |     ^~~~~
conftest.c: In function 't':
conftest.c:17:43: warning: cast between incompatible function types from 'int (*)(VALUE,  void *, size_t,  size_t,  size_t,  int)' {aka 'int (*)(long long unsigned int,  void *, long long unsigned int,  long long unsigned int,  long long unsigned int,  int)'} to 'void (*)()' [-Wcast-function-type]
   17 | int t(void) { void ((*volatile p)()); p = (void ((*)()))rb_integer_pack; return !p; }
      |                                           ^
checked program was:
/* begin */
 1: #include "ruby.h"
 2: 
 3: #include <winsock2.h>
 4: #include <windows.h>
 5: 
 6: /*top*/
 7: extern int t(void);
 8: int main(int argc, char **argv)
 9: {
10:   if (argc > 1000000) {
11:     int (* volatile tp)(void)=(int (*)(void))&t;
12:     printf("%d", (*tp)());
13:   }
14: 
15:   return !!argv[argc];
16: }
17: int t(void) { void ((*volatile p)()); p = (void ((*)()))rb_integer_pack; return !p; }
/* end */

--------------------

have_func: checking for sqlite3_initialize()... -------------------- yes

"x86_64-w64-mingw32-gcc -o conftest.exe -IC:/Users/vagrant/pro/pkg/w32/ruby/include/ruby-3.0.0/x64-mingw32 -IC:/Users/vagrant/pro/pkg/w32/ruby/include/ruby-3.0.0/ruby/backward -IC:/Users/vagrant/pro/pkg/w32/ruby/include/ruby-3.0.0 -I. -D_WIN32_WINNT=0x0600 -D__MINGW_USE_VC2005_COMPAT -D_FILE_OFFSET_BITS=64  -O3 -DFD_SETSIZE=2048 -fno-omit-frame-pointer -fno-fast-math -Wall -Wextra -Wno-unused-parameter -Wno-parentheses -Wno-long-long -Wno-missing-field-initializers -Wunused-variable -Wpointer-arith -Wwrite-strings -Wdeclaration-after-statement -Wimplicit-function-declaration conftest.c  -L. -LC:/Users/vagrant/pro/pkg/w32/ruby/lib -L.   -m64  -lsqlite3 -lpthread  -lx64-msvcrt-ruby300 -lsqlite3 -lpthread  -lshell32 -lws2_32 -liphlpapi -limagehlp -lshlwapi  "
In file included from C:/Users/vagrant/pro/pkg/w32/ruby/include/ruby-3.0.0/ruby/internal/arithmetic/int.h:26,
                 from C:/Users/vagrant/pro/pkg/w32/ruby/include/ruby-3.0.0/ruby/internal/arithmetic/char.h:23,
                 from C:/Users/vagrant/pro/pkg/w32/ruby/include/ruby-3.0.0/ruby/internal/arithmetic.h:23,
                 from C:/Users/vagrant/pro/pkg/w32/ruby/include/ruby-3.0.0/ruby/ruby.h:25,
                 from C:/Users/vagrant/pro/pkg/w32/ruby/include/ruby-3.0.0/ruby.h:38,
                 from conftest.c:1:
C:/Users/vagrant/pro/pkg/w32/ruby/include/ruby-3.0.0/ruby/internal/arithmetic/long.h: In function 'RB_INT2FIX':
C:/Users/vagrant/pro/pkg/w32/ruby/include/ruby-3.0.0/ruby/internal/arithmetic/long.h:88:5: warning: ISO C90 forbids mixed declarations and code [-Wdeclaration-after-statement]
   88 |     const unsigned long j = i;
      |     ^~~~~
C:/Users/vagrant/pro/pkg/w32/ruby/include/ruby-3.0.0/ruby/internal/arithmetic/long.h: In function 'rbimpl_fix2long_by_idiv':
C:/Users/vagrant/pro/pkg/w32/ruby/include/ruby-3.0.0/ruby/internal/arithmetic/long.h:123:5: warning: ISO C90 forbids mixed declarations and code [-Wdeclaration-after-statement]
  123 |     const SIGNED_VALUE y = x - RUBY_FIXNUM_FLAG;
      |     ^~~~~
C:/Users/vagrant/pro/pkg/w32/ruby/include/ruby-3.0.0/ruby/internal/arithmetic/long.h: In function 'rbimpl_fix2long_by_shift':
C:/Users/vagrant/pro/pkg/w32/ruby/include/ruby-3.0.0/ruby/internal/arithmetic/long.h:140:5: warning: ISO C90 forbids mixed declarations and code [-Wdeclaration-after-statement]
  140 |     const SIGNED_VALUE y = x;
      |     ^~~~~
In file included from C:/Users/vagrant/pro/pkg/w32/ruby/include/ruby-3.0.0/ruby/internal/fl_type.h:35,
                 from C:/Users/vagrant/pro/pkg/w32/ruby/include/ruby-3.0.0/ruby/internal/core/rstring.h:30,
                 from C:/Users/vagrant/pro/pkg/w32/ruby/include/ruby-3.0.0/ruby/internal/arithmetic/char.h:29,
                 from C:/Users/vagrant/pro/pkg/w32/ruby/include/ruby-3.0.0/ruby/internal/arithmetic.h:23,
                 from C:/Users/vagrant/pro/pkg/w32/ruby/include/ruby-3.0.0/ruby/ruby.h:25,
                 from C:/Users/vagrant/pro/pkg/w32/ruby/include/ruby-3.0.0/ruby.h:38,
                 from conftest.c:1:
C:/Users/vagrant/pro/pkg/w32/ruby/include/ruby-3.0.0/ruby/internal/value_type.h: In function 'RB_BUILTIN_TYPE':
C:/Users/vagrant/pro/pkg/w32/ruby/include/ruby-3.0.0/ruby/internal/value_type.h:157:5: warning: ISO C90 forbids mixed declarations and code [-Wdeclaration-after-statement]
  157 |     VALUE ret = RBASIC(obj)->flags & RUBY_T_MASK;
      |     ^~~~~
In file included from C:/Users/vagrant/pro/pkg/w32/ruby/include/ruby-3.0.0/ruby/internal/arithmetic/char.h:29,
                 from C:/Users/vagrant/pro/pkg/w32/ruby/include/ruby-3.0.0/ruby/internal/arithmetic.h:23,
                 from C:/Users/vagrant/pro/pkg/w32/ruby/include/ruby-3.0.0/ruby/ruby.h:25,
                 from C:/Users/vagrant/pro/pkg/w32/ruby/include/ruby-3.0.0/ruby.h:38,
                 from conftest.c:1:
C:/Users/vagrant/pro/pkg/w32/ruby/include/ruby-3.0.0/ruby/internal/core/rstring.h: In function 'RSTRING_EMBED_LEN':
C:/Users/vagrant/pro/pkg/w32/ruby/include/ruby-3.0.0/ruby/internal/core/rstring.h:109:5: warning: ISO C90 forbids mixed declarations and code [-Wdeclaration-after-statement]
  109 |     VALUE f = RBASIC(str)->flags;
      |     ^~~~~
In file included from C:/Users/vagrant/pro/pkg/w32/ruby/include/ruby-3.0.0/ruby/internal/arithmetic.h:36,
                 from C:/Users/vagrant/pro/pkg/w32/ruby/include/ruby-3.0.0/ruby/ruby.h:25,
                 from C:/Users/vagrant/pro/pkg/w32/ruby/include/ruby-3.0.0/ruby.h:38,
                 from conftest.c:1:
C:/Users/vagrant/pro/pkg/w32/ruby/include/ruby-3.0.0/ruby/internal/arithmetic/st_data_t.h: In function 'RB_ST2FIX':
C:/Users/vagrant/pro/pkg/w32/ruby/include/ruby-3.0.0/ruby/internal/arithmetic/st_data_t.h:55:5: warning: ISO C90 forbids mixed declarations and code [-Wdeclaration-after-statement]
   55 |     unsigned long y = RBIMPL_CAST((unsigned long)x);
      |     ^~~~~~~~
In file included from C:/Users/vagrant/pro/pkg/w32/ruby/include/ruby-3.0.0/ruby/internal/core.h:23,
                 from C:/Users/vagrant/pro/pkg/w32/ruby/include/ruby-3.0.0/ruby/ruby.h:26,
                 from C:/Users/vagrant/pro/pkg/w32/ruby/include/ruby-3.0.0/ruby.h:38,
                 from conftest.c:1:
C:/Users/vagrant/pro/pkg/w32/ruby/include/ruby-3.0.0/ruby/internal/core/rarray.h: In function 'RARRAY_EMBED_LEN':
C:/Users/vagrant/pro/pkg/w32/ruby/include/ruby-3.0.0/ruby/internal/core/rarray.h:123:5: warning: ISO C90 forbids mixed declarations and code [-Wdeclaration-after-statement]
  123 |     VALUE f = RBASIC(ary)->flags;
      |     ^~~~~
C:/Users/vagrant/pro/pkg/w32/ruby/include/ruby-3.0.0/ruby/internal/core/rarray.h: In function 'RARRAY_PTR':
C:/Users/vagrant/pro/pkg/w32/ruby/include/ruby-3.0.0/ruby/internal/core/rarray.h:248:5: warning: ISO C90 forbids mixed declarations and code [-Wdeclaration-after-statement]
  248 |     VALUE tmp = RB_OBJ_WB_UNPROTECT_FOR(ARRAY, ary);
      |     ^~~~~
C:/Users/vagrant/pro/pkg/w32/ruby/include/ruby-3.0.0/ruby/internal/core/rarray.h: In function 'RARRAY_ASET':
C:/Users/vagrant/pro/pkg/w32/ruby/include/ruby-3.0.0/ruby/internal/core/rarray.h:227:5: warning: ISO C90 forbids mixed declarations and code [-Wdeclaration-after-statement]
  227 |     const VALUE rbimpl_ary = (ary);                          \
      |     ^~~~~
C:/Users/vagrant/pro/pkg/w32/ruby/include/ruby-3.0.0/ruby/internal/core/rarray.h:227:5: note: in definition of macro 'RBIMPL_RARRAY_STMT'
  227 |     const VALUE rbimpl_ary = (ary);                          \
      |     ^~~~~
C:/Users/vagrant/pro/pkg/w32/ruby/include/ruby-3.0.0/ruby/internal/core/rarray.h:255:5: note: in expansion of macro 'RARRAY_PTR_USE_TRANSIENT'
  255 |     RARRAY_PTR_USE_TRANSIENT(ary, ptr,
      |     ^~~~~~~~~~~~~~~~~~~~~~~~
In file included from C:/Users/vagrant/pro/pkg/w32/ruby/include/ruby-3.0.0/ruby/internal/core.h:30,
                 from C:/Users/vagrant/pro/pkg/w32/ruby/include/ruby-3.0.0/ruby/ruby.h:26,
                 from C:/Users/vagrant/pro/pkg/w32/ruby/include/ruby-3.0.0/ruby.h:38,
                 from conftest.c:1:
C:/Users/vagrant/pro/pkg/w32/ruby/include/ruby-3.0.0/ruby/internal/core/robject.h: In function 'ROBJECT_IVPTR':
C:/Users/vagrant/pro/pkg/w32/ruby/include/ruby-3.0.0/ruby/internal/core/robject.h:86:5: warning: ISO C90 forbids mixed declarations and code [-Wdeclaration-after-statement]
   86 |     struct RObject *const ptr = ROBJECT(obj);
      |     ^~~~~~
In file included from C:/Users/vagrant/pro/pkg/w32/ruby/include/ruby-3.0.0/ruby/internal/core.h:31,
                 from C:/Users/vagrant/pro/pkg/w32/ruby/include/ruby-3.0.0/ruby/ruby.h:26,
                 from C:/Users/vagrant/pro/pkg/w32/ruby/include/ruby-3.0.0/ruby.h:38,
                 from conftest.c:1:
C:/Users/vagrant/pro/pkg/w32/ruby/include/ruby-3.0.0/ruby/internal/core/rregexp.h: In function 'RREGEXP_SRC':
C:/Users/vagrant/pro/pkg/w32/ruby/include/ruby-3.0.0/ruby/internal/core/rregexp.h:55:5: warning: ISO C90 forbids mixed declarations and code [-Wdeclaration-after-statement]
   55 |     VALUE ret = RREGEXP(rexp)->src;
      |     ^~~~~
In file included from C:/Users/vagrant/pro/pkg/w32/ruby/include/ruby-3.0.0/ruby/ruby.h:42,
                 from C:/Users/vagrant/pro/pkg/w32/ruby/include/ruby-3.0.0/ruby.h:38,
                 from conftest.c:1:
C:/Users/vagrant/pro/pkg/w32/ruby/include/ruby-3.0.0/ruby/internal/newobj.h: In function 'rb_clone_setup':
C:/Users/vagrant/pro/pkg/w32/ruby/include/ruby-3.0.0/ruby/internal/newobj.h:56:5: warning: ISO C90 forbids mixed declarations and code [-Wdeclaration-after-statement]
   56 |     const VALUE flags = RUBY_FL_PROMOTED0 | RUBY_FL_PROMOTED1 | RUBY_FL_FINALIZE;
      |     ^~~~~
conftest.c: In function 't':
conftest.c:17:57: error: 'sqlite3_initialize' undeclared (first use in this function); did you mean 'OleUninitialize'?
   17 | int t(void) { void ((*volatile p)()); p = (void ((*)()))sqlite3_initialize; return !p; }
      |                                                         ^~~~~~~~~~~~~~~~~~
      |                                                         OleUninitialize
conftest.c:17:57: note: each undeclared identifier is reported only once for each function it appears in
checked program was:
/* begin */
 1: #include "ruby.h"
 2: 
 3: #include <winsock2.h>
 4: #include <windows.h>
 5: 
 6: /*top*/
 7: extern int t(void);
 8: int main(int argc, char **argv)
 9: {
10:   if (argc > 1000000) {
11:     int (* volatile tp)(void)=(int (*)(void))&t;
12:     printf("%d", (*tp)());
13:   }
14: 
15:   return !!argv[argc];
16: }
17: int t(void) { void ((*volatile p)()); p = (void ((*)()))sqlite3_initialize; return !p; }
/* end */

"x86_64-w64-mingw32-gcc -o conftest.exe -IC:/Users/vagrant/pro/pkg/w32/ruby/include/ruby-3.0.0/x64-mingw32 -IC:/Users/vagrant/pro/pkg/w32/ruby/include/ruby-3.0.0/ruby/backward -IC:/Users/vagrant/pro/pkg/w32/ruby/include/ruby-3.0.0 -I. -D_WIN32_WINNT=0x0600 -D__MINGW_USE_VC2005_COMPAT -D_FILE_OFFSET_BITS=64  -O3 -DFD_SETSIZE=2048 -fno-omit-frame-pointer -fno-fast-math -Wall -Wextra -Wno-unused-parameter -Wno-parentheses -Wno-long-long -Wno-missing-field-initializers -Wunused-variable -Wpointer-arith -Wwrite-strings -Wdeclaration-after-statement -Wimplicit-function-declaration conftest.c  -L. -LC:/Users/vagrant/pro/pkg/w32/ruby/lib -L.   -m64  -lsqlite3 -lpthread  -lx64-msvcrt-ruby300 -lsqlite3 -lpthread  -lshell32 -lws2_32 -liphlpapi -limagehlp -lshlwapi  "
In file included from C:/Users/vagrant/pro/pkg/w32/ruby/include/ruby-3.0.0/ruby/internal/arithmetic/int.h:26,
                 from C:/Users/vagrant/pro/pkg/w32/ruby/include/ruby-3.0.0/ruby/internal/arithmetic/char.h:23,
                 from C:/Users/vagrant/pro/pkg/w32/ruby/include/ruby-3.0.0/ruby/internal/arithmetic.h:23,
                 from C:/Users/vagrant/pro/pkg/w32/ruby/include/ruby-3.0.0/ruby/ruby.h:25,
                 from C:/Users/vagrant/pro/pkg/w32/ruby/include/ruby-3.0.0/ruby.h:38,
                 from conftest.c:1:
C:/Users/vagrant/pro/pkg/w32/ruby/include/ruby-3.0.0/ruby/internal/arithmetic/long.h: In function 'RB_INT2FIX':
C:/Users/vagrant/pro/pkg/w32/ruby/include/ruby-3.0.0/ruby/internal/arithmetic/long.h:88:5: warning: ISO C90 forbids mixed declarations and code [-Wdeclaration-after-statement]
   88 |     const unsigned long j = i;
      |     ^~~~~
C:/Users/vagrant/pro/pkg/w32/ruby/include/ruby-3.0.0/ruby/internal/arithmetic/long.h: In function 'rbimpl_fix2long_by_idiv':
C:/Users/vagrant/pro/pkg/w32/ruby/include/ruby-3.0.0/ruby/internal/arithmetic/long.h:123:5: warning: ISO C90 forbids mixed declarations and code [-Wdeclaration-after-statement]
  123 |     const SIGNED_VALUE y = x - RUBY_FIXNUM_FLAG;
      |     ^~~~~
C:/Users/vagrant/pro/pkg/w32/ruby/include/ruby-3.0.0/ruby/internal/arithmetic/long.h: In function 'rbimpl_fix2long_by_shift':
C:/Users/vagrant/pro/pkg/w32/ruby/include/ruby-3.0.0/ruby/internal/arithmetic/long.h:140:5: warning: ISO C90 forbids mixed declarations and code [-Wdeclaration-after-statement]
  140 |     const SIGNED_VALUE y = x;
      |     ^~~~~
In file included from C:/Users/vagrant/pro/pkg/w32/ruby/include/ruby-3.0.0/ruby/internal/fl_type.h:35,
                 from C:/Users/vagrant/pro/pkg/w32/ruby/include/ruby-3.0.0/ruby/internal/core/rstring.h:30,
                 from C:/Users/vagrant/pro/pkg/w32/ruby/include/ruby-3.0.0/ruby/internal/arithmetic/char.h:29,
                 from C:/Users/vagrant/pro/pkg/w32/ruby/include/ruby-3.0.0/ruby/internal/arithmetic.h:23,
                 from C:/Users/vagrant/pro/pkg/w32/ruby/include/ruby-3.0.0/ruby/ruby.h:25,
                 from C:/Users/vagrant/pro/pkg/w32/ruby/include/ruby-3.0.0/ruby.h:38,
                 from conftest.c:1:
C:/Users/vagrant/pro/pkg/w32/ruby/include/ruby-3.0.0/ruby/internal/value_type.h: In function 'RB_BUILTIN_TYPE':
C:/Users/vagrant/pro/pkg/w32/ruby/include/ruby-3.0.0/ruby/internal/value_type.h:157:5: warning: ISO C90 forbids mixed declarations and code [-Wdeclaration-after-statement]
  157 |     VALUE ret = RBASIC(obj)->flags & RUBY_T_MASK;
      |     ^~~~~
In file included from C:/Users/vagrant/pro/pkg/w32/ruby/include/ruby-3.0.0/ruby/internal/arithmetic/char.h:29,
                 from C:/Users/vagrant/pro/pkg/w32/ruby/include/ruby-3.0.0/ruby/internal/arithmetic.h:23,
                 from C:/Users/vagrant/pro/pkg/w32/ruby/include/ruby-3.0.0/ruby/ruby.h:25,
                 from C:/Users/vagrant/pro/pkg/w32/ruby/include/ruby-3.0.0/ruby.h:38,
                 from conftest.c:1:
C:/Users/vagrant/pro/pkg/w32/ruby/include/ruby-3.0.0/ruby/internal/core/rstring.h: In function 'RSTRING_EMBED_LEN':
C:/Users/vagrant/pro/pkg/w32/ruby/include/ruby-3.0.0/ruby/internal/core/rstring.h:109:5: warning: ISO C90 forbids mixed declarations and code [-Wdeclaration-after-statement]
  109 |     VALUE f = RBASIC(str)->flags;
      |     ^~~~~
In file included from C:/Users/vagrant/pro/pkg/w32/ruby/include/ruby-3.0.0/ruby/internal/arithmetic.h:36,
                 from C:/Users/vagrant/pro/pkg/w32/ruby/include/ruby-3.0.0/ruby/ruby.h:25,
                 from C:/Users/vagrant/pro/pkg/w32/ruby/include/ruby-3.0.0/ruby.h:38,
                 from conftest.c:1:
C:/Users/vagrant/pro/pkg/w32/ruby/include/ruby-3.0.0/ruby/internal/arithmetic/st_data_t.h: In function 'RB_ST2FIX':
C:/Users/vagrant/pro/pkg/w32/ruby/include/ruby-3.0.0/ruby/internal/arithmetic/st_data_t.h:55:5: warning: ISO C90 forbids mixed declarations and code [-Wdeclaration-after-statement]
   55 |     unsigned long y = RBIMPL_CAST((unsigned long)x);
      |     ^~~~~~~~
In file included from C:/Users/vagrant/pro/pkg/w32/ruby/include/ruby-3.0.0/ruby/internal/core.h:23,
                 from C:/Users/vagrant/pro/pkg/w32/ruby/include/ruby-3.0.0/ruby/ruby.h:26,
                 from C:/Users/vagrant/pro/pkg/w32/ruby/include/ruby-3.0.0/ruby.h:38,
                 from conftest.c:1:
C:/Users/vagrant/pro/pkg/w32/ruby/include/ruby-3.0.0/ruby/internal/core/rarray.h: In function 'RARRAY_EMBED_LEN':
C:/Users/vagrant/pro/pkg/w32/ruby/include/ruby-3.0.0/ruby/internal/core/rarray.h:123:5: warning: ISO C90 forbids mixed declarations and code [-Wdeclaration-after-statement]
  123 |     VALUE f = RBASIC(ary)->flags;
      |     ^~~~~
C:/Users/vagrant/pro/pkg/w32/ruby/include/ruby-3.0.0/ruby/internal/core/rarray.h: In function 'RARRAY_PTR':
C:/Users/vagrant/pro/pkg/w32/ruby/include/ruby-3.0.0/ruby/internal/core/rarray.h:248:5: warning: ISO C90 forbids mixed declarations and code [-Wdeclaration-after-statement]
  248 |     VALUE tmp = RB_OBJ_WB_UNPROTECT_FOR(ARRAY, ary);
      |     ^~~~~
C:/Users/vagrant/pro/pkg/w32/ruby/include/ruby-3.0.0/ruby/internal/core/rarray.h: In function 'RARRAY_ASET':
C:/Users/vagrant/pro/pkg/w32/ruby/include/ruby-3.0.0/ruby/internal/core/rarray.h:227:5: warning: ISO C90 forbids mixed declarations and code [-Wdeclaration-after-statement]
  227 |     const VALUE rbimpl_ary = (ary);                          \
      |     ^~~~~
C:/Users/vagrant/pro/pkg/w32/ruby/include/ruby-3.0.0/ruby/internal/core/rarray.h:227:5: note: in definition of macro 'RBIMPL_RARRAY_STMT'
  227 |     const VALUE rbimpl_ary = (ary);                          \
      |     ^~~~~
C:/Users/vagrant/pro/pkg/w32/ruby/include/ruby-3.0.0/ruby/internal/core/rarray.h:255:5: note: in expansion of macro 'RARRAY_PTR_USE_TRANSIENT'
  255 |     RARRAY_PTR_USE_TRANSIENT(ary, ptr,
      |     ^~~~~~~~~~~~~~~~~~~~~~~~
In file included from C:/Users/vagrant/pro/pkg/w32/ruby/include/ruby-3.0.0/ruby/internal/core.h:30,
                 from C:/Users/vagrant/pro/pkg/w32/ruby/include/ruby-3.0.0/ruby/ruby.h:26,
                 from C:/Users/vagrant/pro/pkg/w32/ruby/include/ruby-3.0.0/ruby.h:38,
                 from conftest.c:1:
C:/Users/vagrant/pro/pkg/w32/ruby/include/ruby-3.0.0/ruby/internal/core/robject.h: In function 'ROBJECT_IVPTR':
C:/Users/vagrant/pro/pkg/w32/ruby/include/ruby-3.0.0/ruby/internal/core/robject.h:86:5: warning: ISO C90 forbids mixed declarations and code [-Wdeclaration-after-statement]
   86 |     struct RObject *const ptr = ROBJECT(obj);
      |     ^~~~~~
In file included from C:/Users/vagrant/pro/pkg/w32/ruby/include/ruby-3.0.0/ruby/internal/core.h:31,
                 from C:/Users/vagrant/pro/pkg/w32/ruby/include/ruby-3.0.0/ruby/ruby.h:26,
                 from C:/Users/vagrant/pro/pkg/w32/ruby/include/ruby-3.0.0/ruby.h:38,
                 from conftest.c:1:
C:/Users/vagrant/pro/pkg/w32/ruby/include/ruby-3.0.0/ruby/internal/core/rregexp.h: In function 'RREGEXP_SRC':
C:/Users/vagrant/pro/pkg/w32/ruby/include/ruby-3.0.0/ruby/internal/core/rregexp.h:55:5: warning: ISO C90 forbids mixed declarations and code [-Wdeclaration-after-statement]
   55 |     VALUE ret = RREGEXP(rexp)->src;
      |     ^~~~~
In file included from C:/Users/vagrant/pro/pkg/w32/ruby/include/ruby-3.0.0/ruby/ruby.h:42,
                 from C:/Users/vagrant/pro/pkg/w32/ruby/include/ruby-3.0.0/ruby.h:38,
                 from conftest.c:1:
C:/Users/vagrant/pro/pkg/w32/ruby/include/ruby-3.0.0/ruby/internal/newobj.h: In function 'rb_clone_setup':
C:/Users/vagrant/pro/pkg/w32/ruby/include/ruby-3.0.0/ruby/internal/newobj.h:56:5: warning: ISO C90 forbids mixed declarations and code [-Wdeclaration-after-statement]
   56 |     const VALUE flags = RUBY_FL_PROMOTED0 | RUBY_FL_PROMOTED1 | RUBY_FL_FINALIZE;
      |     ^~~~~
checked program was:
/* begin */
 1: #include "ruby.h"
 2: 
 3: #include <winsock2.h>
 4: #include <windows.h>
 5: 
 6: /*top*/
 7: extern int t(void);
 8: int main(int argc, char **argv)
 9: {
10:   if (argc > 1000000) {
11:     int (* volatile tp)(void)=(int (*)(void))&t;
12:     printf("%d", (*tp)());
13:   }
14: 
15:   return !!argv[argc];
16: }
17: extern void sqlite3_initialize();
18: int t(void) { sqlite3_initialize(); return 0; }
/* end */

--------------------

have_func: checking for sqlite3_backup_init()... -------------------- yes

"x86_64-w64-mingw32-gcc -o conftest.exe -IC:/Users/vagrant/pro/pkg/w32/ruby/include/ruby-3.0.0/x64-mingw32 -IC:/Users/vagrant/pro/pkg/w32/ruby/include/ruby-3.0.0/ruby/backward -IC:/Users/vagrant/pro/pkg/w32/ruby/include/ruby-3.0.0 -I. -D_WIN32_WINNT=0x0600 -D__MINGW_USE_VC2005_COMPAT -D_FILE_OFFSET_BITS=64  -O3 -DFD_SETSIZE=2048 -fno-omit-frame-pointer -fno-fast-math -Wall -Wextra -Wno-unused-parameter -Wno-parentheses -Wno-long-long -Wno-missing-field-initializers -Wunused-variable -Wpointer-arith -Wwrite-strings -Wdeclaration-after-statement -Wimplicit-function-declaration conftest.c  -L. -LC:/Users/vagrant/pro/pkg/w32/ruby/lib -L.   -m64  -lsqlite3 -lpthread  -lx64-msvcrt-ruby300 -lsqlite3 -lpthread  -lshell32 -lws2_32 -liphlpapi -limagehlp -lshlwapi  "
In file included from C:/Users/vagrant/pro/pkg/w32/ruby/include/ruby-3.0.0/ruby/internal/arithmetic/int.h:26,
                 from C:/Users/vagrant/pro/pkg/w32/ruby/include/ruby-3.0.0/ruby/internal/arithmetic/char.h:23,
                 from C:/Users/vagrant/pro/pkg/w32/ruby/include/ruby-3.0.0/ruby/internal/arithmetic.h:23,
                 from C:/Users/vagrant/pro/pkg/w32/ruby/include/ruby-3.0.0/ruby/ruby.h:25,
                 from C:/Users/vagrant/pro/pkg/w32/ruby/include/ruby-3.0.0/ruby.h:38,
                 from conftest.c:1:
C:/Users/vagrant/pro/pkg/w32/ruby/include/ruby-3.0.0/ruby/internal/arithmetic/long.h: In function 'RB_INT2FIX':
C:/Users/vagrant/pro/pkg/w32/ruby/include/ruby-3.0.0/ruby/internal/arithmetic/long.h:88:5: warning: ISO C90 forbids mixed declarations and code [-Wdeclaration-after-statement]
   88 |     const unsigned long j = i;
      |     ^~~~~
C:/Users/vagrant/pro/pkg/w32/ruby/include/ruby-3.0.0/ruby/internal/arithmetic/long.h: In function 'rbimpl_fix2long_by_idiv':
C:/Users/vagrant/pro/pkg/w32/ruby/include/ruby-3.0.0/ruby/internal/arithmetic/long.h:123:5: warning: ISO C90 forbids mixed declarations and code [-Wdeclaration-after-statement]
  123 |     const SIGNED_VALUE y = x - RUBY_FIXNUM_FLAG;
      |     ^~~~~
C:/Users/vagrant/pro/pkg/w32/ruby/include/ruby-3.0.0/ruby/internal/arithmetic/long.h: In function 'rbimpl_fix2long_by_shift':
C:/Users/vagrant/pro/pkg/w32/ruby/include/ruby-3.0.0/ruby/internal/arithmetic/long.h:140:5: warning: ISO C90 forbids mixed declarations and code [-Wdeclaration-after-statement]
  140 |     const SIGNED_VALUE y = x;
      |     ^~~~~
In file included from C:/Users/vagrant/pro/pkg/w32/ruby/include/ruby-3.0.0/ruby/internal/fl_type.h:35,
                 from C:/Users/vagrant/pro/pkg/w32/ruby/include/ruby-3.0.0/ruby/internal/core/rstring.h:30,
                 from C:/Users/vagrant/pro/pkg/w32/ruby/include/ruby-3.0.0/ruby/internal/arithmetic/char.h:29,
                 from C:/Users/vagrant/pro/pkg/w32/ruby/include/ruby-3.0.0/ruby/internal/arithmetic.h:23,
                 from C:/Users/vagrant/pro/pkg/w32/ruby/include/ruby-3.0.0/ruby/ruby.h:25,
                 from C:/Users/vagrant/pro/pkg/w32/ruby/include/ruby-3.0.0/ruby.h:38,
                 from conftest.c:1:
C:/Users/vagrant/pro/pkg/w32/ruby/include/ruby-3.0.0/ruby/internal/value_type.h: In function 'RB_BUILTIN_TYPE':
C:/Users/vagrant/pro/pkg/w32/ruby/include/ruby-3.0.0/ruby/internal/value_type.h:157:5: warning: ISO C90 forbids mixed declarations and code [-Wdeclaration-after-statement]
  157 |     VALUE ret = RBASIC(obj)->flags & RUBY_T_MASK;
      |     ^~~~~
In file included from C:/Users/vagrant/pro/pkg/w32/ruby/include/ruby-3.0.0/ruby/internal/arithmetic/char.h:29,
                 from C:/Users/vagrant/pro/pkg/w32/ruby/include/ruby-3.0.0/ruby/internal/arithmetic.h:23,
                 from C:/Users/vagrant/pro/pkg/w32/ruby/include/ruby-3.0.0/ruby/ruby.h:25,
                 from C:/Users/vagrant/pro/pkg/w32/ruby/include/ruby-3.0.0/ruby.h:38,
                 from conftest.c:1:
C:/Users/vagrant/pro/pkg/w32/ruby/include/ruby-3.0.0/ruby/internal/core/rstring.h: In function 'RSTRING_EMBED_LEN':
C:/Users/vagrant/pro/pkg/w32/ruby/include/ruby-3.0.0/ruby/internal/core/rstring.h:109:5: warning: ISO C90 forbids mixed declarations and code [-Wdeclaration-after-statement]
  109 |     VALUE f = RBASIC(str)->flags;
      |     ^~~~~
In file included from C:/Users/vagrant/pro/pkg/w32/ruby/include/ruby-3.0.0/ruby/internal/arithmetic.h:36,
                 from C:/Users/vagrant/pro/pkg/w32/ruby/include/ruby-3.0.0/ruby/ruby.h:25,
                 from C:/Users/vagrant/pro/pkg/w32/ruby/include/ruby-3.0.0/ruby.h:38,
                 from conftest.c:1:
C:/Users/vagrant/pro/pkg/w32/ruby/include/ruby-3.0.0/ruby/internal/arithmetic/st_data_t.h: In function 'RB_ST2FIX':
C:/Users/vagrant/pro/pkg/w32/ruby/include/ruby-3.0.0/ruby/internal/arithmetic/st_data_t.h:55:5: warning: ISO C90 forbids mixed declarations and code [-Wdeclaration-after-statement]
   55 |     unsigned long y = RBIMPL_CAST((unsigned long)x);
      |     ^~~~~~~~
In file included from C:/Users/vagrant/pro/pkg/w32/ruby/include/ruby-3.0.0/ruby/internal/core.h:23,
                 from C:/Users/vagrant/pro/pkg/w32/ruby/include/ruby-3.0.0/ruby/ruby.h:26,
                 from C:/Users/vagrant/pro/pkg/w32/ruby/include/ruby-3.0.0/ruby.h:38,
                 from conftest.c:1:
C:/Users/vagrant/pro/pkg/w32/ruby/include/ruby-3.0.0/ruby/internal/core/rarray.h: In function 'RARRAY_EMBED_LEN':
C:/Users/vagrant/pro/pkg/w32/ruby/include/ruby-3.0.0/ruby/internal/core/rarray.h:123:5: warning: ISO C90 forbids mixed declarations and code [-Wdeclaration-after-statement]
  123 |     VALUE f = RBASIC(ary)->flags;
      |     ^~~~~
C:/Users/vagrant/pro/pkg/w32/ruby/include/ruby-3.0.0/ruby/internal/core/rarray.h: In function 'RARRAY_PTR':
C:/Users/vagrant/pro/pkg/w32/ruby/include/ruby-3.0.0/ruby/internal/core/rarray.h:248:5: warning: ISO C90 forbids mixed declarations and code [-Wdeclaration-after-statement]
  248 |     VALUE tmp = RB_OBJ_WB_UNPROTECT_FOR(ARRAY, ary);
      |     ^~~~~
C:/Users/vagrant/pro/pkg/w32/ruby/include/ruby-3.0.0/ruby/internal/core/rarray.h: In function 'RARRAY_ASET':
C:/Users/vagrant/pro/pkg/w32/ruby/include/ruby-3.0.0/ruby/internal/core/rarray.h:227:5: warning: ISO C90 forbids mixed declarations and code [-Wdeclaration-after-statement]
  227 |     const VALUE rbimpl_ary = (ary);                          \
      |     ^~~~~
C:/Users/vagrant/pro/pkg/w32/ruby/include/ruby-3.0.0/ruby/internal/core/rarray.h:227:5: note: in definition of macro 'RBIMPL_RARRAY_STMT'
  227 |     const VALUE rbimpl_ary = (ary);                          \
      |     ^~~~~
C:/Users/vagrant/pro/pkg/w32/ruby/include/ruby-3.0.0/ruby/internal/core/rarray.h:255:5: note: in expansion of macro 'RARRAY_PTR_USE_TRANSIENT'
  255 |     RARRAY_PTR_USE_TRANSIENT(ary, ptr,
      |     ^~~~~~~~~~~~~~~~~~~~~~~~
In file included from C:/Users/vagrant/pro/pkg/w32/ruby/include/ruby-3.0.0/ruby/internal/core.h:30,
                 from C:/Users/vagrant/pro/pkg/w32/ruby/include/ruby-3.0.0/ruby/ruby.h:26,
                 from C:/Users/vagrant/pro/pkg/w32/ruby/include/ruby-3.0.0/ruby.h:38,
                 from conftest.c:1:
C:/Users/vagrant/pro/pkg/w32/ruby/include/ruby-3.0.0/ruby/internal/core/robject.h: In function 'ROBJECT_IVPTR':
C:/Users/vagrant/pro/pkg/w32/ruby/include/ruby-3.0.0/ruby/internal/core/robject.h:86:5: warning: ISO C90 forbids mixed declarations and code [-Wdeclaration-after-statement]
   86 |     struct RObject *const ptr = ROBJECT(obj);
      |     ^~~~~~
In file included from C:/Users/vagrant/pro/pkg/w32/ruby/include/ruby-3.0.0/ruby/internal/core.h:31,
                 from C:/Users/vagrant/pro/pkg/w32/ruby/include/ruby-3.0.0/ruby/ruby.h:26,
                 from C:/Users/vagrant/pro/pkg/w32/ruby/include/ruby-3.0.0/ruby.h:38,
                 from conftest.c:1:
C:/Users/vagrant/pro/pkg/w32/ruby/include/ruby-3.0.0/ruby/internal/core/rregexp.h: In function 'RREGEXP_SRC':
C:/Users/vagrant/pro/pkg/w32/ruby/include/ruby-3.0.0/ruby/internal/core/rregexp.h:55:5: warning: ISO C90 forbids mixed declarations and code [-Wdeclaration-after-statement]
   55 |     VALUE ret = RREGEXP(rexp)->src;
      |     ^~~~~
In file included from C:/Users/vagrant/pro/pkg/w32/ruby/include/ruby-3.0.0/ruby/ruby.h:42,
                 from C:/Users/vagrant/pro/pkg/w32/ruby/include/ruby-3.0.0/ruby.h:38,
                 from conftest.c:1:
C:/Users/vagrant/pro/pkg/w32/ruby/include/ruby-3.0.0/ruby/internal/newobj.h: In function 'rb_clone_setup':
C:/Users/vagrant/pro/pkg/w32/ruby/include/ruby-3.0.0/ruby/internal/newobj.h:56:5: warning: ISO C90 forbids mixed declarations and code [-Wdeclaration-after-statement]
   56 |     const VALUE flags = RUBY_FL_PROMOTED0 | RUBY_FL_PROMOTED1 | RUBY_FL_FINALIZE;
      |     ^~~~~
conftest.c: In function 't':
conftest.c:17:57: error: 'sqlite3_backup_init' undeclared (first use in this function)
   17 | int t(void) { void ((*volatile p)()); p = (void ((*)()))sqlite3_backup_init; return !p; }
      |                                                         ^~~~~~~~~~~~~~~~~~~
conftest.c:17:57: note: each undeclared identifier is reported only once for each function it appears in
checked program was:
/* begin */
 1: #include "ruby.h"
 2: 
 3: #include <winsock2.h>
 4: #include <windows.h>
 5: 
 6: /*top*/
 7: extern int t(void);
 8: int main(int argc, char **argv)
 9: {
10:   if (argc > 1000000) {
11:     int (* volatile tp)(void)=(int (*)(void))&t;
12:     printf("%d", (*tp)());
13:   }
14: 
15:   return !!argv[argc];
16: }
17: int t(void) { void ((*volatile p)()); p = (void ((*)()))sqlite3_backup_init; return !p; }
/* end */

"x86_64-w64-mingw32-gcc -o conftest.exe -IC:/Users/vagrant/pro/pkg/w32/ruby/include/ruby-3.0.0/x64-mingw32 -IC:/Users/vagrant/pro/pkg/w32/ruby/include/ruby-3.0.0/ruby/backward -IC:/Users/vagrant/pro/pkg/w32/ruby/include/ruby-3.0.0 -I. -D_WIN32_WINNT=0x0600 -D__MINGW_USE_VC2005_COMPAT -D_FILE_OFFSET_BITS=64  -O3 -DFD_SETSIZE=2048 -fno-omit-frame-pointer -fno-fast-math -Wall -Wextra -Wno-unused-parameter -Wno-parentheses -Wno-long-long -Wno-missing-field-initializers -Wunused-variable -Wpointer-arith -Wwrite-strings -Wdeclaration-after-statement -Wimplicit-function-declaration conftest.c  -L. -LC:/Users/vagrant/pro/pkg/w32/ruby/lib -L.   -m64  -lsqlite3 -lpthread  -lx64-msvcrt-ruby300 -lsqlite3 -lpthread  -lshell32 -lws2_32 -liphlpapi -limagehlp -lshlwapi  "
In file included from C:/Users/vagrant/pro/pkg/w32/ruby/include/ruby-3.0.0/ruby/internal/arithmetic/int.h:26,
                 from C:/Users/vagrant/pro/pkg/w32/ruby/include/ruby-3.0.0/ruby/internal/arithmetic/char.h:23,
                 from C:/Users/vagrant/pro/pkg/w32/ruby/include/ruby-3.0.0/ruby/internal/arithmetic.h:23,
                 from C:/Users/vagrant/pro/pkg/w32/ruby/include/ruby-3.0.0/ruby/ruby.h:25,
                 from C:/Users/vagrant/pro/pkg/w32/ruby/include/ruby-3.0.0/ruby.h:38,
                 from conftest.c:1:
C:/Users/vagrant/pro/pkg/w32/ruby/include/ruby-3.0.0/ruby/internal/arithmetic/long.h: In function 'RB_INT2FIX':
C:/Users/vagrant/pro/pkg/w32/ruby/include/ruby-3.0.0/ruby/internal/arithmetic/long.h:88:5: warning: ISO C90 forbids mixed declarations and code [-Wdeclaration-after-statement]
   88 |     const unsigned long j = i;
      |     ^~~~~
C:/Users/vagrant/pro/pkg/w32/ruby/include/ruby-3.0.0/ruby/internal/arithmetic/long.h: In function 'rbimpl_fix2long_by_idiv':
C:/Users/vagrant/pro/pkg/w32/ruby/include/ruby-3.0.0/ruby/internal/arithmetic/long.h:123:5: warning: ISO C90 forbids mixed declarations and code [-Wdeclaration-after-statement]
  123 |     const SIGNED_VALUE y = x - RUBY_FIXNUM_FLAG;
      |     ^~~~~
C:/Users/vagrant/pro/pkg/w32/ruby/include/ruby-3.0.0/ruby/internal/arithmetic/long.h: In function 'rbimpl_fix2long_by_shift':
C:/Users/vagrant/pro/pkg/w32/ruby/include/ruby-3.0.0/ruby/internal/arithmetic/long.h:140:5: warning: ISO C90 forbids mixed declarations and code [-Wdeclaration-after-statement]
  140 |     const SIGNED_VALUE y = x;
      |     ^~~~~
In file included from C:/Users/vagrant/pro/pkg/w32/ruby/include/ruby-3.0.0/ruby/internal/fl_type.h:35,
                 from C:/Users/vagrant/pro/pkg/w32/ruby/include/ruby-3.0.0/ruby/internal/core/rstring.h:30,
                 from C:/Users/vagrant/pro/pkg/w32/ruby/include/ruby-3.0.0/ruby/internal/arithmetic/char.h:29,
                 from C:/Users/vagrant/pro/pkg/w32/ruby/include/ruby-3.0.0/ruby/internal/arithmetic.h:23,
                 from C:/Users/vagrant/pro/pkg/w32/ruby/include/ruby-3.0.0/ruby/ruby.h:25,
                 from C:/Users/vagrant/pro/pkg/w32/ruby/include/ruby-3.0.0/ruby.h:38,
                 from conftest.c:1:
C:/Users/vagrant/pro/pkg/w32/ruby/include/ruby-3.0.0/ruby/internal/value_type.h: In function 'RB_BUILTIN_TYPE':
C:/Users/vagrant/pro/pkg/w32/ruby/include/ruby-3.0.0/ruby/internal/value_type.h:157:5: warning: ISO C90 forbids mixed declarations and code [-Wdeclaration-after-statement]
  157 |     VALUE ret = RBASIC(obj)->flags & RUBY_T_MASK;
      |     ^~~~~
In file included from C:/Users/vagrant/pro/pkg/w32/ruby/include/ruby-3.0.0/ruby/internal/arithmetic/char.h:29,
                 from C:/Users/vagrant/pro/pkg/w32/ruby/include/ruby-3.0.0/ruby/internal/arithmetic.h:23,
                 from C:/Users/vagrant/pro/pkg/w32/ruby/include/ruby-3.0.0/ruby/ruby.h:25,
                 from C:/Users/vagrant/pro/pkg/w32/ruby/include/ruby-3.0.0/ruby.h:38,
                 from conftest.c:1:
C:/Users/vagrant/pro/pkg/w32/ruby/include/ruby-3.0.0/ruby/internal/core/rstring.h: In function 'RSTRING_EMBED_LEN':
C:/Users/vagrant/pro/pkg/w32/ruby/include/ruby-3.0.0/ruby/internal/core/rstring.h:109:5: warning: ISO C90 forbids mixed declarations and code [-Wdeclaration-after-statement]
  109 |     VALUE f = RBASIC(str)->flags;
      |     ^~~~~
In file included from C:/Users/vagrant/pro/pkg/w32/ruby/include/ruby-3.0.0/ruby/internal/arithmetic.h:36,
                 from C:/Users/vagrant/pro/pkg/w32/ruby/include/ruby-3.0.0/ruby/ruby.h:25,
                 from C:/Users/vagrant/pro/pkg/w32/ruby/include/ruby-3.0.0/ruby.h:38,
                 from conftest.c:1:
C:/Users/vagrant/pro/pkg/w32/ruby/include/ruby-3.0.0/ruby/internal/arithmetic/st_data_t.h: In function 'RB_ST2FIX':
C:/Users/vagrant/pro/pkg/w32/ruby/include/ruby-3.0.0/ruby/internal/arithmetic/st_data_t.h:55:5: warning: ISO C90 forbids mixed declarations and code [-Wdeclaration-after-statement]
   55 |     unsigned long y = RBIMPL_CAST((unsigned long)x);
      |     ^~~~~~~~
In file included from C:/Users/vagrant/pro/pkg/w32/ruby/include/ruby-3.0.0/ruby/internal/core.h:23,
                 from C:/Users/vagrant/pro/pkg/w32/ruby/include/ruby-3.0.0/ruby/ruby.h:26,
                 from C:/Users/vagrant/pro/pkg/w32/ruby/include/ruby-3.0.0/ruby.h:38,
                 from conftest.c:1:
C:/Users/vagrant/pro/pkg/w32/ruby/include/ruby-3.0.0/ruby/internal/core/rarray.h: In function 'RARRAY_EMBED_LEN':
C:/Users/vagrant/pro/pkg/w32/ruby/include/ruby-3.0.0/ruby/internal/core/rarray.h:123:5: warning: ISO C90 forbids mixed declarations and code [-Wdeclaration-after-statement]
  123 |     VALUE f = RBASIC(ary)->flags;
      |     ^~~~~
C:/Users/vagrant/pro/pkg/w32/ruby/include/ruby-3.0.0/ruby/internal/core/rarray.h: In function 'RARRAY_PTR':
C:/Users/vagrant/pro/pkg/w32/ruby/include/ruby-3.0.0/ruby/internal/core/rarray.h:248:5: warning: ISO C90 forbids mixed declarations and code [-Wdeclaration-after-statement]
  248 |     VALUE tmp = RB_OBJ_WB_UNPROTECT_FOR(ARRAY, ary);
      |     ^~~~~
C:/Users/vagrant/pro/pkg/w32/ruby/include/ruby-3.0.0/ruby/internal/core/rarray.h: In function 'RARRAY_ASET':
C:/Users/vagrant/pro/pkg/w32/ruby/include/ruby-3.0.0/ruby/internal/core/rarray.h:227:5: warning: ISO C90 forbids mixed declarations and code [-Wdeclaration-after-statement]
  227 |     const VALUE rbimpl_ary = (ary);                          \
      |     ^~~~~
C:/Users/vagrant/pro/pkg/w32/ruby/include/ruby-3.0.0/ruby/internal/core/rarray.h:227:5: note: in definition of macro 'RBIMPL_RARRAY_STMT'
  227 |     const VALUE rbimpl_ary = (ary);                          \
      |     ^~~~~
C:/Users/vagrant/pro/pkg/w32/ruby/include/ruby-3.0.0/ruby/internal/core/rarray.h:255:5: note: in expansion of macro 'RARRAY_PTR_USE_TRANSIENT'
  255 |     RARRAY_PTR_USE_TRANSIENT(ary, ptr,
      |     ^~~~~~~~~~~~~~~~~~~~~~~~
In file included from C:/Users/vagrant/pro/pkg/w32/ruby/include/ruby-3.0.0/ruby/internal/core.h:30,
                 from C:/Users/vagrant/pro/pkg/w32/ruby/include/ruby-3.0.0/ruby/ruby.h:26,
                 from C:/Users/vagrant/pro/pkg/w32/ruby/include/ruby-3.0.0/ruby.h:38,
                 from conftest.c:1:
C:/Users/vagrant/pro/pkg/w32/ruby/include/ruby-3.0.0/ruby/internal/core/robject.h: In function 'ROBJECT_IVPTR':
C:/Users/vagrant/pro/pkg/w32/ruby/include/ruby-3.0.0/ruby/internal/core/robject.h:86:5: warning: ISO C90 forbids mixed declarations and code [-Wdeclaration-after-statement]
   86 |     struct RObject *const ptr = ROBJECT(obj);
      |     ^~~~~~
In file included from C:/Users/vagrant/pro/pkg/w32/ruby/include/ruby-3.0.0/ruby/internal/core.h:31,
                 from C:/Users/vagrant/pro/pkg/w32/ruby/include/ruby-3.0.0/ruby/ruby.h:26,
                 from C:/Users/vagrant/pro/pkg/w32/ruby/include/ruby-3.0.0/ruby.h:38,
                 from conftest.c:1:
C:/Users/vagrant/pro/pkg/w32/ruby/include/ruby-3.0.0/ruby/internal/core/rregexp.h: In function 'RREGEXP_SRC':
C:/Users/vagrant/pro/pkg/w32/ruby/include/ruby-3.0.0/ruby/internal/core/rregexp.h:55:5: warning: ISO C90 forbids mixed declarations and code [-Wdeclaration-after-statement]
   55 |     VALUE ret = RREGEXP(rexp)->src;
      |     ^~~~~
In file included from C:/Users/vagrant/pro/pkg/w32/ruby/include/ruby-3.0.0/ruby/ruby.h:42,
                 from C:/Users/vagrant/pro/pkg/w32/ruby/include/ruby-3.0.0/ruby.h:38,
                 from conftest.c:1:
C:/Users/vagrant/pro/pkg/w32/ruby/include/ruby-3.0.0/ruby/internal/newobj.h: In function 'rb_clone_setup':
C:/Users/vagrant/pro/pkg/w32/ruby/include/ruby-3.0.0/ruby/internal/newobj.h:56:5: warning: ISO C90 forbids mixed declarations and code [-Wdeclaration-after-statement]
   56 |     const VALUE flags = RUBY_FL_PROMOTED0 | RUBY_FL_PROMOTED1 | RUBY_FL_FINALIZE;
      |     ^~~~~
checked program was:
/* begin */
 1: #include "ruby.h"
 2: 
 3: #include <winsock2.h>
 4: #include <windows.h>
 5: 
 6: /*top*/
 7: extern int t(void);
 8: int main(int argc, char **argv)
 9: {
10:   if (argc > 1000000) {
11:     int (* volatile tp)(void)=(int (*)(void))&t;
12:     printf("%d", (*tp)());
13:   }
14: 
15:   return !!argv[argc];
16: }
17: extern void sqlite3_backup_init();
18: int t(void) { sqlite3_backup_init(); return 0; }
/* end */

--------------------

have_func: checking for sqlite3_column_database_name()... -------------------- no

"x86_64-w64-mingw32-gcc -o conftest.exe -IC:/Users/vagrant/pro/pkg/w32/ruby/include/ruby-3.0.0/x64-mingw32 -IC:/Users/vagrant/pro/pkg/w32/ruby/include/ruby-3.0.0/ruby/backward -IC:/Users/vagrant/pro/pkg/w32/ruby/include/ruby-3.0.0 -I. -D_WIN32_WINNT=0x0600 -D__MINGW_USE_VC2005_COMPAT -D_FILE_OFFSET_BITS=64  -O3 -DFD_SETSIZE=2048 -fno-omit-frame-pointer -fno-fast-math -Wall -Wextra -Wno-unused-parameter -Wno-parentheses -Wno-long-long -Wno-missing-field-initializers -Wunused-variable -Wpointer-arith -Wwrite-strings -Wdeclaration-after-statement -Wimplicit-function-declaration conftest.c  -L. -LC:/Users/vagrant/pro/pkg/w32/ruby/lib -L.   -m64  -lsqlite3 -lpthread  -lx64-msvcrt-ruby300 -lsqlite3 -lpthread  -lshell32 -lws2_32 -liphlpapi -limagehlp -lshlwapi  "
In file included from C:/Users/vagrant/pro/pkg/w32/ruby/include/ruby-3.0.0/ruby/internal/arithmetic/int.h:26,
                 from C:/Users/vagrant/pro/pkg/w32/ruby/include/ruby-3.0.0/ruby/internal/arithmetic/char.h:23,
                 from C:/Users/vagrant/pro/pkg/w32/ruby/include/ruby-3.0.0/ruby/internal/arithmetic.h:23,
                 from C:/Users/vagrant/pro/pkg/w32/ruby/include/ruby-3.0.0/ruby/ruby.h:25,
                 from C:/Users/vagrant/pro/pkg/w32/ruby/include/ruby-3.0.0/ruby.h:38,
                 from conftest.c:1:
C:/Users/vagrant/pro/pkg/w32/ruby/include/ruby-3.0.0/ruby/internal/arithmetic/long.h: In function 'RB_INT2FIX':
C:/Users/vagrant/pro/pkg/w32/ruby/include/ruby-3.0.0/ruby/internal/arithmetic/long.h:88:5: warning: ISO C90 forbids mixed declarations and code [-Wdeclaration-after-statement]
   88 |     const unsigned long j = i;
      |     ^~~~~
C:/Users/vagrant/pro/pkg/w32/ruby/include/ruby-3.0.0/ruby/internal/arithmetic/long.h: In function 'rbimpl_fix2long_by_idiv':
C:/Users/vagrant/pro/pkg/w32/ruby/include/ruby-3.0.0/ruby/internal/arithmetic/long.h:123:5: warning: ISO C90 forbids mixed declarations and code [-Wdeclaration-after-statement]
  123 |     const SIGNED_VALUE y = x - RUBY_FIXNUM_FLAG;
      |     ^~~~~
C:/Users/vagrant/pro/pkg/w32/ruby/include/ruby-3.0.0/ruby/internal/arithmetic/long.h: In function 'rbimpl_fix2long_by_shift':
C:/Users/vagrant/pro/pkg/w32/ruby/include/ruby-3.0.0/ruby/internal/arithmetic/long.h:140:5: warning: ISO C90 forbids mixed declarations and code [-Wdeclaration-after-statement]
  140 |     const SIGNED_VALUE y = x;
      |     ^~~~~
In file included from C:/Users/vagrant/pro/pkg/w32/ruby/include/ruby-3.0.0/ruby/internal/fl_type.h:35,
                 from C:/Users/vagrant/pro/pkg/w32/ruby/include/ruby-3.0.0/ruby/internal/core/rstring.h:30,
                 from C:/Users/vagrant/pro/pkg/w32/ruby/include/ruby-3.0.0/ruby/internal/arithmetic/char.h:29,
                 from C:/Users/vagrant/pro/pkg/w32/ruby/include/ruby-3.0.0/ruby/internal/arithmetic.h:23,
                 from C:/Users/vagrant/pro/pkg/w32/ruby/include/ruby-3.0.0/ruby/ruby.h:25,
                 from C:/Users/vagrant/pro/pkg/w32/ruby/include/ruby-3.0.0/ruby.h:38,
                 from conftest.c:1:
C:/Users/vagrant/pro/pkg/w32/ruby/include/ruby-3.0.0/ruby/internal/value_type.h: In function 'RB_BUILTIN_TYPE':
C:/Users/vagrant/pro/pkg/w32/ruby/include/ruby-3.0.0/ruby/internal/value_type.h:157:5: warning: ISO C90 forbids mixed declarations and code [-Wdeclaration-after-statement]
  157 |     VALUE ret = RBASIC(obj)->flags & RUBY_T_MASK;
      |     ^~~~~
In file included from C:/Users/vagrant/pro/pkg/w32/ruby/include/ruby-3.0.0/ruby/internal/arithmetic/char.h:29,
                 from C:/Users/vagrant/pro/pkg/w32/ruby/include/ruby-3.0.0/ruby/internal/arithmetic.h:23,
                 from C:/Users/vagrant/pro/pkg/w32/ruby/include/ruby-3.0.0/ruby/ruby.h:25,
                 from C:/Users/vagrant/pro/pkg/w32/ruby/include/ruby-3.0.0/ruby.h:38,
                 from conftest.c:1:
C:/Users/vagrant/pro/pkg/w32/ruby/include/ruby-3.0.0/ruby/internal/core/rstring.h: In function 'RSTRING_EMBED_LEN':
C:/Users/vagrant/pro/pkg/w32/ruby/include/ruby-3.0.0/ruby/internal/core/rstring.h:109:5: warning: ISO C90 forbids mixed declarations and code [-Wdeclaration-after-statement]
  109 |     VALUE f = RBASIC(str)->flags;
      |     ^~~~~
In file included from C:/Users/vagrant/pro/pkg/w32/ruby/include/ruby-3.0.0/ruby/internal/arithmetic.h:36,
                 from C:/Users/vagrant/pro/pkg/w32/ruby/include/ruby-3.0.0/ruby/ruby.h:25,
                 from C:/Users/vagrant/pro/pkg/w32/ruby/include/ruby-3.0.0/ruby.h:38,
                 from conftest.c:1:
C:/Users/vagrant/pro/pkg/w32/ruby/include/ruby-3.0.0/ruby/internal/arithmetic/st_data_t.h: In function 'RB_ST2FIX':
C:/Users/vagrant/pro/pkg/w32/ruby/include/ruby-3.0.0/ruby/internal/arithmetic/st_data_t.h:55:5: warning: ISO C90 forbids mixed declarations and code [-Wdeclaration-after-statement]
   55 |     unsigned long y = RBIMPL_CAST((unsigned long)x);
      |     ^~~~~~~~
In file included from C:/Users/vagrant/pro/pkg/w32/ruby/include/ruby-3.0.0/ruby/internal/core.h:23,
                 from C:/Users/vagrant/pro/pkg/w32/ruby/include/ruby-3.0.0/ruby/ruby.h:26,
                 from C:/Users/vagrant/pro/pkg/w32/ruby/include/ruby-3.0.0/ruby.h:38,
                 from conftest.c:1:
C:/Users/vagrant/pro/pkg/w32/ruby/include/ruby-3.0.0/ruby/internal/core/rarray.h: In function 'RARRAY_EMBED_LEN':
C:/Users/vagrant/pro/pkg/w32/ruby/include/ruby-3.0.0/ruby/internal/core/rarray.h:123:5: warning: ISO C90 forbids mixed declarations and code [-Wdeclaration-after-statement]
  123 |     VALUE f = RBASIC(ary)->flags;
      |     ^~~~~
C:/Users/vagrant/pro/pkg/w32/ruby/include/ruby-3.0.0/ruby/internal/core/rarray.h: In function 'RARRAY_PTR':
C:/Users/vagrant/pro/pkg/w32/ruby/include/ruby-3.0.0/ruby/internal/core/rarray.h:248:5: warning: ISO C90 forbids mixed declarations and code [-Wdeclaration-after-statement]
  248 |     VALUE tmp = RB_OBJ_WB_UNPROTECT_FOR(ARRAY, ary);
      |     ^~~~~
C:/Users/vagrant/pro/pkg/w32/ruby/include/ruby-3.0.0/ruby/internal/core/rarray.h: In function 'RARRAY_ASET':
C:/Users/vagrant/pro/pkg/w32/ruby/include/ruby-3.0.0/ruby/internal/core/rarray.h:227:5: warning: ISO C90 forbids mixed declarations and code [-Wdeclaration-after-statement]
  227 |     const VALUE rbimpl_ary = (ary);                          \
      |     ^~~~~
C:/Users/vagrant/pro/pkg/w32/ruby/include/ruby-3.0.0/ruby/internal/core/rarray.h:227:5: note: in definition of macro 'RBIMPL_RARRAY_STMT'
  227 |     const VALUE rbimpl_ary = (ary);                          \
      |     ^~~~~
C:/Users/vagrant/pro/pkg/w32/ruby/include/ruby-3.0.0/ruby/internal/core/rarray.h:255:5: note: in expansion of macro 'RARRAY_PTR_USE_TRANSIENT'
  255 |     RARRAY_PTR_USE_TRANSIENT(ary, ptr,
      |     ^~~~~~~~~~~~~~~~~~~~~~~~
In file included from C:/Users/vagrant/pro/pkg/w32/ruby/include/ruby-3.0.0/ruby/internal/core.h:30,
                 from C:/Users/vagrant/pro/pkg/w32/ruby/include/ruby-3.0.0/ruby/ruby.h:26,
                 from C:/Users/vagrant/pro/pkg/w32/ruby/include/ruby-3.0.0/ruby.h:38,
                 from conftest.c:1:
C:/Users/vagrant/pro/pkg/w32/ruby/include/ruby-3.0.0/ruby/internal/core/robject.h: In function 'ROBJECT_IVPTR':
C:/Users/vagrant/pro/pkg/w32/ruby/include/ruby-3.0.0/ruby/internal/core/robject.h:86:5: warning: ISO C90 forbids mixed declarations and code [-Wdeclaration-after-statement]
   86 |     struct RObject *const ptr = ROBJECT(obj);
      |     ^~~~~~
In file included from C:/Users/vagrant/pro/pkg/w32/ruby/include/ruby-3.0.0/ruby/internal/core.h:31,
                 from C:/Users/vagrant/pro/pkg/w32/ruby/include/ruby-3.0.0/ruby/ruby.h:26,
                 from C:/Users/vagrant/pro/pkg/w32/ruby/include/ruby-3.0.0/ruby.h:38,
                 from conftest.c:1:
C:/Users/vagrant/pro/pkg/w32/ruby/include/ruby-3.0.0/ruby/internal/core/rregexp.h: In function 'RREGEXP_SRC':
C:/Users/vagrant/pro/pkg/w32/ruby/include/ruby-3.0.0/ruby/internal/core/rregexp.h:55:5: warning: ISO C90 forbids mixed declarations and code [-Wdeclaration-after-statement]
   55 |     VALUE ret = RREGEXP(rexp)->src;
      |     ^~~~~
In file included from C:/Users/vagrant/pro/pkg/w32/ruby/include/ruby-3.0.0/ruby/ruby.h:42,
                 from C:/Users/vagrant/pro/pkg/w32/ruby/include/ruby-3.0.0/ruby.h:38,
                 from conftest.c:1:
C:/Users/vagrant/pro/pkg/w32/ruby/include/ruby-3.0.0/ruby/internal/newobj.h: In function 'rb_clone_setup':
C:/Users/vagrant/pro/pkg/w32/ruby/include/ruby-3.0.0/ruby/internal/newobj.h:56:5: warning: ISO C90 forbids mixed declarations and code [-Wdeclaration-after-statement]
   56 |     const VALUE flags = RUBY_FL_PROMOTED0 | RUBY_FL_PROMOTED1 | RUBY_FL_FINALIZE;
      |     ^~~~~
conftest.c: In function 't':
conftest.c:17:57: error: 'sqlite3_column_database_name' undeclared (first use in this function)
   17 | int t(void) { void ((*volatile p)()); p = (void ((*)()))sqlite3_column_database_name; return !p; }
      |                                                         ^~~~~~~~~~~~~~~~~~~~~~~~~~~~
conftest.c:17:57: note: each undeclared identifier is reported only once for each function it appears in
checked program was:
/* begin */
 1: #include "ruby.h"
 2: 
 3: #include <winsock2.h>
 4: #include <windows.h>
 5: 
 6: /*top*/
 7: extern int t(void);
 8: int main(int argc, char **argv)
 9: {
10:   if (argc > 1000000) {
11:     int (* volatile tp)(void)=(int (*)(void))&t;
12:     printf("%d", (*tp)());
13:   }
14: 
15:   return !!argv[argc];
16: }
17: int t(void) { void ((*volatile p)()); p = (void ((*)()))sqlite3_column_database_name; return !p; }
/* end */

"x86_64-w64-mingw32-gcc -o conftest.exe -IC:/Users/vagrant/pro/pkg/w32/ruby/include/ruby-3.0.0/x64-mingw32 -IC:/Users/vagrant/pro/pkg/w32/ruby/include/ruby-3.0.0/ruby/backward -IC:/Users/vagrant/pro/pkg/w32/ruby/include/ruby-3.0.0 -I. -D_WIN32_WINNT=0x0600 -D__MINGW_USE_VC2005_COMPAT -D_FILE_OFFSET_BITS=64  -O3 -DFD_SETSIZE=2048 -fno-omit-frame-pointer -fno-fast-math -Wall -Wextra -Wno-unused-parameter -Wno-parentheses -Wno-long-long -Wno-missing-field-initializers -Wunused-variable -Wpointer-arith -Wwrite-strings -Wdeclaration-after-statement -Wimplicit-function-declaration conftest.c  -L. -LC:/Users/vagrant/pro/pkg/w32/ruby/lib -L.   -m64  -lsqlite3 -lpthread  -lx64-msvcrt-ruby300 -lsqlite3 -lpthread  -lshell32 -lws2_32 -liphlpapi -limagehlp -lshlwapi  "
In file included from C:/Users/vagrant/pro/pkg/w32/ruby/include/ruby-3.0.0/ruby/internal/arithmetic/int.h:26,
                 from C:/Users/vagrant/pro/pkg/w32/ruby/include/ruby-3.0.0/ruby/internal/arithmetic/char.h:23,
                 from C:/Users/vagrant/pro/pkg/w32/ruby/include/ruby-3.0.0/ruby/internal/arithmetic.h:23,
                 from C:/Users/vagrant/pro/pkg/w32/ruby/include/ruby-3.0.0/ruby/ruby.h:25,
                 from C:/Users/vagrant/pro/pkg/w32/ruby/include/ruby-3.0.0/ruby.h:38,
                 from conftest.c:1:
C:/Users/vagrant/pro/pkg/w32/ruby/include/ruby-3.0.0/ruby/internal/arithmetic/long.h: In function 'RB_INT2FIX':
C:/Users/vagrant/pro/pkg/w32/ruby/include/ruby-3.0.0/ruby/internal/arithmetic/long.h:88:5: warning: ISO C90 forbids mixed declarations and code [-Wdeclaration-after-statement]
   88 |     const unsigned long j = i;
      |     ^~~~~
C:/Users/vagrant/pro/pkg/w32/ruby/include/ruby-3.0.0/ruby/internal/arithmetic/long.h: In function 'rbimpl_fix2long_by_idiv':
C:/Users/vagrant/pro/pkg/w32/ruby/include/ruby-3.0.0/ruby/internal/arithmetic/long.h:123:5: warning: ISO C90 forbids mixed declarations and code [-Wdeclaration-after-statement]
  123 |     const SIGNED_VALUE y = x - RUBY_FIXNUM_FLAG;
      |     ^~~~~
C:/Users/vagrant/pro/pkg/w32/ruby/include/ruby-3.0.0/ruby/internal/arithmetic/long.h: In function 'rbimpl_fix2long_by_shift':
C:/Users/vagrant/pro/pkg/w32/ruby/include/ruby-3.0.0/ruby/internal/arithmetic/long.h:140:5: warning: ISO C90 forbids mixed declarations and code [-Wdeclaration-after-statement]
  140 |     const SIGNED_VALUE y = x;
      |     ^~~~~
In file included from C:/Users/vagrant/pro/pkg/w32/ruby/include/ruby-3.0.0/ruby/internal/fl_type.h:35,
                 from C:/Users/vagrant/pro/pkg/w32/ruby/include/ruby-3.0.0/ruby/internal/core/rstring.h:30,
                 from C:/Users/vagrant/pro/pkg/w32/ruby/include/ruby-3.0.0/ruby/internal/arithmetic/char.h:29,
                 from C:/Users/vagrant/pro/pkg/w32/ruby/include/ruby-3.0.0/ruby/internal/arithmetic.h:23,
                 from C:/Users/vagrant/pro/pkg/w32/ruby/include/ruby-3.0.0/ruby/ruby.h:25,
                 from C:/Users/vagrant/pro/pkg/w32/ruby/include/ruby-3.0.0/ruby.h:38,
                 from conftest.c:1:
C:/Users/vagrant/pro/pkg/w32/ruby/include/ruby-3.0.0/ruby/internal/value_type.h: In function 'RB_BUILTIN_TYPE':
C:/Users/vagrant/pro/pkg/w32/ruby/include/ruby-3.0.0/ruby/internal/value_type.h:157:5: warning: ISO C90 forbids mixed declarations and code [-Wdeclaration-after-statement]
  157 |     VALUE ret = RBASIC(obj)->flags & RUBY_T_MASK;
      |     ^~~~~
In file included from C:/Users/vagrant/pro/pkg/w32/ruby/include/ruby-3.0.0/ruby/internal/arithmetic/char.h:29,
                 from C:/Users/vagrant/pro/pkg/w32/ruby/include/ruby-3.0.0/ruby/internal/arithmetic.h:23,
                 from C:/Users/vagrant/pro/pkg/w32/ruby/include/ruby-3.0.0/ruby/ruby.h:25,
                 from C:/Users/vagrant/pro/pkg/w32/ruby/include/ruby-3.0.0/ruby.h:38,
                 from conftest.c:1:
C:/Users/vagrant/pro/pkg/w32/ruby/include/ruby-3.0.0/ruby/internal/core/rstring.h: In function 'RSTRING_EMBED_LEN':
C:/Users/vagrant/pro/pkg/w32/ruby/include/ruby-3.0.0/ruby/internal/core/rstring.h:109:5: warning: ISO C90 forbids mixed declarations and code [-Wdeclaration-after-statement]
  109 |     VALUE f = RBASIC(str)->flags;
      |     ^~~~~
In file included from C:/Users/vagrant/pro/pkg/w32/ruby/include/ruby-3.0.0/ruby/internal/arithmetic.h:36,
                 from C:/Users/vagrant/pro/pkg/w32/ruby/include/ruby-3.0.0/ruby/ruby.h:25,
                 from C:/Users/vagrant/pro/pkg/w32/ruby/include/ruby-3.0.0/ruby.h:38,
                 from conftest.c:1:
C:/Users/vagrant/pro/pkg/w32/ruby/include/ruby-3.0.0/ruby/internal/arithmetic/st_data_t.h: In function 'RB_ST2FIX':
C:/Users/vagrant/pro/pkg/w32/ruby/include/ruby-3.0.0/ruby/internal/arithmetic/st_data_t.h:55:5: warning: ISO C90 forbids mixed declarations and code [-Wdeclaration-after-statement]
   55 |     unsigned long y = RBIMPL_CAST((unsigned long)x);
      |     ^~~~~~~~
In file included from C:/Users/vagrant/pro/pkg/w32/ruby/include/ruby-3.0.0/ruby/internal/core.h:23,
                 from C:/Users/vagrant/pro/pkg/w32/ruby/include/ruby-3.0.0/ruby/ruby.h:26,
                 from C:/Users/vagrant/pro/pkg/w32/ruby/include/ruby-3.0.0/ruby.h:38,
                 from conftest.c:1:
C:/Users/vagrant/pro/pkg/w32/ruby/include/ruby-3.0.0/ruby/internal/core/rarray.h: In function 'RARRAY_EMBED_LEN':
C:/Users/vagrant/pro/pkg/w32/ruby/include/ruby-3.0.0/ruby/internal/core/rarray.h:123:5: warning: ISO C90 forbids mixed declarations and code [-Wdeclaration-after-statement]
  123 |     VALUE f = RBASIC(ary)->flags;
      |     ^~~~~
C:/Users/vagrant/pro/pkg/w32/ruby/include/ruby-3.0.0/ruby/internal/core/rarray.h: In function 'RARRAY_PTR':
C:/Users/vagrant/pro/pkg/w32/ruby/include/ruby-3.0.0/ruby/internal/core/rarray.h:248:5: warning: ISO C90 forbids mixed declarations and code [-Wdeclaration-after-statement]
  248 |     VALUE tmp = RB_OBJ_WB_UNPROTECT_FOR(ARRAY, ary);
      |     ^~~~~
C:/Users/vagrant/pro/pkg/w32/ruby/include/ruby-3.0.0/ruby/internal/core/rarray.h: In function 'RARRAY_ASET':
C:/Users/vagrant/pro/pkg/w32/ruby/include/ruby-3.0.0/ruby/internal/core/rarray.h:227:5: warning: ISO C90 forbids mixed declarations and code [-Wdeclaration-after-statement]
  227 |     const VALUE rbimpl_ary = (ary);                          \
      |     ^~~~~
C:/Users/vagrant/pro/pkg/w32/ruby/include/ruby-3.0.0/ruby/internal/core/rarray.h:227:5: note: in definition of macro 'RBIMPL_RARRAY_STMT'
  227 |     const VALUE rbimpl_ary = (ary);                          \
      |     ^~~~~
C:/Users/vagrant/pro/pkg/w32/ruby/include/ruby-3.0.0/ruby/internal/core/rarray.h:255:5: note: in expansion of macro 'RARRAY_PTR_USE_TRANSIENT'
  255 |     RARRAY_PTR_USE_TRANSIENT(ary, ptr,
      |     ^~~~~~~~~~~~~~~~~~~~~~~~
In file included from C:/Users/vagrant/pro/pkg/w32/ruby/include/ruby-3.0.0/ruby/internal/core.h:30,
                 from C:/Users/vagrant/pro/pkg/w32/ruby/include/ruby-3.0.0/ruby/ruby.h:26,
                 from C:/Users/vagrant/pro/pkg/w32/ruby/include/ruby-3.0.0/ruby.h:38,
                 from conftest.c:1:
C:/Users/vagrant/pro/pkg/w32/ruby/include/ruby-3.0.0/ruby/internal/core/robject.h: In function 'ROBJECT_IVPTR':
C:/Users/vagrant/pro/pkg/w32/ruby/include/ruby-3.0.0/ruby/internal/core/robject.h:86:5: warning: ISO C90 forbids mixed declarations and code [-Wdeclaration-after-statement]
   86 |     struct RObject *const ptr = ROBJECT(obj);
      |     ^~~~~~
In file included from C:/Users/vagrant/pro/pkg/w32/ruby/include/ruby-3.0.0/ruby/internal/core.h:31,
                 from C:/Users/vagrant/pro/pkg/w32/ruby/include/ruby-3.0.0/ruby/ruby.h:26,
                 from C:/Users/vagrant/pro/pkg/w32/ruby/include/ruby-3.0.0/ruby.h:38,
                 from conftest.c:1:
C:/Users/vagrant/pro/pkg/w32/ruby/include/ruby-3.0.0/ruby/internal/core/rregexp.h: In function 'RREGEXP_SRC':
C:/Users/vagrant/pro/pkg/w32/ruby/include/ruby-3.0.0/ruby/internal/core/rregexp.h:55:5: warning: ISO C90 forbids mixed declarations and code [-Wdeclaration-after-statement]
   55 |     VALUE ret = RREGEXP(rexp)->src;
      |     ^~~~~
In file included from C:/Users/vagrant/pro/pkg/w32/ruby/include/ruby-3.0.0/ruby/ruby.h:42,
                 from C:/Users/vagrant/pro/pkg/w32/ruby/include/ruby-3.0.0/ruby.h:38,
                 from conftest.c:1:
C:/Users/vagrant/pro/pkg/w32/ruby/include/ruby-3.0.0/ruby/internal/newobj.h: In function 'rb_clone_setup':
C:/Users/vagrant/pro/pkg/w32/ruby/include/ruby-3.0.0/ruby/internal/newobj.h:56:5: warning: ISO C90 forbids mixed declarations and code [-Wdeclaration-after-statement]
   56 |     const VALUE flags = RUBY_FL_PROMOTED0 | RUBY_FL_PROMOTED1 | RUBY_FL_FINALIZE;
      |     ^~~~~
C:/tools/msys64/mingw64/bin/../lib/gcc/x86_64-w64-mingw32/10.3.0/../../../../x86_64-w64-mingw32/bin/ld.exe: C:\tools\msys64\tmp\ccdVyMNR.o:conftest.c:(.text+0x9): undefined reference to `sqlite3_column_database_name'
collect2.exe: error: ld returned 1 exit status
checked program was:
/* begin */
 1: #include "ruby.h"
 2: 
 3: #include <winsock2.h>
 4: #include <windows.h>
 5: 
 6: /*top*/
 7: extern int t(void);
 8: int main(int argc, char **argv)
 9: {
10:   if (argc > 1000000) {
11:     int (* volatile tp)(void)=(int (*)(void))&t;
12:     printf("%d", (*tp)());
13:   }
14: 
15:   return !!argv[argc];
16: }
17: extern void sqlite3_column_database_name();
18: int t(void) { sqlite3_column_database_name(); return 0; }
/* end */

--------------------

have_func: checking for sqlite3_enable_load_extension()... -------------------- yes

"x86_64-w64-mingw32-gcc -o conftest.exe -IC:/Users/vagrant/pro/pkg/w32/ruby/include/ruby-3.0.0/x64-mingw32 -IC:/Users/vagrant/pro/pkg/w32/ruby/include/ruby-3.0.0/ruby/backward -IC:/Users/vagrant/pro/pkg/w32/ruby/include/ruby-3.0.0 -I. -D_WIN32_WINNT=0x0600 -D__MINGW_USE_VC2005_COMPAT -D_FILE_OFFSET_BITS=64  -O3 -DFD_SETSIZE=2048 -fno-omit-frame-pointer -fno-fast-math -Wall -Wextra -Wno-unused-parameter -Wno-parentheses -Wno-long-long -Wno-missing-field-initializers -Wunused-variable -Wpointer-arith -Wwrite-strings -Wdeclaration-after-statement -Wimplicit-function-declaration conftest.c  -L. -LC:/Users/vagrant/pro/pkg/w32/ruby/lib -L.   -m64  -lsqlite3 -lpthread  -lx64-msvcrt-ruby300 -lsqlite3 -lpthread  -lshell32 -lws2_32 -liphlpapi -limagehlp -lshlwapi  "
In file included from C:/Users/vagrant/pro/pkg/w32/ruby/include/ruby-3.0.0/ruby/internal/arithmetic/int.h:26,
                 from C:/Users/vagrant/pro/pkg/w32/ruby/include/ruby-3.0.0/ruby/internal/arithmetic/char.h:23,
                 from C:/Users/vagrant/pro/pkg/w32/ruby/include/ruby-3.0.0/ruby/internal/arithmetic.h:23,
                 from C:/Users/vagrant/pro/pkg/w32/ruby/include/ruby-3.0.0/ruby/ruby.h:25,
                 from C:/Users/vagrant/pro/pkg/w32/ruby/include/ruby-3.0.0/ruby.h:38,
                 from conftest.c:1:
C:/Users/vagrant/pro/pkg/w32/ruby/include/ruby-3.0.0/ruby/internal/arithmetic/long.h: In function 'RB_INT2FIX':
C:/Users/vagrant/pro/pkg/w32/ruby/include/ruby-3.0.0/ruby/internal/arithmetic/long.h:88:5: warning: ISO C90 forbids mixed declarations and code [-Wdeclaration-after-statement]
   88 |     const unsigned long j = i;
      |     ^~~~~
C:/Users/vagrant/pro/pkg/w32/ruby/include/ruby-3.0.0/ruby/internal/arithmetic/long.h: In function 'rbimpl_fix2long_by_idiv':
C:/Users/vagrant/pro/pkg/w32/ruby/include/ruby-3.0.0/ruby/internal/arithmetic/long.h:123:5: warning: ISO C90 forbids mixed declarations and code [-Wdeclaration-after-statement]
  123 |     const SIGNED_VALUE y = x - RUBY_FIXNUM_FLAG;
      |     ^~~~~
C:/Users/vagrant/pro/pkg/w32/ruby/include/ruby-3.0.0/ruby/internal/arithmetic/long.h: In function 'rbimpl_fix2long_by_shift':
C:/Users/vagrant/pro/pkg/w32/ruby/include/ruby-3.0.0/ruby/internal/arithmetic/long.h:140:5: warning: ISO C90 forbids mixed declarations and code [-Wdeclaration-after-statement]
  140 |     const SIGNED_VALUE y = x;
      |     ^~~~~
In file included from C:/Users/vagrant/pro/pkg/w32/ruby/include/ruby-3.0.0/ruby/internal/fl_type.h:35,
                 from C:/Users/vagrant/pro/pkg/w32/ruby/include/ruby-3.0.0/ruby/internal/core/rstring.h:30,
                 from C:/Users/vagrant/pro/pkg/w32/ruby/include/ruby-3.0.0/ruby/internal/arithmetic/char.h:29,
                 from C:/Users/vagrant/pro/pkg/w32/ruby/include/ruby-3.0.0/ruby/internal/arithmetic.h:23,
                 from C:/Users/vagrant/pro/pkg/w32/ruby/include/ruby-3.0.0/ruby/ruby.h:25,
                 from C:/Users/vagrant/pro/pkg/w32/ruby/include/ruby-3.0.0/ruby.h:38,
                 from conftest.c:1:
C:/Users/vagrant/pro/pkg/w32/ruby/include/ruby-3.0.0/ruby/internal/value_type.h: In function 'RB_BUILTIN_TYPE':
C:/Users/vagrant/pro/pkg/w32/ruby/include/ruby-3.0.0/ruby/internal/value_type.h:157:5: warning: ISO C90 forbids mixed declarations and code [-Wdeclaration-after-statement]
  157 |     VALUE ret = RBASIC(obj)->flags & RUBY_T_MASK;
      |     ^~~~~
In file included from C:/Users/vagrant/pro/pkg/w32/ruby/include/ruby-3.0.0/ruby/internal/arithmetic/char.h:29,
                 from C:/Users/vagrant/pro/pkg/w32/ruby/include/ruby-3.0.0/ruby/internal/arithmetic.h:23,
                 from C:/Users/vagrant/pro/pkg/w32/ruby/include/ruby-3.0.0/ruby/ruby.h:25,
                 from C:/Users/vagrant/pro/pkg/w32/ruby/include/ruby-3.0.0/ruby.h:38,
                 from conftest.c:1:
C:/Users/vagrant/pro/pkg/w32/ruby/include/ruby-3.0.0/ruby/internal/core/rstring.h: In function 'RSTRING_EMBED_LEN':
C:/Users/vagrant/pro/pkg/w32/ruby/include/ruby-3.0.0/ruby/internal/core/rstring.h:109:5: warning: ISO C90 forbids mixed declarations and code [-Wdeclaration-after-statement]
  109 |     VALUE f = RBASIC(str)->flags;
      |     ^~~~~
In file included from C:/Users/vagrant/pro/pkg/w32/ruby/include/ruby-3.0.0/ruby/internal/arithmetic.h:36,
                 from C:/Users/vagrant/pro/pkg/w32/ruby/include/ruby-3.0.0/ruby/ruby.h:25,
                 from C:/Users/vagrant/pro/pkg/w32/ruby/include/ruby-3.0.0/ruby.h:38,
                 from conftest.c:1:
C:/Users/vagrant/pro/pkg/w32/ruby/include/ruby-3.0.0/ruby/internal/arithmetic/st_data_t.h: In function 'RB_ST2FIX':
C:/Users/vagrant/pro/pkg/w32/ruby/include/ruby-3.0.0/ruby/internal/arithmetic/st_data_t.h:55:5: warning: ISO C90 forbids mixed declarations and code [-Wdeclaration-after-statement]
   55 |     unsigned long y = RBIMPL_CAST((unsigned long)x);
      |     ^~~~~~~~
In file included from C:/Users/vagrant/pro/pkg/w32/ruby/include/ruby-3.0.0/ruby/internal/core.h:23,
                 from C:/Users/vagrant/pro/pkg/w32/ruby/include/ruby-3.0.0/ruby/ruby.h:26,
                 from C:/Users/vagrant/pro/pkg/w32/ruby/include/ruby-3.0.0/ruby.h:38,
                 from conftest.c:1:
C:/Users/vagrant/pro/pkg/w32/ruby/include/ruby-3.0.0/ruby/internal/core/rarray.h: In function 'RARRAY_EMBED_LEN':
C:/Users/vagrant/pro/pkg/w32/ruby/include/ruby-3.0.0/ruby/internal/core/rarray.h:123:5: warning: ISO C90 forbids mixed declarations and code [-Wdeclaration-after-statement]
  123 |     VALUE f = RBASIC(ary)->flags;
      |     ^~~~~
C:/Users/vagrant/pro/pkg/w32/ruby/include/ruby-3.0.0/ruby/internal/core/rarray.h: In function 'RARRAY_PTR':
C:/Users/vagrant/pro/pkg/w32/ruby/include/ruby-3.0.0/ruby/internal/core/rarray.h:248:5: warning: ISO C90 forbids mixed declarations and code [-Wdeclaration-after-statement]
  248 |     VALUE tmp = RB_OBJ_WB_UNPROTECT_FOR(ARRAY, ary);
      |     ^~~~~
C:/Users/vagrant/pro/pkg/w32/ruby/include/ruby-3.0.0/ruby/internal/core/rarray.h: In function 'RARRAY_ASET':
C:/Users/vagrant/pro/pkg/w32/ruby/include/ruby-3.0.0/ruby/internal/core/rarray.h:227:5: warning: ISO C90 forbids mixed declarations and code [-Wdeclaration-after-statement]
  227 |     const VALUE rbimpl_ary = (ary);                          \
      |     ^~~~~
C:/Users/vagrant/pro/pkg/w32/ruby/include/ruby-3.0.0/ruby/internal/core/rarray.h:227:5: note: in definition of macro 'RBIMPL_RARRAY_STMT'
  227 |     const VALUE rbimpl_ary = (ary);                          \
      |     ^~~~~
C:/Users/vagrant/pro/pkg/w32/ruby/include/ruby-3.0.0/ruby/internal/core/rarray.h:255:5: note: in expansion of macro 'RARRAY_PTR_USE_TRANSIENT'
  255 |     RARRAY_PTR_USE_TRANSIENT(ary, ptr,
      |     ^~~~~~~~~~~~~~~~~~~~~~~~
In file included from C:/Users/vagrant/pro/pkg/w32/ruby/include/ruby-3.0.0/ruby/internal/core.h:30,
                 from C:/Users/vagrant/pro/pkg/w32/ruby/include/ruby-3.0.0/ruby/ruby.h:26,
                 from C:/Users/vagrant/pro/pkg/w32/ruby/include/ruby-3.0.0/ruby.h:38,
                 from conftest.c:1:
C:/Users/vagrant/pro/pkg/w32/ruby/include/ruby-3.0.0/ruby/internal/core/robject.h: In function 'ROBJECT_IVPTR':
C:/Users/vagrant/pro/pkg/w32/ruby/include/ruby-3.0.0/ruby/internal/core/robject.h:86:5: warning: ISO C90 forbids mixed declarations and code [-Wdeclaration-after-statement]
   86 |     struct RObject *const ptr = ROBJECT(obj);
      |     ^~~~~~
In file included from C:/Users/vagrant/pro/pkg/w32/ruby/include/ruby-3.0.0/ruby/internal/core.h:31,
                 from C:/Users/vagrant/pro/pkg/w32/ruby/include/ruby-3.0.0/ruby/ruby.h:26,
                 from C:/Users/vagrant/pro/pkg/w32/ruby/include/ruby-3.0.0/ruby.h:38,
                 from conftest.c:1:
C:/Users/vagrant/pro/pkg/w32/ruby/include/ruby-3.0.0/ruby/internal/core/rregexp.h: In function 'RREGEXP_SRC':
C:/Users/vagrant/pro/pkg/w32/ruby/include/ruby-3.0.0/ruby/internal/core/rregexp.h:55:5: warning: ISO C90 forbids mixed declarations and code [-Wdeclaration-after-statement]
   55 |     VALUE ret = RREGEXP(rexp)->src;
      |     ^~~~~
In file included from C:/Users/vagrant/pro/pkg/w32/ruby/include/ruby-3.0.0/ruby/ruby.h:42,
                 from C:/Users/vagrant/pro/pkg/w32/ruby/include/ruby-3.0.0/ruby.h:38,
                 from conftest.c:1:
C:/Users/vagrant/pro/pkg/w32/ruby/include/ruby-3.0.0/ruby/internal/newobj.h: In function 'rb_clone_setup':
C:/Users/vagrant/pro/pkg/w32/ruby/include/ruby-3.0.0/ruby/internal/newobj.h:56:5: warning: ISO C90 forbids mixed declarations and code [-Wdeclaration-after-statement]
   56 |     const VALUE flags = RUBY_FL_PROMOTED0 | RUBY_FL_PROMOTED1 | RUBY_FL_FINALIZE;
      |     ^~~~~
conftest.c: In function 't':
conftest.c:17:57: error: 'sqlite3_enable_load_extension' undeclared (first use in this function)
   17 | int t(void) { void ((*volatile p)()); p = (void ((*)()))sqlite3_enable_load_extension; return !p; }
      |                                                         ^~~~~~~~~~~~~~~~~~~~~~~~~~~~~
conftest.c:17:57: note: each undeclared identifier is reported only once for each function it appears in
checked program was:
/* begin */
 1: #include "ruby.h"
 2: 
 3: #include <winsock2.h>
 4: #include <windows.h>
 5: 
 6: /*top*/
 7: extern int t(void);
 8: int main(int argc, char **argv)
 9: {
10:   if (argc > 1000000) {
11:     int (* volatile tp)(void)=(int (*)(void))&t;
12:     printf("%d", (*tp)());
13:   }
14: 
15:   return !!argv[argc];
16: }
17: int t(void) { void ((*volatile p)()); p = (void ((*)()))sqlite3_enable_load_extension; return !p; }
/* end */

"x86_64-w64-mingw32-gcc -o conftest.exe -IC:/Users/vagrant/pro/pkg/w32/ruby/include/ruby-3.0.0/x64-mingw32 -IC:/Users/vagrant/pro/pkg/w32/ruby/include/ruby-3.0.0/ruby/backward -IC:/Users/vagrant/pro/pkg/w32/ruby/include/ruby-3.0.0 -I. -D_WIN32_WINNT=0x0600 -D__MINGW_USE_VC2005_COMPAT -D_FILE_OFFSET_BITS=64  -O3 -DFD_SETSIZE=2048 -fno-omit-frame-pointer -fno-fast-math -Wall -Wextra -Wno-unused-parameter -Wno-parentheses -Wno-long-long -Wno-missing-field-initializers -Wunused-variable -Wpointer-arith -Wwrite-strings -Wdeclaration-after-statement -Wimplicit-function-declaration conftest.c  -L. -LC:/Users/vagrant/pro/pkg/w32/ruby/lib -L.   -m64  -lsqlite3 -lpthread  -lx64-msvcrt-ruby300 -lsqlite3 -lpthread  -lshell32 -lws2_32 -liphlpapi -limagehlp -lshlwapi  "
In file included from C:/Users/vagrant/pro/pkg/w32/ruby/include/ruby-3.0.0/ruby/internal/arithmetic/int.h:26,
                 from C:/Users/vagrant/pro/pkg/w32/ruby/include/ruby-3.0.0/ruby/internal/arithmetic/char.h:23,
                 from C:/Users/vagrant/pro/pkg/w32/ruby/include/ruby-3.0.0/ruby/internal/arithmetic.h:23,
                 from C:/Users/vagrant/pro/pkg/w32/ruby/include/ruby-3.0.0/ruby/ruby.h:25,
                 from C:/Users/vagrant/pro/pkg/w32/ruby/include/ruby-3.0.0/ruby.h:38,
                 from conftest.c:1:
C:/Users/vagrant/pro/pkg/w32/ruby/include/ruby-3.0.0/ruby/internal/arithmetic/long.h: In function 'RB_INT2FIX':
C:/Users/vagrant/pro/pkg/w32/ruby/include/ruby-3.0.0/ruby/internal/arithmetic/long.h:88:5: warning: ISO C90 forbids mixed declarations and code [-Wdeclaration-after-statement]
   88 |     const unsigned long j = i;
      |     ^~~~~
C:/Users/vagrant/pro/pkg/w32/ruby/include/ruby-3.0.0/ruby/internal/arithmetic/long.h: In function 'rbimpl_fix2long_by_idiv':
C:/Users/vagrant/pro/pkg/w32/ruby/include/ruby-3.0.0/ruby/internal/arithmetic/long.h:123:5: warning: ISO C90 forbids mixed declarations and code [-Wdeclaration-after-statement]
  123 |     const SIGNED_VALUE y = x - RUBY_FIXNUM_FLAG;
      |     ^~~~~
C:/Users/vagrant/pro/pkg/w32/ruby/include/ruby-3.0.0/ruby/internal/arithmetic/long.h: In function 'rbimpl_fix2long_by_shift':
C:/Users/vagrant/pro/pkg/w32/ruby/include/ruby-3.0.0/ruby/internal/arithmetic/long.h:140:5: warning: ISO C90 forbids mixed declarations and code [-Wdeclaration-after-statement]
  140 |     const SIGNED_VALUE y = x;
      |     ^~~~~
In file included from C:/Users/vagrant/pro/pkg/w32/ruby/include/ruby-3.0.0/ruby/internal/fl_type.h:35,
                 from C:/Users/vagrant/pro/pkg/w32/ruby/include/ruby-3.0.0/ruby/internal/core/rstring.h:30,
                 from C:/Users/vagrant/pro/pkg/w32/ruby/include/ruby-3.0.0/ruby/internal/arithmetic/char.h:29,
                 from C:/Users/vagrant/pro/pkg/w32/ruby/include/ruby-3.0.0/ruby/internal/arithmetic.h:23,
                 from C:/Users/vagrant/pro/pkg/w32/ruby/include/ruby-3.0.0/ruby/ruby.h:25,
                 from C:/Users/vagrant/pro/pkg/w32/ruby/include/ruby-3.0.0/ruby.h:38,
                 from conftest.c:1:
C:/Users/vagrant/pro/pkg/w32/ruby/include/ruby-3.0.0/ruby/internal/value_type.h: In function 'RB_BUILTIN_TYPE':
C:/Users/vagrant/pro/pkg/w32/ruby/include/ruby-3.0.0/ruby/internal/value_type.h:157:5: warning: ISO C90 forbids mixed declarations and code [-Wdeclaration-after-statement]
  157 |     VALUE ret = RBASIC(obj)->flags & RUBY_T_MASK;
      |     ^~~~~
In file included from C:/Users/vagrant/pro/pkg/w32/ruby/include/ruby-3.0.0/ruby/internal/arithmetic/char.h:29,
                 from C:/Users/vagrant/pro/pkg/w32/ruby/include/ruby-3.0.0/ruby/internal/arithmetic.h:23,
                 from C:/Users/vagrant/pro/pkg/w32/ruby/include/ruby-3.0.0/ruby/ruby.h:25,
                 from C:/Users/vagrant/pro/pkg/w32/ruby/include/ruby-3.0.0/ruby.h:38,
                 from conftest.c:1:
C:/Users/vagrant/pro/pkg/w32/ruby/include/ruby-3.0.0/ruby/internal/core/rstring.h: In function 'RSTRING_EMBED_LEN':
C:/Users/vagrant/pro/pkg/w32/ruby/include/ruby-3.0.0/ruby/internal/core/rstring.h:109:5: warning: ISO C90 forbids mixed declarations and code [-Wdeclaration-after-statement]
  109 |     VALUE f = RBASIC(str)->flags;
      |     ^~~~~
In file included from C:/Users/vagrant/pro/pkg/w32/ruby/include/ruby-3.0.0/ruby/internal/arithmetic.h:36,
                 from C:/Users/vagrant/pro/pkg/w32/ruby/include/ruby-3.0.0/ruby/ruby.h:25,
                 from C:/Users/vagrant/pro/pkg/w32/ruby/include/ruby-3.0.0/ruby.h:38,
                 from conftest.c:1:
C:/Users/vagrant/pro/pkg/w32/ruby/include/ruby-3.0.0/ruby/internal/arithmetic/st_data_t.h: In function 'RB_ST2FIX':
C:/Users/vagrant/pro/pkg/w32/ruby/include/ruby-3.0.0/ruby/internal/arithmetic/st_data_t.h:55:5: warning: ISO C90 forbids mixed declarations and code [-Wdeclaration-after-statement]
   55 |     unsigned long y = RBIMPL_CAST((unsigned long)x);
      |     ^~~~~~~~
In file included from C:/Users/vagrant/pro/pkg/w32/ruby/include/ruby-3.0.0/ruby/internal/core.h:23,
                 from C:/Users/vagrant/pro/pkg/w32/ruby/include/ruby-3.0.0/ruby/ruby.h:26,
                 from C:/Users/vagrant/pro/pkg/w32/ruby/include/ruby-3.0.0/ruby.h:38,
                 from conftest.c:1:
C:/Users/vagrant/pro/pkg/w32/ruby/include/ruby-3.0.0/ruby/internal/core/rarray.h: In function 'RARRAY_EMBED_LEN':
C:/Users/vagrant/pro/pkg/w32/ruby/include/ruby-3.0.0/ruby/internal/core/rarray.h:123:5: warning: ISO C90 forbids mixed declarations and code [-Wdeclaration-after-statement]
  123 |     VALUE f = RBASIC(ary)->flags;
      |     ^~~~~
C:/Users/vagrant/pro/pkg/w32/ruby/include/ruby-3.0.0/ruby/internal/core/rarray.h: In function 'RARRAY_PTR':
C:/Users/vagrant/pro/pkg/w32/ruby/include/ruby-3.0.0/ruby/internal/core/rarray.h:248:5: warning: ISO C90 forbids mixed declarations and code [-Wdeclaration-after-statement]
  248 |     VALUE tmp = RB_OBJ_WB_UNPROTECT_FOR(ARRAY, ary);
      |     ^~~~~
C:/Users/vagrant/pro/pkg/w32/ruby/include/ruby-3.0.0/ruby/internal/core/rarray.h: In function 'RARRAY_ASET':
C:/Users/vagrant/pro/pkg/w32/ruby/include/ruby-3.0.0/ruby/internal/core/rarray.h:227:5: warning: ISO C90 forbids mixed declarations and code [-Wdeclaration-after-statement]
  227 |     const VALUE rbimpl_ary = (ary);                          \
      |     ^~~~~
C:/Users/vagrant/pro/pkg/w32/ruby/include/ruby-3.0.0/ruby/internal/core/rarray.h:227:5: note: in definition of macro 'RBIMPL_RARRAY_STMT'
  227 |     const VALUE rbimpl_ary = (ary);                          \
      |     ^~~~~
C:/Users/vagrant/pro/pkg/w32/ruby/include/ruby-3.0.0/ruby/internal/core/rarray.h:255:5: note: in expansion of macro 'RARRAY_PTR_USE_TRANSIENT'
  255 |     RARRAY_PTR_USE_TRANSIENT(ary, ptr,
      |     ^~~~~~~~~~~~~~~~~~~~~~~~
In file included from C:/Users/vagrant/pro/pkg/w32/ruby/include/ruby-3.0.0/ruby/internal/core.h:30,
                 from C:/Users/vagrant/pro/pkg/w32/ruby/include/ruby-3.0.0/ruby/ruby.h:26,
                 from C:/Users/vagrant/pro/pkg/w32/ruby/include/ruby-3.0.0/ruby.h:38,
                 from conftest.c:1:
C:/Users/vagrant/pro/pkg/w32/ruby/include/ruby-3.0.0/ruby/internal/core/robject.h: In function 'ROBJECT_IVPTR':
C:/Users/vagrant/pro/pkg/w32/ruby/include/ruby-3.0.0/ruby/internal/core/robject.h:86:5: warning: ISO C90 forbids mixed declarations and code [-Wdeclaration-after-statement]
   86 |     struct RObject *const ptr = ROBJECT(obj);
      |     ^~~~~~
In file included from C:/Users/vagrant/pro/pkg/w32/ruby/include/ruby-3.0.0/ruby/internal/core.h:31,
                 from C:/Users/vagrant/pro/pkg/w32/ruby/include/ruby-3.0.0/ruby/ruby.h:26,
                 from C:/Users/vagrant/pro/pkg/w32/ruby/include/ruby-3.0.0/ruby.h:38,
                 from conftest.c:1:
C:/Users/vagrant/pro/pkg/w32/ruby/include/ruby-3.0.0/ruby/internal/core/rregexp.h: In function 'RREGEXP_SRC':
C:/Users/vagrant/pro/pkg/w32/ruby/include/ruby-3.0.0/ruby/internal/core/rregexp.h:55:5: warning: ISO C90 forbids mixed declarations and code [-Wdeclaration-after-statement]
   55 |     VALUE ret = RREGEXP(rexp)->src;
      |     ^~~~~
In file included from C:/Users/vagrant/pro/pkg/w32/ruby/include/ruby-3.0.0/ruby/ruby.h:42,
                 from C:/Users/vagrant/pro/pkg/w32/ruby/include/ruby-3.0.0/ruby.h:38,
                 from conftest.c:1:
C:/Users/vagrant/pro/pkg/w32/ruby/include/ruby-3.0.0/ruby/internal/newobj.h: In function 'rb_clone_setup':
C:/Users/vagrant/pro/pkg/w32/ruby/include/ruby-3.0.0/ruby/internal/newobj.h:56:5: warning: ISO C90 forbids mixed declarations and code [-Wdeclaration-after-statement]
   56 |     const VALUE flags = RUBY_FL_PROMOTED0 | RUBY_FL_PROMOTED1 | RUBY_FL_FINALIZE;
      |     ^~~~~
checked program was:
/* begin */
 1: #include "ruby.h"
 2: 
 3: #include <winsock2.h>
 4: #include <windows.h>
 5: 
 6: /*top*/
 7: extern int t(void);
 8: int main(int argc, char **argv)
 9: {
10:   if (argc > 1000000) {
11:     int (* volatile tp)(void)=(int (*)(void))&t;
12:     printf("%d", (*tp)());
13:   }
14: 
15:   return !!argv[argc];
16: }
17: extern void sqlite3_enable_load_extension();
18: int t(void) { sqlite3_enable_load_extension(); return 0; }
/* end */

--------------------

have_func: checking for sqlite3_load_extension()... -------------------- yes

"x86_64-w64-mingw32-gcc -o conftest.exe -IC:/Users/vagrant/pro/pkg/w32/ruby/include/ruby-3.0.0/x64-mingw32 -IC:/Users/vagrant/pro/pkg/w32/ruby/include/ruby-3.0.0/ruby/backward -IC:/Users/vagrant/pro/pkg/w32/ruby/include/ruby-3.0.0 -I. -D_WIN32_WINNT=0x0600 -D__MINGW_USE_VC2005_COMPAT -D_FILE_OFFSET_BITS=64  -O3 -DFD_SETSIZE=2048 -fno-omit-frame-pointer -fno-fast-math -Wall -Wextra -Wno-unused-parameter -Wno-parentheses -Wno-long-long -Wno-missing-field-initializers -Wunused-variable -Wpointer-arith -Wwrite-strings -Wdeclaration-after-statement -Wimplicit-function-declaration conftest.c  -L. -LC:/Users/vagrant/pro/pkg/w32/ruby/lib -L.   -m64  -lsqlite3 -lpthread  -lx64-msvcrt-ruby300 -lsqlite3 -lpthread  -lshell32 -lws2_32 -liphlpapi -limagehlp -lshlwapi  "
In file included from C:/Users/vagrant/pro/pkg/w32/ruby/include/ruby-3.0.0/ruby/internal/arithmetic/int.h:26,
                 from C:/Users/vagrant/pro/pkg/w32/ruby/include/ruby-3.0.0/ruby/internal/arithmetic/char.h:23,
                 from C:/Users/vagrant/pro/pkg/w32/ruby/include/ruby-3.0.0/ruby/internal/arithmetic.h:23,
                 from C:/Users/vagrant/pro/pkg/w32/ruby/include/ruby-3.0.0/ruby/ruby.h:25,
                 from C:/Users/vagrant/pro/pkg/w32/ruby/include/ruby-3.0.0/ruby.h:38,
                 from conftest.c:1:
C:/Users/vagrant/pro/pkg/w32/ruby/include/ruby-3.0.0/ruby/internal/arithmetic/long.h: In function 'RB_INT2FIX':
C:/Users/vagrant/pro/pkg/w32/ruby/include/ruby-3.0.0/ruby/internal/arithmetic/long.h:88:5: warning: ISO C90 forbids mixed declarations and code [-Wdeclaration-after-statement]
   88 |     const unsigned long j = i;
      |     ^~~~~
C:/Users/vagrant/pro/pkg/w32/ruby/include/ruby-3.0.0/ruby/internal/arithmetic/long.h: In function 'rbimpl_fix2long_by_idiv':
C:/Users/vagrant/pro/pkg/w32/ruby/include/ruby-3.0.0/ruby/internal/arithmetic/long.h:123:5: warning: ISO C90 forbids mixed declarations and code [-Wdeclaration-after-statement]
  123 |     const SIGNED_VALUE y = x - RUBY_FIXNUM_FLAG;
      |     ^~~~~
C:/Users/vagrant/pro/pkg/w32/ruby/include/ruby-3.0.0/ruby/internal/arithmetic/long.h: In function 'rbimpl_fix2long_by_shift':
C:/Users/vagrant/pro/pkg/w32/ruby/include/ruby-3.0.0/ruby/internal/arithmetic/long.h:140:5: warning: ISO C90 forbids mixed declarations and code [-Wdeclaration-after-statement]
  140 |     const SIGNED_VALUE y = x;
      |     ^~~~~
In file included from C:/Users/vagrant/pro/pkg/w32/ruby/include/ruby-3.0.0/ruby/internal/fl_type.h:35,
                 from C:/Users/vagrant/pro/pkg/w32/ruby/include/ruby-3.0.0/ruby/internal/core/rstring.h:30,
                 from C:/Users/vagrant/pro/pkg/w32/ruby/include/ruby-3.0.0/ruby/internal/arithmetic/char.h:29,
                 from C:/Users/vagrant/pro/pkg/w32/ruby/include/ruby-3.0.0/ruby/internal/arithmetic.h:23,
                 from C:/Users/vagrant/pro/pkg/w32/ruby/include/ruby-3.0.0/ruby/ruby.h:25,
                 from C:/Users/vagrant/pro/pkg/w32/ruby/include/ruby-3.0.0/ruby.h:38,
                 from conftest.c:1:
C:/Users/vagrant/pro/pkg/w32/ruby/include/ruby-3.0.0/ruby/internal/value_type.h: In function 'RB_BUILTIN_TYPE':
C:/Users/vagrant/pro/pkg/w32/ruby/include/ruby-3.0.0/ruby/internal/value_type.h:157:5: warning: ISO C90 forbids mixed declarations and code [-Wdeclaration-after-statement]
  157 |     VALUE ret = RBASIC(obj)->flags & RUBY_T_MASK;
      |     ^~~~~
In file included from C:/Users/vagrant/pro/pkg/w32/ruby/include/ruby-3.0.0/ruby/internal/arithmetic/char.h:29,
                 from C:/Users/vagrant/pro/pkg/w32/ruby/include/ruby-3.0.0/ruby/internal/arithmetic.h:23,
                 from C:/Users/vagrant/pro/pkg/w32/ruby/include/ruby-3.0.0/ruby/ruby.h:25,
                 from C:/Users/vagrant/pro/pkg/w32/ruby/include/ruby-3.0.0/ruby.h:38,
                 from conftest.c:1:
C:/Users/vagrant/pro/pkg/w32/ruby/include/ruby-3.0.0/ruby/internal/core/rstring.h: In function 'RSTRING_EMBED_LEN':
C:/Users/vagrant/pro/pkg/w32/ruby/include/ruby-3.0.0/ruby/internal/core/rstring.h:109:5: warning: ISO C90 forbids mixed declarations and code [-Wdeclaration-after-statement]
  109 |     VALUE f = RBASIC(str)->flags;
      |     ^~~~~
In file included from C:/Users/vagrant/pro/pkg/w32/ruby/include/ruby-3.0.0/ruby/internal/arithmetic.h:36,
                 from C:/Users/vagrant/pro/pkg/w32/ruby/include/ruby-3.0.0/ruby/ruby.h:25,
                 from C:/Users/vagrant/pro/pkg/w32/ruby/include/ruby-3.0.0/ruby.h:38,
                 from conftest.c:1:
C:/Users/vagrant/pro/pkg/w32/ruby/include/ruby-3.0.0/ruby/internal/arithmetic/st_data_t.h: In function 'RB_ST2FIX':
C:/Users/vagrant/pro/pkg/w32/ruby/include/ruby-3.0.0/ruby/internal/arithmetic/st_data_t.h:55:5: warning: ISO C90 forbids mixed declarations and code [-Wdeclaration-after-statement]
   55 |     unsigned long y = RBIMPL_CAST((unsigned long)x);
      |     ^~~~~~~~
In file included from C:/Users/vagrant/pro/pkg/w32/ruby/include/ruby-3.0.0/ruby/internal/core.h:23,
                 from C:/Users/vagrant/pro/pkg/w32/ruby/include/ruby-3.0.0/ruby/ruby.h:26,
                 from C:/Users/vagrant/pro/pkg/w32/ruby/include/ruby-3.0.0/ruby.h:38,
                 from conftest.c:1:
C:/Users/vagrant/pro/pkg/w32/ruby/include/ruby-3.0.0/ruby/internal/core/rarray.h: In function 'RARRAY_EMBED_LEN':
C:/Users/vagrant/pro/pkg/w32/ruby/include/ruby-3.0.0/ruby/internal/core/rarray.h:123:5: warning: ISO C90 forbids mixed declarations and code [-Wdeclaration-after-statement]
  123 |     VALUE f = RBASIC(ary)->flags;
      |     ^~~~~
C:/Users/vagrant/pro/pkg/w32/ruby/include/ruby-3.0.0/ruby/internal/core/rarray.h: In function 'RARRAY_PTR':
C:/Users/vagrant/pro/pkg/w32/ruby/include/ruby-3.0.0/ruby/internal/core/rarray.h:248:5: warning: ISO C90 forbids mixed declarations and code [-Wdeclaration-after-statement]
  248 |     VALUE tmp = RB_OBJ_WB_UNPROTECT_FOR(ARRAY, ary);
      |     ^~~~~
C:/Users/vagrant/pro/pkg/w32/ruby/include/ruby-3.0.0/ruby/internal/core/rarray.h: In function 'RARRAY_ASET':
C:/Users/vagrant/pro/pkg/w32/ruby/include/ruby-3.0.0/ruby/internal/core/rarray.h:227:5: warning: ISO C90 forbids mixed declarations and code [-Wdeclaration-after-statement]
  227 |     const VALUE rbimpl_ary = (ary);                          \
      |     ^~~~~
C:/Users/vagrant/pro/pkg/w32/ruby/include/ruby-3.0.0/ruby/internal/core/rarray.h:227:5: note: in definition of macro 'RBIMPL_RARRAY_STMT'
  227 |     const VALUE rbimpl_ary = (ary);                          \
      |     ^~~~~
C:/Users/vagrant/pro/pkg/w32/ruby/include/ruby-3.0.0/ruby/internal/core/rarray.h:255:5: note: in expansion of macro 'RARRAY_PTR_USE_TRANSIENT'
  255 |     RARRAY_PTR_USE_TRANSIENT(ary, ptr,
      |     ^~~~~~~~~~~~~~~~~~~~~~~~
In file included from C:/Users/vagrant/pro/pkg/w32/ruby/include/ruby-3.0.0/ruby/internal/core.h:30,
                 from C:/Users/vagrant/pro/pkg/w32/ruby/include/ruby-3.0.0/ruby/ruby.h:26,
                 from C:/Users/vagrant/pro/pkg/w32/ruby/include/ruby-3.0.0/ruby.h:38,
                 from conftest.c:1:
C:/Users/vagrant/pro/pkg/w32/ruby/include/ruby-3.0.0/ruby/internal/core/robject.h: In function 'ROBJECT_IVPTR':
C:/Users/vagrant/pro/pkg/w32/ruby/include/ruby-3.0.0/ruby/internal/core/robject.h:86:5: warning: ISO C90 forbids mixed declarations and code [-Wdeclaration-after-statement]
   86 |     struct RObject *const ptr = ROBJECT(obj);
      |     ^~~~~~
In file included from C:/Users/vagrant/pro/pkg/w32/ruby/include/ruby-3.0.0/ruby/internal/core.h:31,
                 from C:/Users/vagrant/pro/pkg/w32/ruby/include/ruby-3.0.0/ruby/ruby.h:26,
                 from C:/Users/vagrant/pro/pkg/w32/ruby/include/ruby-3.0.0/ruby.h:38,
                 from conftest.c:1:
C:/Users/vagrant/pro/pkg/w32/ruby/include/ruby-3.0.0/ruby/internal/core/rregexp.h: In function 'RREGEXP_SRC':
C:/Users/vagrant/pro/pkg/w32/ruby/include/ruby-3.0.0/ruby/internal/core/rregexp.h:55:5: warning: ISO C90 forbids mixed declarations and code [-Wdeclaration-after-statement]
   55 |     VALUE ret = RREGEXP(rexp)->src;
      |     ^~~~~
In file included from C:/Users/vagrant/pro/pkg/w32/ruby/include/ruby-3.0.0/ruby/ruby.h:42,
                 from C:/Users/vagrant/pro/pkg/w32/ruby/include/ruby-3.0.0/ruby.h:38,
                 from conftest.c:1:
C:/Users/vagrant/pro/pkg/w32/ruby/include/ruby-3.0.0/ruby/internal/newobj.h: In function 'rb_clone_setup':
C:/Users/vagrant/pro/pkg/w32/ruby/include/ruby-3.0.0/ruby/internal/newobj.h:56:5: warning: ISO C90 forbids mixed declarations and code [-Wdeclaration-after-statement]
   56 |     const VALUE flags = RUBY_FL_PROMOTED0 | RUBY_FL_PROMOTED1 | RUBY_FL_FINALIZE;
      |     ^~~~~
conftest.c: In function 't':
conftest.c:17:57: error: 'sqlite3_load_extension' undeclared (first use in this function)
   17 | int t(void) { void ((*volatile p)()); p = (void ((*)()))sqlite3_load_extension; return !p; }
      |                                                         ^~~~~~~~~~~~~~~~~~~~~~
conftest.c:17:57: note: each undeclared identifier is reported only once for each function it appears in
checked program was:
/* begin */
 1: #include "ruby.h"
 2: 
 3: #include <winsock2.h>
 4: #include <windows.h>
 5: 
 6: /*top*/
 7: extern int t(void);
 8: int main(int argc, char **argv)
 9: {
10:   if (argc > 1000000) {
11:     int (* volatile tp)(void)=(int (*)(void))&t;
12:     printf("%d", (*tp)());
13:   }
14: 
15:   return !!argv[argc];
16: }
17: int t(void) { void ((*volatile p)()); p = (void ((*)()))sqlite3_load_extension; return !p; }
/* end */

"x86_64-w64-mingw32-gcc -o conftest.exe -IC:/Users/vagrant/pro/pkg/w32/ruby/include/ruby-3.0.0/x64-mingw32 -IC:/Users/vagrant/pro/pkg/w32/ruby/include/ruby-3.0.0/ruby/backward -IC:/Users/vagrant/pro/pkg/w32/ruby/include/ruby-3.0.0 -I. -D_WIN32_WINNT=0x0600 -D__MINGW_USE_VC2005_COMPAT -D_FILE_OFFSET_BITS=64  -O3 -DFD_SETSIZE=2048 -fno-omit-frame-pointer -fno-fast-math -Wall -Wextra -Wno-unused-parameter -Wno-parentheses -Wno-long-long -Wno-missing-field-initializers -Wunused-variable -Wpointer-arith -Wwrite-strings -Wdeclaration-after-statement -Wimplicit-function-declaration conftest.c  -L. -LC:/Users/vagrant/pro/pkg/w32/ruby/lib -L.   -m64  -lsqlite3 -lpthread  -lx64-msvcrt-ruby300 -lsqlite3 -lpthread  -lshell32 -lws2_32 -liphlpapi -limagehlp -lshlwapi  "
In file included from C:/Users/vagrant/pro/pkg/w32/ruby/include/ruby-3.0.0/ruby/internal/arithmetic/int.h:26,
                 from C:/Users/vagrant/pro/pkg/w32/ruby/include/ruby-3.0.0/ruby/internal/arithmetic/char.h:23,
                 from C:/Users/vagrant/pro/pkg/w32/ruby/include/ruby-3.0.0/ruby/internal/arithmetic.h:23,
                 from C:/Users/vagrant/pro/pkg/w32/ruby/include/ruby-3.0.0/ruby/ruby.h:25,
                 from C:/Users/vagrant/pro/pkg/w32/ruby/include/ruby-3.0.0/ruby.h:38,
                 from conftest.c:1:
C:/Users/vagrant/pro/pkg/w32/ruby/include/ruby-3.0.0/ruby/internal/arithmetic/long.h: In function 'RB_INT2FIX':
C:/Users/vagrant/pro/pkg/w32/ruby/include/ruby-3.0.0/ruby/internal/arithmetic/long.h:88:5: warning: ISO C90 forbids mixed declarations and code [-Wdeclaration-after-statement]
   88 |     const unsigned long j = i;
      |     ^~~~~
C:/Users/vagrant/pro/pkg/w32/ruby/include/ruby-3.0.0/ruby/internal/arithmetic/long.h: In function 'rbimpl_fix2long_by_idiv':
C:/Users/vagrant/pro/pkg/w32/ruby/include/ruby-3.0.0/ruby/internal/arithmetic/long.h:123:5: warning: ISO C90 forbids mixed declarations and code [-Wdeclaration-after-statement]
  123 |     const SIGNED_VALUE y = x - RUBY_FIXNUM_FLAG;
      |     ^~~~~
C:/Users/vagrant/pro/pkg/w32/ruby/include/ruby-3.0.0/ruby/internal/arithmetic/long.h: In function 'rbimpl_fix2long_by_shift':
C:/Users/vagrant/pro/pkg/w32/ruby/include/ruby-3.0.0/ruby/internal/arithmetic/long.h:140:5: warning: ISO C90 forbids mixed declarations and code [-Wdeclaration-after-statement]
  140 |     const SIGNED_VALUE y = x;
      |     ^~~~~
In file included from C:/Users/vagrant/pro/pkg/w32/ruby/include/ruby-3.0.0/ruby/internal/fl_type.h:35,
                 from C:/Users/vagrant/pro/pkg/w32/ruby/include/ruby-3.0.0/ruby/internal/core/rstring.h:30,
                 from C:/Users/vagrant/pro/pkg/w32/ruby/include/ruby-3.0.0/ruby/internal/arithmetic/char.h:29,
                 from C:/Users/vagrant/pro/pkg/w32/ruby/include/ruby-3.0.0/ruby/internal/arithmetic.h:23,
                 from C:/Users/vagrant/pro/pkg/w32/ruby/include/ruby-3.0.0/ruby/ruby.h:25,
                 from C:/Users/vagrant/pro/pkg/w32/ruby/include/ruby-3.0.0/ruby.h:38,
                 from conftest.c:1:
C:/Users/vagrant/pro/pkg/w32/ruby/include/ruby-3.0.0/ruby/internal/value_type.h: In function 'RB_BUILTIN_TYPE':
C:/Users/vagrant/pro/pkg/w32/ruby/include/ruby-3.0.0/ruby/internal/value_type.h:157:5: warning: ISO C90 forbids mixed declarations and code [-Wdeclaration-after-statement]
  157 |     VALUE ret = RBASIC(obj)->flags & RUBY_T_MASK;
      |     ^~~~~
In file included from C:/Users/vagrant/pro/pkg/w32/ruby/include/ruby-3.0.0/ruby/internal/arithmetic/char.h:29,
                 from C:/Users/vagrant/pro/pkg/w32/ruby/include/ruby-3.0.0/ruby/internal/arithmetic.h:23,
                 from C:/Users/vagrant/pro/pkg/w32/ruby/include/ruby-3.0.0/ruby/ruby.h:25,
                 from C:/Users/vagrant/pro/pkg/w32/ruby/include/ruby-3.0.0/ruby.h:38,
                 from conftest.c:1:
C:/Users/vagrant/pro/pkg/w32/ruby/include/ruby-3.0.0/ruby/internal/core/rstring.h: In function 'RSTRING_EMBED_LEN':
C:/Users/vagrant/pro/pkg/w32/ruby/include/ruby-3.0.0/ruby/internal/core/rstring.h:109:5: warning: ISO C90 forbids mixed declarations and code [-Wdeclaration-after-statement]
  109 |     VALUE f = RBASIC(str)->flags;
      |     ^~~~~
In file included from C:/Users/vagrant/pro/pkg/w32/ruby/include/ruby-3.0.0/ruby/internal/arithmetic.h:36,
                 from C:/Users/vagrant/pro/pkg/w32/ruby/include/ruby-3.0.0/ruby/ruby.h:25,
                 from C:/Users/vagrant/pro/pkg/w32/ruby/include/ruby-3.0.0/ruby.h:38,
                 from conftest.c:1:
C:/Users/vagrant/pro/pkg/w32/ruby/include/ruby-3.0.0/ruby/internal/arithmetic/st_data_t.h: In function 'RB_ST2FIX':
C:/Users/vagrant/pro/pkg/w32/ruby/include/ruby-3.0.0/ruby/internal/arithmetic/st_data_t.h:55:5: warning: ISO C90 forbids mixed declarations and code [-Wdeclaration-after-statement]
   55 |     unsigned long y = RBIMPL_CAST((unsigned long)x);
      |     ^~~~~~~~
In file included from C:/Users/vagrant/pro/pkg/w32/ruby/include/ruby-3.0.0/ruby/internal/core.h:23,
                 from C:/Users/vagrant/pro/pkg/w32/ruby/include/ruby-3.0.0/ruby/ruby.h:26,
                 from C:/Users/vagrant/pro/pkg/w32/ruby/include/ruby-3.0.0/ruby.h:38,
                 from conftest.c:1:
C:/Users/vagrant/pro/pkg/w32/ruby/include/ruby-3.0.0/ruby/internal/core/rarray.h: In function 'RARRAY_EMBED_LEN':
C:/Users/vagrant/pro/pkg/w32/ruby/include/ruby-3.0.0/ruby/internal/core/rarray.h:123:5: warning: ISO C90 forbids mixed declarations and code [-Wdeclaration-after-statement]
  123 |     VALUE f = RBASIC(ary)->flags;
      |     ^~~~~
C:/Users/vagrant/pro/pkg/w32/ruby/include/ruby-3.0.0/ruby/internal/core/rarray.h: In function 'RARRAY_PTR':
C:/Users/vagrant/pro/pkg/w32/ruby/include/ruby-3.0.0/ruby/internal/core/rarray.h:248:5: warning: ISO C90 forbids mixed declarations and code [-Wdeclaration-after-statement]
  248 |     VALUE tmp = RB_OBJ_WB_UNPROTECT_FOR(ARRAY, ary);
      |     ^~~~~
C:/Users/vagrant/pro/pkg/w32/ruby/include/ruby-3.0.0/ruby/internal/core/rarray.h: In function 'RARRAY_ASET':
C:/Users/vagrant/pro/pkg/w32/ruby/include/ruby-3.0.0/ruby/internal/core/rarray.h:227:5: warning: ISO C90 forbids mixed declarations and code [-Wdeclaration-after-statement]
  227 |     const VALUE rbimpl_ary = (ary);                          \
      |     ^~~~~
C:/Users/vagrant/pro/pkg/w32/ruby/include/ruby-3.0.0/ruby/internal/core/rarray.h:227:5: note: in definition of macro 'RBIMPL_RARRAY_STMT'
  227 |     const VALUE rbimpl_ary = (ary);                          \
      |     ^~~~~
C:/Users/vagrant/pro/pkg/w32/ruby/include/ruby-3.0.0/ruby/internal/core/rarray.h:255:5: note: in expansion of macro 'RARRAY_PTR_USE_TRANSIENT'
  255 |     RARRAY_PTR_USE_TRANSIENT(ary, ptr,
      |     ^~~~~~~~~~~~~~~~~~~~~~~~
In file included from C:/Users/vagrant/pro/pkg/w32/ruby/include/ruby-3.0.0/ruby/internal/core.h:30,
                 from C:/Users/vagrant/pro/pkg/w32/ruby/include/ruby-3.0.0/ruby/ruby.h:26,
                 from C:/Users/vagrant/pro/pkg/w32/ruby/include/ruby-3.0.0/ruby.h:38,
                 from conftest.c:1:
C:/Users/vagrant/pro/pkg/w32/ruby/include/ruby-3.0.0/ruby/internal/core/robject.h: In function 'ROBJECT_IVPTR':
C:/Users/vagrant/pro/pkg/w32/ruby/include/ruby-3.0.0/ruby/internal/core/robject.h:86:5: warning: ISO C90 forbids mixed declarations and code [-Wdeclaration-after-statement]
   86 |     struct RObject *const ptr = ROBJECT(obj);
      |     ^~~~~~
In file included from C:/Users/vagrant/pro/pkg/w32/ruby/include/ruby-3.0.0/ruby/internal/core.h:31,
                 from C:/Users/vagrant/pro/pkg/w32/ruby/include/ruby-3.0.0/ruby/ruby.h:26,
                 from C:/Users/vagrant/pro/pkg/w32/ruby/include/ruby-3.0.0/ruby.h:38,
                 from conftest.c:1:
C:/Users/vagrant/pro/pkg/w32/ruby/include/ruby-3.0.0/ruby/internal/core/rregexp.h: In function 'RREGEXP_SRC':
C:/Users/vagrant/pro/pkg/w32/ruby/include/ruby-3.0.0/ruby/internal/core/rregexp.h:55:5: warning: ISO C90 forbids mixed declarations and code [-Wdeclaration-after-statement]
   55 |     VALUE ret = RREGEXP(rexp)->src;
      |     ^~~~~
In file included from C:/Users/vagrant/pro/pkg/w32/ruby/include/ruby-3.0.0/ruby/ruby.h:42,
                 from C:/Users/vagrant/pro/pkg/w32/ruby/include/ruby-3.0.0/ruby.h:38,
                 from conftest.c:1:
C:/Users/vagrant/pro/pkg/w32/ruby/include/ruby-3.0.0/ruby/internal/newobj.h: In function 'rb_clone_setup':
C:/Users/vagrant/pro/pkg/w32/ruby/include/ruby-3.0.0/ruby/internal/newobj.h:56:5: warning: ISO C90 forbids mixed declarations and code [-Wdeclaration-after-statement]
   56 |     const VALUE flags = RUBY_FL_PROMOTED0 | RUBY_FL_PROMOTED1 | RUBY_FL_FINALIZE;
      |     ^~~~~
checked program was:
/* begin */
 1: #include "ruby.h"
 2: 
 3: #include <winsock2.h>
 4: #include <windows.h>
 5: 
 6: /*top*/
 7: extern int t(void);
 8: int main(int argc, char **argv)
 9: {
10:   if (argc > 1000000) {
11:     int (* volatile tp)(void)=(int (*)(void))&t;
12:     printf("%d", (*tp)());
13:   }
14: 
15:   return !!argv[argc];
16: }
17: extern void sqlite3_load_extension();
18: int t(void) { sqlite3_load_extension(); return 0; }
/* end */

--------------------

have_func: checking for sqlite3_open_v2()... -------------------- yes

"x86_64-w64-mingw32-gcc -o conftest.exe -IC:/Users/vagrant/pro/pkg/w32/ruby/include/ruby-3.0.0/x64-mingw32 -IC:/Users/vagrant/pro/pkg/w32/ruby/include/ruby-3.0.0/ruby/backward -IC:/Users/vagrant/pro/pkg/w32/ruby/include/ruby-3.0.0 -I. -D_WIN32_WINNT=0x0600 -D__MINGW_USE_VC2005_COMPAT -D_FILE_OFFSET_BITS=64  -O3 -DFD_SETSIZE=2048 -fno-omit-frame-pointer -fno-fast-math -Wall -Wextra -Wno-unused-parameter -Wno-parentheses -Wno-long-long -Wno-missing-field-initializers -Wunused-variable -Wpointer-arith -Wwrite-strings -Wdeclaration-after-statement -Wimplicit-function-declaration conftest.c  -L. -LC:/Users/vagrant/pro/pkg/w32/ruby/lib -L.   -m64  -lsqlite3 -lpthread  -lx64-msvcrt-ruby300 -lsqlite3 -lpthread  -lshell32 -lws2_32 -liphlpapi -limagehlp -lshlwapi  "
In file included from C:/Users/vagrant/pro/pkg/w32/ruby/include/ruby-3.0.0/ruby/internal/arithmetic/int.h:26,
                 from C:/Users/vagrant/pro/pkg/w32/ruby/include/ruby-3.0.0/ruby/internal/arithmetic/char.h:23,
                 from C:/Users/vagrant/pro/pkg/w32/ruby/include/ruby-3.0.0/ruby/internal/arithmetic.h:23,
                 from C:/Users/vagrant/pro/pkg/w32/ruby/include/ruby-3.0.0/ruby/ruby.h:25,
                 from C:/Users/vagrant/pro/pkg/w32/ruby/include/ruby-3.0.0/ruby.h:38,
                 from conftest.c:1:
C:/Users/vagrant/pro/pkg/w32/ruby/include/ruby-3.0.0/ruby/internal/arithmetic/long.h: In function 'RB_INT2FIX':
C:/Users/vagrant/pro/pkg/w32/ruby/include/ruby-3.0.0/ruby/internal/arithmetic/long.h:88:5: warning: ISO C90 forbids mixed declarations and code [-Wdeclaration-after-statement]
   88 |     const unsigned long j = i;
      |     ^~~~~
C:/Users/vagrant/pro/pkg/w32/ruby/include/ruby-3.0.0/ruby/internal/arithmetic/long.h: In function 'rbimpl_fix2long_by_idiv':
C:/Users/vagrant/pro/pkg/w32/ruby/include/ruby-3.0.0/ruby/internal/arithmetic/long.h:123:5: warning: ISO C90 forbids mixed declarations and code [-Wdeclaration-after-statement]
  123 |     const SIGNED_VALUE y = x - RUBY_FIXNUM_FLAG;
      |     ^~~~~
C:/Users/vagrant/pro/pkg/w32/ruby/include/ruby-3.0.0/ruby/internal/arithmetic/long.h: In function 'rbimpl_fix2long_by_shift':
C:/Users/vagrant/pro/pkg/w32/ruby/include/ruby-3.0.0/ruby/internal/arithmetic/long.h:140:5: warning: ISO C90 forbids mixed declarations and code [-Wdeclaration-after-statement]
  140 |     const SIGNED_VALUE y = x;
      |     ^~~~~
In file included from C:/Users/vagrant/pro/pkg/w32/ruby/include/ruby-3.0.0/ruby/internal/fl_type.h:35,
                 from C:/Users/vagrant/pro/pkg/w32/ruby/include/ruby-3.0.0/ruby/internal/core/rstring.h:30,
                 from C:/Users/vagrant/pro/pkg/w32/ruby/include/ruby-3.0.0/ruby/internal/arithmetic/char.h:29,
                 from C:/Users/vagrant/pro/pkg/w32/ruby/include/ruby-3.0.0/ruby/internal/arithmetic.h:23,
                 from C:/Users/vagrant/pro/pkg/w32/ruby/include/ruby-3.0.0/ruby/ruby.h:25,
                 from C:/Users/vagrant/pro/pkg/w32/ruby/include/ruby-3.0.0/ruby.h:38,
                 from conftest.c:1:
C:/Users/vagrant/pro/pkg/w32/ruby/include/ruby-3.0.0/ruby/internal/value_type.h: In function 'RB_BUILTIN_TYPE':
C:/Users/vagrant/pro/pkg/w32/ruby/include/ruby-3.0.0/ruby/internal/value_type.h:157:5: warning: ISO C90 forbids mixed declarations and code [-Wdeclaration-after-statement]
  157 |     VALUE ret = RBASIC(obj)->flags & RUBY_T_MASK;
      |     ^~~~~
In file included from C:/Users/vagrant/pro/pkg/w32/ruby/include/ruby-3.0.0/ruby/internal/arithmetic/char.h:29,
                 from C:/Users/vagrant/pro/pkg/w32/ruby/include/ruby-3.0.0/ruby/internal/arithmetic.h:23,
                 from C:/Users/vagrant/pro/pkg/w32/ruby/include/ruby-3.0.0/ruby/ruby.h:25,
                 from C:/Users/vagrant/pro/pkg/w32/ruby/include/ruby-3.0.0/ruby.h:38,
                 from conftest.c:1:
C:/Users/vagrant/pro/pkg/w32/ruby/include/ruby-3.0.0/ruby/internal/core/rstring.h: In function 'RSTRING_EMBED_LEN':
C:/Users/vagrant/pro/pkg/w32/ruby/include/ruby-3.0.0/ruby/internal/core/rstring.h:109:5: warning: ISO C90 forbids mixed declarations and code [-Wdeclaration-after-statement]
  109 |     VALUE f = RBASIC(str)->flags;
      |     ^~~~~
In file included from C:/Users/vagrant/pro/pkg/w32/ruby/include/ruby-3.0.0/ruby/internal/arithmetic.h:36,
                 from C:/Users/vagrant/pro/pkg/w32/ruby/include/ruby-3.0.0/ruby/ruby.h:25,
                 from C:/Users/vagrant/pro/pkg/w32/ruby/include/ruby-3.0.0/ruby.h:38,
                 from conftest.c:1:
C:/Users/vagrant/pro/pkg/w32/ruby/include/ruby-3.0.0/ruby/internal/arithmetic/st_data_t.h: In function 'RB_ST2FIX':
C:/Users/vagrant/pro/pkg/w32/ruby/include/ruby-3.0.0/ruby/internal/arithmetic/st_data_t.h:55:5: warning: ISO C90 forbids mixed declarations and code [-Wdeclaration-after-statement]
   55 |     unsigned long y = RBIMPL_CAST((unsigned long)x);
      |     ^~~~~~~~
In file included from C:/Users/vagrant/pro/pkg/w32/ruby/include/ruby-3.0.0/ruby/internal/core.h:23,
                 from C:/Users/vagrant/pro/pkg/w32/ruby/include/ruby-3.0.0/ruby/ruby.h:26,
                 from C:/Users/vagrant/pro/pkg/w32/ruby/include/ruby-3.0.0/ruby.h:38,
                 from conftest.c:1:
C:/Users/vagrant/pro/pkg/w32/ruby/include/ruby-3.0.0/ruby/internal/core/rarray.h: In function 'RARRAY_EMBED_LEN':
C:/Users/vagrant/pro/pkg/w32/ruby/include/ruby-3.0.0/ruby/internal/core/rarray.h:123:5: warning: ISO C90 forbids mixed declarations and code [-Wdeclaration-after-statement]
  123 |     VALUE f = RBASIC(ary)->flags;
      |     ^~~~~
C:/Users/vagrant/pro/pkg/w32/ruby/include/ruby-3.0.0/ruby/internal/core/rarray.h: In function 'RARRAY_PTR':
C:/Users/vagrant/pro/pkg/w32/ruby/include/ruby-3.0.0/ruby/internal/core/rarray.h:248:5: warning: ISO C90 forbids mixed declarations and code [-Wdeclaration-after-statement]
  248 |     VALUE tmp = RB_OBJ_WB_UNPROTECT_FOR(ARRAY, ary);
      |     ^~~~~
C:/Users/vagrant/pro/pkg/w32/ruby/include/ruby-3.0.0/ruby/internal/core/rarray.h: In function 'RARRAY_ASET':
C:/Users/vagrant/pro/pkg/w32/ruby/include/ruby-3.0.0/ruby/internal/core/rarray.h:227:5: warning: ISO C90 forbids mixed declarations and code [-Wdeclaration-after-statement]
  227 |     const VALUE rbimpl_ary = (ary);                          \
      |     ^~~~~
C:/Users/vagrant/pro/pkg/w32/ruby/include/ruby-3.0.0/ruby/internal/core/rarray.h:227:5: note: in definition of macro 'RBIMPL_RARRAY_STMT'
  227 |     const VALUE rbimpl_ary = (ary);                          \
      |     ^~~~~
C:/Users/vagrant/pro/pkg/w32/ruby/include/ruby-3.0.0/ruby/internal/core/rarray.h:255:5: note: in expansion of macro 'RARRAY_PTR_USE_TRANSIENT'
  255 |     RARRAY_PTR_USE_TRANSIENT(ary, ptr,
      |     ^~~~~~~~~~~~~~~~~~~~~~~~
In file included from C:/Users/vagrant/pro/pkg/w32/ruby/include/ruby-3.0.0/ruby/internal/core.h:30,
                 from C:/Users/vagrant/pro/pkg/w32/ruby/include/ruby-3.0.0/ruby/ruby.h:26,
                 from C:/Users/vagrant/pro/pkg/w32/ruby/include/ruby-3.0.0/ruby.h:38,
                 from conftest.c:1:
C:/Users/vagrant/pro/pkg/w32/ruby/include/ruby-3.0.0/ruby/internal/core/robject.h: In function 'ROBJECT_IVPTR':
C:/Users/vagrant/pro/pkg/w32/ruby/include/ruby-3.0.0/ruby/internal/core/robject.h:86:5: warning: ISO C90 forbids mixed declarations and code [-Wdeclaration-after-statement]
   86 |     struct RObject *const ptr = ROBJECT(obj);
      |     ^~~~~~
In file included from C:/Users/vagrant/pro/pkg/w32/ruby/include/ruby-3.0.0/ruby/internal/core.h:31,
                 from C:/Users/vagrant/pro/pkg/w32/ruby/include/ruby-3.0.0/ruby/ruby.h:26,
                 from C:/Users/vagrant/pro/pkg/w32/ruby/include/ruby-3.0.0/ruby.h:38,
                 from conftest.c:1:
C:/Users/vagrant/pro/pkg/w32/ruby/include/ruby-3.0.0/ruby/internal/core/rregexp.h: In function 'RREGEXP_SRC':
C:/Users/vagrant/pro/pkg/w32/ruby/include/ruby-3.0.0/ruby/internal/core/rregexp.h:55:5: warning: ISO C90 forbids mixed declarations and code [-Wdeclaration-after-statement]
   55 |     VALUE ret = RREGEXP(rexp)->src;
      |     ^~~~~
In file included from C:/Users/vagrant/pro/pkg/w32/ruby/include/ruby-3.0.0/ruby/ruby.h:42,
                 from C:/Users/vagrant/pro/pkg/w32/ruby/include/ruby-3.0.0/ruby.h:38,
                 from conftest.c:1:
C:/Users/vagrant/pro/pkg/w32/ruby/include/ruby-3.0.0/ruby/internal/newobj.h: In function 'rb_clone_setup':
C:/Users/vagrant/pro/pkg/w32/ruby/include/ruby-3.0.0/ruby/internal/newobj.h:56:5: warning: ISO C90 forbids mixed declarations and code [-Wdeclaration-after-statement]
   56 |     const VALUE flags = RUBY_FL_PROMOTED0 | RUBY_FL_PROMOTED1 | RUBY_FL_FINALIZE;
      |     ^~~~~
conftest.c: In function 't':
conftest.c:17:57: error: 'sqlite3_open_v2' undeclared (first use in this function)
   17 | int t(void) { void ((*volatile p)()); p = (void ((*)()))sqlite3_open_v2; return !p; }
      |                                                         ^~~~~~~~~~~~~~~
conftest.c:17:57: note: each undeclared identifier is reported only once for each function it appears in
checked program was:
/* begin */
 1: #include "ruby.h"
 2: 
 3: #include <winsock2.h>
 4: #include <windows.h>
 5: 
 6: /*top*/
 7: extern int t(void);
 8: int main(int argc, char **argv)
 9: {
10:   if (argc > 1000000) {
11:     int (* volatile tp)(void)=(int (*)(void))&t;
12:     printf("%d", (*tp)());
13:   }
14: 
15:   return !!argv[argc];
16: }
17: int t(void) { void ((*volatile p)()); p = (void ((*)()))sqlite3_open_v2; return !p; }
/* end */

"x86_64-w64-mingw32-gcc -o conftest.exe -IC:/Users/vagrant/pro/pkg/w32/ruby/include/ruby-3.0.0/x64-mingw32 -IC:/Users/vagrant/pro/pkg/w32/ruby/include/ruby-3.0.0/ruby/backward -IC:/Users/vagrant/pro/pkg/w32/ruby/include/ruby-3.0.0 -I. -D_WIN32_WINNT=0x0600 -D__MINGW_USE_VC2005_COMPAT -D_FILE_OFFSET_BITS=64  -O3 -DFD_SETSIZE=2048 -fno-omit-frame-pointer -fno-fast-math -Wall -Wextra -Wno-unused-parameter -Wno-parentheses -Wno-long-long -Wno-missing-field-initializers -Wunused-variable -Wpointer-arith -Wwrite-strings -Wdeclaration-after-statement -Wimplicit-function-declaration conftest.c  -L. -LC:/Users/vagrant/pro/pkg/w32/ruby/lib -L.   -m64  -lsqlite3 -lpthread  -lx64-msvcrt-ruby300 -lsqlite3 -lpthread  -lshell32 -lws2_32 -liphlpapi -limagehlp -lshlwapi  "
In file included from C:/Users/vagrant/pro/pkg/w32/ruby/include/ruby-3.0.0/ruby/internal/arithmetic/int.h:26,
                 from C:/Users/vagrant/pro/pkg/w32/ruby/include/ruby-3.0.0/ruby/internal/arithmetic/char.h:23,
                 from C:/Users/vagrant/pro/pkg/w32/ruby/include/ruby-3.0.0/ruby/internal/arithmetic.h:23,
                 from C:/Users/vagrant/pro/pkg/w32/ruby/include/ruby-3.0.0/ruby/ruby.h:25,
                 from C:/Users/vagrant/pro/pkg/w32/ruby/include/ruby-3.0.0/ruby.h:38,
                 from conftest.c:1:
C:/Users/vagrant/pro/pkg/w32/ruby/include/ruby-3.0.0/ruby/internal/arithmetic/long.h: In function 'RB_INT2FIX':
C:/Users/vagrant/pro/pkg/w32/ruby/include/ruby-3.0.0/ruby/internal/arithmetic/long.h:88:5: warning: ISO C90 forbids mixed declarations and code [-Wdeclaration-after-statement]
   88 |     const unsigned long j = i;
      |     ^~~~~
C:/Users/vagrant/pro/pkg/w32/ruby/include/ruby-3.0.0/ruby/internal/arithmetic/long.h: In function 'rbimpl_fix2long_by_idiv':
C:/Users/vagrant/pro/pkg/w32/ruby/include/ruby-3.0.0/ruby/internal/arithmetic/long.h:123:5: warning: ISO C90 forbids mixed declarations and code [-Wdeclaration-after-statement]
  123 |     const SIGNED_VALUE y = x - RUBY_FIXNUM_FLAG;
      |     ^~~~~
C:/Users/vagrant/pro/pkg/w32/ruby/include/ruby-3.0.0/ruby/internal/arithmetic/long.h: In function 'rbimpl_fix2long_by_shift':
C:/Users/vagrant/pro/pkg/w32/ruby/include/ruby-3.0.0/ruby/internal/arithmetic/long.h:140:5: warning: ISO C90 forbids mixed declarations and code [-Wdeclaration-after-statement]
  140 |     const SIGNED_VALUE y = x;
      |     ^~~~~
In file included from C:/Users/vagrant/pro/pkg/w32/ruby/include/ruby-3.0.0/ruby/internal/fl_type.h:35,
                 from C:/Users/vagrant/pro/pkg/w32/ruby/include/ruby-3.0.0/ruby/internal/core/rstring.h:30,
                 from C:/Users/vagrant/pro/pkg/w32/ruby/include/ruby-3.0.0/ruby/internal/arithmetic/char.h:29,
                 from C:/Users/vagrant/pro/pkg/w32/ruby/include/ruby-3.0.0/ruby/internal/arithmetic.h:23,
                 from C:/Users/vagrant/pro/pkg/w32/ruby/include/ruby-3.0.0/ruby/ruby.h:25,
                 from C:/Users/vagrant/pro/pkg/w32/ruby/include/ruby-3.0.0/ruby.h:38,
                 from conftest.c:1:
C:/Users/vagrant/pro/pkg/w32/ruby/include/ruby-3.0.0/ruby/internal/value_type.h: In function 'RB_BUILTIN_TYPE':
C:/Users/vagrant/pro/pkg/w32/ruby/include/ruby-3.0.0/ruby/internal/value_type.h:157:5: warning: ISO C90 forbids mixed declarations and code [-Wdeclaration-after-statement]
  157 |     VALUE ret = RBASIC(obj)->flags & RUBY_T_MASK;
      |     ^~~~~
In file included from C:/Users/vagrant/pro/pkg/w32/ruby/include/ruby-3.0.0/ruby/internal/arithmetic/char.h:29,
                 from C:/Users/vagrant/pro/pkg/w32/ruby/include/ruby-3.0.0/ruby/internal/arithmetic.h:23,
                 from C:/Users/vagrant/pro/pkg/w32/ruby/include/ruby-3.0.0/ruby/ruby.h:25,
                 from C:/Users/vagrant/pro/pkg/w32/ruby/include/ruby-3.0.0/ruby.h:38,
                 from conftest.c:1:
C:/Users/vagrant/pro/pkg/w32/ruby/include/ruby-3.0.0/ruby/internal/core/rstring.h: In function 'RSTRING_EMBED_LEN':
C:/Users/vagrant/pro/pkg/w32/ruby/include/ruby-3.0.0/ruby/internal/core/rstring.h:109:5: warning: ISO C90 forbids mixed declarations and code [-Wdeclaration-after-statement]
  109 |     VALUE f = RBASIC(str)->flags;
      |     ^~~~~
In file included from C:/Users/vagrant/pro/pkg/w32/ruby/include/ruby-3.0.0/ruby/internal/arithmetic.h:36,
                 from C:/Users/vagrant/pro/pkg/w32/ruby/include/ruby-3.0.0/ruby/ruby.h:25,
                 from C:/Users/vagrant/pro/pkg/w32/ruby/include/ruby-3.0.0/ruby.h:38,
                 from conftest.c:1:
C:/Users/vagrant/pro/pkg/w32/ruby/include/ruby-3.0.0/ruby/internal/arithmetic/st_data_t.h: In function 'RB_ST2FIX':
C:/Users/vagrant/pro/pkg/w32/ruby/include/ruby-3.0.0/ruby/internal/arithmetic/st_data_t.h:55:5: warning: ISO C90 forbids mixed declarations and code [-Wdeclaration-after-statement]
   55 |     unsigned long y = RBIMPL_CAST((unsigned long)x);
      |     ^~~~~~~~
In file included from C:/Users/vagrant/pro/pkg/w32/ruby/include/ruby-3.0.0/ruby/internal/core.h:23,
                 from C:/Users/vagrant/pro/pkg/w32/ruby/include/ruby-3.0.0/ruby/ruby.h:26,
                 from C:/Users/vagrant/pro/pkg/w32/ruby/include/ruby-3.0.0/ruby.h:38,
                 from conftest.c:1:
C:/Users/vagrant/pro/pkg/w32/ruby/include/ruby-3.0.0/ruby/internal/core/rarray.h: In function 'RARRAY_EMBED_LEN':
C:/Users/vagrant/pro/pkg/w32/ruby/include/ruby-3.0.0/ruby/internal/core/rarray.h:123:5: warning: ISO C90 forbids mixed declarations and code [-Wdeclaration-after-statement]
  123 |     VALUE f = RBASIC(ary)->flags;
      |     ^~~~~
C:/Users/vagrant/pro/pkg/w32/ruby/include/ruby-3.0.0/ruby/internal/core/rarray.h: In function 'RARRAY_PTR':
C:/Users/vagrant/pro/pkg/w32/ruby/include/ruby-3.0.0/ruby/internal/core/rarray.h:248:5: warning: ISO C90 forbids mixed declarations and code [-Wdeclaration-after-statement]
  248 |     VALUE tmp = RB_OBJ_WB_UNPROTECT_FOR(ARRAY, ary);
      |     ^~~~~
C:/Users/vagrant/pro/pkg/w32/ruby/include/ruby-3.0.0/ruby/internal/core/rarray.h: In function 'RARRAY_ASET':
C:/Users/vagrant/pro/pkg/w32/ruby/include/ruby-3.0.0/ruby/internal/core/rarray.h:227:5: warning: ISO C90 forbids mixed declarations and code [-Wdeclaration-after-statement]
  227 |     const VALUE rbimpl_ary = (ary);                          \
      |     ^~~~~
C:/Users/vagrant/pro/pkg/w32/ruby/include/ruby-3.0.0/ruby/internal/core/rarray.h:227:5: note: in definition of macro 'RBIMPL_RARRAY_STMT'
  227 |     const VALUE rbimpl_ary = (ary);                          \
      |     ^~~~~
C:/Users/vagrant/pro/pkg/w32/ruby/include/ruby-3.0.0/ruby/internal/core/rarray.h:255:5: note: in expansion of macro 'RARRAY_PTR_USE_TRANSIENT'
  255 |     RARRAY_PTR_USE_TRANSIENT(ary, ptr,
      |     ^~~~~~~~~~~~~~~~~~~~~~~~
In file included from C:/Users/vagrant/pro/pkg/w32/ruby/include/ruby-3.0.0/ruby/internal/core.h:30,
                 from C:/Users/vagrant/pro/pkg/w32/ruby/include/ruby-3.0.0/ruby/ruby.h:26,
                 from C:/Users/vagrant/pro/pkg/w32/ruby/include/ruby-3.0.0/ruby.h:38,
                 from conftest.c:1:
C:/Users/vagrant/pro/pkg/w32/ruby/include/ruby-3.0.0/ruby/internal/core/robject.h: In function 'ROBJECT_IVPTR':
C:/Users/vagrant/pro/pkg/w32/ruby/include/ruby-3.0.0/ruby/internal/core/robject.h:86:5: warning: ISO C90 forbids mixed declarations and code [-Wdeclaration-after-statement]
   86 |     struct RObject *const ptr = ROBJECT(obj);
      |     ^~~~~~
In file included from C:/Users/vagrant/pro/pkg/w32/ruby/include/ruby-3.0.0/ruby/internal/core.h:31,
                 from C:/Users/vagrant/pro/pkg/w32/ruby/include/ruby-3.0.0/ruby/ruby.h:26,
                 from C:/Users/vagrant/pro/pkg/w32/ruby/include/ruby-3.0.0/ruby.h:38,
                 from conftest.c:1:
C:/Users/vagrant/pro/pkg/w32/ruby/include/ruby-3.0.0/ruby/internal/core/rregexp.h: In function 'RREGEXP_SRC':
C:/Users/vagrant/pro/pkg/w32/ruby/include/ruby-3.0.0/ruby/internal/core/rregexp.h:55:5: warning: ISO C90 forbids mixed declarations and code [-Wdeclaration-after-statement]
   55 |     VALUE ret = RREGEXP(rexp)->src;
      |     ^~~~~
In file included from C:/Users/vagrant/pro/pkg/w32/ruby/include/ruby-3.0.0/ruby/ruby.h:42,
                 from C:/Users/vagrant/pro/pkg/w32/ruby/include/ruby-3.0.0/ruby.h:38,
                 from conftest.c:1:
C:/Users/vagrant/pro/pkg/w32/ruby/include/ruby-3.0.0/ruby/internal/newobj.h: In function 'rb_clone_setup':
C:/Users/vagrant/pro/pkg/w32/ruby/include/ruby-3.0.0/ruby/internal/newobj.h:56:5: warning: ISO C90 forbids mixed declarations and code [-Wdeclaration-after-statement]
   56 |     const VALUE flags = RUBY_FL_PROMOTED0 | RUBY_FL_PROMOTED1 | RUBY_FL_FINALIZE;
      |     ^~~~~
checked program was:
/* begin */
 1: #include "ruby.h"
 2: 
 3: #include <winsock2.h>
 4: #include <windows.h>
 5: 
 6: /*top*/
 7: extern int t(void);
 8: int main(int argc, char **argv)
 9: {
10:   if (argc > 1000000) {
11:     int (* volatile tp)(void)=(int (*)(void))&t;
12:     printf("%d", (*tp)());
13:   }
14: 
15:   return !!argv[argc];
16: }
17: extern void sqlite3_open_v2();
18: int t(void) { sqlite3_open_v2(); return 0; }
/* end */

--------------------

have_func: checking for sqlite3_prepare_v2()... -------------------- yes

"x86_64-w64-mingw32-gcc -o conftest.exe -IC:/Users/vagrant/pro/pkg/w32/ruby/include/ruby-3.0.0/x64-mingw32 -IC:/Users/vagrant/pro/pkg/w32/ruby/include/ruby-3.0.0/ruby/backward -IC:/Users/vagrant/pro/pkg/w32/ruby/include/ruby-3.0.0 -I. -D_WIN32_WINNT=0x0600 -D__MINGW_USE_VC2005_COMPAT -D_FILE_OFFSET_BITS=64  -O3 -DFD_SETSIZE=2048 -fno-omit-frame-pointer -fno-fast-math -Wall -Wextra -Wno-unused-parameter -Wno-parentheses -Wno-long-long -Wno-missing-field-initializers -Wunused-variable -Wpointer-arith -Wwrite-strings -Wdeclaration-after-statement -Wimplicit-function-declaration conftest.c  -L. -LC:/Users/vagrant/pro/pkg/w32/ruby/lib -L.   -m64  -lsqlite3 -lpthread  -lx64-msvcrt-ruby300 -lsqlite3 -lpthread  -lshell32 -lws2_32 -liphlpapi -limagehlp -lshlwapi  "
In file included from C:/Users/vagrant/pro/pkg/w32/ruby/include/ruby-3.0.0/ruby/internal/arithmetic/int.h:26,
                 from C:/Users/vagrant/pro/pkg/w32/ruby/include/ruby-3.0.0/ruby/internal/arithmetic/char.h:23,
                 from C:/Users/vagrant/pro/pkg/w32/ruby/include/ruby-3.0.0/ruby/internal/arithmetic.h:23,
                 from C:/Users/vagrant/pro/pkg/w32/ruby/include/ruby-3.0.0/ruby/ruby.h:25,
                 from C:/Users/vagrant/pro/pkg/w32/ruby/include/ruby-3.0.0/ruby.h:38,
                 from conftest.c:1:
C:/Users/vagrant/pro/pkg/w32/ruby/include/ruby-3.0.0/ruby/internal/arithmetic/long.h: In function 'RB_INT2FIX':
C:/Users/vagrant/pro/pkg/w32/ruby/include/ruby-3.0.0/ruby/internal/arithmetic/long.h:88:5: warning: ISO C90 forbids mixed declarations and code [-Wdeclaration-after-statement]
   88 |     const unsigned long j = i;
      |     ^~~~~
C:/Users/vagrant/pro/pkg/w32/ruby/include/ruby-3.0.0/ruby/internal/arithmetic/long.h: In function 'rbimpl_fix2long_by_idiv':
C:/Users/vagrant/pro/pkg/w32/ruby/include/ruby-3.0.0/ruby/internal/arithmetic/long.h:123:5: warning: ISO C90 forbids mixed declarations and code [-Wdeclaration-after-statement]
  123 |     const SIGNED_VALUE y = x - RUBY_FIXNUM_FLAG;
      |     ^~~~~
C:/Users/vagrant/pro/pkg/w32/ruby/include/ruby-3.0.0/ruby/internal/arithmetic/long.h: In function 'rbimpl_fix2long_by_shift':
C:/Users/vagrant/pro/pkg/w32/ruby/include/ruby-3.0.0/ruby/internal/arithmetic/long.h:140:5: warning: ISO C90 forbids mixed declarations and code [-Wdeclaration-after-statement]
  140 |     const SIGNED_VALUE y = x;
      |     ^~~~~
In file included from C:/Users/vagrant/pro/pkg/w32/ruby/include/ruby-3.0.0/ruby/internal/fl_type.h:35,
                 from C:/Users/vagrant/pro/pkg/w32/ruby/include/ruby-3.0.0/ruby/internal/core/rstring.h:30,
                 from C:/Users/vagrant/pro/pkg/w32/ruby/include/ruby-3.0.0/ruby/internal/arithmetic/char.h:29,
                 from C:/Users/vagrant/pro/pkg/w32/ruby/include/ruby-3.0.0/ruby/internal/arithmetic.h:23,
                 from C:/Users/vagrant/pro/pkg/w32/ruby/include/ruby-3.0.0/ruby/ruby.h:25,
                 from C:/Users/vagrant/pro/pkg/w32/ruby/include/ruby-3.0.0/ruby.h:38,
                 from conftest.c:1:
C:/Users/vagrant/pro/pkg/w32/ruby/include/ruby-3.0.0/ruby/internal/value_type.h: In function 'RB_BUILTIN_TYPE':
C:/Users/vagrant/pro/pkg/w32/ruby/include/ruby-3.0.0/ruby/internal/value_type.h:157:5: warning: ISO C90 forbids mixed declarations and code [-Wdeclaration-after-statement]
  157 |     VALUE ret = RBASIC(obj)->flags & RUBY_T_MASK;
      |     ^~~~~
In file included from C:/Users/vagrant/pro/pkg/w32/ruby/include/ruby-3.0.0/ruby/internal/arithmetic/char.h:29,
                 from C:/Users/vagrant/pro/pkg/w32/ruby/include/ruby-3.0.0/ruby/internal/arithmetic.h:23,
                 from C:/Users/vagrant/pro/pkg/w32/ruby/include/ruby-3.0.0/ruby/ruby.h:25,
                 from C:/Users/vagrant/pro/pkg/w32/ruby/include/ruby-3.0.0/ruby.h:38,
                 from conftest.c:1:
C:/Users/vagrant/pro/pkg/w32/ruby/include/ruby-3.0.0/ruby/internal/core/rstring.h: In function 'RSTRING_EMBED_LEN':
C:/Users/vagrant/pro/pkg/w32/ruby/include/ruby-3.0.0/ruby/internal/core/rstring.h:109:5: warning: ISO C90 forbids mixed declarations and code [-Wdeclaration-after-statement]
  109 |     VALUE f = RBASIC(str)->flags;
      |     ^~~~~
In file included from C:/Users/vagrant/pro/pkg/w32/ruby/include/ruby-3.0.0/ruby/internal/arithmetic.h:36,
                 from C:/Users/vagrant/pro/pkg/w32/ruby/include/ruby-3.0.0/ruby/ruby.h:25,
                 from C:/Users/vagrant/pro/pkg/w32/ruby/include/ruby-3.0.0/ruby.h:38,
                 from conftest.c:1:
C:/Users/vagrant/pro/pkg/w32/ruby/include/ruby-3.0.0/ruby/internal/arithmetic/st_data_t.h: In function 'RB_ST2FIX':
C:/Users/vagrant/pro/pkg/w32/ruby/include/ruby-3.0.0/ruby/internal/arithmetic/st_data_t.h:55:5: warning: ISO C90 forbids mixed declarations and code [-Wdeclaration-after-statement]
   55 |     unsigned long y = RBIMPL_CAST((unsigned long)x);
      |     ^~~~~~~~
In file included from C:/Users/vagrant/pro/pkg/w32/ruby/include/ruby-3.0.0/ruby/internal/core.h:23,
                 from C:/Users/vagrant/pro/pkg/w32/ruby/include/ruby-3.0.0/ruby/ruby.h:26,
                 from C:/Users/vagrant/pro/pkg/w32/ruby/include/ruby-3.0.0/ruby.h:38,
                 from conftest.c:1:
C:/Users/vagrant/pro/pkg/w32/ruby/include/ruby-3.0.0/ruby/internal/core/rarray.h: In function 'RARRAY_EMBED_LEN':
C:/Users/vagrant/pro/pkg/w32/ruby/include/ruby-3.0.0/ruby/internal/core/rarray.h:123:5: warning: ISO C90 forbids mixed declarations and code [-Wdeclaration-after-statement]
  123 |     VALUE f = RBASIC(ary)->flags;
      |     ^~~~~
C:/Users/vagrant/pro/pkg/w32/ruby/include/ruby-3.0.0/ruby/internal/core/rarray.h: In function 'RARRAY_PTR':
C:/Users/vagrant/pro/pkg/w32/ruby/include/ruby-3.0.0/ruby/internal/core/rarray.h:248:5: warning: ISO C90 forbids mixed declarations and code [-Wdeclaration-after-statement]
  248 |     VALUE tmp = RB_OBJ_WB_UNPROTECT_FOR(ARRAY, ary);
      |     ^~~~~
C:/Users/vagrant/pro/pkg/w32/ruby/include/ruby-3.0.0/ruby/internal/core/rarray.h: In function 'RARRAY_ASET':
C:/Users/vagrant/pro/pkg/w32/ruby/include/ruby-3.0.0/ruby/internal/core/rarray.h:227:5: warning: ISO C90 forbids mixed declarations and code [-Wdeclaration-after-statement]
  227 |     const VALUE rbimpl_ary = (ary);                          \
      |     ^~~~~
C:/Users/vagrant/pro/pkg/w32/ruby/include/ruby-3.0.0/ruby/internal/core/rarray.h:227:5: note: in definition of macro 'RBIMPL_RARRAY_STMT'
  227 |     const VALUE rbimpl_ary = (ary);                          \
      |     ^~~~~
C:/Users/vagrant/pro/pkg/w32/ruby/include/ruby-3.0.0/ruby/internal/core/rarray.h:255:5: note: in expansion of macro 'RARRAY_PTR_USE_TRANSIENT'
  255 |     RARRAY_PTR_USE_TRANSIENT(ary, ptr,
      |     ^~~~~~~~~~~~~~~~~~~~~~~~
In file included from C:/Users/vagrant/pro/pkg/w32/ruby/include/ruby-3.0.0/ruby/internal/core.h:30,
                 from C:/Users/vagrant/pro/pkg/w32/ruby/include/ruby-3.0.0/ruby/ruby.h:26,
                 from C:/Users/vagrant/pro/pkg/w32/ruby/include/ruby-3.0.0/ruby.h:38,
                 from conftest.c:1:
C:/Users/vagrant/pro/pkg/w32/ruby/include/ruby-3.0.0/ruby/internal/core/robject.h: In function 'ROBJECT_IVPTR':
C:/Users/vagrant/pro/pkg/w32/ruby/include/ruby-3.0.0/ruby/internal/core/robject.h:86:5: warning: ISO C90 forbids mixed declarations and code [-Wdeclaration-after-statement]
   86 |     struct RObject *const ptr = ROBJECT(obj);
      |     ^~~~~~
In file included from C:/Users/vagrant/pro/pkg/w32/ruby/include/ruby-3.0.0/ruby/internal/core.h:31,
                 from C:/Users/vagrant/pro/pkg/w32/ruby/include/ruby-3.0.0/ruby/ruby.h:26,
                 from C:/Users/vagrant/pro/pkg/w32/ruby/include/ruby-3.0.0/ruby.h:38,
                 from conftest.c:1:
C:/Users/vagrant/pro/pkg/w32/ruby/include/ruby-3.0.0/ruby/internal/core/rregexp.h: In function 'RREGEXP_SRC':
C:/Users/vagrant/pro/pkg/w32/ruby/include/ruby-3.0.0/ruby/internal/core/rregexp.h:55:5: warning: ISO C90 forbids mixed declarations and code [-Wdeclaration-after-statement]
   55 |     VALUE ret = RREGEXP(rexp)->src;
      |     ^~~~~
In file included from C:/Users/vagrant/pro/pkg/w32/ruby/include/ruby-3.0.0/ruby/ruby.h:42,
                 from C:/Users/vagrant/pro/pkg/w32/ruby/include/ruby-3.0.0/ruby.h:38,
                 from conftest.c:1:
C:/Users/vagrant/pro/pkg/w32/ruby/include/ruby-3.0.0/ruby/internal/newobj.h: In function 'rb_clone_setup':
C:/Users/vagrant/pro/pkg/w32/ruby/include/ruby-3.0.0/ruby/internal/newobj.h:56:5: warning: ISO C90 forbids mixed declarations and code [-Wdeclaration-after-statement]
   56 |     const VALUE flags = RUBY_FL_PROMOTED0 | RUBY_FL_PROMOTED1 | RUBY_FL_FINALIZE;
      |     ^~~~~
conftest.c: In function 't':
conftest.c:17:57: error: 'sqlite3_prepare_v2' undeclared (first use in this function)
   17 | int t(void) { void ((*volatile p)()); p = (void ((*)()))sqlite3_prepare_v2; return !p; }
      |                                                         ^~~~~~~~~~~~~~~~~~
conftest.c:17:57: note: each undeclared identifier is reported only once for each function it appears in
checked program was:
/* begin */
 1: #include "ruby.h"
 2: 
 3: #include <winsock2.h>
 4: #include <windows.h>
 5: 
 6: /*top*/
 7: extern int t(void);
 8: int main(int argc, char **argv)
 9: {
10:   if (argc > 1000000) {
11:     int (* volatile tp)(void)=(int (*)(void))&t;
12:     printf("%d", (*tp)());
13:   }
14: 
15:   return !!argv[argc];
16: }
17: int t(void) { void ((*volatile p)()); p = (void ((*)()))sqlite3_prepare_v2; return !p; }
/* end */

"x86_64-w64-mingw32-gcc -o conftest.exe -IC:/Users/vagrant/pro/pkg/w32/ruby/include/ruby-3.0.0/x64-mingw32 -IC:/Users/vagrant/pro/pkg/w32/ruby/include/ruby-3.0.0/ruby/backward -IC:/Users/vagrant/pro/pkg/w32/ruby/include/ruby-3.0.0 -I. -D_WIN32_WINNT=0x0600 -D__MINGW_USE_VC2005_COMPAT -D_FILE_OFFSET_BITS=64  -O3 -DFD_SETSIZE=2048 -fno-omit-frame-pointer -fno-fast-math -Wall -Wextra -Wno-unused-parameter -Wno-parentheses -Wno-long-long -Wno-missing-field-initializers -Wunused-variable -Wpointer-arith -Wwrite-strings -Wdeclaration-after-statement -Wimplicit-function-declaration conftest.c  -L. -LC:/Users/vagrant/pro/pkg/w32/ruby/lib -L.   -m64  -lsqlite3 -lpthread  -lx64-msvcrt-ruby300 -lsqlite3 -lpthread  -lshell32 -lws2_32 -liphlpapi -limagehlp -lshlwapi  "
In file included from C:/Users/vagrant/pro/pkg/w32/ruby/include/ruby-3.0.0/ruby/internal/arithmetic/int.h:26,
                 from C:/Users/vagrant/pro/pkg/w32/ruby/include/ruby-3.0.0/ruby/internal/arithmetic/char.h:23,
                 from C:/Users/vagrant/pro/pkg/w32/ruby/include/ruby-3.0.0/ruby/internal/arithmetic.h:23,
                 from C:/Users/vagrant/pro/pkg/w32/ruby/include/ruby-3.0.0/ruby/ruby.h:25,
                 from C:/Users/vagrant/pro/pkg/w32/ruby/include/ruby-3.0.0/ruby.h:38,
                 from conftest.c:1:
C:/Users/vagrant/pro/pkg/w32/ruby/include/ruby-3.0.0/ruby/internal/arithmetic/long.h: In function 'RB_INT2FIX':
C:/Users/vagrant/pro/pkg/w32/ruby/include/ruby-3.0.0/ruby/internal/arithmetic/long.h:88:5: warning: ISO C90 forbids mixed declarations and code [-Wdeclaration-after-statement]
   88 |     const unsigned long j = i;
      |     ^~~~~
C:/Users/vagrant/pro/pkg/w32/ruby/include/ruby-3.0.0/ruby/internal/arithmetic/long.h: In function 'rbimpl_fix2long_by_idiv':
C:/Users/vagrant/pro/pkg/w32/ruby/include/ruby-3.0.0/ruby/internal/arithmetic/long.h:123:5: warning: ISO C90 forbids mixed declarations and code [-Wdeclaration-after-statement]
  123 |     const SIGNED_VALUE y = x - RUBY_FIXNUM_FLAG;
      |     ^~~~~
C:/Users/vagrant/pro/pkg/w32/ruby/include/ruby-3.0.0/ruby/internal/arithmetic/long.h: In function 'rbimpl_fix2long_by_shift':
C:/Users/vagrant/pro/pkg/w32/ruby/include/ruby-3.0.0/ruby/internal/arithmetic/long.h:140:5: warning: ISO C90 forbids mixed declarations and code [-Wdeclaration-after-statement]
  140 |     const SIGNED_VALUE y = x;
      |     ^~~~~
In file included from C:/Users/vagrant/pro/pkg/w32/ruby/include/ruby-3.0.0/ruby/internal/fl_type.h:35,
                 from C:/Users/vagrant/pro/pkg/w32/ruby/include/ruby-3.0.0/ruby/internal/core/rstring.h:30,
                 from C:/Users/vagrant/pro/pkg/w32/ruby/include/ruby-3.0.0/ruby/internal/arithmetic/char.h:29,
                 from C:/Users/vagrant/pro/pkg/w32/ruby/include/ruby-3.0.0/ruby/internal/arithmetic.h:23,
                 from C:/Users/vagrant/pro/pkg/w32/ruby/include/ruby-3.0.0/ruby/ruby.h:25,
                 from C:/Users/vagrant/pro/pkg/w32/ruby/include/ruby-3.0.0/ruby.h:38,
                 from conftest.c:1:
C:/Users/vagrant/pro/pkg/w32/ruby/include/ruby-3.0.0/ruby/internal/value_type.h: In function 'RB_BUILTIN_TYPE':
C:/Users/vagrant/pro/pkg/w32/ruby/include/ruby-3.0.0/ruby/internal/value_type.h:157:5: warning: ISO C90 forbids mixed declarations and code [-Wdeclaration-after-statement]
  157 |     VALUE ret = RBASIC(obj)->flags & RUBY_T_MASK;
      |     ^~~~~
In file included from C:/Users/vagrant/pro/pkg/w32/ruby/include/ruby-3.0.0/ruby/internal/arithmetic/char.h:29,
                 from C:/Users/vagrant/pro/pkg/w32/ruby/include/ruby-3.0.0/ruby/internal/arithmetic.h:23,
                 from C:/Users/vagrant/pro/pkg/w32/ruby/include/ruby-3.0.0/ruby/ruby.h:25,
                 from C:/Users/vagrant/pro/pkg/w32/ruby/include/ruby-3.0.0/ruby.h:38,
                 from conftest.c:1:
C:/Users/vagrant/pro/pkg/w32/ruby/include/ruby-3.0.0/ruby/internal/core/rstring.h: In function 'RSTRING_EMBED_LEN':
C:/Users/vagrant/pro/pkg/w32/ruby/include/ruby-3.0.0/ruby/internal/core/rstring.h:109:5: warning: ISO C90 forbids mixed declarations and code [-Wdeclaration-after-statement]
  109 |     VALUE f = RBASIC(str)->flags;
      |     ^~~~~
In file included from C:/Users/vagrant/pro/pkg/w32/ruby/include/ruby-3.0.0/ruby/internal/arithmetic.h:36,
                 from C:/Users/vagrant/pro/pkg/w32/ruby/include/ruby-3.0.0/ruby/ruby.h:25,
                 from C:/Users/vagrant/pro/pkg/w32/ruby/include/ruby-3.0.0/ruby.h:38,
                 from conftest.c:1:
C:/Users/vagrant/pro/pkg/w32/ruby/include/ruby-3.0.0/ruby/internal/arithmetic/st_data_t.h: In function 'RB_ST2FIX':
C:/Users/vagrant/pro/pkg/w32/ruby/include/ruby-3.0.0/ruby/internal/arithmetic/st_data_t.h:55:5: warning: ISO C90 forbids mixed declarations and code [-Wdeclaration-after-statement]
   55 |     unsigned long y = RBIMPL_CAST((unsigned long)x);
      |     ^~~~~~~~
In file included from C:/Users/vagrant/pro/pkg/w32/ruby/include/ruby-3.0.0/ruby/internal/core.h:23,
                 from C:/Users/vagrant/pro/pkg/w32/ruby/include/ruby-3.0.0/ruby/ruby.h:26,
                 from C:/Users/vagrant/pro/pkg/w32/ruby/include/ruby-3.0.0/ruby.h:38,
                 from conftest.c:1:
C:/Users/vagrant/pro/pkg/w32/ruby/include/ruby-3.0.0/ruby/internal/core/rarray.h: In function 'RARRAY_EMBED_LEN':
C:/Users/vagrant/pro/pkg/w32/ruby/include/ruby-3.0.0/ruby/internal/core/rarray.h:123:5: warning: ISO C90 forbids mixed declarations and code [-Wdeclaration-after-statement]
  123 |     VALUE f = RBASIC(ary)->flags;
      |     ^~~~~
C:/Users/vagrant/pro/pkg/w32/ruby/include/ruby-3.0.0/ruby/internal/core/rarray.h: In function 'RARRAY_PTR':
C:/Users/vagrant/pro/pkg/w32/ruby/include/ruby-3.0.0/ruby/internal/core/rarray.h:248:5: warning: ISO C90 forbids mixed declarations and code [-Wdeclaration-after-statement]
  248 |     VALUE tmp = RB_OBJ_WB_UNPROTECT_FOR(ARRAY, ary);
      |     ^~~~~
C:/Users/vagrant/pro/pkg/w32/ruby/include/ruby-3.0.0/ruby/internal/core/rarray.h: In function 'RARRAY_ASET':
C:/Users/vagrant/pro/pkg/w32/ruby/include/ruby-3.0.0/ruby/internal/core/rarray.h:227:5: warning: ISO C90 forbids mixed declarations and code [-Wdeclaration-after-statement]
  227 |     const VALUE rbimpl_ary = (ary);                          \
      |     ^~~~~
C:/Users/vagrant/pro/pkg/w32/ruby/include/ruby-3.0.0/ruby/internal/core/rarray.h:227:5: note: in definition of macro 'RBIMPL_RARRAY_STMT'
  227 |     const VALUE rbimpl_ary = (ary);                          \
      |     ^~~~~
C:/Users/vagrant/pro/pkg/w32/ruby/include/ruby-3.0.0/ruby/internal/core/rarray.h:255:5: note: in expansion of macro 'RARRAY_PTR_USE_TRANSIENT'
  255 |     RARRAY_PTR_USE_TRANSIENT(ary, ptr,
      |     ^~~~~~~~~~~~~~~~~~~~~~~~
In file included from C:/Users/vagrant/pro/pkg/w32/ruby/include/ruby-3.0.0/ruby/internal/core.h:30,
                 from C:/Users/vagrant/pro/pkg/w32/ruby/include/ruby-3.0.0/ruby/ruby.h:26,
                 from C:/Users/vagrant/pro/pkg/w32/ruby/include/ruby-3.0.0/ruby.h:38,
                 from conftest.c:1:
C:/Users/vagrant/pro/pkg/w32/ruby/include/ruby-3.0.0/ruby/internal/core/robject.h: In function 'ROBJECT_IVPTR':
C:/Users/vagrant/pro/pkg/w32/ruby/include/ruby-3.0.0/ruby/internal/core/robject.h:86:5: warning: ISO C90 forbids mixed declarations and code [-Wdeclaration-after-statement]
   86 |     struct RObject *const ptr = ROBJECT(obj);
      |     ^~~~~~
In file included from C:/Users/vagrant/pro/pkg/w32/ruby/include/ruby-3.0.0/ruby/internal/core.h:31,
                 from C:/Users/vagrant/pro/pkg/w32/ruby/include/ruby-3.0.0/ruby/ruby.h:26,
                 from C:/Users/vagrant/pro/pkg/w32/ruby/include/ruby-3.0.0/ruby.h:38,
                 from conftest.c:1:
C:/Users/vagrant/pro/pkg/w32/ruby/include/ruby-3.0.0/ruby/internal/core/rregexp.h: In function 'RREGEXP_SRC':
C:/Users/vagrant/pro/pkg/w32/ruby/include/ruby-3.0.0/ruby/internal/core/rregexp.h:55:5: warning: ISO C90 forbids mixed declarations and code [-Wdeclaration-after-statement]
   55 |     VALUE ret = RREGEXP(rexp)->src;
      |     ^~~~~
In file included from C:/Users/vagrant/pro/pkg/w32/ruby/include/ruby-3.0.0/ruby/ruby.h:42,
                 from C:/Users/vagrant/pro/pkg/w32/ruby/include/ruby-3.0.0/ruby.h:38,
                 from conftest.c:1:
C:/Users/vagrant/pro/pkg/w32/ruby/include/ruby-3.0.0/ruby/internal/newobj.h: In function 'rb_clone_setup':
C:/Users/vagrant/pro/pkg/w32/ruby/include/ruby-3.0.0/ruby/internal/newobj.h:56:5: warning: ISO C90 forbids mixed declarations and code [-Wdeclaration-after-statement]
   56 |     const VALUE flags = RUBY_FL_PROMOTED0 | RUBY_FL_PROMOTED1 | RUBY_FL_FINALIZE;
      |     ^~~~~
checked program was:
/* begin */
 1: #include "ruby.h"
 2: 
 3: #include <winsock2.h>
 4: #include <windows.h>
 5: 
 6: /*top*/
 7: extern int t(void);
 8: int main(int argc, char **argv)
 9: {
10:   if (argc > 1000000) {
11:     int (* volatile tp)(void)=(int (*)(void))&t;
12:     printf("%d", (*tp)());
13:   }
14: 
15:   return !!argv[argc];
16: }
17: extern void sqlite3_prepare_v2();
18: int t(void) { sqlite3_prepare_v2(); return 0; }
/* end */

--------------------

have_type: checking for sqlite3_int64 in sqlite3.h... -------------------- yes

"x86_64-w64-mingw32-gcc -IC:/Users/vagrant/pro/pkg/w32/ruby/include/ruby-3.0.0/x64-mingw32 -IC:/Users/vagrant/pro/pkg/w32/ruby/include/ruby-3.0.0/ruby/backward -IC:/Users/vagrant/pro/pkg/w32/ruby/include/ruby-3.0.0 -I. -D_WIN32_WINNT=0x0600 -D__MINGW_USE_VC2005_COMPAT -D_FILE_OFFSET_BITS=64  -O3 -DFD_SETSIZE=2048 -fno-omit-frame-pointer -fno-fast-math -Wall -Wextra -Wno-unused-parameter -Wno-parentheses -Wno-long-long -Wno-missing-field-initializers -Wunused-variable -Wpointer-arith -Wwrite-strings -Wdeclaration-after-statement -Wimplicit-function-declaration -m64  -c conftest.c"
In file included from C:/Users/vagrant/pro/pkg/w32/ruby/include/ruby-3.0.0/ruby/internal/arithmetic/int.h:26,
                 from C:/Users/vagrant/pro/pkg/w32/ruby/include/ruby-3.0.0/ruby/internal/arithmetic/char.h:23,
                 from C:/Users/vagrant/pro/pkg/w32/ruby/include/ruby-3.0.0/ruby/internal/arithmetic.h:23,
                 from C:/Users/vagrant/pro/pkg/w32/ruby/include/ruby-3.0.0/ruby/ruby.h:25,
                 from C:/Users/vagrant/pro/pkg/w32/ruby/include/ruby-3.0.0/ruby.h:38,
                 from conftest.c:1:
C:/Users/vagrant/pro/pkg/w32/ruby/include/ruby-3.0.0/ruby/internal/arithmetic/long.h: In function 'RB_INT2FIX':
C:/Users/vagrant/pro/pkg/w32/ruby/include/ruby-3.0.0/ruby/internal/arithmetic/long.h:88:5: warning: ISO C90 forbids mixed declarations and code [-Wdeclaration-after-statement]
   88 |     const unsigned long j = i;
      |     ^~~~~
C:/Users/vagrant/pro/pkg/w32/ruby/include/ruby-3.0.0/ruby/internal/arithmetic/long.h: In function 'rbimpl_fix2long_by_idiv':
C:/Users/vagrant/pro/pkg/w32/ruby/include/ruby-3.0.0/ruby/internal/arithmetic/long.h:123:5: warning: ISO C90 forbids mixed declarations and code [-Wdeclaration-after-statement]
  123 |     const SIGNED_VALUE y = x - RUBY_FIXNUM_FLAG;
      |     ^~~~~
C:/Users/vagrant/pro/pkg/w32/ruby/include/ruby-3.0.0/ruby/internal/arithmetic/long.h: In function 'rbimpl_fix2long_by_shift':
C:/Users/vagrant/pro/pkg/w32/ruby/include/ruby-3.0.0/ruby/internal/arithmetic/long.h:140:5: warning: ISO C90 forbids mixed declarations and code [-Wdeclaration-after-statement]
  140 |     const SIGNED_VALUE y = x;
      |     ^~~~~
In file included from C:/Users/vagrant/pro/pkg/w32/ruby/include/ruby-3.0.0/ruby/internal/fl_type.h:35,
                 from C:/Users/vagrant/pro/pkg/w32/ruby/include/ruby-3.0.0/ruby/internal/core/rstring.h:30,
                 from C:/Users/vagrant/pro/pkg/w32/ruby/include/ruby-3.0.0/ruby/internal/arithmetic/char.h:29,
                 from C:/Users/vagrant/pro/pkg/w32/ruby/include/ruby-3.0.0/ruby/internal/arithmetic.h:23,
                 from C:/Users/vagrant/pro/pkg/w32/ruby/include/ruby-3.0.0/ruby/ruby.h:25,
                 from C:/Users/vagrant/pro/pkg/w32/ruby/include/ruby-3.0.0/ruby.h:38,
                 from conftest.c:1:
C:/Users/vagrant/pro/pkg/w32/ruby/include/ruby-3.0.0/ruby/internal/value_type.h: In function 'RB_BUILTIN_TYPE':
C:/Users/vagrant/pro/pkg/w32/ruby/include/ruby-3.0.0/ruby/internal/value_type.h:157:5: warning: ISO C90 forbids mixed declarations and code [-Wdeclaration-after-statement]
  157 |     VALUE ret = RBASIC(obj)->flags & RUBY_T_MASK;
      |     ^~~~~
In file included from C:/Users/vagrant/pro/pkg/w32/ruby/include/ruby-3.0.0/ruby/internal/arithmetic/char.h:29,
                 from C:/Users/vagrant/pro/pkg/w32/ruby/include/ruby-3.0.0/ruby/internal/arithmetic.h:23,
                 from C:/Users/vagrant/pro/pkg/w32/ruby/include/ruby-3.0.0/ruby/ruby.h:25,
                 from C:/Users/vagrant/pro/pkg/w32/ruby/include/ruby-3.0.0/ruby.h:38,
                 from conftest.c:1:
C:/Users/vagrant/pro/pkg/w32/ruby/include/ruby-3.0.0/ruby/internal/core/rstring.h: In function 'RSTRING_EMBED_LEN':
C:/Users/vagrant/pro/pkg/w32/ruby/include/ruby-3.0.0/ruby/internal/core/rstring.h:109:5: warning: ISO C90 forbids mixed declarations and code [-Wdeclaration-after-statement]
  109 |     VALUE f = RBASIC(str)->flags;
      |     ^~~~~
In file included from C:/Users/vagrant/pro/pkg/w32/ruby/include/ruby-3.0.0/ruby/internal/arithmetic.h:36,
                 from C:/Users/vagrant/pro/pkg/w32/ruby/include/ruby-3.0.0/ruby/ruby.h:25,
                 from C:/Users/vagrant/pro/pkg/w32/ruby/include/ruby-3.0.0/ruby.h:38,
                 from conftest.c:1:
C:/Users/vagrant/pro/pkg/w32/ruby/include/ruby-3.0.0/ruby/internal/arithmetic/st_data_t.h: In function 'RB_ST2FIX':
C:/Users/vagrant/pro/pkg/w32/ruby/include/ruby-3.0.0/ruby/internal/arithmetic/st_data_t.h:55:5: warning: ISO C90 forbids mixed declarations and code [-Wdeclaration-after-statement]
   55 |     unsigned long y = RBIMPL_CAST((unsigned long)x);
      |     ^~~~~~~~
In file included from C:/Users/vagrant/pro/pkg/w32/ruby/include/ruby-3.0.0/ruby/internal/core.h:23,
                 from C:/Users/vagrant/pro/pkg/w32/ruby/include/ruby-3.0.0/ruby/ruby.h:26,
                 from C:/Users/vagrant/pro/pkg/w32/ruby/include/ruby-3.0.0/ruby.h:38,
                 from conftest.c:1:
C:/Users/vagrant/pro/pkg/w32/ruby/include/ruby-3.0.0/ruby/internal/core/rarray.h: In function 'RARRAY_EMBED_LEN':
C:/Users/vagrant/pro/pkg/w32/ruby/include/ruby-3.0.0/ruby/internal/core/rarray.h:123:5: warning: ISO C90 forbids mixed declarations and code [-Wdeclaration-after-statement]
  123 |     VALUE f = RBASIC(ary)->flags;
      |     ^~~~~
C:/Users/vagrant/pro/pkg/w32/ruby/include/ruby-3.0.0/ruby/internal/core/rarray.h: In function 'RARRAY_PTR':
C:/Users/vagrant/pro/pkg/w32/ruby/include/ruby-3.0.0/ruby/internal/core/rarray.h:248:5: warning: ISO C90 forbids mixed declarations and code [-Wdeclaration-after-statement]
  248 |     VALUE tmp = RB_OBJ_WB_UNPROTECT_FOR(ARRAY, ary);
      |     ^~~~~
C:/Users/vagrant/pro/pkg/w32/ruby/include/ruby-3.0.0/ruby/internal/core/rarray.h: In function 'RARRAY_ASET':
C:/Users/vagrant/pro/pkg/w32/ruby/include/ruby-3.0.0/ruby/internal/core/rarray.h:227:5: warning: ISO C90 forbids mixed declarations and code [-Wdeclaration-after-statement]
  227 |     const VALUE rbimpl_ary = (ary);                          \
      |     ^~~~~
C:/Users/vagrant/pro/pkg/w32/ruby/include/ruby-3.0.0/ruby/internal/core/rarray.h:227:5: note: in definition of macro 'RBIMPL_RARRAY_STMT'
  227 |     const VALUE rbimpl_ary = (ary);                          \
      |     ^~~~~
C:/Users/vagrant/pro/pkg/w32/ruby/include/ruby-3.0.0/ruby/internal/core/rarray.h:255:5: note: in expansion of macro 'RARRAY_PTR_USE_TRANSIENT'
  255 |     RARRAY_PTR_USE_TRANSIENT(ary, ptr,
      |     ^~~~~~~~~~~~~~~~~~~~~~~~
In file included from C:/Users/vagrant/pro/pkg/w32/ruby/include/ruby-3.0.0/ruby/internal/core.h:30,
                 from C:/Users/vagrant/pro/pkg/w32/ruby/include/ruby-3.0.0/ruby/ruby.h:26,
                 from C:/Users/vagrant/pro/pkg/w32/ruby/include/ruby-3.0.0/ruby.h:38,
                 from conftest.c:1:
C:/Users/vagrant/pro/pkg/w32/ruby/include/ruby-3.0.0/ruby/internal/core/robject.h: In function 'ROBJECT_IVPTR':
C:/Users/vagrant/pro/pkg/w32/ruby/include/ruby-3.0.0/ruby/internal/core/robject.h:86:5: warning: ISO C90 forbids mixed declarations and code [-Wdeclaration-after-statement]
   86 |     struct RObject *const ptr = ROBJECT(obj);
      |     ^~~~~~
In file included from C:/Users/vagrant/pro/pkg/w32/ruby/include/ruby-3.0.0/ruby/internal/core.h:31,
                 from C:/Users/vagrant/pro/pkg/w32/ruby/include/ruby-3.0.0/ruby/ruby.h:26,
                 from C:/Users/vagrant/pro/pkg/w32/ruby/include/ruby-3.0.0/ruby.h:38,
                 from conftest.c:1:
C:/Users/vagrant/pro/pkg/w32/ruby/include/ruby-3.0.0/ruby/internal/core/rregexp.h: In function 'RREGEXP_SRC':
C:/Users/vagrant/pro/pkg/w32/ruby/include/ruby-3.0.0/ruby/internal/core/rregexp.h:55:5: warning: ISO C90 forbids mixed declarations and code [-Wdeclaration-after-statement]
   55 |     VALUE ret = RREGEXP(rexp)->src;
      |     ^~~~~
In file included from C:/Users/vagrant/pro/pkg/w32/ruby/include/ruby-3.0.0/ruby/ruby.h:42,
                 from C:/Users/vagrant/pro/pkg/w32/ruby/include/ruby-3.0.0/ruby.h:38,
                 from conftest.c:1:
C:/Users/vagrant/pro/pkg/w32/ruby/include/ruby-3.0.0/ruby/internal/newobj.h: In function 'rb_clone_setup':
C:/Users/vagrant/pro/pkg/w32/ruby/include/ruby-3.0.0/ruby/internal/newobj.h:56:5: warning: ISO C90 forbids mixed declarations and code [-Wdeclaration-after-statement]
   56 |     const VALUE flags = RUBY_FL_PROMOTED0 | RUBY_FL_PROMOTED1 | RUBY_FL_FINALIZE;
      |     ^~~~~
checked program was:
/* begin */
1: #include "ruby.h"
2: 
3: #include <winsock2.h>
4: #include <windows.h>
5: #include <sqlite3.h>
6: 
7: /*top*/
8: typedef sqlite3_int64 conftest_type;
9: int conftestval[sizeof(conftest_type)?1:-1];
/* end */

--------------------

have_type: checking for sqlite3_uint64 in sqlite3.h... -------------------- yes

"x86_64-w64-mingw32-gcc -IC:/Users/vagrant/pro/pkg/w32/ruby/include/ruby-3.0.0/x64-mingw32 -IC:/Users/vagrant/pro/pkg/w32/ruby/include/ruby-3.0.0/ruby/backward -IC:/Users/vagrant/pro/pkg/w32/ruby/include/ruby-3.0.0 -I. -D_WIN32_WINNT=0x0600 -D__MINGW_USE_VC2005_COMPAT -D_FILE_OFFSET_BITS=64  -O3 -DFD_SETSIZE=2048 -fno-omit-frame-pointer -fno-fast-math -Wall -Wextra -Wno-unused-parameter -Wno-parentheses -Wno-long-long -Wno-missing-field-initializers -Wunused-variable -Wpointer-arith -Wwrite-strings -Wdeclaration-after-statement -Wimplicit-function-declaration -m64  -c conftest.c"
In file included from C:/Users/vagrant/pro/pkg/w32/ruby/include/ruby-3.0.0/ruby/internal/arithmetic/int.h:26,
                 from C:/Users/vagrant/pro/pkg/w32/ruby/include/ruby-3.0.0/ruby/internal/arithmetic/char.h:23,
                 from C:/Users/vagrant/pro/pkg/w32/ruby/include/ruby-3.0.0/ruby/internal/arithmetic.h:23,
                 from C:/Users/vagrant/pro/pkg/w32/ruby/include/ruby-3.0.0/ruby/ruby.h:25,
                 from C:/Users/vagrant/pro/pkg/w32/ruby/include/ruby-3.0.0/ruby.h:38,
                 from conftest.c:1:
C:/Users/vagrant/pro/pkg/w32/ruby/include/ruby-3.0.0/ruby/internal/arithmetic/long.h: In function 'RB_INT2FIX':
C:/Users/vagrant/pro/pkg/w32/ruby/include/ruby-3.0.0/ruby/internal/arithmetic/long.h:88:5: warning: ISO C90 forbids mixed declarations and code [-Wdeclaration-after-statement]
   88 |     const unsigned long j = i;
      |     ^~~~~
C:/Users/vagrant/pro/pkg/w32/ruby/include/ruby-3.0.0/ruby/internal/arithmetic/long.h: In function 'rbimpl_fix2long_by_idiv':
C:/Users/vagrant/pro/pkg/w32/ruby/include/ruby-3.0.0/ruby/internal/arithmetic/long.h:123:5: warning: ISO C90 forbids mixed declarations and code [-Wdeclaration-after-statement]
  123 |     const SIGNED_VALUE y = x - RUBY_FIXNUM_FLAG;
      |     ^~~~~
C:/Users/vagrant/pro/pkg/w32/ruby/include/ruby-3.0.0/ruby/internal/arithmetic/long.h: In function 'rbimpl_fix2long_by_shift':
C:/Users/vagrant/pro/pkg/w32/ruby/include/ruby-3.0.0/ruby/internal/arithmetic/long.h:140:5: warning: ISO C90 forbids mixed declarations and code [-Wdeclaration-after-statement]
  140 |     const SIGNED_VALUE y = x;
      |     ^~~~~
In file included from C:/Users/vagrant/pro/pkg/w32/ruby/include/ruby-3.0.0/ruby/internal/fl_type.h:35,
                 from C:/Users/vagrant/pro/pkg/w32/ruby/include/ruby-3.0.0/ruby/internal/core/rstring.h:30,
                 from C:/Users/vagrant/pro/pkg/w32/ruby/include/ruby-3.0.0/ruby/internal/arithmetic/char.h:29,
                 from C:/Users/vagrant/pro/pkg/w32/ruby/include/ruby-3.0.0/ruby/internal/arithmetic.h:23,
                 from C:/Users/vagrant/pro/pkg/w32/ruby/include/ruby-3.0.0/ruby/ruby.h:25,
                 from C:/Users/vagrant/pro/pkg/w32/ruby/include/ruby-3.0.0/ruby.h:38,
                 from conftest.c:1:
C:/Users/vagrant/pro/pkg/w32/ruby/include/ruby-3.0.0/ruby/internal/value_type.h: In function 'RB_BUILTIN_TYPE':
C:/Users/vagrant/pro/pkg/w32/ruby/include/ruby-3.0.0/ruby/internal/value_type.h:157:5: warning: ISO C90 forbids mixed declarations and code [-Wdeclaration-after-statement]
  157 |     VALUE ret = RBASIC(obj)->flags & RUBY_T_MASK;
      |     ^~~~~
In file included from C:/Users/vagrant/pro/pkg/w32/ruby/include/ruby-3.0.0/ruby/internal/arithmetic/char.h:29,
                 from C:/Users/vagrant/pro/pkg/w32/ruby/include/ruby-3.0.0/ruby/internal/arithmetic.h:23,
                 from C:/Users/vagrant/pro/pkg/w32/ruby/include/ruby-3.0.0/ruby/ruby.h:25,
                 from C:/Users/vagrant/pro/pkg/w32/ruby/include/ruby-3.0.0/ruby.h:38,
                 from conftest.c:1:
C:/Users/vagrant/pro/pkg/w32/ruby/include/ruby-3.0.0/ruby/internal/core/rstring.h: In function 'RSTRING_EMBED_LEN':
C:/Users/vagrant/pro/pkg/w32/ruby/include/ruby-3.0.0/ruby/internal/core/rstring.h:109:5: warning: ISO C90 forbids mixed declarations and code [-Wdeclaration-after-statement]
  109 |     VALUE f = RBASIC(str)->flags;
      |     ^~~~~
In file included from C:/Users/vagrant/pro/pkg/w32/ruby/include/ruby-3.0.0/ruby/internal/arithmetic.h:36,
                 from C:/Users/vagrant/pro/pkg/w32/ruby/include/ruby-3.0.0/ruby/ruby.h:25,
                 from C:/Users/vagrant/pro/pkg/w32/ruby/include/ruby-3.0.0/ruby.h:38,
                 from conftest.c:1:
C:/Users/vagrant/pro/pkg/w32/ruby/include/ruby-3.0.0/ruby/internal/arithmetic/st_data_t.h: In function 'RB_ST2FIX':
C:/Users/vagrant/pro/pkg/w32/ruby/include/ruby-3.0.0/ruby/internal/arithmetic/st_data_t.h:55:5: warning: ISO C90 forbids mixed declarations and code [-Wdeclaration-after-statement]
   55 |     unsigned long y = RBIMPL_CAST((unsigned long)x);
      |     ^~~~~~~~
In file included from C:/Users/vagrant/pro/pkg/w32/ruby/include/ruby-3.0.0/ruby/internal/core.h:23,
                 from C:/Users/vagrant/pro/pkg/w32/ruby/include/ruby-3.0.0/ruby/ruby.h:26,
                 from C:/Users/vagrant/pro/pkg/w32/ruby/include/ruby-3.0.0/ruby.h:38,
                 from conftest.c:1:
C:/Users/vagrant/pro/pkg/w32/ruby/include/ruby-3.0.0/ruby/internal/core/rarray.h: In function 'RARRAY_EMBED_LEN':
C:/Users/vagrant/pro/pkg/w32/ruby/include/ruby-3.0.0/ruby/internal/core/rarray.h:123:5: warning: ISO C90 forbids mixed declarations and code [-Wdeclaration-after-statement]
  123 |     VALUE f = RBASIC(ary)->flags;
      |     ^~~~~
C:/Users/vagrant/pro/pkg/w32/ruby/include/ruby-3.0.0/ruby/internal/core/rarray.h: In function 'RARRAY_PTR':
C:/Users/vagrant/pro/pkg/w32/ruby/include/ruby-3.0.0/ruby/internal/core/rarray.h:248:5: warning: ISO C90 forbids mixed declarations and code [-Wdeclaration-after-statement]
  248 |     VALUE tmp = RB_OBJ_WB_UNPROTECT_FOR(ARRAY, ary);
      |     ^~~~~
C:/Users/vagrant/pro/pkg/w32/ruby/include/ruby-3.0.0/ruby/internal/core/rarray.h: In function 'RARRAY_ASET':
C:/Users/vagrant/pro/pkg/w32/ruby/include/ruby-3.0.0/ruby/internal/core/rarray.h:227:5: warning: ISO C90 forbids mixed declarations and code [-Wdeclaration-after-statement]
  227 |     const VALUE rbimpl_ary = (ary);                          \
      |     ^~~~~
C:/Users/vagrant/pro/pkg/w32/ruby/include/ruby-3.0.0/ruby/internal/core/rarray.h:227:5: note: in definition of macro 'RBIMPL_RARRAY_STMT'
  227 |     const VALUE rbimpl_ary = (ary);                          \
      |     ^~~~~
C:/Users/vagrant/pro/pkg/w32/ruby/include/ruby-3.0.0/ruby/internal/core/rarray.h:255:5: note: in expansion of macro 'RARRAY_PTR_USE_TRANSIENT'
  255 |     RARRAY_PTR_USE_TRANSIENT(ary, ptr,
      |     ^~~~~~~~~~~~~~~~~~~~~~~~
In file included from C:/Users/vagrant/pro/pkg/w32/ruby/include/ruby-3.0.0/ruby/internal/core.h:30,
                 from C:/Users/vagrant/pro/pkg/w32/ruby/include/ruby-3.0.0/ruby/ruby.h:26,
                 from C:/Users/vagrant/pro/pkg/w32/ruby/include/ruby-3.0.0/ruby.h:38,
                 from conftest.c:1:
C:/Users/vagrant/pro/pkg/w32/ruby/include/ruby-3.0.0/ruby/internal/core/robject.h: In function 'ROBJECT_IVPTR':
C:/Users/vagrant/pro/pkg/w32/ruby/include/ruby-3.0.0/ruby/internal/core/robject.h:86:5: warning: ISO C90 forbids mixed declarations and code [-Wdeclaration-after-statement]
   86 |     struct RObject *const ptr = ROBJECT(obj);
      |     ^~~~~~
In file included from C:/Users/vagrant/pro/pkg/w32/ruby/include/ruby-3.0.0/ruby/internal/core.h:31,
                 from C:/Users/vagrant/pro/pkg/w32/ruby/include/ruby-3.0.0/ruby/ruby.h:26,
                 from C:/Users/vagrant/pro/pkg/w32/ruby/include/ruby-3.0.0/ruby.h:38,
                 from conftest.c:1:
C:/Users/vagrant/pro/pkg/w32/ruby/include/ruby-3.0.0/ruby/internal/core/rregexp.h: In function 'RREGEXP_SRC':
C:/Users/vagrant/pro/pkg/w32/ruby/include/ruby-3.0.0/ruby/internal/core/rregexp.h:55:5: warning: ISO C90 forbids mixed declarations and code [-Wdeclaration-after-statement]
   55 |     VALUE ret = RREGEXP(rexp)->src;
      |     ^~~~~
In file included from C:/Users/vagrant/pro/pkg/w32/ruby/include/ruby-3.0.0/ruby/ruby.h:42,
                 from C:/Users/vagrant/pro/pkg/w32/ruby/include/ruby-3.0.0/ruby.h:38,
                 from conftest.c:1:
C:/Users/vagrant/pro/pkg/w32/ruby/include/ruby-3.0.0/ruby/internal/newobj.h: In function 'rb_clone_setup':
C:/Users/vagrant/pro/pkg/w32/ruby/include/ruby-3.0.0/ruby/internal/newobj.h:56:5: warning: ISO C90 forbids mixed declarations and code [-Wdeclaration-after-statement]
   56 |     const VALUE flags = RUBY_FL_PROMOTED0 | RUBY_FL_PROMOTED1 | RUBY_FL_FINALIZE;
      |     ^~~~~
checked program was:
/* begin */
1: #include "ruby.h"
2: 
3: #include <winsock2.h>
4: #include <windows.h>
5: #include <sqlite3.h>
6: 
7: /*top*/
8: typedef sqlite3_uint64 conftest_type;
9: int conftestval[sizeof(conftest_type)?1:-1];
/* end */

--------------------

