have_func: checking for getifaddrs()... -------------------- yes

"x86_64-w64-mingw32-gcc -o conftest.exe -IC:/Users/vagrant/pro/pkg/w32/ruby/include/ruby-3.0.0/x64-mingw32 -IC:/Users/vagrant/pro/pkg/w32/ruby/include/ruby-3.0.0/ruby/backward -IC:/Users/vagrant/pro/pkg/w32/ruby/include/ruby-3.0.0 -I. -D_WIN32_WINNT=0x0600 -D__MINGW_USE_VC2005_COMPAT -D_FILE_OFFSET_BITS=64  -O3 -DFD_SETSIZE=2048 -fno-omit-frame-pointer -fno-fast-math -Wall -Wextra -Wno-unused-parameter -Wno-parentheses -Wno-long-long -Wno-missing-field-initializers -Wunused-variable -Wpointer-arith -Wwrite-strings -Wdeclaration-after-statement -Wimplicit-function-declaration conftest.c  -L. -LC:/Users/vagrant/pro/pkg/w32/ruby/lib -L.   -m64   -lx64-msvcrt-ruby300  -lshell32 -lws2_32 -liphlpapi -limagehlp -lshlwapi  "
In file included from C:/Users/vagrant/pro/pkg/w32/ruby/include/ruby-3.0.0/ruby/internal/arithmetic/int.h:26,
                 from C:/Users/vagrant/pro/pkg/w32/ruby/include/ruby-3.0.0/ruby/internal/arithmetic/char.h:23,
                 from C:/Users/vagrant/pro/pkg/w32/ruby/include/ruby-3.0.0/ruby/internal/arithmetic.h:23,
                 from C:/Users/vagrant/pro/pkg/w32/ruby/include/ruby-3.0.0/ruby/ruby.h:25,
                 from C:/Users/vagrant/pro/pkg/w32/ruby/include/ruby-3.0.0/ruby.h:38,
                 from conftest.c:1:
C:/Users/vagrant/pro/pkg/w32/ruby/include/ruby-3.0.0/ruby/internal/arithmetic/long.h: In function 'RB_INT2FIX':
C:/Users/vagrant/pro/pkg/w32/ruby/include/ruby-3.0.0/ruby/internal/arithmetic/long.h:88:5: warning: ISO C90 forbids mixed declarations and code [-Wdeclaration-after-statement]
   88 |     const unsigned long j = i;
      |     ^~~~~
C:/Users/vagrant/pro/pkg/w32/ruby/include/ruby-3.0.0/ruby/internal/arithmetic/long.h: In function 'rbimpl_fix2long_by_idiv':
C:/Users/vagrant/pro/pkg/w32/ruby/include/ruby-3.0.0/ruby/internal/arithmetic/long.h:123:5: warning: ISO C90 forbids mixed declarations and code [-Wdeclaration-after-statement]
  123 |     const SIGNED_VALUE y = x - RUBY_FIXNUM_FLAG;
      |     ^~~~~
C:/Users/vagrant/pro/pkg/w32/ruby/include/ruby-3.0.0/ruby/internal/arithmetic/long.h: In function 'rbimpl_fix2long_by_shift':
C:/Users/vagrant/pro/pkg/w32/ruby/include/ruby-3.0.0/ruby/internal/arithmetic/long.h:140:5: warning: ISO C90 forbids mixed declarations and code [-Wdeclaration-after-statement]
  140 |     const SIGNED_VALUE y = x;
      |     ^~~~~
In file included from C:/Users/vagrant/pro/pkg/w32/ruby/include/ruby-3.0.0/ruby/internal/fl_type.h:35,
                 from C:/Users/vagrant/pro/pkg/w32/ruby/include/ruby-3.0.0/ruby/internal/core/rstring.h:30,
                 from C:/Users/vagrant/pro/pkg/w32/ruby/include/ruby-3.0.0/ruby/internal/arithmetic/char.h:29,
                 from C:/Users/vagrant/pro/pkg/w32/ruby/include/ruby-3.0.0/ruby/internal/arithmetic.h:23,
                 from C:/Users/vagrant/pro/pkg/w32/ruby/include/ruby-3.0.0/ruby/ruby.h:25,
                 from C:/Users/vagrant/pro/pkg/w32/ruby/include/ruby-3.0.0/ruby.h:38,
                 from conftest.c:1:
C:/Users/vagrant/pro/pkg/w32/ruby/include/ruby-3.0.0/ruby/internal/value_type.h: In function 'RB_BUILTIN_TYPE':
C:/Users/vagrant/pro/pkg/w32/ruby/include/ruby-3.0.0/ruby/internal/value_type.h:157:5: warning: ISO C90 forbids mixed declarations and code [-Wdeclaration-after-statement]
  157 |     VALUE ret = RBASIC(obj)->flags & RUBY_T_MASK;
      |     ^~~~~
In file included from C:/Users/vagrant/pro/pkg/w32/ruby/include/ruby-3.0.0/ruby/internal/arithmetic/char.h:29,
                 from C:/Users/vagrant/pro/pkg/w32/ruby/include/ruby-3.0.0/ruby/internal/arithmetic.h:23,
                 from C:/Users/vagrant/pro/pkg/w32/ruby/include/ruby-3.0.0/ruby/ruby.h:25,
                 from C:/Users/vagrant/pro/pkg/w32/ruby/include/ruby-3.0.0/ruby.h:38,
                 from conftest.c:1:
C:/Users/vagrant/pro/pkg/w32/ruby/include/ruby-3.0.0/ruby/internal/core/rstring.h: In function 'RSTRING_EMBED_LEN':
C:/Users/vagrant/pro/pkg/w32/ruby/include/ruby-3.0.0/ruby/internal/core/rstring.h:109:5: warning: ISO C90 forbids mixed declarations and code [-Wdeclaration-after-statement]
  109 |     VALUE f = RBASIC(str)->flags;
      |     ^~~~~
In file included from C:/Users/vagrant/pro/pkg/w32/ruby/include/ruby-3.0.0/ruby/internal/arithmetic.h:36,
                 from C:/Users/vagrant/pro/pkg/w32/ruby/include/ruby-3.0.0/ruby/ruby.h:25,
                 from C:/Users/vagrant/pro/pkg/w32/ruby/include/ruby-3.0.0/ruby.h:38,
                 from conftest.c:1:
C:/Users/vagrant/pro/pkg/w32/ruby/include/ruby-3.0.0/ruby/internal/arithmetic/st_data_t.h: In function 'RB_ST2FIX':
C:/Users/vagrant/pro/pkg/w32/ruby/include/ruby-3.0.0/ruby/internal/arithmetic/st_data_t.h:55:5: warning: ISO C90 forbids mixed declarations and code [-Wdeclaration-after-statement]
   55 |     unsigned long y = RBIMPL_CAST((unsigned long)x);
      |     ^~~~~~~~
In file included from C:/Users/vagrant/pro/pkg/w32/ruby/include/ruby-3.0.0/ruby/internal/core.h:23,
                 from C:/Users/vagrant/pro/pkg/w32/ruby/include/ruby-3.0.0/ruby/ruby.h:26,
                 from C:/Users/vagrant/pro/pkg/w32/ruby/include/ruby-3.0.0/ruby.h:38,
                 from conftest.c:1:
C:/Users/vagrant/pro/pkg/w32/ruby/include/ruby-3.0.0/ruby/internal/core/rarray.h: In function 'RARRAY_EMBED_LEN':
C:/Users/vagrant/pro/pkg/w32/ruby/include/ruby-3.0.0/ruby/internal/core/rarray.h:123:5: warning: ISO C90 forbids mixed declarations and code [-Wdeclaration-after-statement]
  123 |     VALUE f = RBASIC(ary)->flags;
      |     ^~~~~
C:/Users/vagrant/pro/pkg/w32/ruby/include/ruby-3.0.0/ruby/internal/core/rarray.h: In function 'RARRAY_PTR':
C:/Users/vagrant/pro/pkg/w32/ruby/include/ruby-3.0.0/ruby/internal/core/rarray.h:248:5: warning: ISO C90 forbids mixed declarations and code [-Wdeclaration-after-statement]
  248 |     VALUE tmp = RB_OBJ_WB_UNPROTECT_FOR(ARRAY, ary);
      |     ^~~~~
C:/Users/vagrant/pro/pkg/w32/ruby/include/ruby-3.0.0/ruby/internal/core/rarray.h: In function 'RARRAY_ASET':
C:/Users/vagrant/pro/pkg/w32/ruby/include/ruby-3.0.0/ruby/internal/core/rarray.h:227:5: warning: ISO C90 forbids mixed declarations and code [-Wdeclaration-after-statement]
  227 |     const VALUE rbimpl_ary = (ary);                          \
      |     ^~~~~
C:/Users/vagrant/pro/pkg/w32/ruby/include/ruby-3.0.0/ruby/internal/core/rarray.h:227:5: note: in definition of macro 'RBIMPL_RARRAY_STMT'
  227 |     const VALUE rbimpl_ary = (ary);                          \
      |     ^~~~~
C:/Users/vagrant/pro/pkg/w32/ruby/include/ruby-3.0.0/ruby/internal/core/rarray.h:255:5: note: in expansion of macro 'RARRAY_PTR_USE_TRANSIENT'
  255 |     RARRAY_PTR_USE_TRANSIENT(ary, ptr,
      |     ^~~~~~~~~~~~~~~~~~~~~~~~
In file included from C:/Users/vagrant/pro/pkg/w32/ruby/include/ruby-3.0.0/ruby/internal/core.h:30,
                 from C:/Users/vagrant/pro/pkg/w32/ruby/include/ruby-3.0.0/ruby/ruby.h:26,
                 from C:/Users/vagrant/pro/pkg/w32/ruby/include/ruby-3.0.0/ruby.h:38,
                 from conftest.c:1:
C:/Users/vagrant/pro/pkg/w32/ruby/include/ruby-3.0.0/ruby/internal/core/robject.h: In function 'ROBJECT_IVPTR':
C:/Users/vagrant/pro/pkg/w32/ruby/include/ruby-3.0.0/ruby/internal/core/robject.h:86:5: warning: ISO C90 forbids mixed declarations and code [-Wdeclaration-after-statement]
   86 |     struct RObject *const ptr = ROBJECT(obj);
      |     ^~~~~~
In file included from C:/Users/vagrant/pro/pkg/w32/ruby/include/ruby-3.0.0/ruby/internal/core.h:31,
                 from C:/Users/vagrant/pro/pkg/w32/ruby/include/ruby-3.0.0/ruby/ruby.h:26,
                 from C:/Users/vagrant/pro/pkg/w32/ruby/include/ruby-3.0.0/ruby.h:38,
                 from conftest.c:1:
C:/Users/vagrant/pro/pkg/w32/ruby/include/ruby-3.0.0/ruby/internal/core/rregexp.h: In function 'RREGEXP_SRC':
C:/Users/vagrant/pro/pkg/w32/ruby/include/ruby-3.0.0/ruby/internal/core/rregexp.h:55:5: warning: ISO C90 forbids mixed declarations and code [-Wdeclaration-after-statement]
   55 |     VALUE ret = RREGEXP(rexp)->src;
      |     ^~~~~
In file included from C:/Users/vagrant/pro/pkg/w32/ruby/include/ruby-3.0.0/ruby/ruby.h:42,
                 from C:/Users/vagrant/pro/pkg/w32/ruby/include/ruby-3.0.0/ruby.h:38,
                 from conftest.c:1:
C:/Users/vagrant/pro/pkg/w32/ruby/include/ruby-3.0.0/ruby/internal/newobj.h: In function 'rb_clone_setup':
C:/Users/vagrant/pro/pkg/w32/ruby/include/ruby-3.0.0/ruby/internal/newobj.h:56:5: warning: ISO C90 forbids mixed declarations and code [-Wdeclaration-after-statement]
   56 |     const VALUE flags = RUBY_FL_PROMOTED0 | RUBY_FL_PROMOTED1 | RUBY_FL_FINALIZE;
      |     ^~~~~
checked program was:
/* begin */
1: #include "ruby.h"
2: 
3: #include <winsock2.h>
4: #include <windows.h>
5: int main(int argc, char **argv)
6: {
7:   return !!argv[argc];
8: }
/* end */

"x86_64-w64-mingw32-gcc -o conftest.exe -IC:/Users/vagrant/pro/pkg/w32/ruby/include/ruby-3.0.0/x64-mingw32 -IC:/Users/vagrant/pro/pkg/w32/ruby/include/ruby-3.0.0/ruby/backward -IC:/Users/vagrant/pro/pkg/w32/ruby/include/ruby-3.0.0 -I. -D_WIN32_WINNT=0x0600 -D__MINGW_USE_VC2005_COMPAT -D_FILE_OFFSET_BITS=64  -O3 -DFD_SETSIZE=2048 -fno-omit-frame-pointer -fno-fast-math -Wall -Wextra -Wno-unused-parameter -Wno-parentheses -Wno-long-long -Wno-missing-field-initializers -Wunused-variable -Wpointer-arith -Wwrite-strings -Wdeclaration-after-statement -Wimplicit-function-declaration conftest.c  -L. -LC:/Users/vagrant/pro/pkg/w32/ruby/lib -L.   -m64   -lx64-msvcrt-ruby300  -lshell32 -lws2_32 -liphlpapi -limagehlp -lshlwapi  "
In file included from C:/Users/vagrant/pro/pkg/w32/ruby/include/ruby-3.0.0/ruby/internal/arithmetic/int.h:26,
                 from C:/Users/vagrant/pro/pkg/w32/ruby/include/ruby-3.0.0/ruby/internal/arithmetic/char.h:23,
                 from C:/Users/vagrant/pro/pkg/w32/ruby/include/ruby-3.0.0/ruby/internal/arithmetic.h:23,
                 from C:/Users/vagrant/pro/pkg/w32/ruby/include/ruby-3.0.0/ruby/ruby.h:25,
                 from C:/Users/vagrant/pro/pkg/w32/ruby/include/ruby-3.0.0/ruby.h:38,
                 from conftest.c:1:
C:/Users/vagrant/pro/pkg/w32/ruby/include/ruby-3.0.0/ruby/internal/arithmetic/long.h: In function 'RB_INT2FIX':
C:/Users/vagrant/pro/pkg/w32/ruby/include/ruby-3.0.0/ruby/internal/arithmetic/long.h:88:5: warning: ISO C90 forbids mixed declarations and code [-Wdeclaration-after-statement]
   88 |     const unsigned long j = i;
      |     ^~~~~
C:/Users/vagrant/pro/pkg/w32/ruby/include/ruby-3.0.0/ruby/internal/arithmetic/long.h: In function 'rbimpl_fix2long_by_idiv':
C:/Users/vagrant/pro/pkg/w32/ruby/include/ruby-3.0.0/ruby/internal/arithmetic/long.h:123:5: warning: ISO C90 forbids mixed declarations and code [-Wdeclaration-after-statement]
  123 |     const SIGNED_VALUE y = x - RUBY_FIXNUM_FLAG;
      |     ^~~~~
C:/Users/vagrant/pro/pkg/w32/ruby/include/ruby-3.0.0/ruby/internal/arithmetic/long.h: In function 'rbimpl_fix2long_by_shift':
C:/Users/vagrant/pro/pkg/w32/ruby/include/ruby-3.0.0/ruby/internal/arithmetic/long.h:140:5: warning: ISO C90 forbids mixed declarations and code [-Wdeclaration-after-statement]
  140 |     const SIGNED_VALUE y = x;
      |     ^~~~~
In file included from C:/Users/vagrant/pro/pkg/w32/ruby/include/ruby-3.0.0/ruby/internal/fl_type.h:35,
                 from C:/Users/vagrant/pro/pkg/w32/ruby/include/ruby-3.0.0/ruby/internal/core/rstring.h:30,
                 from C:/Users/vagrant/pro/pkg/w32/ruby/include/ruby-3.0.0/ruby/internal/arithmetic/char.h:29,
                 from C:/Users/vagrant/pro/pkg/w32/ruby/include/ruby-3.0.0/ruby/internal/arithmetic.h:23,
                 from C:/Users/vagrant/pro/pkg/w32/ruby/include/ruby-3.0.0/ruby/ruby.h:25,
                 from C:/Users/vagrant/pro/pkg/w32/ruby/include/ruby-3.0.0/ruby.h:38,
                 from conftest.c:1:
C:/Users/vagrant/pro/pkg/w32/ruby/include/ruby-3.0.0/ruby/internal/value_type.h: In function 'RB_BUILTIN_TYPE':
C:/Users/vagrant/pro/pkg/w32/ruby/include/ruby-3.0.0/ruby/internal/value_type.h:157:5: warning: ISO C90 forbids mixed declarations and code [-Wdeclaration-after-statement]
  157 |     VALUE ret = RBASIC(obj)->flags & RUBY_T_MASK;
      |     ^~~~~
In file included from C:/Users/vagrant/pro/pkg/w32/ruby/include/ruby-3.0.0/ruby/internal/arithmetic/char.h:29,
                 from C:/Users/vagrant/pro/pkg/w32/ruby/include/ruby-3.0.0/ruby/internal/arithmetic.h:23,
                 from C:/Users/vagrant/pro/pkg/w32/ruby/include/ruby-3.0.0/ruby/ruby.h:25,
                 from C:/Users/vagrant/pro/pkg/w32/ruby/include/ruby-3.0.0/ruby.h:38,
                 from conftest.c:1:
C:/Users/vagrant/pro/pkg/w32/ruby/include/ruby-3.0.0/ruby/internal/core/rstring.h: In function 'RSTRING_EMBED_LEN':
C:/Users/vagrant/pro/pkg/w32/ruby/include/ruby-3.0.0/ruby/internal/core/rstring.h:109:5: warning: ISO C90 forbids mixed declarations and code [-Wdeclaration-after-statement]
  109 |     VALUE f = RBASIC(str)->flags;
      |     ^~~~~
In file included from C:/Users/vagrant/pro/pkg/w32/ruby/include/ruby-3.0.0/ruby/internal/arithmetic.h:36,
                 from C:/Users/vagrant/pro/pkg/w32/ruby/include/ruby-3.0.0/ruby/ruby.h:25,
                 from C:/Users/vagrant/pro/pkg/w32/ruby/include/ruby-3.0.0/ruby.h:38,
                 from conftest.c:1:
C:/Users/vagrant/pro/pkg/w32/ruby/include/ruby-3.0.0/ruby/internal/arithmetic/st_data_t.h: In function 'RB_ST2FIX':
C:/Users/vagrant/pro/pkg/w32/ruby/include/ruby-3.0.0/ruby/internal/arithmetic/st_data_t.h:55:5: warning: ISO C90 forbids mixed declarations and code [-Wdeclaration-after-statement]
   55 |     unsigned long y = RBIMPL_CAST((unsigned long)x);
      |     ^~~~~~~~
In file included from C:/Users/vagrant/pro/pkg/w32/ruby/include/ruby-3.0.0/ruby/internal/core.h:23,
                 from C:/Users/vagrant/pro/pkg/w32/ruby/include/ruby-3.0.0/ruby/ruby.h:26,
                 from C:/Users/vagrant/pro/pkg/w32/ruby/include/ruby-3.0.0/ruby.h:38,
                 from conftest.c:1:
C:/Users/vagrant/pro/pkg/w32/ruby/include/ruby-3.0.0/ruby/internal/core/rarray.h: In function 'RARRAY_EMBED_LEN':
C:/Users/vagrant/pro/pkg/w32/ruby/include/ruby-3.0.0/ruby/internal/core/rarray.h:123:5: warning: ISO C90 forbids mixed declarations and code [-Wdeclaration-after-statement]
  123 |     VALUE f = RBASIC(ary)->flags;
      |     ^~~~~
C:/Users/vagrant/pro/pkg/w32/ruby/include/ruby-3.0.0/ruby/internal/core/rarray.h: In function 'RARRAY_PTR':
C:/Users/vagrant/pro/pkg/w32/ruby/include/ruby-3.0.0/ruby/internal/core/rarray.h:248:5: warning: ISO C90 forbids mixed declarations and code [-Wdeclaration-after-statement]
  248 |     VALUE tmp = RB_OBJ_WB_UNPROTECT_FOR(ARRAY, ary);
      |     ^~~~~
C:/Users/vagrant/pro/pkg/w32/ruby/include/ruby-3.0.0/ruby/internal/core/rarray.h: In function 'RARRAY_ASET':
C:/Users/vagrant/pro/pkg/w32/ruby/include/ruby-3.0.0/ruby/internal/core/rarray.h:227:5: warning: ISO C90 forbids mixed declarations and code [-Wdeclaration-after-statement]
  227 |     const VALUE rbimpl_ary = (ary);                          \
      |     ^~~~~
C:/Users/vagrant/pro/pkg/w32/ruby/include/ruby-3.0.0/ruby/internal/core/rarray.h:227:5: note: in definition of macro 'RBIMPL_RARRAY_STMT'
  227 |     const VALUE rbimpl_ary = (ary);                          \
      |     ^~~~~
C:/Users/vagrant/pro/pkg/w32/ruby/include/ruby-3.0.0/ruby/internal/core/rarray.h:255:5: note: in expansion of macro 'RARRAY_PTR_USE_TRANSIENT'
  255 |     RARRAY_PTR_USE_TRANSIENT(ary, ptr,
      |     ^~~~~~~~~~~~~~~~~~~~~~~~
In file included from C:/Users/vagrant/pro/pkg/w32/ruby/include/ruby-3.0.0/ruby/internal/core.h:30,
                 from C:/Users/vagrant/pro/pkg/w32/ruby/include/ruby-3.0.0/ruby/ruby.h:26,
                 from C:/Users/vagrant/pro/pkg/w32/ruby/include/ruby-3.0.0/ruby.h:38,
                 from conftest.c:1:
C:/Users/vagrant/pro/pkg/w32/ruby/include/ruby-3.0.0/ruby/internal/core/robject.h: In function 'ROBJECT_IVPTR':
C:/Users/vagrant/pro/pkg/w32/ruby/include/ruby-3.0.0/ruby/internal/core/robject.h:86:5: warning: ISO C90 forbids mixed declarations and code [-Wdeclaration-after-statement]
   86 |     struct RObject *const ptr = ROBJECT(obj);
      |     ^~~~~~
In file included from C:/Users/vagrant/pro/pkg/w32/ruby/include/ruby-3.0.0/ruby/internal/core.h:31,
                 from C:/Users/vagrant/pro/pkg/w32/ruby/include/ruby-3.0.0/ruby/ruby.h:26,
                 from C:/Users/vagrant/pro/pkg/w32/ruby/include/ruby-3.0.0/ruby.h:38,
                 from conftest.c:1:
C:/Users/vagrant/pro/pkg/w32/ruby/include/ruby-3.0.0/ruby/internal/core/rregexp.h: In function 'RREGEXP_SRC':
C:/Users/vagrant/pro/pkg/w32/ruby/include/ruby-3.0.0/ruby/internal/core/rregexp.h:55:5: warning: ISO C90 forbids mixed declarations and code [-Wdeclaration-after-statement]
   55 |     VALUE ret = RREGEXP(rexp)->src;
      |     ^~~~~
In file included from C:/Users/vagrant/pro/pkg/w32/ruby/include/ruby-3.0.0/ruby/ruby.h:42,
                 from C:/Users/vagrant/pro/pkg/w32/ruby/include/ruby-3.0.0/ruby.h:38,
                 from conftest.c:1:
C:/Users/vagrant/pro/pkg/w32/ruby/include/ruby-3.0.0/ruby/internal/newobj.h: In function 'rb_clone_setup':
C:/Users/vagrant/pro/pkg/w32/ruby/include/ruby-3.0.0/ruby/internal/newobj.h:56:5: warning: ISO C90 forbids mixed declarations and code [-Wdeclaration-after-statement]
   56 |     const VALUE flags = RUBY_FL_PROMOTED0 | RUBY_FL_PROMOTED1 | RUBY_FL_FINALIZE;
      |     ^~~~~
conftest.c: In function 't':
conftest.c:17:43: warning: cast between incompatible function types from 'int (*)(struct ifaddrs **)' to 'void (*)()' [-Wcast-function-type]
   17 | int t(void) { void ((*volatile p)()); p = (void ((*)()))getifaddrs; return !p; }
      |                                           ^
checked program was:
/* begin */
 1: #include "ruby.h"
 2: 
 3: #include <winsock2.h>
 4: #include <windows.h>
 5: 
 6: /*top*/
 7: extern int t(void);
 8: int main(int argc, char **argv)
 9: {
10:   if (argc > 1000000) {
11:     int (* volatile tp)(void)=(int (*)(void))&t;
12:     printf("%d", (*tp)());
13:   }
14: 
15:   return !!argv[argc];
16: }
17: int t(void) { void ((*volatile p)()); p = (void ((*)()))getifaddrs; return !p; }
/* end */

--------------------

have_func: checking for getnameinfo()... -------------------- yes

"x86_64-w64-mingw32-gcc -o conftest.exe -IC:/Users/vagrant/pro/pkg/w32/ruby/include/ruby-3.0.0/x64-mingw32 -IC:/Users/vagrant/pro/pkg/w32/ruby/include/ruby-3.0.0/ruby/backward -IC:/Users/vagrant/pro/pkg/w32/ruby/include/ruby-3.0.0 -I. -D_WIN32_WINNT=0x0600 -D__MINGW_USE_VC2005_COMPAT -D_FILE_OFFSET_BITS=64  -O3 -DFD_SETSIZE=2048 -fno-omit-frame-pointer -fno-fast-math -Wall -Wextra -Wno-unused-parameter -Wno-parentheses -Wno-long-long -Wno-missing-field-initializers -Wunused-variable -Wpointer-arith -Wwrite-strings -Wdeclaration-after-statement -Wimplicit-function-declaration conftest.c  -L. -LC:/Users/vagrant/pro/pkg/w32/ruby/lib -L.   -m64   -lx64-msvcrt-ruby300  -lshell32 -lws2_32 -liphlpapi -limagehlp -lshlwapi  "
In file included from C:/Users/vagrant/pro/pkg/w32/ruby/include/ruby-3.0.0/ruby/internal/arithmetic/int.h:26,
                 from C:/Users/vagrant/pro/pkg/w32/ruby/include/ruby-3.0.0/ruby/internal/arithmetic/char.h:23,
                 from C:/Users/vagrant/pro/pkg/w32/ruby/include/ruby-3.0.0/ruby/internal/arithmetic.h:23,
                 from C:/Users/vagrant/pro/pkg/w32/ruby/include/ruby-3.0.0/ruby/ruby.h:25,
                 from C:/Users/vagrant/pro/pkg/w32/ruby/include/ruby-3.0.0/ruby.h:38,
                 from conftest.c:1:
C:/Users/vagrant/pro/pkg/w32/ruby/include/ruby-3.0.0/ruby/internal/arithmetic/long.h: In function 'RB_INT2FIX':
C:/Users/vagrant/pro/pkg/w32/ruby/include/ruby-3.0.0/ruby/internal/arithmetic/long.h:88:5: warning: ISO C90 forbids mixed declarations and code [-Wdeclaration-after-statement]
   88 |     const unsigned long j = i;
      |     ^~~~~
C:/Users/vagrant/pro/pkg/w32/ruby/include/ruby-3.0.0/ruby/internal/arithmetic/long.h: In function 'rbimpl_fix2long_by_idiv':
C:/Users/vagrant/pro/pkg/w32/ruby/include/ruby-3.0.0/ruby/internal/arithmetic/long.h:123:5: warning: ISO C90 forbids mixed declarations and code [-Wdeclaration-after-statement]
  123 |     const SIGNED_VALUE y = x - RUBY_FIXNUM_FLAG;
      |     ^~~~~
C:/Users/vagrant/pro/pkg/w32/ruby/include/ruby-3.0.0/ruby/internal/arithmetic/long.h: In function 'rbimpl_fix2long_by_shift':
C:/Users/vagrant/pro/pkg/w32/ruby/include/ruby-3.0.0/ruby/internal/arithmetic/long.h:140:5: warning: ISO C90 forbids mixed declarations and code [-Wdeclaration-after-statement]
  140 |     const SIGNED_VALUE y = x;
      |     ^~~~~
In file included from C:/Users/vagrant/pro/pkg/w32/ruby/include/ruby-3.0.0/ruby/internal/fl_type.h:35,
                 from C:/Users/vagrant/pro/pkg/w32/ruby/include/ruby-3.0.0/ruby/internal/core/rstring.h:30,
                 from C:/Users/vagrant/pro/pkg/w32/ruby/include/ruby-3.0.0/ruby/internal/arithmetic/char.h:29,
                 from C:/Users/vagrant/pro/pkg/w32/ruby/include/ruby-3.0.0/ruby/internal/arithmetic.h:23,
                 from C:/Users/vagrant/pro/pkg/w32/ruby/include/ruby-3.0.0/ruby/ruby.h:25,
                 from C:/Users/vagrant/pro/pkg/w32/ruby/include/ruby-3.0.0/ruby.h:38,
                 from conftest.c:1:
C:/Users/vagrant/pro/pkg/w32/ruby/include/ruby-3.0.0/ruby/internal/value_type.h: In function 'RB_BUILTIN_TYPE':
C:/Users/vagrant/pro/pkg/w32/ruby/include/ruby-3.0.0/ruby/internal/value_type.h:157:5: warning: ISO C90 forbids mixed declarations and code [-Wdeclaration-after-statement]
  157 |     VALUE ret = RBASIC(obj)->flags & RUBY_T_MASK;
      |     ^~~~~
In file included from C:/Users/vagrant/pro/pkg/w32/ruby/include/ruby-3.0.0/ruby/internal/arithmetic/char.h:29,
                 from C:/Users/vagrant/pro/pkg/w32/ruby/include/ruby-3.0.0/ruby/internal/arithmetic.h:23,
                 from C:/Users/vagrant/pro/pkg/w32/ruby/include/ruby-3.0.0/ruby/ruby.h:25,
                 from C:/Users/vagrant/pro/pkg/w32/ruby/include/ruby-3.0.0/ruby.h:38,
                 from conftest.c:1:
C:/Users/vagrant/pro/pkg/w32/ruby/include/ruby-3.0.0/ruby/internal/core/rstring.h: In function 'RSTRING_EMBED_LEN':
C:/Users/vagrant/pro/pkg/w32/ruby/include/ruby-3.0.0/ruby/internal/core/rstring.h:109:5: warning: ISO C90 forbids mixed declarations and code [-Wdeclaration-after-statement]
  109 |     VALUE f = RBASIC(str)->flags;
      |     ^~~~~
In file included from C:/Users/vagrant/pro/pkg/w32/ruby/include/ruby-3.0.0/ruby/internal/arithmetic.h:36,
                 from C:/Users/vagrant/pro/pkg/w32/ruby/include/ruby-3.0.0/ruby/ruby.h:25,
                 from C:/Users/vagrant/pro/pkg/w32/ruby/include/ruby-3.0.0/ruby.h:38,
                 from conftest.c:1:
C:/Users/vagrant/pro/pkg/w32/ruby/include/ruby-3.0.0/ruby/internal/arithmetic/st_data_t.h: In function 'RB_ST2FIX':
C:/Users/vagrant/pro/pkg/w32/ruby/include/ruby-3.0.0/ruby/internal/arithmetic/st_data_t.h:55:5: warning: ISO C90 forbids mixed declarations and code [-Wdeclaration-after-statement]
   55 |     unsigned long y = RBIMPL_CAST((unsigned long)x);
      |     ^~~~~~~~
In file included from C:/Users/vagrant/pro/pkg/w32/ruby/include/ruby-3.0.0/ruby/internal/core.h:23,
                 from C:/Users/vagrant/pro/pkg/w32/ruby/include/ruby-3.0.0/ruby/ruby.h:26,
                 from C:/Users/vagrant/pro/pkg/w32/ruby/include/ruby-3.0.0/ruby.h:38,
                 from conftest.c:1:
C:/Users/vagrant/pro/pkg/w32/ruby/include/ruby-3.0.0/ruby/internal/core/rarray.h: In function 'RARRAY_EMBED_LEN':
C:/Users/vagrant/pro/pkg/w32/ruby/include/ruby-3.0.0/ruby/internal/core/rarray.h:123:5: warning: ISO C90 forbids mixed declarations and code [-Wdeclaration-after-statement]
  123 |     VALUE f = RBASIC(ary)->flags;
      |     ^~~~~
C:/Users/vagrant/pro/pkg/w32/ruby/include/ruby-3.0.0/ruby/internal/core/rarray.h: In function 'RARRAY_PTR':
C:/Users/vagrant/pro/pkg/w32/ruby/include/ruby-3.0.0/ruby/internal/core/rarray.h:248:5: warning: ISO C90 forbids mixed declarations and code [-Wdeclaration-after-statement]
  248 |     VALUE tmp = RB_OBJ_WB_UNPROTECT_FOR(ARRAY, ary);
      |     ^~~~~
C:/Users/vagrant/pro/pkg/w32/ruby/include/ruby-3.0.0/ruby/internal/core/rarray.h: In function 'RARRAY_ASET':
C:/Users/vagrant/pro/pkg/w32/ruby/include/ruby-3.0.0/ruby/internal/core/rarray.h:227:5: warning: ISO C90 forbids mixed declarations and code [-Wdeclaration-after-statement]
  227 |     const VALUE rbimpl_ary = (ary);                          \
      |     ^~~~~
C:/Users/vagrant/pro/pkg/w32/ruby/include/ruby-3.0.0/ruby/internal/core/rarray.h:227:5: note: in definition of macro 'RBIMPL_RARRAY_STMT'
  227 |     const VALUE rbimpl_ary = (ary);                          \
      |     ^~~~~
C:/Users/vagrant/pro/pkg/w32/ruby/include/ruby-3.0.0/ruby/internal/core/rarray.h:255:5: note: in expansion of macro 'RARRAY_PTR_USE_TRANSIENT'
  255 |     RARRAY_PTR_USE_TRANSIENT(ary, ptr,
      |     ^~~~~~~~~~~~~~~~~~~~~~~~
In file included from C:/Users/vagrant/pro/pkg/w32/ruby/include/ruby-3.0.0/ruby/internal/core.h:30,
                 from C:/Users/vagrant/pro/pkg/w32/ruby/include/ruby-3.0.0/ruby/ruby.h:26,
                 from C:/Users/vagrant/pro/pkg/w32/ruby/include/ruby-3.0.0/ruby.h:38,
                 from conftest.c:1:
C:/Users/vagrant/pro/pkg/w32/ruby/include/ruby-3.0.0/ruby/internal/core/robject.h: In function 'ROBJECT_IVPTR':
C:/Users/vagrant/pro/pkg/w32/ruby/include/ruby-3.0.0/ruby/internal/core/robject.h:86:5: warning: ISO C90 forbids mixed declarations and code [-Wdeclaration-after-statement]
   86 |     struct RObject *const ptr = ROBJECT(obj);
      |     ^~~~~~
In file included from C:/Users/vagrant/pro/pkg/w32/ruby/include/ruby-3.0.0/ruby/internal/core.h:31,
                 from C:/Users/vagrant/pro/pkg/w32/ruby/include/ruby-3.0.0/ruby/ruby.h:26,
                 from C:/Users/vagrant/pro/pkg/w32/ruby/include/ruby-3.0.0/ruby.h:38,
                 from conftest.c:1:
C:/Users/vagrant/pro/pkg/w32/ruby/include/ruby-3.0.0/ruby/internal/core/rregexp.h: In function 'RREGEXP_SRC':
C:/Users/vagrant/pro/pkg/w32/ruby/include/ruby-3.0.0/ruby/internal/core/rregexp.h:55:5: warning: ISO C90 forbids mixed declarations and code [-Wdeclaration-after-statement]
   55 |     VALUE ret = RREGEXP(rexp)->src;
      |     ^~~~~
In file included from C:/Users/vagrant/pro/pkg/w32/ruby/include/ruby-3.0.0/ruby/ruby.h:42,
                 from C:/Users/vagrant/pro/pkg/w32/ruby/include/ruby-3.0.0/ruby.h:38,
                 from conftest.c:1:
C:/Users/vagrant/pro/pkg/w32/ruby/include/ruby-3.0.0/ruby/internal/newobj.h: In function 'rb_clone_setup':
C:/Users/vagrant/pro/pkg/w32/ruby/include/ruby-3.0.0/ruby/internal/newobj.h:56:5: warning: ISO C90 forbids mixed declarations and code [-Wdeclaration-after-statement]
   56 |     const VALUE flags = RUBY_FL_PROMOTED0 | RUBY_FL_PROMOTED1 | RUBY_FL_FINALIZE;
      |     ^~~~~
conftest.c: In function 't':
conftest.c:17:43: warning: cast between incompatible function types from 'int (*)(const struct sockaddr *, socklen_t,  char *, DWORD,  char *, DWORD,  int)' {aka 'int (*)(const struct sockaddr *, int,  char *, long unsigned int,  char *, long unsigned int,  int)'} to 'void (*)()' [-Wcast-function-type]
   17 | int t(void) { void ((*volatile p)()); p = (void ((*)()))getnameinfo; return !p; }
      |                                           ^
checked program was:
/* begin */
 1: #include "ruby.h"
 2: 
 3: #include <winsock2.h>
 4: #include <windows.h>
 5: 
 6: /*top*/
 7: extern int t(void);
 8: int main(int argc, char **argv)
 9: {
10:   if (argc > 1000000) {
11:     int (* volatile tp)(void)=(int (*)(void))&t;
12:     printf("%d", (*tp)());
13:   }
14: 
15:   return !!argv[argc];
16: }
17: int t(void) { void ((*volatile p)()); p = (void ((*)()))getnameinfo; return !p; }
/* end */

--------------------

have_header: checking for net/if_dl.h... -------------------- no

"x86_64-w64-mingw32-gcc -E -IC:/Users/vagrant/pro/pkg/w32/ruby/include/ruby-3.0.0/x64-mingw32 -IC:/Users/vagrant/pro/pkg/w32/ruby/include/ruby-3.0.0/ruby/backward -IC:/Users/vagrant/pro/pkg/w32/ruby/include/ruby-3.0.0 -I. -D_WIN32_WINNT=0x0600 -D__MINGW_USE_VC2005_COMPAT -D_FILE_OFFSET_BITS=64  -O3 -DFD_SETSIZE=2048 -fno-omit-frame-pointer -fno-fast-math -Wall -Wextra -Wno-unused-parameter -Wno-parentheses -Wno-long-long -Wno-missing-field-initializers -Wunused-variable -Wpointer-arith -Wwrite-strings -Wdeclaration-after-statement -Wimplicit-function-declaration  conftest.c -o conftest.i"
conftest.c:5:10: fatal error: net/if_dl.h: No such file or directory
    5 | #include <net/if_dl.h>
      |          ^~~~~~~~~~~~~
compilation terminated.
checked program was:
/* begin */
1: #include "ruby.h"
2: 
3: #include <winsock2.h>
4: #include <windows.h>
5: #include <net/if_dl.h>
/* end */

--------------------

have_header: checking for netash/ash.h... -------------------- no

"x86_64-w64-mingw32-gcc -E -IC:/Users/vagrant/pro/pkg/w32/ruby/include/ruby-3.0.0/x64-mingw32 -IC:/Users/vagrant/pro/pkg/w32/ruby/include/ruby-3.0.0/ruby/backward -IC:/Users/vagrant/pro/pkg/w32/ruby/include/ruby-3.0.0 -I. -D_WIN32_WINNT=0x0600 -D__MINGW_USE_VC2005_COMPAT -D_FILE_OFFSET_BITS=64  -O3 -DFD_SETSIZE=2048 -fno-omit-frame-pointer -fno-fast-math -Wall -Wextra -Wno-unused-parameter -Wno-parentheses -Wno-long-long -Wno-missing-field-initializers -Wunused-variable -Wpointer-arith -Wwrite-strings -Wdeclaration-after-statement -Wimplicit-function-declaration  conftest.c -o conftest.i"
conftest.c:5:10: fatal error: netash/ash.h: No such file or directory
    5 | #include <netash/ash.h>
      |          ^~~~~~~~~~~~~~
compilation terminated.
checked program was:
/* begin */
1: #include "ruby.h"
2: 
3: #include <winsock2.h>
4: #include <windows.h>
5: #include <netash/ash.h>
/* end */

--------------------

have_header: checking for netatalk/at.h... -------------------- no

"x86_64-w64-mingw32-gcc -E -IC:/Users/vagrant/pro/pkg/w32/ruby/include/ruby-3.0.0/x64-mingw32 -IC:/Users/vagrant/pro/pkg/w32/ruby/include/ruby-3.0.0/ruby/backward -IC:/Users/vagrant/pro/pkg/w32/ruby/include/ruby-3.0.0 -I. -D_WIN32_WINNT=0x0600 -D__MINGW_USE_VC2005_COMPAT -D_FILE_OFFSET_BITS=64  -O3 -DFD_SETSIZE=2048 -fno-omit-frame-pointer -fno-fast-math -Wall -Wextra -Wno-unused-parameter -Wno-parentheses -Wno-long-long -Wno-missing-field-initializers -Wunused-variable -Wpointer-arith -Wwrite-strings -Wdeclaration-after-statement -Wimplicit-function-declaration  conftest.c -o conftest.i"
conftest.c:5:10: fatal error: netatalk/at.h: No such file or directory
    5 | #include <netatalk/at.h>
      |          ^~~~~~~~~~~~~~~
compilation terminated.
checked program was:
/* begin */
1: #include "ruby.h"
2: 
3: #include <winsock2.h>
4: #include <windows.h>
5: #include <netatalk/at.h>
/* end */

--------------------

have_header: checking for netax25/ax25.h... -------------------- no

"x86_64-w64-mingw32-gcc -E -IC:/Users/vagrant/pro/pkg/w32/ruby/include/ruby-3.0.0/x64-mingw32 -IC:/Users/vagrant/pro/pkg/w32/ruby/include/ruby-3.0.0/ruby/backward -IC:/Users/vagrant/pro/pkg/w32/ruby/include/ruby-3.0.0 -I. -D_WIN32_WINNT=0x0600 -D__MINGW_USE_VC2005_COMPAT -D_FILE_OFFSET_BITS=64  -O3 -DFD_SETSIZE=2048 -fno-omit-frame-pointer -fno-fast-math -Wall -Wextra -Wno-unused-parameter -Wno-parentheses -Wno-long-long -Wno-missing-field-initializers -Wunused-variable -Wpointer-arith -Wwrite-strings -Wdeclaration-after-statement -Wimplicit-function-declaration  conftest.c -o conftest.i"
conftest.c:5:10: fatal error: netax25/ax25.h: No such file or directory
    5 | #include <netax25/ax25.h>
      |          ^~~~~~~~~~~~~~~~
compilation terminated.
checked program was:
/* begin */
1: #include "ruby.h"
2: 
3: #include <winsock2.h>
4: #include <windows.h>
5: #include <netax25/ax25.h>
/* end */

--------------------

have_header: checking for neteconet/ec.h... -------------------- no

"x86_64-w64-mingw32-gcc -E -IC:/Users/vagrant/pro/pkg/w32/ruby/include/ruby-3.0.0/x64-mingw32 -IC:/Users/vagrant/pro/pkg/w32/ruby/include/ruby-3.0.0/ruby/backward -IC:/Users/vagrant/pro/pkg/w32/ruby/include/ruby-3.0.0 -I. -D_WIN32_WINNT=0x0600 -D__MINGW_USE_VC2005_COMPAT -D_FILE_OFFSET_BITS=64  -O3 -DFD_SETSIZE=2048 -fno-omit-frame-pointer -fno-fast-math -Wall -Wextra -Wno-unused-parameter -Wno-parentheses -Wno-long-long -Wno-missing-field-initializers -Wunused-variable -Wpointer-arith -Wwrite-strings -Wdeclaration-after-statement -Wimplicit-function-declaration  conftest.c -o conftest.i"
conftest.c:5:10: fatal error: neteconet/ec.h: No such file or directory
    5 | #include <neteconet/ec.h>
      |          ^~~~~~~~~~~~~~~~
compilation terminated.
checked program was:
/* begin */
1: #include "ruby.h"
2: 
3: #include <winsock2.h>
4: #include <windows.h>
5: #include <neteconet/ec.h>
/* end */

--------------------

have_header: checking for netipx/ipx.h... -------------------- no

"x86_64-w64-mingw32-gcc -E -IC:/Users/vagrant/pro/pkg/w32/ruby/include/ruby-3.0.0/x64-mingw32 -IC:/Users/vagrant/pro/pkg/w32/ruby/include/ruby-3.0.0/ruby/backward -IC:/Users/vagrant/pro/pkg/w32/ruby/include/ruby-3.0.0 -I. -D_WIN32_WINNT=0x0600 -D__MINGW_USE_VC2005_COMPAT -D_FILE_OFFSET_BITS=64  -O3 -DFD_SETSIZE=2048 -fno-omit-frame-pointer -fno-fast-math -Wall -Wextra -Wno-unused-parameter -Wno-parentheses -Wno-long-long -Wno-missing-field-initializers -Wunused-variable -Wpointer-arith -Wwrite-strings -Wdeclaration-after-statement -Wimplicit-function-declaration  conftest.c -o conftest.i"
conftest.c:5:10: fatal error: netipx/ipx.h: No such file or directory
    5 | #include <netipx/ipx.h>
      |          ^~~~~~~~~~~~~~
compilation terminated.
checked program was:
/* begin */
1: #include "ruby.h"
2: 
3: #include <winsock2.h>
4: #include <windows.h>
5: #include <netipx/ipx.h>
/* end */

--------------------

have_header: checking for netpacket/packet.h... -------------------- no

"x86_64-w64-mingw32-gcc -E -IC:/Users/vagrant/pro/pkg/w32/ruby/include/ruby-3.0.0/x64-mingw32 -IC:/Users/vagrant/pro/pkg/w32/ruby/include/ruby-3.0.0/ruby/backward -IC:/Users/vagrant/pro/pkg/w32/ruby/include/ruby-3.0.0 -I. -D_WIN32_WINNT=0x0600 -D__MINGW_USE_VC2005_COMPAT -D_FILE_OFFSET_BITS=64  -O3 -DFD_SETSIZE=2048 -fno-omit-frame-pointer -fno-fast-math -Wall -Wextra -Wno-unused-parameter -Wno-parentheses -Wno-long-long -Wno-missing-field-initializers -Wunused-variable -Wpointer-arith -Wwrite-strings -Wdeclaration-after-statement -Wimplicit-function-declaration  conftest.c -o conftest.i"
conftest.c:5:10: fatal error: netpacket/packet.h: No such file or directory
    5 | #include <netpacket/packet.h>
      |          ^~~~~~~~~~~~~~~~~~~~
compilation terminated.
checked program was:
/* begin */
1: #include "ruby.h"
2: 
3: #include <winsock2.h>
4: #include <windows.h>
5: #include <netpacket/packet.h>
/* end */

--------------------

have_header: checking for netrose/rose.h... -------------------- no

"x86_64-w64-mingw32-gcc -E -IC:/Users/vagrant/pro/pkg/w32/ruby/include/ruby-3.0.0/x64-mingw32 -IC:/Users/vagrant/pro/pkg/w32/ruby/include/ruby-3.0.0/ruby/backward -IC:/Users/vagrant/pro/pkg/w32/ruby/include/ruby-3.0.0 -I. -D_WIN32_WINNT=0x0600 -D__MINGW_USE_VC2005_COMPAT -D_FILE_OFFSET_BITS=64  -O3 -DFD_SETSIZE=2048 -fno-omit-frame-pointer -fno-fast-math -Wall -Wextra -Wno-unused-parameter -Wno-parentheses -Wno-long-long -Wno-missing-field-initializers -Wunused-variable -Wpointer-arith -Wwrite-strings -Wdeclaration-after-statement -Wimplicit-function-declaration  conftest.c -o conftest.i"
conftest.c:5:10: fatal error: netrose/rose.h: No such file or directory
    5 | #include <netrose/rose.h>
      |          ^~~~~~~~~~~~~~~~
compilation terminated.
checked program was:
/* begin */
1: #include "ruby.h"
2: 
3: #include <winsock2.h>
4: #include <windows.h>
5: #include <netrose/rose.h>
/* end */

--------------------

have_struct_member: checking for struct sockaddr.sa_len in sys/types.h,sys/socket.h,net/if.h... -------------------- no

"x86_64-w64-mingw32-gcc -IC:/Users/vagrant/pro/pkg/w32/ruby/include/ruby-3.0.0/x64-mingw32 -IC:/Users/vagrant/pro/pkg/w32/ruby/include/ruby-3.0.0/ruby/backward -IC:/Users/vagrant/pro/pkg/w32/ruby/include/ruby-3.0.0 -I. -D_WIN32_WINNT=0x0600 -D__MINGW_USE_VC2005_COMPAT -D_FILE_OFFSET_BITS=64  -O3 -DFD_SETSIZE=2048 -fno-omit-frame-pointer -fno-fast-math -Wall -Wextra -Wno-unused-parameter -Wno-parentheses -Wno-long-long -Wno-missing-field-initializers -Wunused-variable -Wpointer-arith -Wwrite-strings -Wdeclaration-after-statement -Wimplicit-function-declaration -m64  -c conftest.c"
In file included from C:/Users/vagrant/pro/pkg/w32/ruby/include/ruby-3.0.0/ruby/internal/arithmetic/int.h:26,
                 from C:/Users/vagrant/pro/pkg/w32/ruby/include/ruby-3.0.0/ruby/internal/arithmetic/char.h:23,
                 from C:/Users/vagrant/pro/pkg/w32/ruby/include/ruby-3.0.0/ruby/internal/arithmetic.h:23,
                 from C:/Users/vagrant/pro/pkg/w32/ruby/include/ruby-3.0.0/ruby/ruby.h:25,
                 from C:/Users/vagrant/pro/pkg/w32/ruby/include/ruby-3.0.0/ruby.h:38,
                 from conftest.c:1:
C:/Users/vagrant/pro/pkg/w32/ruby/include/ruby-3.0.0/ruby/internal/arithmetic/long.h: In function 'RB_INT2FIX':
C:/Users/vagrant/pro/pkg/w32/ruby/include/ruby-3.0.0/ruby/internal/arithmetic/long.h:88:5: warning: ISO C90 forbids mixed declarations and code [-Wdeclaration-after-statement]
   88 |     const unsigned long j = i;
      |     ^~~~~
C:/Users/vagrant/pro/pkg/w32/ruby/include/ruby-3.0.0/ruby/internal/arithmetic/long.h: In function 'rbimpl_fix2long_by_idiv':
C:/Users/vagrant/pro/pkg/w32/ruby/include/ruby-3.0.0/ruby/internal/arithmetic/long.h:123:5: warning: ISO C90 forbids mixed declarations and code [-Wdeclaration-after-statement]
  123 |     const SIGNED_VALUE y = x - RUBY_FIXNUM_FLAG;
      |     ^~~~~
C:/Users/vagrant/pro/pkg/w32/ruby/include/ruby-3.0.0/ruby/internal/arithmetic/long.h: In function 'rbimpl_fix2long_by_shift':
C:/Users/vagrant/pro/pkg/w32/ruby/include/ruby-3.0.0/ruby/internal/arithmetic/long.h:140:5: warning: ISO C90 forbids mixed declarations and code [-Wdeclaration-after-statement]
  140 |     const SIGNED_VALUE y = x;
      |     ^~~~~
In file included from C:/Users/vagrant/pro/pkg/w32/ruby/include/ruby-3.0.0/ruby/internal/fl_type.h:35,
                 from C:/Users/vagrant/pro/pkg/w32/ruby/include/ruby-3.0.0/ruby/internal/core/rstring.h:30,
                 from C:/Users/vagrant/pro/pkg/w32/ruby/include/ruby-3.0.0/ruby/internal/arithmetic/char.h:29,
                 from C:/Users/vagrant/pro/pkg/w32/ruby/include/ruby-3.0.0/ruby/internal/arithmetic.h:23,
                 from C:/Users/vagrant/pro/pkg/w32/ruby/include/ruby-3.0.0/ruby/ruby.h:25,
                 from C:/Users/vagrant/pro/pkg/w32/ruby/include/ruby-3.0.0/ruby.h:38,
                 from conftest.c:1:
C:/Users/vagrant/pro/pkg/w32/ruby/include/ruby-3.0.0/ruby/internal/value_type.h: In function 'RB_BUILTIN_TYPE':
C:/Users/vagrant/pro/pkg/w32/ruby/include/ruby-3.0.0/ruby/internal/value_type.h:157:5: warning: ISO C90 forbids mixed declarations and code [-Wdeclaration-after-statement]
  157 |     VALUE ret = RBASIC(obj)->flags & RUBY_T_MASK;
      |     ^~~~~
In file included from C:/Users/vagrant/pro/pkg/w32/ruby/include/ruby-3.0.0/ruby/internal/arithmetic/char.h:29,
                 from C:/Users/vagrant/pro/pkg/w32/ruby/include/ruby-3.0.0/ruby/internal/arithmetic.h:23,
                 from C:/Users/vagrant/pro/pkg/w32/ruby/include/ruby-3.0.0/ruby/ruby.h:25,
                 from C:/Users/vagrant/pro/pkg/w32/ruby/include/ruby-3.0.0/ruby.h:38,
                 from conftest.c:1:
C:/Users/vagrant/pro/pkg/w32/ruby/include/ruby-3.0.0/ruby/internal/core/rstring.h: In function 'RSTRING_EMBED_LEN':
C:/Users/vagrant/pro/pkg/w32/ruby/include/ruby-3.0.0/ruby/internal/core/rstring.h:109:5: warning: ISO C90 forbids mixed declarations and code [-Wdeclaration-after-statement]
  109 |     VALUE f = RBASIC(str)->flags;
      |     ^~~~~
In file included from C:/Users/vagrant/pro/pkg/w32/ruby/include/ruby-3.0.0/ruby/internal/arithmetic.h:36,
                 from C:/Users/vagrant/pro/pkg/w32/ruby/include/ruby-3.0.0/ruby/ruby.h:25,
                 from C:/Users/vagrant/pro/pkg/w32/ruby/include/ruby-3.0.0/ruby.h:38,
                 from conftest.c:1:
C:/Users/vagrant/pro/pkg/w32/ruby/include/ruby-3.0.0/ruby/internal/arithmetic/st_data_t.h: In function 'RB_ST2FIX':
C:/Users/vagrant/pro/pkg/w32/ruby/include/ruby-3.0.0/ruby/internal/arithmetic/st_data_t.h:55:5: warning: ISO C90 forbids mixed declarations and code [-Wdeclaration-after-statement]
   55 |     unsigned long y = RBIMPL_CAST((unsigned long)x);
      |     ^~~~~~~~
In file included from C:/Users/vagrant/pro/pkg/w32/ruby/include/ruby-3.0.0/ruby/internal/core.h:23,
                 from C:/Users/vagrant/pro/pkg/w32/ruby/include/ruby-3.0.0/ruby/ruby.h:26,
                 from C:/Users/vagrant/pro/pkg/w32/ruby/include/ruby-3.0.0/ruby.h:38,
                 from conftest.c:1:
C:/Users/vagrant/pro/pkg/w32/ruby/include/ruby-3.0.0/ruby/internal/core/rarray.h: In function 'RARRAY_EMBED_LEN':
C:/Users/vagrant/pro/pkg/w32/ruby/include/ruby-3.0.0/ruby/internal/core/rarray.h:123:5: warning: ISO C90 forbids mixed declarations and code [-Wdeclaration-after-statement]
  123 |     VALUE f = RBASIC(ary)->flags;
      |     ^~~~~
C:/Users/vagrant/pro/pkg/w32/ruby/include/ruby-3.0.0/ruby/internal/core/rarray.h: In function 'RARRAY_PTR':
C:/Users/vagrant/pro/pkg/w32/ruby/include/ruby-3.0.0/ruby/internal/core/rarray.h:248:5: warning: ISO C90 forbids mixed declarations and code [-Wdeclaration-after-statement]
  248 |     VALUE tmp = RB_OBJ_WB_UNPROTECT_FOR(ARRAY, ary);
      |     ^~~~~
C:/Users/vagrant/pro/pkg/w32/ruby/include/ruby-3.0.0/ruby/internal/core/rarray.h: In function 'RARRAY_ASET':
C:/Users/vagrant/pro/pkg/w32/ruby/include/ruby-3.0.0/ruby/internal/core/rarray.h:227:5: warning: ISO C90 forbids mixed declarations and code [-Wdeclaration-after-statement]
  227 |     const VALUE rbimpl_ary = (ary);                          \
      |     ^~~~~
C:/Users/vagrant/pro/pkg/w32/ruby/include/ruby-3.0.0/ruby/internal/core/rarray.h:227:5: note: in definition of macro 'RBIMPL_RARRAY_STMT'
  227 |     const VALUE rbimpl_ary = (ary);                          \
      |     ^~~~~
C:/Users/vagrant/pro/pkg/w32/ruby/include/ruby-3.0.0/ruby/internal/core/rarray.h:255:5: note: in expansion of macro 'RARRAY_PTR_USE_TRANSIENT'
  255 |     RARRAY_PTR_USE_TRANSIENT(ary, ptr,
      |     ^~~~~~~~~~~~~~~~~~~~~~~~
In file included from C:/Users/vagrant/pro/pkg/w32/ruby/include/ruby-3.0.0/ruby/internal/core.h:30,
                 from C:/Users/vagrant/pro/pkg/w32/ruby/include/ruby-3.0.0/ruby/ruby.h:26,
                 from C:/Users/vagrant/pro/pkg/w32/ruby/include/ruby-3.0.0/ruby.h:38,
                 from conftest.c:1:
C:/Users/vagrant/pro/pkg/w32/ruby/include/ruby-3.0.0/ruby/internal/core/robject.h: In function 'ROBJECT_IVPTR':
C:/Users/vagrant/pro/pkg/w32/ruby/include/ruby-3.0.0/ruby/internal/core/robject.h:86:5: warning: ISO C90 forbids mixed declarations and code [-Wdeclaration-after-statement]
   86 |     struct RObject *const ptr = ROBJECT(obj);
      |     ^~~~~~
In file included from C:/Users/vagrant/pro/pkg/w32/ruby/include/ruby-3.0.0/ruby/internal/core.h:31,
                 from C:/Users/vagrant/pro/pkg/w32/ruby/include/ruby-3.0.0/ruby/ruby.h:26,
                 from C:/Users/vagrant/pro/pkg/w32/ruby/include/ruby-3.0.0/ruby.h:38,
                 from conftest.c:1:
C:/Users/vagrant/pro/pkg/w32/ruby/include/ruby-3.0.0/ruby/internal/core/rregexp.h: In function 'RREGEXP_SRC':
C:/Users/vagrant/pro/pkg/w32/ruby/include/ruby-3.0.0/ruby/internal/core/rregexp.h:55:5: warning: ISO C90 forbids mixed declarations and code [-Wdeclaration-after-statement]
   55 |     VALUE ret = RREGEXP(rexp)->src;
      |     ^~~~~
In file included from C:/Users/vagrant/pro/pkg/w32/ruby/include/ruby-3.0.0/ruby/ruby.h:42,
                 from C:/Users/vagrant/pro/pkg/w32/ruby/include/ruby-3.0.0/ruby.h:38,
                 from conftest.c:1:
C:/Users/vagrant/pro/pkg/w32/ruby/include/ruby-3.0.0/ruby/internal/newobj.h: In function 'rb_clone_setup':
C:/Users/vagrant/pro/pkg/w32/ruby/include/ruby-3.0.0/ruby/internal/newobj.h:56:5: warning: ISO C90 forbids mixed declarations and code [-Wdeclaration-after-statement]
   56 |     const VALUE flags = RUBY_FL_PROMOTED0 | RUBY_FL_PROMOTED1 | RUBY_FL_FINALIZE;
      |     ^~~~~
conftest.c: At top level:
conftest.c:6:10: fatal error: sys/socket.h: No such file or directory
    6 | #include <sys/socket.h>
      |          ^~~~~~~~~~~~~~
compilation terminated.
checked program was:
/* begin */
 1: #include "ruby.h"
 2: 
 3: #include <winsock2.h>
 4: #include <windows.h>
 5: #include <sys/types.h>
 6: #include <sys/socket.h>
 7: #include <net/if.h>
 8: 
 9: /*top*/
10: int s = (char *)&((struct sockaddr*)0)->sa_len - (char *)0;
11: int main(int argc, char **argv)
12: {
13:   return !!argv[argc];
14: }
/* end */

--------------------

have_type: checking for struct sockaddr_at in sys/types.h,sys/socket.h,sys/un.h,net/if.h,netinet/in.h... -------------------- no

"x86_64-w64-mingw32-gcc -IC:/Users/vagrant/pro/pkg/w32/ruby/include/ruby-3.0.0/x64-mingw32 -IC:/Users/vagrant/pro/pkg/w32/ruby/include/ruby-3.0.0/ruby/backward -IC:/Users/vagrant/pro/pkg/w32/ruby/include/ruby-3.0.0 -I. -D_WIN32_WINNT=0x0600 -D__MINGW_USE_VC2005_COMPAT -D_FILE_OFFSET_BITS=64  -O3 -DFD_SETSIZE=2048 -fno-omit-frame-pointer -fno-fast-math -Wall -Wextra -Wno-unused-parameter -Wno-parentheses -Wno-long-long -Wno-missing-field-initializers -Wunused-variable -Wpointer-arith -Wwrite-strings -Wdeclaration-after-statement -Wimplicit-function-declaration -m64  -c conftest.c"
In file included from C:/Users/vagrant/pro/pkg/w32/ruby/include/ruby-3.0.0/ruby/internal/arithmetic/int.h:26,
                 from C:/Users/vagrant/pro/pkg/w32/ruby/include/ruby-3.0.0/ruby/internal/arithmetic/char.h:23,
                 from C:/Users/vagrant/pro/pkg/w32/ruby/include/ruby-3.0.0/ruby/internal/arithmetic.h:23,
                 from C:/Users/vagrant/pro/pkg/w32/ruby/include/ruby-3.0.0/ruby/ruby.h:25,
                 from C:/Users/vagrant/pro/pkg/w32/ruby/include/ruby-3.0.0/ruby.h:38,
                 from conftest.c:1:
C:/Users/vagrant/pro/pkg/w32/ruby/include/ruby-3.0.0/ruby/internal/arithmetic/long.h: In function 'RB_INT2FIX':
C:/Users/vagrant/pro/pkg/w32/ruby/include/ruby-3.0.0/ruby/internal/arithmetic/long.h:88:5: warning: ISO C90 forbids mixed declarations and code [-Wdeclaration-after-statement]
   88 |     const unsigned long j = i;
      |     ^~~~~
C:/Users/vagrant/pro/pkg/w32/ruby/include/ruby-3.0.0/ruby/internal/arithmetic/long.h: In function 'rbimpl_fix2long_by_idiv':
C:/Users/vagrant/pro/pkg/w32/ruby/include/ruby-3.0.0/ruby/internal/arithmetic/long.h:123:5: warning: ISO C90 forbids mixed declarations and code [-Wdeclaration-after-statement]
  123 |     const SIGNED_VALUE y = x - RUBY_FIXNUM_FLAG;
      |     ^~~~~
C:/Users/vagrant/pro/pkg/w32/ruby/include/ruby-3.0.0/ruby/internal/arithmetic/long.h: In function 'rbimpl_fix2long_by_shift':
C:/Users/vagrant/pro/pkg/w32/ruby/include/ruby-3.0.0/ruby/internal/arithmetic/long.h:140:5: warning: ISO C90 forbids mixed declarations and code [-Wdeclaration-after-statement]
  140 |     const SIGNED_VALUE y = x;
      |     ^~~~~
In file included from C:/Users/vagrant/pro/pkg/w32/ruby/include/ruby-3.0.0/ruby/internal/fl_type.h:35,
                 from C:/Users/vagrant/pro/pkg/w32/ruby/include/ruby-3.0.0/ruby/internal/core/rstring.h:30,
                 from C:/Users/vagrant/pro/pkg/w32/ruby/include/ruby-3.0.0/ruby/internal/arithmetic/char.h:29,
                 from C:/Users/vagrant/pro/pkg/w32/ruby/include/ruby-3.0.0/ruby/internal/arithmetic.h:23,
                 from C:/Users/vagrant/pro/pkg/w32/ruby/include/ruby-3.0.0/ruby/ruby.h:25,
                 from C:/Users/vagrant/pro/pkg/w32/ruby/include/ruby-3.0.0/ruby.h:38,
                 from conftest.c:1:
C:/Users/vagrant/pro/pkg/w32/ruby/include/ruby-3.0.0/ruby/internal/value_type.h: In function 'RB_BUILTIN_TYPE':
C:/Users/vagrant/pro/pkg/w32/ruby/include/ruby-3.0.0/ruby/internal/value_type.h:157:5: warning: ISO C90 forbids mixed declarations and code [-Wdeclaration-after-statement]
  157 |     VALUE ret = RBASIC(obj)->flags & RUBY_T_MASK;
      |     ^~~~~
In file included from C:/Users/vagrant/pro/pkg/w32/ruby/include/ruby-3.0.0/ruby/internal/arithmetic/char.h:29,
                 from C:/Users/vagrant/pro/pkg/w32/ruby/include/ruby-3.0.0/ruby/internal/arithmetic.h:23,
                 from C:/Users/vagrant/pro/pkg/w32/ruby/include/ruby-3.0.0/ruby/ruby.h:25,
                 from C:/Users/vagrant/pro/pkg/w32/ruby/include/ruby-3.0.0/ruby.h:38,
                 from conftest.c:1:
C:/Users/vagrant/pro/pkg/w32/ruby/include/ruby-3.0.0/ruby/internal/core/rstring.h: In function 'RSTRING_EMBED_LEN':
C:/Users/vagrant/pro/pkg/w32/ruby/include/ruby-3.0.0/ruby/internal/core/rstring.h:109:5: warning: ISO C90 forbids mixed declarations and code [-Wdeclaration-after-statement]
  109 |     VALUE f = RBASIC(str)->flags;
      |     ^~~~~
In file included from C:/Users/vagrant/pro/pkg/w32/ruby/include/ruby-3.0.0/ruby/internal/arithmetic.h:36,
                 from C:/Users/vagrant/pro/pkg/w32/ruby/include/ruby-3.0.0/ruby/ruby.h:25,
                 from C:/Users/vagrant/pro/pkg/w32/ruby/include/ruby-3.0.0/ruby.h:38,
                 from conftest.c:1:
C:/Users/vagrant/pro/pkg/w32/ruby/include/ruby-3.0.0/ruby/internal/arithmetic/st_data_t.h: In function 'RB_ST2FIX':
C:/Users/vagrant/pro/pkg/w32/ruby/include/ruby-3.0.0/ruby/internal/arithmetic/st_data_t.h:55:5: warning: ISO C90 forbids mixed declarations and code [-Wdeclaration-after-statement]
   55 |     unsigned long y = RBIMPL_CAST((unsigned long)x);
      |     ^~~~~~~~
In file included from C:/Users/vagrant/pro/pkg/w32/ruby/include/ruby-3.0.0/ruby/internal/core.h:23,
                 from C:/Users/vagrant/pro/pkg/w32/ruby/include/ruby-3.0.0/ruby/ruby.h:26,
                 from C:/Users/vagrant/pro/pkg/w32/ruby/include/ruby-3.0.0/ruby.h:38,
                 from conftest.c:1:
C:/Users/vagrant/pro/pkg/w32/ruby/include/ruby-3.0.0/ruby/internal/core/rarray.h: In function 'RARRAY_EMBED_LEN':
C:/Users/vagrant/pro/pkg/w32/ruby/include/ruby-3.0.0/ruby/internal/core/rarray.h:123:5: warning: ISO C90 forbids mixed declarations and code [-Wdeclaration-after-statement]
  123 |     VALUE f = RBASIC(ary)->flags;
      |     ^~~~~
C:/Users/vagrant/pro/pkg/w32/ruby/include/ruby-3.0.0/ruby/internal/core/rarray.h: In function 'RARRAY_PTR':
C:/Users/vagrant/pro/pkg/w32/ruby/include/ruby-3.0.0/ruby/internal/core/rarray.h:248:5: warning: ISO C90 forbids mixed declarations and code [-Wdeclaration-after-statement]
  248 |     VALUE tmp = RB_OBJ_WB_UNPROTECT_FOR(ARRAY, ary);
      |     ^~~~~
C:/Users/vagrant/pro/pkg/w32/ruby/include/ruby-3.0.0/ruby/internal/core/rarray.h: In function 'RARRAY_ASET':
C:/Users/vagrant/pro/pkg/w32/ruby/include/ruby-3.0.0/ruby/internal/core/rarray.h:227:5: warning: ISO C90 forbids mixed declarations and code [-Wdeclaration-after-statement]
  227 |     const VALUE rbimpl_ary = (ary);                          \
      |     ^~~~~
C:/Users/vagrant/pro/pkg/w32/ruby/include/ruby-3.0.0/ruby/internal/core/rarray.h:227:5: note: in definition of macro 'RBIMPL_RARRAY_STMT'
  227 |     const VALUE rbimpl_ary = (ary);                          \
      |     ^~~~~
C:/Users/vagrant/pro/pkg/w32/ruby/include/ruby-3.0.0/ruby/internal/core/rarray.h:255:5: note: in expansion of macro 'RARRAY_PTR_USE_TRANSIENT'
  255 |     RARRAY_PTR_USE_TRANSIENT(ary, ptr,
      |     ^~~~~~~~~~~~~~~~~~~~~~~~
In file included from C:/Users/vagrant/pro/pkg/w32/ruby/include/ruby-3.0.0/ruby/internal/core.h:30,
                 from C:/Users/vagrant/pro/pkg/w32/ruby/include/ruby-3.0.0/ruby/ruby.h:26,
                 from C:/Users/vagrant/pro/pkg/w32/ruby/include/ruby-3.0.0/ruby.h:38,
                 from conftest.c:1:
C:/Users/vagrant/pro/pkg/w32/ruby/include/ruby-3.0.0/ruby/internal/core/robject.h: In function 'ROBJECT_IVPTR':
C:/Users/vagrant/pro/pkg/w32/ruby/include/ruby-3.0.0/ruby/internal/core/robject.h:86:5: warning: ISO C90 forbids mixed declarations and code [-Wdeclaration-after-statement]
   86 |     struct RObject *const ptr = ROBJECT(obj);
      |     ^~~~~~
In file included from C:/Users/vagrant/pro/pkg/w32/ruby/include/ruby-3.0.0/ruby/internal/core.h:31,
                 from C:/Users/vagrant/pro/pkg/w32/ruby/include/ruby-3.0.0/ruby/ruby.h:26,
                 from C:/Users/vagrant/pro/pkg/w32/ruby/include/ruby-3.0.0/ruby.h:38,
                 from conftest.c:1:
C:/Users/vagrant/pro/pkg/w32/ruby/include/ruby-3.0.0/ruby/internal/core/rregexp.h: In function 'RREGEXP_SRC':
C:/Users/vagrant/pro/pkg/w32/ruby/include/ruby-3.0.0/ruby/internal/core/rregexp.h:55:5: warning: ISO C90 forbids mixed declarations and code [-Wdeclaration-after-statement]
   55 |     VALUE ret = RREGEXP(rexp)->src;
      |     ^~~~~
In file included from C:/Users/vagrant/pro/pkg/w32/ruby/include/ruby-3.0.0/ruby/ruby.h:42,
                 from C:/Users/vagrant/pro/pkg/w32/ruby/include/ruby-3.0.0/ruby.h:38,
                 from conftest.c:1:
C:/Users/vagrant/pro/pkg/w32/ruby/include/ruby-3.0.0/ruby/internal/newobj.h: In function 'rb_clone_setup':
C:/Users/vagrant/pro/pkg/w32/ruby/include/ruby-3.0.0/ruby/internal/newobj.h:56:5: warning: ISO C90 forbids mixed declarations and code [-Wdeclaration-after-statement]
   56 |     const VALUE flags = RUBY_FL_PROMOTED0 | RUBY_FL_PROMOTED1 | RUBY_FL_FINALIZE;
      |     ^~~~~
conftest.c: At top level:
conftest.c:6:10: fatal error: sys/socket.h: No such file or directory
    6 | #include <sys/socket.h>
      |          ^~~~~~~~~~~~~~
compilation terminated.
checked program was:
/* begin */
 1: #include "ruby.h"
 2: 
 3: #include <winsock2.h>
 4: #include <windows.h>
 5: #include <sys/types.h>
 6: #include <sys/socket.h>
 7: #include <sys/un.h>
 8: #include <net/if.h>
 9: #include <netinet/in.h>
10: 
11: /*top*/
12: typedef struct sockaddr_at conftest_type;
13: int conftestval[sizeof(conftest_type)?1:-1];
/* end */

--------------------

have_type: checking for struct sockaddr_ax25 in sys/types.h,sys/socket.h,sys/un.h,net/if.h,netinet/in.h... -------------------- no

"x86_64-w64-mingw32-gcc -IC:/Users/vagrant/pro/pkg/w32/ruby/include/ruby-3.0.0/x64-mingw32 -IC:/Users/vagrant/pro/pkg/w32/ruby/include/ruby-3.0.0/ruby/backward -IC:/Users/vagrant/pro/pkg/w32/ruby/include/ruby-3.0.0 -I. -D_WIN32_WINNT=0x0600 -D__MINGW_USE_VC2005_COMPAT -D_FILE_OFFSET_BITS=64  -O3 -DFD_SETSIZE=2048 -fno-omit-frame-pointer -fno-fast-math -Wall -Wextra -Wno-unused-parameter -Wno-parentheses -Wno-long-long -Wno-missing-field-initializers -Wunused-variable -Wpointer-arith -Wwrite-strings -Wdeclaration-after-statement -Wimplicit-function-declaration -m64  -c conftest.c"
In file included from C:/Users/vagrant/pro/pkg/w32/ruby/include/ruby-3.0.0/ruby/internal/arithmetic/int.h:26,
                 from C:/Users/vagrant/pro/pkg/w32/ruby/include/ruby-3.0.0/ruby/internal/arithmetic/char.h:23,
                 from C:/Users/vagrant/pro/pkg/w32/ruby/include/ruby-3.0.0/ruby/internal/arithmetic.h:23,
                 from C:/Users/vagrant/pro/pkg/w32/ruby/include/ruby-3.0.0/ruby/ruby.h:25,
                 from C:/Users/vagrant/pro/pkg/w32/ruby/include/ruby-3.0.0/ruby.h:38,
                 from conftest.c:1:
C:/Users/vagrant/pro/pkg/w32/ruby/include/ruby-3.0.0/ruby/internal/arithmetic/long.h: In function 'RB_INT2FIX':
C:/Users/vagrant/pro/pkg/w32/ruby/include/ruby-3.0.0/ruby/internal/arithmetic/long.h:88:5: warning: ISO C90 forbids mixed declarations and code [-Wdeclaration-after-statement]
   88 |     const unsigned long j = i;
      |     ^~~~~
C:/Users/vagrant/pro/pkg/w32/ruby/include/ruby-3.0.0/ruby/internal/arithmetic/long.h: In function 'rbimpl_fix2long_by_idiv':
C:/Users/vagrant/pro/pkg/w32/ruby/include/ruby-3.0.0/ruby/internal/arithmetic/long.h:123:5: warning: ISO C90 forbids mixed declarations and code [-Wdeclaration-after-statement]
  123 |     const SIGNED_VALUE y = x - RUBY_FIXNUM_FLAG;
      |     ^~~~~
C:/Users/vagrant/pro/pkg/w32/ruby/include/ruby-3.0.0/ruby/internal/arithmetic/long.h: In function 'rbimpl_fix2long_by_shift':
C:/Users/vagrant/pro/pkg/w32/ruby/include/ruby-3.0.0/ruby/internal/arithmetic/long.h:140:5: warning: ISO C90 forbids mixed declarations and code [-Wdeclaration-after-statement]
  140 |     const SIGNED_VALUE y = x;
      |     ^~~~~
In file included from C:/Users/vagrant/pro/pkg/w32/ruby/include/ruby-3.0.0/ruby/internal/fl_type.h:35,
                 from C:/Users/vagrant/pro/pkg/w32/ruby/include/ruby-3.0.0/ruby/internal/core/rstring.h:30,
                 from C:/Users/vagrant/pro/pkg/w32/ruby/include/ruby-3.0.0/ruby/internal/arithmetic/char.h:29,
                 from C:/Users/vagrant/pro/pkg/w32/ruby/include/ruby-3.0.0/ruby/internal/arithmetic.h:23,
                 from C:/Users/vagrant/pro/pkg/w32/ruby/include/ruby-3.0.0/ruby/ruby.h:25,
                 from C:/Users/vagrant/pro/pkg/w32/ruby/include/ruby-3.0.0/ruby.h:38,
                 from conftest.c:1:
C:/Users/vagrant/pro/pkg/w32/ruby/include/ruby-3.0.0/ruby/internal/value_type.h: In function 'RB_BUILTIN_TYPE':
C:/Users/vagrant/pro/pkg/w32/ruby/include/ruby-3.0.0/ruby/internal/value_type.h:157:5: warning: ISO C90 forbids mixed declarations and code [-Wdeclaration-after-statement]
  157 |     VALUE ret = RBASIC(obj)->flags & RUBY_T_MASK;
      |     ^~~~~
In file included from C:/Users/vagrant/pro/pkg/w32/ruby/include/ruby-3.0.0/ruby/internal/arithmetic/char.h:29,
                 from C:/Users/vagrant/pro/pkg/w32/ruby/include/ruby-3.0.0/ruby/internal/arithmetic.h:23,
                 from C:/Users/vagrant/pro/pkg/w32/ruby/include/ruby-3.0.0/ruby/ruby.h:25,
                 from C:/Users/vagrant/pro/pkg/w32/ruby/include/ruby-3.0.0/ruby.h:38,
                 from conftest.c:1:
C:/Users/vagrant/pro/pkg/w32/ruby/include/ruby-3.0.0/ruby/internal/core/rstring.h: In function 'RSTRING_EMBED_LEN':
C:/Users/vagrant/pro/pkg/w32/ruby/include/ruby-3.0.0/ruby/internal/core/rstring.h:109:5: warning: ISO C90 forbids mixed declarations and code [-Wdeclaration-after-statement]
  109 |     VALUE f = RBASIC(str)->flags;
      |     ^~~~~
In file included from C:/Users/vagrant/pro/pkg/w32/ruby/include/ruby-3.0.0/ruby/internal/arithmetic.h:36,
                 from C:/Users/vagrant/pro/pkg/w32/ruby/include/ruby-3.0.0/ruby/ruby.h:25,
                 from C:/Users/vagrant/pro/pkg/w32/ruby/include/ruby-3.0.0/ruby.h:38,
                 from conftest.c:1:
C:/Users/vagrant/pro/pkg/w32/ruby/include/ruby-3.0.0/ruby/internal/arithmetic/st_data_t.h: In function 'RB_ST2FIX':
C:/Users/vagrant/pro/pkg/w32/ruby/include/ruby-3.0.0/ruby/internal/arithmetic/st_data_t.h:55:5: warning: ISO C90 forbids mixed declarations and code [-Wdeclaration-after-statement]
   55 |     unsigned long y = RBIMPL_CAST((unsigned long)x);
      |     ^~~~~~~~
In file included from C:/Users/vagrant/pro/pkg/w32/ruby/include/ruby-3.0.0/ruby/internal/core.h:23,
                 from C:/Users/vagrant/pro/pkg/w32/ruby/include/ruby-3.0.0/ruby/ruby.h:26,
                 from C:/Users/vagrant/pro/pkg/w32/ruby/include/ruby-3.0.0/ruby.h:38,
                 from conftest.c:1:
C:/Users/vagrant/pro/pkg/w32/ruby/include/ruby-3.0.0/ruby/internal/core/rarray.h: In function 'RARRAY_EMBED_LEN':
C:/Users/vagrant/pro/pkg/w32/ruby/include/ruby-3.0.0/ruby/internal/core/rarray.h:123:5: warning: ISO C90 forbids mixed declarations and code [-Wdeclaration-after-statement]
  123 |     VALUE f = RBASIC(ary)->flags;
      |     ^~~~~
C:/Users/vagrant/pro/pkg/w32/ruby/include/ruby-3.0.0/ruby/internal/core/rarray.h: In function 'RARRAY_PTR':
C:/Users/vagrant/pro/pkg/w32/ruby/include/ruby-3.0.0/ruby/internal/core/rarray.h:248:5: warning: ISO C90 forbids mixed declarations and code [-Wdeclaration-after-statement]
  248 |     VALUE tmp = RB_OBJ_WB_UNPROTECT_FOR(ARRAY, ary);
      |     ^~~~~
C:/Users/vagrant/pro/pkg/w32/ruby/include/ruby-3.0.0/ruby/internal/core/rarray.h: In function 'RARRAY_ASET':
C:/Users/vagrant/pro/pkg/w32/ruby/include/ruby-3.0.0/ruby/internal/core/rarray.h:227:5: warning: ISO C90 forbids mixed declarations and code [-Wdeclaration-after-statement]
  227 |     const VALUE rbimpl_ary = (ary);                          \
      |     ^~~~~
C:/Users/vagrant/pro/pkg/w32/ruby/include/ruby-3.0.0/ruby/internal/core/rarray.h:227:5: note: in definition of macro 'RBIMPL_RARRAY_STMT'
  227 |     const VALUE rbimpl_ary = (ary);                          \
      |     ^~~~~
C:/Users/vagrant/pro/pkg/w32/ruby/include/ruby-3.0.0/ruby/internal/core/rarray.h:255:5: note: in expansion of macro 'RARRAY_PTR_USE_TRANSIENT'
  255 |     RARRAY_PTR_USE_TRANSIENT(ary, ptr,
      |     ^~~~~~~~~~~~~~~~~~~~~~~~
In file included from C:/Users/vagrant/pro/pkg/w32/ruby/include/ruby-3.0.0/ruby/internal/core.h:30,
                 from C:/Users/vagrant/pro/pkg/w32/ruby/include/ruby-3.0.0/ruby/ruby.h:26,
                 from C:/Users/vagrant/pro/pkg/w32/ruby/include/ruby-3.0.0/ruby.h:38,
                 from conftest.c:1:
C:/Users/vagrant/pro/pkg/w32/ruby/include/ruby-3.0.0/ruby/internal/core/robject.h: In function 'ROBJECT_IVPTR':
C:/Users/vagrant/pro/pkg/w32/ruby/include/ruby-3.0.0/ruby/internal/core/robject.h:86:5: warning: ISO C90 forbids mixed declarations and code [-Wdeclaration-after-statement]
   86 |     struct RObject *const ptr = ROBJECT(obj);
      |     ^~~~~~
In file included from C:/Users/vagrant/pro/pkg/w32/ruby/include/ruby-3.0.0/ruby/internal/core.h:31,
                 from C:/Users/vagrant/pro/pkg/w32/ruby/include/ruby-3.0.0/ruby/ruby.h:26,
                 from C:/Users/vagrant/pro/pkg/w32/ruby/include/ruby-3.0.0/ruby.h:38,
                 from conftest.c:1:
C:/Users/vagrant/pro/pkg/w32/ruby/include/ruby-3.0.0/ruby/internal/core/rregexp.h: In function 'RREGEXP_SRC':
C:/Users/vagrant/pro/pkg/w32/ruby/include/ruby-3.0.0/ruby/internal/core/rregexp.h:55:5: warning: ISO C90 forbids mixed declarations and code [-Wdeclaration-after-statement]
   55 |     VALUE ret = RREGEXP(rexp)->src;
      |     ^~~~~
In file included from C:/Users/vagrant/pro/pkg/w32/ruby/include/ruby-3.0.0/ruby/ruby.h:42,
                 from C:/Users/vagrant/pro/pkg/w32/ruby/include/ruby-3.0.0/ruby.h:38,
                 from conftest.c:1:
C:/Users/vagrant/pro/pkg/w32/ruby/include/ruby-3.0.0/ruby/internal/newobj.h: In function 'rb_clone_setup':
C:/Users/vagrant/pro/pkg/w32/ruby/include/ruby-3.0.0/ruby/internal/newobj.h:56:5: warning: ISO C90 forbids mixed declarations and code [-Wdeclaration-after-statement]
   56 |     const VALUE flags = RUBY_FL_PROMOTED0 | RUBY_FL_PROMOTED1 | RUBY_FL_FINALIZE;
      |     ^~~~~
conftest.c: At top level:
conftest.c:6:10: fatal error: sys/socket.h: No such file or directory
    6 | #include <sys/socket.h>
      |          ^~~~~~~~~~~~~~
compilation terminated.
checked program was:
/* begin */
 1: #include "ruby.h"
 2: 
 3: #include <winsock2.h>
 4: #include <windows.h>
 5: #include <sys/types.h>
 6: #include <sys/socket.h>
 7: #include <sys/un.h>
 8: #include <net/if.h>
 9: #include <netinet/in.h>
10: 
11: /*top*/
12: typedef struct sockaddr_ax25 conftest_type;
13: int conftestval[sizeof(conftest_type)?1:-1];
/* end */

--------------------

have_type: checking for struct sockaddr_dl in sys/types.h,sys/socket.h,sys/un.h,net/if.h,netinet/in.h... -------------------- no

"x86_64-w64-mingw32-gcc -IC:/Users/vagrant/pro/pkg/w32/ruby/include/ruby-3.0.0/x64-mingw32 -IC:/Users/vagrant/pro/pkg/w32/ruby/include/ruby-3.0.0/ruby/backward -IC:/Users/vagrant/pro/pkg/w32/ruby/include/ruby-3.0.0 -I. -D_WIN32_WINNT=0x0600 -D__MINGW_USE_VC2005_COMPAT -D_FILE_OFFSET_BITS=64  -O3 -DFD_SETSIZE=2048 -fno-omit-frame-pointer -fno-fast-math -Wall -Wextra -Wno-unused-parameter -Wno-parentheses -Wno-long-long -Wno-missing-field-initializers -Wunused-variable -Wpointer-arith -Wwrite-strings -Wdeclaration-after-statement -Wimplicit-function-declaration -m64  -c conftest.c"
In file included from C:/Users/vagrant/pro/pkg/w32/ruby/include/ruby-3.0.0/ruby/internal/arithmetic/int.h:26,
                 from C:/Users/vagrant/pro/pkg/w32/ruby/include/ruby-3.0.0/ruby/internal/arithmetic/char.h:23,
                 from C:/Users/vagrant/pro/pkg/w32/ruby/include/ruby-3.0.0/ruby/internal/arithmetic.h:23,
                 from C:/Users/vagrant/pro/pkg/w32/ruby/include/ruby-3.0.0/ruby/ruby.h:25,
                 from C:/Users/vagrant/pro/pkg/w32/ruby/include/ruby-3.0.0/ruby.h:38,
                 from conftest.c:1:
C:/Users/vagrant/pro/pkg/w32/ruby/include/ruby-3.0.0/ruby/internal/arithmetic/long.h: In function 'RB_INT2FIX':
C:/Users/vagrant/pro/pkg/w32/ruby/include/ruby-3.0.0/ruby/internal/arithmetic/long.h:88:5: warning: ISO C90 forbids mixed declarations and code [-Wdeclaration-after-statement]
   88 |     const unsigned long j = i;
      |     ^~~~~
C:/Users/vagrant/pro/pkg/w32/ruby/include/ruby-3.0.0/ruby/internal/arithmetic/long.h: In function 'rbimpl_fix2long_by_idiv':
C:/Users/vagrant/pro/pkg/w32/ruby/include/ruby-3.0.0/ruby/internal/arithmetic/long.h:123:5: warning: ISO C90 forbids mixed declarations and code [-Wdeclaration-after-statement]
  123 |     const SIGNED_VALUE y = x - RUBY_FIXNUM_FLAG;
      |     ^~~~~
C:/Users/vagrant/pro/pkg/w32/ruby/include/ruby-3.0.0/ruby/internal/arithmetic/long.h: In function 'rbimpl_fix2long_by_shift':
C:/Users/vagrant/pro/pkg/w32/ruby/include/ruby-3.0.0/ruby/internal/arithmetic/long.h:140:5: warning: ISO C90 forbids mixed declarations and code [-Wdeclaration-after-statement]
  140 |     const SIGNED_VALUE y = x;
      |     ^~~~~
In file included from C:/Users/vagrant/pro/pkg/w32/ruby/include/ruby-3.0.0/ruby/internal/fl_type.h:35,
                 from C:/Users/vagrant/pro/pkg/w32/ruby/include/ruby-3.0.0/ruby/internal/core/rstring.h:30,
                 from C:/Users/vagrant/pro/pkg/w32/ruby/include/ruby-3.0.0/ruby/internal/arithmetic/char.h:29,
                 from C:/Users/vagrant/pro/pkg/w32/ruby/include/ruby-3.0.0/ruby/internal/arithmetic.h:23,
                 from C:/Users/vagrant/pro/pkg/w32/ruby/include/ruby-3.0.0/ruby/ruby.h:25,
                 from C:/Users/vagrant/pro/pkg/w32/ruby/include/ruby-3.0.0/ruby.h:38,
                 from conftest.c:1:
C:/Users/vagrant/pro/pkg/w32/ruby/include/ruby-3.0.0/ruby/internal/value_type.h: In function 'RB_BUILTIN_TYPE':
C:/Users/vagrant/pro/pkg/w32/ruby/include/ruby-3.0.0/ruby/internal/value_type.h:157:5: warning: ISO C90 forbids mixed declarations and code [-Wdeclaration-after-statement]
  157 |     VALUE ret = RBASIC(obj)->flags & RUBY_T_MASK;
      |     ^~~~~
In file included from C:/Users/vagrant/pro/pkg/w32/ruby/include/ruby-3.0.0/ruby/internal/arithmetic/char.h:29,
                 from C:/Users/vagrant/pro/pkg/w32/ruby/include/ruby-3.0.0/ruby/internal/arithmetic.h:23,
                 from C:/Users/vagrant/pro/pkg/w32/ruby/include/ruby-3.0.0/ruby/ruby.h:25,
                 from C:/Users/vagrant/pro/pkg/w32/ruby/include/ruby-3.0.0/ruby.h:38,
                 from conftest.c:1:
C:/Users/vagrant/pro/pkg/w32/ruby/include/ruby-3.0.0/ruby/internal/core/rstring.h: In function 'RSTRING_EMBED_LEN':
C:/Users/vagrant/pro/pkg/w32/ruby/include/ruby-3.0.0/ruby/internal/core/rstring.h:109:5: warning: ISO C90 forbids mixed declarations and code [-Wdeclaration-after-statement]
  109 |     VALUE f = RBASIC(str)->flags;
      |     ^~~~~
In file included from C:/Users/vagrant/pro/pkg/w32/ruby/include/ruby-3.0.0/ruby/internal/arithmetic.h:36,
                 from C:/Users/vagrant/pro/pkg/w32/ruby/include/ruby-3.0.0/ruby/ruby.h:25,
                 from C:/Users/vagrant/pro/pkg/w32/ruby/include/ruby-3.0.0/ruby.h:38,
                 from conftest.c:1:
C:/Users/vagrant/pro/pkg/w32/ruby/include/ruby-3.0.0/ruby/internal/arithmetic/st_data_t.h: In function 'RB_ST2FIX':
C:/Users/vagrant/pro/pkg/w32/ruby/include/ruby-3.0.0/ruby/internal/arithmetic/st_data_t.h:55:5: warning: ISO C90 forbids mixed declarations and code [-Wdeclaration-after-statement]
   55 |     unsigned long y = RBIMPL_CAST((unsigned long)x);
      |     ^~~~~~~~
In file included from C:/Users/vagrant/pro/pkg/w32/ruby/include/ruby-3.0.0/ruby/internal/core.h:23,
                 from C:/Users/vagrant/pro/pkg/w32/ruby/include/ruby-3.0.0/ruby/ruby.h:26,
                 from C:/Users/vagrant/pro/pkg/w32/ruby/include/ruby-3.0.0/ruby.h:38,
                 from conftest.c:1:
C:/Users/vagrant/pro/pkg/w32/ruby/include/ruby-3.0.0/ruby/internal/core/rarray.h: In function 'RARRAY_EMBED_LEN':
C:/Users/vagrant/pro/pkg/w32/ruby/include/ruby-3.0.0/ruby/internal/core/rarray.h:123:5: warning: ISO C90 forbids mixed declarations and code [-Wdeclaration-after-statement]
  123 |     VALUE f = RBASIC(ary)->flags;
      |     ^~~~~
C:/Users/vagrant/pro/pkg/w32/ruby/include/ruby-3.0.0/ruby/internal/core/rarray.h: In function 'RARRAY_PTR':
C:/Users/vagrant/pro/pkg/w32/ruby/include/ruby-3.0.0/ruby/internal/core/rarray.h:248:5: warning: ISO C90 forbids mixed declarations and code [-Wdeclaration-after-statement]
  248 |     VALUE tmp = RB_OBJ_WB_UNPROTECT_FOR(ARRAY, ary);
      |     ^~~~~
C:/Users/vagrant/pro/pkg/w32/ruby/include/ruby-3.0.0/ruby/internal/core/rarray.h: In function 'RARRAY_ASET':
C:/Users/vagrant/pro/pkg/w32/ruby/include/ruby-3.0.0/ruby/internal/core/rarray.h:227:5: warning: ISO C90 forbids mixed declarations and code [-Wdeclaration-after-statement]
  227 |     const VALUE rbimpl_ary = (ary);                          \
      |     ^~~~~
C:/Users/vagrant/pro/pkg/w32/ruby/include/ruby-3.0.0/ruby/internal/core/rarray.h:227:5: note: in definition of macro 'RBIMPL_RARRAY_STMT'
  227 |     const VALUE rbimpl_ary = (ary);                          \
      |     ^~~~~
C:/Users/vagrant/pro/pkg/w32/ruby/include/ruby-3.0.0/ruby/internal/core/rarray.h:255:5: note: in expansion of macro 'RARRAY_PTR_USE_TRANSIENT'
  255 |     RARRAY_PTR_USE_TRANSIENT(ary, ptr,
      |     ^~~~~~~~~~~~~~~~~~~~~~~~
In file included from C:/Users/vagrant/pro/pkg/w32/ruby/include/ruby-3.0.0/ruby/internal/core.h:30,
                 from C:/Users/vagrant/pro/pkg/w32/ruby/include/ruby-3.0.0/ruby/ruby.h:26,
                 from C:/Users/vagrant/pro/pkg/w32/ruby/include/ruby-3.0.0/ruby.h:38,
                 from conftest.c:1:
C:/Users/vagrant/pro/pkg/w32/ruby/include/ruby-3.0.0/ruby/internal/core/robject.h: In function 'ROBJECT_IVPTR':
C:/Users/vagrant/pro/pkg/w32/ruby/include/ruby-3.0.0/ruby/internal/core/robject.h:86:5: warning: ISO C90 forbids mixed declarations and code [-Wdeclaration-after-statement]
   86 |     struct RObject *const ptr = ROBJECT(obj);
      |     ^~~~~~
In file included from C:/Users/vagrant/pro/pkg/w32/ruby/include/ruby-3.0.0/ruby/internal/core.h:31,
                 from C:/Users/vagrant/pro/pkg/w32/ruby/include/ruby-3.0.0/ruby/ruby.h:26,
                 from C:/Users/vagrant/pro/pkg/w32/ruby/include/ruby-3.0.0/ruby.h:38,
                 from conftest.c:1:
C:/Users/vagrant/pro/pkg/w32/ruby/include/ruby-3.0.0/ruby/internal/core/rregexp.h: In function 'RREGEXP_SRC':
C:/Users/vagrant/pro/pkg/w32/ruby/include/ruby-3.0.0/ruby/internal/core/rregexp.h:55:5: warning: ISO C90 forbids mixed declarations and code [-Wdeclaration-after-statement]
   55 |     VALUE ret = RREGEXP(rexp)->src;
      |     ^~~~~
In file included from C:/Users/vagrant/pro/pkg/w32/ruby/include/ruby-3.0.0/ruby/ruby.h:42,
                 from C:/Users/vagrant/pro/pkg/w32/ruby/include/ruby-3.0.0/ruby.h:38,
                 from conftest.c:1:
C:/Users/vagrant/pro/pkg/w32/ruby/include/ruby-3.0.0/ruby/internal/newobj.h: In function 'rb_clone_setup':
C:/Users/vagrant/pro/pkg/w32/ruby/include/ruby-3.0.0/ruby/internal/newobj.h:56:5: warning: ISO C90 forbids mixed declarations and code [-Wdeclaration-after-statement]
   56 |     const VALUE flags = RUBY_FL_PROMOTED0 | RUBY_FL_PROMOTED1 | RUBY_FL_FINALIZE;
      |     ^~~~~
conftest.c: At top level:
conftest.c:6:10: fatal error: sys/socket.h: No such file or directory
    6 | #include <sys/socket.h>
      |          ^~~~~~~~~~~~~~
compilation terminated.
checked program was:
/* begin */
 1: #include "ruby.h"
 2: 
 3: #include <winsock2.h>
 4: #include <windows.h>
 5: #include <sys/types.h>
 6: #include <sys/socket.h>
 7: #include <sys/un.h>
 8: #include <net/if.h>
 9: #include <netinet/in.h>
10: 
11: /*top*/
12: typedef struct sockaddr_dl conftest_type;
13: int conftestval[sizeof(conftest_type)?1:-1];
/* end */

--------------------

have_type: checking for struct sockaddr_eon in sys/types.h,sys/socket.h,sys/un.h,net/if.h,netinet/in.h... -------------------- no

"x86_64-w64-mingw32-gcc -IC:/Users/vagrant/pro/pkg/w32/ruby/include/ruby-3.0.0/x64-mingw32 -IC:/Users/vagrant/pro/pkg/w32/ruby/include/ruby-3.0.0/ruby/backward -IC:/Users/vagrant/pro/pkg/w32/ruby/include/ruby-3.0.0 -I. -D_WIN32_WINNT=0x0600 -D__MINGW_USE_VC2005_COMPAT -D_FILE_OFFSET_BITS=64  -O3 -DFD_SETSIZE=2048 -fno-omit-frame-pointer -fno-fast-math -Wall -Wextra -Wno-unused-parameter -Wno-parentheses -Wno-long-long -Wno-missing-field-initializers -Wunused-variable -Wpointer-arith -Wwrite-strings -Wdeclaration-after-statement -Wimplicit-function-declaration -m64  -c conftest.c"
In file included from C:/Users/vagrant/pro/pkg/w32/ruby/include/ruby-3.0.0/ruby/internal/arithmetic/int.h:26,
                 from C:/Users/vagrant/pro/pkg/w32/ruby/include/ruby-3.0.0/ruby/internal/arithmetic/char.h:23,
                 from C:/Users/vagrant/pro/pkg/w32/ruby/include/ruby-3.0.0/ruby/internal/arithmetic.h:23,
                 from C:/Users/vagrant/pro/pkg/w32/ruby/include/ruby-3.0.0/ruby/ruby.h:25,
                 from C:/Users/vagrant/pro/pkg/w32/ruby/include/ruby-3.0.0/ruby.h:38,
                 from conftest.c:1:
C:/Users/vagrant/pro/pkg/w32/ruby/include/ruby-3.0.0/ruby/internal/arithmetic/long.h: In function 'RB_INT2FIX':
C:/Users/vagrant/pro/pkg/w32/ruby/include/ruby-3.0.0/ruby/internal/arithmetic/long.h:88:5: warning: ISO C90 forbids mixed declarations and code [-Wdeclaration-after-statement]
   88 |     const unsigned long j = i;
      |     ^~~~~
C:/Users/vagrant/pro/pkg/w32/ruby/include/ruby-3.0.0/ruby/internal/arithmetic/long.h: In function 'rbimpl_fix2long_by_idiv':
C:/Users/vagrant/pro/pkg/w32/ruby/include/ruby-3.0.0/ruby/internal/arithmetic/long.h:123:5: warning: ISO C90 forbids mixed declarations and code [-Wdeclaration-after-statement]
  123 |     const SIGNED_VALUE y = x - RUBY_FIXNUM_FLAG;
      |     ^~~~~
C:/Users/vagrant/pro/pkg/w32/ruby/include/ruby-3.0.0/ruby/internal/arithmetic/long.h: In function 'rbimpl_fix2long_by_shift':
C:/Users/vagrant/pro/pkg/w32/ruby/include/ruby-3.0.0/ruby/internal/arithmetic/long.h:140:5: warning: ISO C90 forbids mixed declarations and code [-Wdeclaration-after-statement]
  140 |     const SIGNED_VALUE y = x;
      |     ^~~~~
In file included from C:/Users/vagrant/pro/pkg/w32/ruby/include/ruby-3.0.0/ruby/internal/fl_type.h:35,
                 from C:/Users/vagrant/pro/pkg/w32/ruby/include/ruby-3.0.0/ruby/internal/core/rstring.h:30,
                 from C:/Users/vagrant/pro/pkg/w32/ruby/include/ruby-3.0.0/ruby/internal/arithmetic/char.h:29,
                 from C:/Users/vagrant/pro/pkg/w32/ruby/include/ruby-3.0.0/ruby/internal/arithmetic.h:23,
                 from C:/Users/vagrant/pro/pkg/w32/ruby/include/ruby-3.0.0/ruby/ruby.h:25,
                 from C:/Users/vagrant/pro/pkg/w32/ruby/include/ruby-3.0.0/ruby.h:38,
                 from conftest.c:1:
C:/Users/vagrant/pro/pkg/w32/ruby/include/ruby-3.0.0/ruby/internal/value_type.h: In function 'RB_BUILTIN_TYPE':
C:/Users/vagrant/pro/pkg/w32/ruby/include/ruby-3.0.0/ruby/internal/value_type.h:157:5: warning: ISO C90 forbids mixed declarations and code [-Wdeclaration-after-statement]
  157 |     VALUE ret = RBASIC(obj)->flags & RUBY_T_MASK;
      |     ^~~~~
In file included from C:/Users/vagrant/pro/pkg/w32/ruby/include/ruby-3.0.0/ruby/internal/arithmetic/char.h:29,
                 from C:/Users/vagrant/pro/pkg/w32/ruby/include/ruby-3.0.0/ruby/internal/arithmetic.h:23,
                 from C:/Users/vagrant/pro/pkg/w32/ruby/include/ruby-3.0.0/ruby/ruby.h:25,
                 from C:/Users/vagrant/pro/pkg/w32/ruby/include/ruby-3.0.0/ruby.h:38,
                 from conftest.c:1:
C:/Users/vagrant/pro/pkg/w32/ruby/include/ruby-3.0.0/ruby/internal/core/rstring.h: In function 'RSTRING_EMBED_LEN':
C:/Users/vagrant/pro/pkg/w32/ruby/include/ruby-3.0.0/ruby/internal/core/rstring.h:109:5: warning: ISO C90 forbids mixed declarations and code [-Wdeclaration-after-statement]
  109 |     VALUE f = RBASIC(str)->flags;
      |     ^~~~~
In file included from C:/Users/vagrant/pro/pkg/w32/ruby/include/ruby-3.0.0/ruby/internal/arithmetic.h:36,
                 from C:/Users/vagrant/pro/pkg/w32/ruby/include/ruby-3.0.0/ruby/ruby.h:25,
                 from C:/Users/vagrant/pro/pkg/w32/ruby/include/ruby-3.0.0/ruby.h:38,
                 from conftest.c:1:
C:/Users/vagrant/pro/pkg/w32/ruby/include/ruby-3.0.0/ruby/internal/arithmetic/st_data_t.h: In function 'RB_ST2FIX':
C:/Users/vagrant/pro/pkg/w32/ruby/include/ruby-3.0.0/ruby/internal/arithmetic/st_data_t.h:55:5: warning: ISO C90 forbids mixed declarations and code [-Wdeclaration-after-statement]
   55 |     unsigned long y = RBIMPL_CAST((unsigned long)x);
      |     ^~~~~~~~
In file included from C:/Users/vagrant/pro/pkg/w32/ruby/include/ruby-3.0.0/ruby/internal/core.h:23,
                 from C:/Users/vagrant/pro/pkg/w32/ruby/include/ruby-3.0.0/ruby/ruby.h:26,
                 from C:/Users/vagrant/pro/pkg/w32/ruby/include/ruby-3.0.0/ruby.h:38,
                 from conftest.c:1:
C:/Users/vagrant/pro/pkg/w32/ruby/include/ruby-3.0.0/ruby/internal/core/rarray.h: In function 'RARRAY_EMBED_LEN':
C:/Users/vagrant/pro/pkg/w32/ruby/include/ruby-3.0.0/ruby/internal/core/rarray.h:123:5: warning: ISO C90 forbids mixed declarations and code [-Wdeclaration-after-statement]
  123 |     VALUE f = RBASIC(ary)->flags;
      |     ^~~~~
C:/Users/vagrant/pro/pkg/w32/ruby/include/ruby-3.0.0/ruby/internal/core/rarray.h: In function 'RARRAY_PTR':
C:/Users/vagrant/pro/pkg/w32/ruby/include/ruby-3.0.0/ruby/internal/core/rarray.h:248:5: warning: ISO C90 forbids mixed declarations and code [-Wdeclaration-after-statement]
  248 |     VALUE tmp = RB_OBJ_WB_UNPROTECT_FOR(ARRAY, ary);
      |     ^~~~~
C:/Users/vagrant/pro/pkg/w32/ruby/include/ruby-3.0.0/ruby/internal/core/rarray.h: In function 'RARRAY_ASET':
C:/Users/vagrant/pro/pkg/w32/ruby/include/ruby-3.0.0/ruby/internal/core/rarray.h:227:5: warning: ISO C90 forbids mixed declarations and code [-Wdeclaration-after-statement]
  227 |     const VALUE rbimpl_ary = (ary);                          \
      |     ^~~~~
C:/Users/vagrant/pro/pkg/w32/ruby/include/ruby-3.0.0/ruby/internal/core/rarray.h:227:5: note: in definition of macro 'RBIMPL_RARRAY_STMT'
  227 |     const VALUE rbimpl_ary = (ary);                          \
      |     ^~~~~
C:/Users/vagrant/pro/pkg/w32/ruby/include/ruby-3.0.0/ruby/internal/core/rarray.h:255:5: note: in expansion of macro 'RARRAY_PTR_USE_TRANSIENT'
  255 |     RARRAY_PTR_USE_TRANSIENT(ary, ptr,
      |     ^~~~~~~~~~~~~~~~~~~~~~~~
In file included from C:/Users/vagrant/pro/pkg/w32/ruby/include/ruby-3.0.0/ruby/internal/core.h:30,
                 from C:/Users/vagrant/pro/pkg/w32/ruby/include/ruby-3.0.0/ruby/ruby.h:26,
                 from C:/Users/vagrant/pro/pkg/w32/ruby/include/ruby-3.0.0/ruby.h:38,
                 from conftest.c:1:
C:/Users/vagrant/pro/pkg/w32/ruby/include/ruby-3.0.0/ruby/internal/core/robject.h: In function 'ROBJECT_IVPTR':
C:/Users/vagrant/pro/pkg/w32/ruby/include/ruby-3.0.0/ruby/internal/core/robject.h:86:5: warning: ISO C90 forbids mixed declarations and code [-Wdeclaration-after-statement]
   86 |     struct RObject *const ptr = ROBJECT(obj);
      |     ^~~~~~
In file included from C:/Users/vagrant/pro/pkg/w32/ruby/include/ruby-3.0.0/ruby/internal/core.h:31,
                 from C:/Users/vagrant/pro/pkg/w32/ruby/include/ruby-3.0.0/ruby/ruby.h:26,
                 from C:/Users/vagrant/pro/pkg/w32/ruby/include/ruby-3.0.0/ruby.h:38,
                 from conftest.c:1:
C:/Users/vagrant/pro/pkg/w32/ruby/include/ruby-3.0.0/ruby/internal/core/rregexp.h: In function 'RREGEXP_SRC':
C:/Users/vagrant/pro/pkg/w32/ruby/include/ruby-3.0.0/ruby/internal/core/rregexp.h:55:5: warning: ISO C90 forbids mixed declarations and code [-Wdeclaration-after-statement]
   55 |     VALUE ret = RREGEXP(rexp)->src;
      |     ^~~~~
In file included from C:/Users/vagrant/pro/pkg/w32/ruby/include/ruby-3.0.0/ruby/ruby.h:42,
                 from C:/Users/vagrant/pro/pkg/w32/ruby/include/ruby-3.0.0/ruby.h:38,
                 from conftest.c:1:
C:/Users/vagrant/pro/pkg/w32/ruby/include/ruby-3.0.0/ruby/internal/newobj.h: In function 'rb_clone_setup':
C:/Users/vagrant/pro/pkg/w32/ruby/include/ruby-3.0.0/ruby/internal/newobj.h:56:5: warning: ISO C90 forbids mixed declarations and code [-Wdeclaration-after-statement]
   56 |     const VALUE flags = RUBY_FL_PROMOTED0 | RUBY_FL_PROMOTED1 | RUBY_FL_FINALIZE;
      |     ^~~~~
conftest.c: At top level:
conftest.c:6:10: fatal error: sys/socket.h: No such file or directory
    6 | #include <sys/socket.h>
      |          ^~~~~~~~~~~~~~
compilation terminated.
checked program was:
/* begin */
 1: #include "ruby.h"
 2: 
 3: #include <winsock2.h>
 4: #include <windows.h>
 5: #include <sys/types.h>
 6: #include <sys/socket.h>
 7: #include <sys/un.h>
 8: #include <net/if.h>
 9: #include <netinet/in.h>
10: 
11: /*top*/
12: typedef struct sockaddr_eon conftest_type;
13: int conftestval[sizeof(conftest_type)?1:-1];
/* end */

--------------------

have_type: checking for struct sockaddr_in in sys/types.h,sys/socket.h,sys/un.h,net/if.h,netinet/in.h... -------------------- no

"x86_64-w64-mingw32-gcc -IC:/Users/vagrant/pro/pkg/w32/ruby/include/ruby-3.0.0/x64-mingw32 -IC:/Users/vagrant/pro/pkg/w32/ruby/include/ruby-3.0.0/ruby/backward -IC:/Users/vagrant/pro/pkg/w32/ruby/include/ruby-3.0.0 -I. -D_WIN32_WINNT=0x0600 -D__MINGW_USE_VC2005_COMPAT -D_FILE_OFFSET_BITS=64  -O3 -DFD_SETSIZE=2048 -fno-omit-frame-pointer -fno-fast-math -Wall -Wextra -Wno-unused-parameter -Wno-parentheses -Wno-long-long -Wno-missing-field-initializers -Wunused-variable -Wpointer-arith -Wwrite-strings -Wdeclaration-after-statement -Wimplicit-function-declaration -m64  -c conftest.c"
In file included from C:/Users/vagrant/pro/pkg/w32/ruby/include/ruby-3.0.0/ruby/internal/arithmetic/int.h:26,
                 from C:/Users/vagrant/pro/pkg/w32/ruby/include/ruby-3.0.0/ruby/internal/arithmetic/char.h:23,
                 from C:/Users/vagrant/pro/pkg/w32/ruby/include/ruby-3.0.0/ruby/internal/arithmetic.h:23,
                 from C:/Users/vagrant/pro/pkg/w32/ruby/include/ruby-3.0.0/ruby/ruby.h:25,
                 from C:/Users/vagrant/pro/pkg/w32/ruby/include/ruby-3.0.0/ruby.h:38,
                 from conftest.c:1:
C:/Users/vagrant/pro/pkg/w32/ruby/include/ruby-3.0.0/ruby/internal/arithmetic/long.h: In function 'RB_INT2FIX':
C:/Users/vagrant/pro/pkg/w32/ruby/include/ruby-3.0.0/ruby/internal/arithmetic/long.h:88:5: warning: ISO C90 forbids mixed declarations and code [-Wdeclaration-after-statement]
   88 |     const unsigned long j = i;
      |     ^~~~~
C:/Users/vagrant/pro/pkg/w32/ruby/include/ruby-3.0.0/ruby/internal/arithmetic/long.h: In function 'rbimpl_fix2long_by_idiv':
C:/Users/vagrant/pro/pkg/w32/ruby/include/ruby-3.0.0/ruby/internal/arithmetic/long.h:123:5: warning: ISO C90 forbids mixed declarations and code [-Wdeclaration-after-statement]
  123 |     const SIGNED_VALUE y = x - RUBY_FIXNUM_FLAG;
      |     ^~~~~
C:/Users/vagrant/pro/pkg/w32/ruby/include/ruby-3.0.0/ruby/internal/arithmetic/long.h: In function 'rbimpl_fix2long_by_shift':
C:/Users/vagrant/pro/pkg/w32/ruby/include/ruby-3.0.0/ruby/internal/arithmetic/long.h:140:5: warning: ISO C90 forbids mixed declarations and code [-Wdeclaration-after-statement]
  140 |     const SIGNED_VALUE y = x;
      |     ^~~~~
In file included from C:/Users/vagrant/pro/pkg/w32/ruby/include/ruby-3.0.0/ruby/internal/fl_type.h:35,
                 from C:/Users/vagrant/pro/pkg/w32/ruby/include/ruby-3.0.0/ruby/internal/core/rstring.h:30,
                 from C:/Users/vagrant/pro/pkg/w32/ruby/include/ruby-3.0.0/ruby/internal/arithmetic/char.h:29,
                 from C:/Users/vagrant/pro/pkg/w32/ruby/include/ruby-3.0.0/ruby/internal/arithmetic.h:23,
                 from C:/Users/vagrant/pro/pkg/w32/ruby/include/ruby-3.0.0/ruby/ruby.h:25,
                 from C:/Users/vagrant/pro/pkg/w32/ruby/include/ruby-3.0.0/ruby.h:38,
                 from conftest.c:1:
C:/Users/vagrant/pro/pkg/w32/ruby/include/ruby-3.0.0/ruby/internal/value_type.h: In function 'RB_BUILTIN_TYPE':
C:/Users/vagrant/pro/pkg/w32/ruby/include/ruby-3.0.0/ruby/internal/value_type.h:157:5: warning: ISO C90 forbids mixed declarations and code [-Wdeclaration-after-statement]
  157 |     VALUE ret = RBASIC(obj)->flags & RUBY_T_MASK;
      |     ^~~~~
In file included from C:/Users/vagrant/pro/pkg/w32/ruby/include/ruby-3.0.0/ruby/internal/arithmetic/char.h:29,
                 from C:/Users/vagrant/pro/pkg/w32/ruby/include/ruby-3.0.0/ruby/internal/arithmetic.h:23,
                 from C:/Users/vagrant/pro/pkg/w32/ruby/include/ruby-3.0.0/ruby/ruby.h:25,
                 from C:/Users/vagrant/pro/pkg/w32/ruby/include/ruby-3.0.0/ruby.h:38,
                 from conftest.c:1:
C:/Users/vagrant/pro/pkg/w32/ruby/include/ruby-3.0.0/ruby/internal/core/rstring.h: In function 'RSTRING_EMBED_LEN':
C:/Users/vagrant/pro/pkg/w32/ruby/include/ruby-3.0.0/ruby/internal/core/rstring.h:109:5: warning: ISO C90 forbids mixed declarations and code [-Wdeclaration-after-statement]
  109 |     VALUE f = RBASIC(str)->flags;
      |     ^~~~~
In file included from C:/Users/vagrant/pro/pkg/w32/ruby/include/ruby-3.0.0/ruby/internal/arithmetic.h:36,
                 from C:/Users/vagrant/pro/pkg/w32/ruby/include/ruby-3.0.0/ruby/ruby.h:25,
                 from C:/Users/vagrant/pro/pkg/w32/ruby/include/ruby-3.0.0/ruby.h:38,
                 from conftest.c:1:
C:/Users/vagrant/pro/pkg/w32/ruby/include/ruby-3.0.0/ruby/internal/arithmetic/st_data_t.h: In function 'RB_ST2FIX':
C:/Users/vagrant/pro/pkg/w32/ruby/include/ruby-3.0.0/ruby/internal/arithmetic/st_data_t.h:55:5: warning: ISO C90 forbids mixed declarations and code [-Wdeclaration-after-statement]
   55 |     unsigned long y = RBIMPL_CAST((unsigned long)x);
      |     ^~~~~~~~
In file included from C:/Users/vagrant/pro/pkg/w32/ruby/include/ruby-3.0.0/ruby/internal/core.h:23,
                 from C:/Users/vagrant/pro/pkg/w32/ruby/include/ruby-3.0.0/ruby/ruby.h:26,
                 from C:/Users/vagrant/pro/pkg/w32/ruby/include/ruby-3.0.0/ruby.h:38,
                 from conftest.c:1:
C:/Users/vagrant/pro/pkg/w32/ruby/include/ruby-3.0.0/ruby/internal/core/rarray.h: In function 'RARRAY_EMBED_LEN':
C:/Users/vagrant/pro/pkg/w32/ruby/include/ruby-3.0.0/ruby/internal/core/rarray.h:123:5: warning: ISO C90 forbids mixed declarations and code [-Wdeclaration-after-statement]
  123 |     VALUE f = RBASIC(ary)->flags;
      |     ^~~~~
C:/Users/vagrant/pro/pkg/w32/ruby/include/ruby-3.0.0/ruby/internal/core/rarray.h: In function 'RARRAY_PTR':
C:/Users/vagrant/pro/pkg/w32/ruby/include/ruby-3.0.0/ruby/internal/core/rarray.h:248:5: warning: ISO C90 forbids mixed declarations and code [-Wdeclaration-after-statement]
  248 |     VALUE tmp = RB_OBJ_WB_UNPROTECT_FOR(ARRAY, ary);
      |     ^~~~~
C:/Users/vagrant/pro/pkg/w32/ruby/include/ruby-3.0.0/ruby/internal/core/rarray.h: In function 'RARRAY_ASET':
C:/Users/vagrant/pro/pkg/w32/ruby/include/ruby-3.0.0/ruby/internal/core/rarray.h:227:5: warning: ISO C90 forbids mixed declarations and code [-Wdeclaration-after-statement]
  227 |     const VALUE rbimpl_ary = (ary);                          \
      |     ^~~~~
C:/Users/vagrant/pro/pkg/w32/ruby/include/ruby-3.0.0/ruby/internal/core/rarray.h:227:5: note: in definition of macro 'RBIMPL_RARRAY_STMT'
  227 |     const VALUE rbimpl_ary = (ary);                          \
      |     ^~~~~
C:/Users/vagrant/pro/pkg/w32/ruby/include/ruby-3.0.0/ruby/internal/core/rarray.h:255:5: note: in expansion of macro 'RARRAY_PTR_USE_TRANSIENT'
  255 |     RARRAY_PTR_USE_TRANSIENT(ary, ptr,
      |     ^~~~~~~~~~~~~~~~~~~~~~~~
In file included from C:/Users/vagrant/pro/pkg/w32/ruby/include/ruby-3.0.0/ruby/internal/core.h:30,
                 from C:/Users/vagrant/pro/pkg/w32/ruby/include/ruby-3.0.0/ruby/ruby.h:26,
                 from C:/Users/vagrant/pro/pkg/w32/ruby/include/ruby-3.0.0/ruby.h:38,
                 from conftest.c:1:
C:/Users/vagrant/pro/pkg/w32/ruby/include/ruby-3.0.0/ruby/internal/core/robject.h: In function 'ROBJECT_IVPTR':
C:/Users/vagrant/pro/pkg/w32/ruby/include/ruby-3.0.0/ruby/internal/core/robject.h:86:5: warning: ISO C90 forbids mixed declarations and code [-Wdeclaration-after-statement]
   86 |     struct RObject *const ptr = ROBJECT(obj);
      |     ^~~~~~
In file included from C:/Users/vagrant/pro/pkg/w32/ruby/include/ruby-3.0.0/ruby/internal/core.h:31,
                 from C:/Users/vagrant/pro/pkg/w32/ruby/include/ruby-3.0.0/ruby/ruby.h:26,
                 from C:/Users/vagrant/pro/pkg/w32/ruby/include/ruby-3.0.0/ruby.h:38,
                 from conftest.c:1:
C:/Users/vagrant/pro/pkg/w32/ruby/include/ruby-3.0.0/ruby/internal/core/rregexp.h: In function 'RREGEXP_SRC':
C:/Users/vagrant/pro/pkg/w32/ruby/include/ruby-3.0.0/ruby/internal/core/rregexp.h:55:5: warning: ISO C90 forbids mixed declarations and code [-Wdeclaration-after-statement]
   55 |     VALUE ret = RREGEXP(rexp)->src;
      |     ^~~~~
In file included from C:/Users/vagrant/pro/pkg/w32/ruby/include/ruby-3.0.0/ruby/ruby.h:42,
                 from C:/Users/vagrant/pro/pkg/w32/ruby/include/ruby-3.0.0/ruby.h:38,
                 from conftest.c:1:
C:/Users/vagrant/pro/pkg/w32/ruby/include/ruby-3.0.0/ruby/internal/newobj.h: In function 'rb_clone_setup':
C:/Users/vagrant/pro/pkg/w32/ruby/include/ruby-3.0.0/ruby/internal/newobj.h:56:5: warning: ISO C90 forbids mixed declarations and code [-Wdeclaration-after-statement]
   56 |     const VALUE flags = RUBY_FL_PROMOTED0 | RUBY_FL_PROMOTED1 | RUBY_FL_FINALIZE;
      |     ^~~~~
conftest.c: At top level:
conftest.c:6:10: fatal error: sys/socket.h: No such file or directory
    6 | #include <sys/socket.h>
      |          ^~~~~~~~~~~~~~
compilation terminated.
checked program was:
/* begin */
 1: #include "ruby.h"
 2: 
 3: #include <winsock2.h>
 4: #include <windows.h>
 5: #include <sys/types.h>
 6: #include <sys/socket.h>
 7: #include <sys/un.h>
 8: #include <net/if.h>
 9: #include <netinet/in.h>
10: 
11: /*top*/
12: typedef struct sockaddr_in conftest_type;
13: int conftestval[sizeof(conftest_type)?1:-1];
/* end */

--------------------

have_type: checking for struct sockaddr_in6 in sys/types.h,sys/socket.h,sys/un.h,net/if.h,netinet/in.h... -------------------- no

"x86_64-w64-mingw32-gcc -IC:/Users/vagrant/pro/pkg/w32/ruby/include/ruby-3.0.0/x64-mingw32 -IC:/Users/vagrant/pro/pkg/w32/ruby/include/ruby-3.0.0/ruby/backward -IC:/Users/vagrant/pro/pkg/w32/ruby/include/ruby-3.0.0 -I. -D_WIN32_WINNT=0x0600 -D__MINGW_USE_VC2005_COMPAT -D_FILE_OFFSET_BITS=64  -O3 -DFD_SETSIZE=2048 -fno-omit-frame-pointer -fno-fast-math -Wall -Wextra -Wno-unused-parameter -Wno-parentheses -Wno-long-long -Wno-missing-field-initializers -Wunused-variable -Wpointer-arith -Wwrite-strings -Wdeclaration-after-statement -Wimplicit-function-declaration -m64  -c conftest.c"
In file included from C:/Users/vagrant/pro/pkg/w32/ruby/include/ruby-3.0.0/ruby/internal/arithmetic/int.h:26,
                 from C:/Users/vagrant/pro/pkg/w32/ruby/include/ruby-3.0.0/ruby/internal/arithmetic/char.h:23,
                 from C:/Users/vagrant/pro/pkg/w32/ruby/include/ruby-3.0.0/ruby/internal/arithmetic.h:23,
                 from C:/Users/vagrant/pro/pkg/w32/ruby/include/ruby-3.0.0/ruby/ruby.h:25,
                 from C:/Users/vagrant/pro/pkg/w32/ruby/include/ruby-3.0.0/ruby.h:38,
                 from conftest.c:1:
C:/Users/vagrant/pro/pkg/w32/ruby/include/ruby-3.0.0/ruby/internal/arithmetic/long.h: In function 'RB_INT2FIX':
C:/Users/vagrant/pro/pkg/w32/ruby/include/ruby-3.0.0/ruby/internal/arithmetic/long.h:88:5: warning: ISO C90 forbids mixed declarations and code [-Wdeclaration-after-statement]
   88 |     const unsigned long j = i;
      |     ^~~~~
C:/Users/vagrant/pro/pkg/w32/ruby/include/ruby-3.0.0/ruby/internal/arithmetic/long.h: In function 'rbimpl_fix2long_by_idiv':
C:/Users/vagrant/pro/pkg/w32/ruby/include/ruby-3.0.0/ruby/internal/arithmetic/long.h:123:5: warning: ISO C90 forbids mixed declarations and code [-Wdeclaration-after-statement]
  123 |     const SIGNED_VALUE y = x - RUBY_FIXNUM_FLAG;
      |     ^~~~~
C:/Users/vagrant/pro/pkg/w32/ruby/include/ruby-3.0.0/ruby/internal/arithmetic/long.h: In function 'rbimpl_fix2long_by_shift':
C:/Users/vagrant/pro/pkg/w32/ruby/include/ruby-3.0.0/ruby/internal/arithmetic/long.h:140:5: warning: ISO C90 forbids mixed declarations and code [-Wdeclaration-after-statement]
  140 |     const SIGNED_VALUE y = x;
      |     ^~~~~
In file included from C:/Users/vagrant/pro/pkg/w32/ruby/include/ruby-3.0.0/ruby/internal/fl_type.h:35,
                 from C:/Users/vagrant/pro/pkg/w32/ruby/include/ruby-3.0.0/ruby/internal/core/rstring.h:30,
                 from C:/Users/vagrant/pro/pkg/w32/ruby/include/ruby-3.0.0/ruby/internal/arithmetic/char.h:29,
                 from C:/Users/vagrant/pro/pkg/w32/ruby/include/ruby-3.0.0/ruby/internal/arithmetic.h:23,
                 from C:/Users/vagrant/pro/pkg/w32/ruby/include/ruby-3.0.0/ruby/ruby.h:25,
                 from C:/Users/vagrant/pro/pkg/w32/ruby/include/ruby-3.0.0/ruby.h:38,
                 from conftest.c:1:
C:/Users/vagrant/pro/pkg/w32/ruby/include/ruby-3.0.0/ruby/internal/value_type.h: In function 'RB_BUILTIN_TYPE':
C:/Users/vagrant/pro/pkg/w32/ruby/include/ruby-3.0.0/ruby/internal/value_type.h:157:5: warning: ISO C90 forbids mixed declarations and code [-Wdeclaration-after-statement]
  157 |     VALUE ret = RBASIC(obj)->flags & RUBY_T_MASK;
      |     ^~~~~
In file included from C:/Users/vagrant/pro/pkg/w32/ruby/include/ruby-3.0.0/ruby/internal/arithmetic/char.h:29,
                 from C:/Users/vagrant/pro/pkg/w32/ruby/include/ruby-3.0.0/ruby/internal/arithmetic.h:23,
                 from C:/Users/vagrant/pro/pkg/w32/ruby/include/ruby-3.0.0/ruby/ruby.h:25,
                 from C:/Users/vagrant/pro/pkg/w32/ruby/include/ruby-3.0.0/ruby.h:38,
                 from conftest.c:1:
C:/Users/vagrant/pro/pkg/w32/ruby/include/ruby-3.0.0/ruby/internal/core/rstring.h: In function 'RSTRING_EMBED_LEN':
C:/Users/vagrant/pro/pkg/w32/ruby/include/ruby-3.0.0/ruby/internal/core/rstring.h:109:5: warning: ISO C90 forbids mixed declarations and code [-Wdeclaration-after-statement]
  109 |     VALUE f = RBASIC(str)->flags;
      |     ^~~~~
In file included from C:/Users/vagrant/pro/pkg/w32/ruby/include/ruby-3.0.0/ruby/internal/arithmetic.h:36,
                 from C:/Users/vagrant/pro/pkg/w32/ruby/include/ruby-3.0.0/ruby/ruby.h:25,
                 from C:/Users/vagrant/pro/pkg/w32/ruby/include/ruby-3.0.0/ruby.h:38,
                 from conftest.c:1:
C:/Users/vagrant/pro/pkg/w32/ruby/include/ruby-3.0.0/ruby/internal/arithmetic/st_data_t.h: In function 'RB_ST2FIX':
C:/Users/vagrant/pro/pkg/w32/ruby/include/ruby-3.0.0/ruby/internal/arithmetic/st_data_t.h:55:5: warning: ISO C90 forbids mixed declarations and code [-Wdeclaration-after-statement]
   55 |     unsigned long y = RBIMPL_CAST((unsigned long)x);
      |     ^~~~~~~~
In file included from C:/Users/vagrant/pro/pkg/w32/ruby/include/ruby-3.0.0/ruby/internal/core.h:23,
                 from C:/Users/vagrant/pro/pkg/w32/ruby/include/ruby-3.0.0/ruby/ruby.h:26,
                 from C:/Users/vagrant/pro/pkg/w32/ruby/include/ruby-3.0.0/ruby.h:38,
                 from conftest.c:1:
C:/Users/vagrant/pro/pkg/w32/ruby/include/ruby-3.0.0/ruby/internal/core/rarray.h: In function 'RARRAY_EMBED_LEN':
C:/Users/vagrant/pro/pkg/w32/ruby/include/ruby-3.0.0/ruby/internal/core/rarray.h:123:5: warning: ISO C90 forbids mixed declarations and code [-Wdeclaration-after-statement]
  123 |     VALUE f = RBASIC(ary)->flags;
      |     ^~~~~
C:/Users/vagrant/pro/pkg/w32/ruby/include/ruby-3.0.0/ruby/internal/core/rarray.h: In function 'RARRAY_PTR':
C:/Users/vagrant/pro/pkg/w32/ruby/include/ruby-3.0.0/ruby/internal/core/rarray.h:248:5: warning: ISO C90 forbids mixed declarations and code [-Wdeclaration-after-statement]
  248 |     VALUE tmp = RB_OBJ_WB_UNPROTECT_FOR(ARRAY, ary);
      |     ^~~~~
C:/Users/vagrant/pro/pkg/w32/ruby/include/ruby-3.0.0/ruby/internal/core/rarray.h: In function 'RARRAY_ASET':
C:/Users/vagrant/pro/pkg/w32/ruby/include/ruby-3.0.0/ruby/internal/core/rarray.h:227:5: warning: ISO C90 forbids mixed declarations and code [-Wdeclaration-after-statement]
  227 |     const VALUE rbimpl_ary = (ary);                          \
      |     ^~~~~
C:/Users/vagrant/pro/pkg/w32/ruby/include/ruby-3.0.0/ruby/internal/core/rarray.h:227:5: note: in definition of macro 'RBIMPL_RARRAY_STMT'
  227 |     const VALUE rbimpl_ary = (ary);                          \
      |     ^~~~~
C:/Users/vagrant/pro/pkg/w32/ruby/include/ruby-3.0.0/ruby/internal/core/rarray.h:255:5: note: in expansion of macro 'RARRAY_PTR_USE_TRANSIENT'
  255 |     RARRAY_PTR_USE_TRANSIENT(ary, ptr,
      |     ^~~~~~~~~~~~~~~~~~~~~~~~
In file included from C:/Users/vagrant/pro/pkg/w32/ruby/include/ruby-3.0.0/ruby/internal/core.h:30,
                 from C:/Users/vagrant/pro/pkg/w32/ruby/include/ruby-3.0.0/ruby/ruby.h:26,
                 from C:/Users/vagrant/pro/pkg/w32/ruby/include/ruby-3.0.0/ruby.h:38,
                 from conftest.c:1:
C:/Users/vagrant/pro/pkg/w32/ruby/include/ruby-3.0.0/ruby/internal/core/robject.h: In function 'ROBJECT_IVPTR':
C:/Users/vagrant/pro/pkg/w32/ruby/include/ruby-3.0.0/ruby/internal/core/robject.h:86:5: warning: ISO C90 forbids mixed declarations and code [-Wdeclaration-after-statement]
   86 |     struct RObject *const ptr = ROBJECT(obj);
      |     ^~~~~~
In file included from C:/Users/vagrant/pro/pkg/w32/ruby/include/ruby-3.0.0/ruby/internal/core.h:31,
                 from C:/Users/vagrant/pro/pkg/w32/ruby/include/ruby-3.0.0/ruby/ruby.h:26,
                 from C:/Users/vagrant/pro/pkg/w32/ruby/include/ruby-3.0.0/ruby.h:38,
                 from conftest.c:1:
C:/Users/vagrant/pro/pkg/w32/ruby/include/ruby-3.0.0/ruby/internal/core/rregexp.h: In function 'RREGEXP_SRC':
C:/Users/vagrant/pro/pkg/w32/ruby/include/ruby-3.0.0/ruby/internal/core/rregexp.h:55:5: warning: ISO C90 forbids mixed declarations and code [-Wdeclaration-after-statement]
   55 |     VALUE ret = RREGEXP(rexp)->src;
      |     ^~~~~
In file included from C:/Users/vagrant/pro/pkg/w32/ruby/include/ruby-3.0.0/ruby/ruby.h:42,
                 from C:/Users/vagrant/pro/pkg/w32/ruby/include/ruby-3.0.0/ruby.h:38,
                 from conftest.c:1:
C:/Users/vagrant/pro/pkg/w32/ruby/include/ruby-3.0.0/ruby/internal/newobj.h: In function 'rb_clone_setup':
C:/Users/vagrant/pro/pkg/w32/ruby/include/ruby-3.0.0/ruby/internal/newobj.h:56:5: warning: ISO C90 forbids mixed declarations and code [-Wdeclaration-after-statement]
   56 |     const VALUE flags = RUBY_FL_PROMOTED0 | RUBY_FL_PROMOTED1 | RUBY_FL_FINALIZE;
      |     ^~~~~
conftest.c: At top level:
conftest.c:6:10: fatal error: sys/socket.h: No such file or directory
    6 | #include <sys/socket.h>
      |          ^~~~~~~~~~~~~~
compilation terminated.
checked program was:
/* begin */
 1: #include "ruby.h"
 2: 
 3: #include <winsock2.h>
 4: #include <windows.h>
 5: #include <sys/types.h>
 6: #include <sys/socket.h>
 7: #include <sys/un.h>
 8: #include <net/if.h>
 9: #include <netinet/in.h>
10: 
11: /*top*/
12: typedef struct sockaddr_in6 conftest_type;
13: int conftestval[sizeof(conftest_type)?1:-1];
/* end */

--------------------

have_type: checking for struct sockaddr_inarp in sys/types.h,sys/socket.h,sys/un.h,net/if.h,netinet/in.h... -------------------- no

"x86_64-w64-mingw32-gcc -IC:/Users/vagrant/pro/pkg/w32/ruby/include/ruby-3.0.0/x64-mingw32 -IC:/Users/vagrant/pro/pkg/w32/ruby/include/ruby-3.0.0/ruby/backward -IC:/Users/vagrant/pro/pkg/w32/ruby/include/ruby-3.0.0 -I. -D_WIN32_WINNT=0x0600 -D__MINGW_USE_VC2005_COMPAT -D_FILE_OFFSET_BITS=64  -O3 -DFD_SETSIZE=2048 -fno-omit-frame-pointer -fno-fast-math -Wall -Wextra -Wno-unused-parameter -Wno-parentheses -Wno-long-long -Wno-missing-field-initializers -Wunused-variable -Wpointer-arith -Wwrite-strings -Wdeclaration-after-statement -Wimplicit-function-declaration -m64  -c conftest.c"
In file included from C:/Users/vagrant/pro/pkg/w32/ruby/include/ruby-3.0.0/ruby/internal/arithmetic/int.h:26,
                 from C:/Users/vagrant/pro/pkg/w32/ruby/include/ruby-3.0.0/ruby/internal/arithmetic/char.h:23,
                 from C:/Users/vagrant/pro/pkg/w32/ruby/include/ruby-3.0.0/ruby/internal/arithmetic.h:23,
                 from C:/Users/vagrant/pro/pkg/w32/ruby/include/ruby-3.0.0/ruby/ruby.h:25,
                 from C:/Users/vagrant/pro/pkg/w32/ruby/include/ruby-3.0.0/ruby.h:38,
                 from conftest.c:1:
C:/Users/vagrant/pro/pkg/w32/ruby/include/ruby-3.0.0/ruby/internal/arithmetic/long.h: In function 'RB_INT2FIX':
C:/Users/vagrant/pro/pkg/w32/ruby/include/ruby-3.0.0/ruby/internal/arithmetic/long.h:88:5: warning: ISO C90 forbids mixed declarations and code [-Wdeclaration-after-statement]
   88 |     const unsigned long j = i;
      |     ^~~~~
C:/Users/vagrant/pro/pkg/w32/ruby/include/ruby-3.0.0/ruby/internal/arithmetic/long.h: In function 'rbimpl_fix2long_by_idiv':
C:/Users/vagrant/pro/pkg/w32/ruby/include/ruby-3.0.0/ruby/internal/arithmetic/long.h:123:5: warning: ISO C90 forbids mixed declarations and code [-Wdeclaration-after-statement]
  123 |     const SIGNED_VALUE y = x - RUBY_FIXNUM_FLAG;
      |     ^~~~~
C:/Users/vagrant/pro/pkg/w32/ruby/include/ruby-3.0.0/ruby/internal/arithmetic/long.h: In function 'rbimpl_fix2long_by_shift':
C:/Users/vagrant/pro/pkg/w32/ruby/include/ruby-3.0.0/ruby/internal/arithmetic/long.h:140:5: warning: ISO C90 forbids mixed declarations and code [-Wdeclaration-after-statement]
  140 |     const SIGNED_VALUE y = x;
      |     ^~~~~
In file included from C:/Users/vagrant/pro/pkg/w32/ruby/include/ruby-3.0.0/ruby/internal/fl_type.h:35,
                 from C:/Users/vagrant/pro/pkg/w32/ruby/include/ruby-3.0.0/ruby/internal/core/rstring.h:30,
                 from C:/Users/vagrant/pro/pkg/w32/ruby/include/ruby-3.0.0/ruby/internal/arithmetic/char.h:29,
                 from C:/Users/vagrant/pro/pkg/w32/ruby/include/ruby-3.0.0/ruby/internal/arithmetic.h:23,
                 from C:/Users/vagrant/pro/pkg/w32/ruby/include/ruby-3.0.0/ruby/ruby.h:25,
                 from C:/Users/vagrant/pro/pkg/w32/ruby/include/ruby-3.0.0/ruby.h:38,
                 from conftest.c:1:
C:/Users/vagrant/pro/pkg/w32/ruby/include/ruby-3.0.0/ruby/internal/value_type.h: In function 'RB_BUILTIN_TYPE':
C:/Users/vagrant/pro/pkg/w32/ruby/include/ruby-3.0.0/ruby/internal/value_type.h:157:5: warning: ISO C90 forbids mixed declarations and code [-Wdeclaration-after-statement]
  157 |     VALUE ret = RBASIC(obj)->flags & RUBY_T_MASK;
      |     ^~~~~
In file included from C:/Users/vagrant/pro/pkg/w32/ruby/include/ruby-3.0.0/ruby/internal/arithmetic/char.h:29,
                 from C:/Users/vagrant/pro/pkg/w32/ruby/include/ruby-3.0.0/ruby/internal/arithmetic.h:23,
                 from C:/Users/vagrant/pro/pkg/w32/ruby/include/ruby-3.0.0/ruby/ruby.h:25,
                 from C:/Users/vagrant/pro/pkg/w32/ruby/include/ruby-3.0.0/ruby.h:38,
                 from conftest.c:1:
C:/Users/vagrant/pro/pkg/w32/ruby/include/ruby-3.0.0/ruby/internal/core/rstring.h: In function 'RSTRING_EMBED_LEN':
C:/Users/vagrant/pro/pkg/w32/ruby/include/ruby-3.0.0/ruby/internal/core/rstring.h:109:5: warning: ISO C90 forbids mixed declarations and code [-Wdeclaration-after-statement]
  109 |     VALUE f = RBASIC(str)->flags;
      |     ^~~~~
In file included from C:/Users/vagrant/pro/pkg/w32/ruby/include/ruby-3.0.0/ruby/internal/arithmetic.h:36,
                 from C:/Users/vagrant/pro/pkg/w32/ruby/include/ruby-3.0.0/ruby/ruby.h:25,
                 from C:/Users/vagrant/pro/pkg/w32/ruby/include/ruby-3.0.0/ruby.h:38,
                 from conftest.c:1:
C:/Users/vagrant/pro/pkg/w32/ruby/include/ruby-3.0.0/ruby/internal/arithmetic/st_data_t.h: In function 'RB_ST2FIX':
C:/Users/vagrant/pro/pkg/w32/ruby/include/ruby-3.0.0/ruby/internal/arithmetic/st_data_t.h:55:5: warning: ISO C90 forbids mixed declarations and code [-Wdeclaration-after-statement]
   55 |     unsigned long y = RBIMPL_CAST((unsigned long)x);
      |     ^~~~~~~~
In file included from C:/Users/vagrant/pro/pkg/w32/ruby/include/ruby-3.0.0/ruby/internal/core.h:23,
                 from C:/Users/vagrant/pro/pkg/w32/ruby/include/ruby-3.0.0/ruby/ruby.h:26,
                 from C:/Users/vagrant/pro/pkg/w32/ruby/include/ruby-3.0.0/ruby.h:38,
                 from conftest.c:1:
C:/Users/vagrant/pro/pkg/w32/ruby/include/ruby-3.0.0/ruby/internal/core/rarray.h: In function 'RARRAY_EMBED_LEN':
C:/Users/vagrant/pro/pkg/w32/ruby/include/ruby-3.0.0/ruby/internal/core/rarray.h:123:5: warning: ISO C90 forbids mixed declarations and code [-Wdeclaration-after-statement]
  123 |     VALUE f = RBASIC(ary)->flags;
      |     ^~~~~
C:/Users/vagrant/pro/pkg/w32/ruby/include/ruby-3.0.0/ruby/internal/core/rarray.h: In function 'RARRAY_PTR':
C:/Users/vagrant/pro/pkg/w32/ruby/include/ruby-3.0.0/ruby/internal/core/rarray.h:248:5: warning: ISO C90 forbids mixed declarations and code [-Wdeclaration-after-statement]
  248 |     VALUE tmp = RB_OBJ_WB_UNPROTECT_FOR(ARRAY, ary);
      |     ^~~~~
C:/Users/vagrant/pro/pkg/w32/ruby/include/ruby-3.0.0/ruby/internal/core/rarray.h: In function 'RARRAY_ASET':
C:/Users/vagrant/pro/pkg/w32/ruby/include/ruby-3.0.0/ruby/internal/core/rarray.h:227:5: warning: ISO C90 forbids mixed declarations and code [-Wdeclaration-after-statement]
  227 |     const VALUE rbimpl_ary = (ary);                          \
      |     ^~~~~
C:/Users/vagrant/pro/pkg/w32/ruby/include/ruby-3.0.0/ruby/internal/core/rarray.h:227:5: note: in definition of macro 'RBIMPL_RARRAY_STMT'
  227 |     const VALUE rbimpl_ary = (ary);                          \
      |     ^~~~~
C:/Users/vagrant/pro/pkg/w32/ruby/include/ruby-3.0.0/ruby/internal/core/rarray.h:255:5: note: in expansion of macro 'RARRAY_PTR_USE_TRANSIENT'
  255 |     RARRAY_PTR_USE_TRANSIENT(ary, ptr,
      |     ^~~~~~~~~~~~~~~~~~~~~~~~
In file included from C:/Users/vagrant/pro/pkg/w32/ruby/include/ruby-3.0.0/ruby/internal/core.h:30,
                 from C:/Users/vagrant/pro/pkg/w32/ruby/include/ruby-3.0.0/ruby/ruby.h:26,
                 from C:/Users/vagrant/pro/pkg/w32/ruby/include/ruby-3.0.0/ruby.h:38,
                 from conftest.c:1:
C:/Users/vagrant/pro/pkg/w32/ruby/include/ruby-3.0.0/ruby/internal/core/robject.h: In function 'ROBJECT_IVPTR':
C:/Users/vagrant/pro/pkg/w32/ruby/include/ruby-3.0.0/ruby/internal/core/robject.h:86:5: warning: ISO C90 forbids mixed declarations and code [-Wdeclaration-after-statement]
   86 |     struct RObject *const ptr = ROBJECT(obj);
      |     ^~~~~~
In file included from C:/Users/vagrant/pro/pkg/w32/ruby/include/ruby-3.0.0/ruby/internal/core.h:31,
                 from C:/Users/vagrant/pro/pkg/w32/ruby/include/ruby-3.0.0/ruby/ruby.h:26,
                 from C:/Users/vagrant/pro/pkg/w32/ruby/include/ruby-3.0.0/ruby.h:38,
                 from conftest.c:1:
C:/Users/vagrant/pro/pkg/w32/ruby/include/ruby-3.0.0/ruby/internal/core/rregexp.h: In function 'RREGEXP_SRC':
C:/Users/vagrant/pro/pkg/w32/ruby/include/ruby-3.0.0/ruby/internal/core/rregexp.h:55:5: warning: ISO C90 forbids mixed declarations and code [-Wdeclaration-after-statement]
   55 |     VALUE ret = RREGEXP(rexp)->src;
      |     ^~~~~
In file included from C:/Users/vagrant/pro/pkg/w32/ruby/include/ruby-3.0.0/ruby/ruby.h:42,
                 from C:/Users/vagrant/pro/pkg/w32/ruby/include/ruby-3.0.0/ruby.h:38,
                 from conftest.c:1:
C:/Users/vagrant/pro/pkg/w32/ruby/include/ruby-3.0.0/ruby/internal/newobj.h: In function 'rb_clone_setup':
C:/Users/vagrant/pro/pkg/w32/ruby/include/ruby-3.0.0/ruby/internal/newobj.h:56:5: warning: ISO C90 forbids mixed declarations and code [-Wdeclaration-after-statement]
   56 |     const VALUE flags = RUBY_FL_PROMOTED0 | RUBY_FL_PROMOTED1 | RUBY_FL_FINALIZE;
      |     ^~~~~
conftest.c: At top level:
conftest.c:6:10: fatal error: sys/socket.h: No such file or directory
    6 | #include <sys/socket.h>
      |          ^~~~~~~~~~~~~~
compilation terminated.
checked program was:
/* begin */
 1: #include "ruby.h"
 2: 
 3: #include <winsock2.h>
 4: #include <windows.h>
 5: #include <sys/types.h>
 6: #include <sys/socket.h>
 7: #include <sys/un.h>
 8: #include <net/if.h>
 9: #include <netinet/in.h>
10: 
11: /*top*/
12: typedef struct sockaddr_inarp conftest_type;
13: int conftestval[sizeof(conftest_type)?1:-1];
/* end */

--------------------

have_type: checking for struct sockaddr_ipx in sys/types.h,sys/socket.h,sys/un.h,net/if.h,netinet/in.h... -------------------- no

"x86_64-w64-mingw32-gcc -IC:/Users/vagrant/pro/pkg/w32/ruby/include/ruby-3.0.0/x64-mingw32 -IC:/Users/vagrant/pro/pkg/w32/ruby/include/ruby-3.0.0/ruby/backward -IC:/Users/vagrant/pro/pkg/w32/ruby/include/ruby-3.0.0 -I. -D_WIN32_WINNT=0x0600 -D__MINGW_USE_VC2005_COMPAT -D_FILE_OFFSET_BITS=64  -O3 -DFD_SETSIZE=2048 -fno-omit-frame-pointer -fno-fast-math -Wall -Wextra -Wno-unused-parameter -Wno-parentheses -Wno-long-long -Wno-missing-field-initializers -Wunused-variable -Wpointer-arith -Wwrite-strings -Wdeclaration-after-statement -Wimplicit-function-declaration -m64  -c conftest.c"
In file included from C:/Users/vagrant/pro/pkg/w32/ruby/include/ruby-3.0.0/ruby/internal/arithmetic/int.h:26,
                 from C:/Users/vagrant/pro/pkg/w32/ruby/include/ruby-3.0.0/ruby/internal/arithmetic/char.h:23,
                 from C:/Users/vagrant/pro/pkg/w32/ruby/include/ruby-3.0.0/ruby/internal/arithmetic.h:23,
                 from C:/Users/vagrant/pro/pkg/w32/ruby/include/ruby-3.0.0/ruby/ruby.h:25,
                 from C:/Users/vagrant/pro/pkg/w32/ruby/include/ruby-3.0.0/ruby.h:38,
                 from conftest.c:1:
C:/Users/vagrant/pro/pkg/w32/ruby/include/ruby-3.0.0/ruby/internal/arithmetic/long.h: In function 'RB_INT2FIX':
C:/Users/vagrant/pro/pkg/w32/ruby/include/ruby-3.0.0/ruby/internal/arithmetic/long.h:88:5: warning: ISO C90 forbids mixed declarations and code [-Wdeclaration-after-statement]
   88 |     const unsigned long j = i;
      |     ^~~~~
C:/Users/vagrant/pro/pkg/w32/ruby/include/ruby-3.0.0/ruby/internal/arithmetic/long.h: In function 'rbimpl_fix2long_by_idiv':
C:/Users/vagrant/pro/pkg/w32/ruby/include/ruby-3.0.0/ruby/internal/arithmetic/long.h:123:5: warning: ISO C90 forbids mixed declarations and code [-Wdeclaration-after-statement]
  123 |     const SIGNED_VALUE y = x - RUBY_FIXNUM_FLAG;
      |     ^~~~~
C:/Users/vagrant/pro/pkg/w32/ruby/include/ruby-3.0.0/ruby/internal/arithmetic/long.h: In function 'rbimpl_fix2long_by_shift':
C:/Users/vagrant/pro/pkg/w32/ruby/include/ruby-3.0.0/ruby/internal/arithmetic/long.h:140:5: warning: ISO C90 forbids mixed declarations and code [-Wdeclaration-after-statement]
  140 |     const SIGNED_VALUE y = x;
      |     ^~~~~
In file included from C:/Users/vagrant/pro/pkg/w32/ruby/include/ruby-3.0.0/ruby/internal/fl_type.h:35,
                 from C:/Users/vagrant/pro/pkg/w32/ruby/include/ruby-3.0.0/ruby/internal/core/rstring.h:30,
                 from C:/Users/vagrant/pro/pkg/w32/ruby/include/ruby-3.0.0/ruby/internal/arithmetic/char.h:29,
                 from C:/Users/vagrant/pro/pkg/w32/ruby/include/ruby-3.0.0/ruby/internal/arithmetic.h:23,
                 from C:/Users/vagrant/pro/pkg/w32/ruby/include/ruby-3.0.0/ruby/ruby.h:25,
                 from C:/Users/vagrant/pro/pkg/w32/ruby/include/ruby-3.0.0/ruby.h:38,
                 from conftest.c:1:
C:/Users/vagrant/pro/pkg/w32/ruby/include/ruby-3.0.0/ruby/internal/value_type.h: In function 'RB_BUILTIN_TYPE':
C:/Users/vagrant/pro/pkg/w32/ruby/include/ruby-3.0.0/ruby/internal/value_type.h:157:5: warning: ISO C90 forbids mixed declarations and code [-Wdeclaration-after-statement]
  157 |     VALUE ret = RBASIC(obj)->flags & RUBY_T_MASK;
      |     ^~~~~
In file included from C:/Users/vagrant/pro/pkg/w32/ruby/include/ruby-3.0.0/ruby/internal/arithmetic/char.h:29,
                 from C:/Users/vagrant/pro/pkg/w32/ruby/include/ruby-3.0.0/ruby/internal/arithmetic.h:23,
                 from C:/Users/vagrant/pro/pkg/w32/ruby/include/ruby-3.0.0/ruby/ruby.h:25,
                 from C:/Users/vagrant/pro/pkg/w32/ruby/include/ruby-3.0.0/ruby.h:38,
                 from conftest.c:1:
C:/Users/vagrant/pro/pkg/w32/ruby/include/ruby-3.0.0/ruby/internal/core/rstring.h: In function 'RSTRING_EMBED_LEN':
C:/Users/vagrant/pro/pkg/w32/ruby/include/ruby-3.0.0/ruby/internal/core/rstring.h:109:5: warning: ISO C90 forbids mixed declarations and code [-Wdeclaration-after-statement]
  109 |     VALUE f = RBASIC(str)->flags;
      |     ^~~~~
In file included from C:/Users/vagrant/pro/pkg/w32/ruby/include/ruby-3.0.0/ruby/internal/arithmetic.h:36,
                 from C:/Users/vagrant/pro/pkg/w32/ruby/include/ruby-3.0.0/ruby/ruby.h:25,
                 from C:/Users/vagrant/pro/pkg/w32/ruby/include/ruby-3.0.0/ruby.h:38,
                 from conftest.c:1:
C:/Users/vagrant/pro/pkg/w32/ruby/include/ruby-3.0.0/ruby/internal/arithmetic/st_data_t.h: In function 'RB_ST2FIX':
C:/Users/vagrant/pro/pkg/w32/ruby/include/ruby-3.0.0/ruby/internal/arithmetic/st_data_t.h:55:5: warning: ISO C90 forbids mixed declarations and code [-Wdeclaration-after-statement]
   55 |     unsigned long y = RBIMPL_CAST((unsigned long)x);
      |     ^~~~~~~~
In file included from C:/Users/vagrant/pro/pkg/w32/ruby/include/ruby-3.0.0/ruby/internal/core.h:23,
                 from C:/Users/vagrant/pro/pkg/w32/ruby/include/ruby-3.0.0/ruby/ruby.h:26,
                 from C:/Users/vagrant/pro/pkg/w32/ruby/include/ruby-3.0.0/ruby.h:38,
                 from conftest.c:1:
C:/Users/vagrant/pro/pkg/w32/ruby/include/ruby-3.0.0/ruby/internal/core/rarray.h: In function 'RARRAY_EMBED_LEN':
C:/Users/vagrant/pro/pkg/w32/ruby/include/ruby-3.0.0/ruby/internal/core/rarray.h:123:5: warning: ISO C90 forbids mixed declarations and code [-Wdeclaration-after-statement]
  123 |     VALUE f = RBASIC(ary)->flags;
      |     ^~~~~
C:/Users/vagrant/pro/pkg/w32/ruby/include/ruby-3.0.0/ruby/internal/core/rarray.h: In function 'RARRAY_PTR':
C:/Users/vagrant/pro/pkg/w32/ruby/include/ruby-3.0.0/ruby/internal/core/rarray.h:248:5: warning: ISO C90 forbids mixed declarations and code [-Wdeclaration-after-statement]
  248 |     VALUE tmp = RB_OBJ_WB_UNPROTECT_FOR(ARRAY, ary);
      |     ^~~~~
C:/Users/vagrant/pro/pkg/w32/ruby/include/ruby-3.0.0/ruby/internal/core/rarray.h: In function 'RARRAY_ASET':
C:/Users/vagrant/pro/pkg/w32/ruby/include/ruby-3.0.0/ruby/internal/core/rarray.h:227:5: warning: ISO C90 forbids mixed declarations and code [-Wdeclaration-after-statement]
  227 |     const VALUE rbimpl_ary = (ary);                          \
      |     ^~~~~
C:/Users/vagrant/pro/pkg/w32/ruby/include/ruby-3.0.0/ruby/internal/core/rarray.h:227:5: note: in definition of macro 'RBIMPL_RARRAY_STMT'
  227 |     const VALUE rbimpl_ary = (ary);                          \
      |     ^~~~~
C:/Users/vagrant/pro/pkg/w32/ruby/include/ruby-3.0.0/ruby/internal/core/rarray.h:255:5: note: in expansion of macro 'RARRAY_PTR_USE_TRANSIENT'
  255 |     RARRAY_PTR_USE_TRANSIENT(ary, ptr,
      |     ^~~~~~~~~~~~~~~~~~~~~~~~
In file included from C:/Users/vagrant/pro/pkg/w32/ruby/include/ruby-3.0.0/ruby/internal/core.h:30,
                 from C:/Users/vagrant/pro/pkg/w32/ruby/include/ruby-3.0.0/ruby/ruby.h:26,
                 from C:/Users/vagrant/pro/pkg/w32/ruby/include/ruby-3.0.0/ruby.h:38,
                 from conftest.c:1:
C:/Users/vagrant/pro/pkg/w32/ruby/include/ruby-3.0.0/ruby/internal/core/robject.h: In function 'ROBJECT_IVPTR':
C:/Users/vagrant/pro/pkg/w32/ruby/include/ruby-3.0.0/ruby/internal/core/robject.h:86:5: warning: ISO C90 forbids mixed declarations and code [-Wdeclaration-after-statement]
   86 |     struct RObject *const ptr = ROBJECT(obj);
      |     ^~~~~~
In file included from C:/Users/vagrant/pro/pkg/w32/ruby/include/ruby-3.0.0/ruby/internal/core.h:31,
                 from C:/Users/vagrant/pro/pkg/w32/ruby/include/ruby-3.0.0/ruby/ruby.h:26,
                 from C:/Users/vagrant/pro/pkg/w32/ruby/include/ruby-3.0.0/ruby.h:38,
                 from conftest.c:1:
C:/Users/vagrant/pro/pkg/w32/ruby/include/ruby-3.0.0/ruby/internal/core/rregexp.h: In function 'RREGEXP_SRC':
C:/Users/vagrant/pro/pkg/w32/ruby/include/ruby-3.0.0/ruby/internal/core/rregexp.h:55:5: warning: ISO C90 forbids mixed declarations and code [-Wdeclaration-after-statement]
   55 |     VALUE ret = RREGEXP(rexp)->src;
      |     ^~~~~
In file included from C:/Users/vagrant/pro/pkg/w32/ruby/include/ruby-3.0.0/ruby/ruby.h:42,
                 from C:/Users/vagrant/pro/pkg/w32/ruby/include/ruby-3.0.0/ruby.h:38,
                 from conftest.c:1:
C:/Users/vagrant/pro/pkg/w32/ruby/include/ruby-3.0.0/ruby/internal/newobj.h: In function 'rb_clone_setup':
C:/Users/vagrant/pro/pkg/w32/ruby/include/ruby-3.0.0/ruby/internal/newobj.h:56:5: warning: ISO C90 forbids mixed declarations and code [-Wdeclaration-after-statement]
   56 |     const VALUE flags = RUBY_FL_PROMOTED0 | RUBY_FL_PROMOTED1 | RUBY_FL_FINALIZE;
      |     ^~~~~
conftest.c: At top level:
conftest.c:6:10: fatal error: sys/socket.h: No such file or directory
    6 | #include <sys/socket.h>
      |          ^~~~~~~~~~~~~~
compilation terminated.
checked program was:
/* begin */
 1: #include "ruby.h"
 2: 
 3: #include <winsock2.h>
 4: #include <windows.h>
 5: #include <sys/types.h>
 6: #include <sys/socket.h>
 7: #include <sys/un.h>
 8: #include <net/if.h>
 9: #include <netinet/in.h>
10: 
11: /*top*/
12: typedef struct sockaddr_ipx conftest_type;
13: int conftestval[sizeof(conftest_type)?1:-1];
/* end */

--------------------

have_type: checking for struct sockaddr_iso in sys/types.h,sys/socket.h,sys/un.h,net/if.h,netinet/in.h... -------------------- no

"x86_64-w64-mingw32-gcc -IC:/Users/vagrant/pro/pkg/w32/ruby/include/ruby-3.0.0/x64-mingw32 -IC:/Users/vagrant/pro/pkg/w32/ruby/include/ruby-3.0.0/ruby/backward -IC:/Users/vagrant/pro/pkg/w32/ruby/include/ruby-3.0.0 -I. -D_WIN32_WINNT=0x0600 -D__MINGW_USE_VC2005_COMPAT -D_FILE_OFFSET_BITS=64  -O3 -DFD_SETSIZE=2048 -fno-omit-frame-pointer -fno-fast-math -Wall -Wextra -Wno-unused-parameter -Wno-parentheses -Wno-long-long -Wno-missing-field-initializers -Wunused-variable -Wpointer-arith -Wwrite-strings -Wdeclaration-after-statement -Wimplicit-function-declaration -m64  -c conftest.c"
In file included from C:/Users/vagrant/pro/pkg/w32/ruby/include/ruby-3.0.0/ruby/internal/arithmetic/int.h:26,
                 from C:/Users/vagrant/pro/pkg/w32/ruby/include/ruby-3.0.0/ruby/internal/arithmetic/char.h:23,
                 from C:/Users/vagrant/pro/pkg/w32/ruby/include/ruby-3.0.0/ruby/internal/arithmetic.h:23,
                 from C:/Users/vagrant/pro/pkg/w32/ruby/include/ruby-3.0.0/ruby/ruby.h:25,
                 from C:/Users/vagrant/pro/pkg/w32/ruby/include/ruby-3.0.0/ruby.h:38,
                 from conftest.c:1:
C:/Users/vagrant/pro/pkg/w32/ruby/include/ruby-3.0.0/ruby/internal/arithmetic/long.h: In function 'RB_INT2FIX':
C:/Users/vagrant/pro/pkg/w32/ruby/include/ruby-3.0.0/ruby/internal/arithmetic/long.h:88:5: warning: ISO C90 forbids mixed declarations and code [-Wdeclaration-after-statement]
   88 |     const unsigned long j = i;
      |     ^~~~~
C:/Users/vagrant/pro/pkg/w32/ruby/include/ruby-3.0.0/ruby/internal/arithmetic/long.h: In function 'rbimpl_fix2long_by_idiv':
C:/Users/vagrant/pro/pkg/w32/ruby/include/ruby-3.0.0/ruby/internal/arithmetic/long.h:123:5: warning: ISO C90 forbids mixed declarations and code [-Wdeclaration-after-statement]
  123 |     const SIGNED_VALUE y = x - RUBY_FIXNUM_FLAG;
      |     ^~~~~
C:/Users/vagrant/pro/pkg/w32/ruby/include/ruby-3.0.0/ruby/internal/arithmetic/long.h: In function 'rbimpl_fix2long_by_shift':
C:/Users/vagrant/pro/pkg/w32/ruby/include/ruby-3.0.0/ruby/internal/arithmetic/long.h:140:5: warning: ISO C90 forbids mixed declarations and code [-Wdeclaration-after-statement]
  140 |     const SIGNED_VALUE y = x;
      |     ^~~~~
In file included from C:/Users/vagrant/pro/pkg/w32/ruby/include/ruby-3.0.0/ruby/internal/fl_type.h:35,
                 from C:/Users/vagrant/pro/pkg/w32/ruby/include/ruby-3.0.0/ruby/internal/core/rstring.h:30,
                 from C:/Users/vagrant/pro/pkg/w32/ruby/include/ruby-3.0.0/ruby/internal/arithmetic/char.h:29,
                 from C:/Users/vagrant/pro/pkg/w32/ruby/include/ruby-3.0.0/ruby/internal/arithmetic.h:23,
                 from C:/Users/vagrant/pro/pkg/w32/ruby/include/ruby-3.0.0/ruby/ruby.h:25,
                 from C:/Users/vagrant/pro/pkg/w32/ruby/include/ruby-3.0.0/ruby.h:38,
                 from conftest.c:1:
C:/Users/vagrant/pro/pkg/w32/ruby/include/ruby-3.0.0/ruby/internal/value_type.h: In function 'RB_BUILTIN_TYPE':
C:/Users/vagrant/pro/pkg/w32/ruby/include/ruby-3.0.0/ruby/internal/value_type.h:157:5: warning: ISO C90 forbids mixed declarations and code [-Wdeclaration-after-statement]
  157 |     VALUE ret = RBASIC(obj)->flags & RUBY_T_MASK;
      |     ^~~~~
In file included from C:/Users/vagrant/pro/pkg/w32/ruby/include/ruby-3.0.0/ruby/internal/arithmetic/char.h:29,
                 from C:/Users/vagrant/pro/pkg/w32/ruby/include/ruby-3.0.0/ruby/internal/arithmetic.h:23,
                 from C:/Users/vagrant/pro/pkg/w32/ruby/include/ruby-3.0.0/ruby/ruby.h:25,
                 from C:/Users/vagrant/pro/pkg/w32/ruby/include/ruby-3.0.0/ruby.h:38,
                 from conftest.c:1:
C:/Users/vagrant/pro/pkg/w32/ruby/include/ruby-3.0.0/ruby/internal/core/rstring.h: In function 'RSTRING_EMBED_LEN':
C:/Users/vagrant/pro/pkg/w32/ruby/include/ruby-3.0.0/ruby/internal/core/rstring.h:109:5: warning: ISO C90 forbids mixed declarations and code [-Wdeclaration-after-statement]
  109 |     VALUE f = RBASIC(str)->flags;
      |     ^~~~~
In file included from C:/Users/vagrant/pro/pkg/w32/ruby/include/ruby-3.0.0/ruby/internal/arithmetic.h:36,
                 from C:/Users/vagrant/pro/pkg/w32/ruby/include/ruby-3.0.0/ruby/ruby.h:25,
                 from C:/Users/vagrant/pro/pkg/w32/ruby/include/ruby-3.0.0/ruby.h:38,
                 from conftest.c:1:
C:/Users/vagrant/pro/pkg/w32/ruby/include/ruby-3.0.0/ruby/internal/arithmetic/st_data_t.h: In function 'RB_ST2FIX':
C:/Users/vagrant/pro/pkg/w32/ruby/include/ruby-3.0.0/ruby/internal/arithmetic/st_data_t.h:55:5: warning: ISO C90 forbids mixed declarations and code [-Wdeclaration-after-statement]
   55 |     unsigned long y = RBIMPL_CAST((unsigned long)x);
      |     ^~~~~~~~
In file included from C:/Users/vagrant/pro/pkg/w32/ruby/include/ruby-3.0.0/ruby/internal/core.h:23,
                 from C:/Users/vagrant/pro/pkg/w32/ruby/include/ruby-3.0.0/ruby/ruby.h:26,
                 from C:/Users/vagrant/pro/pkg/w32/ruby/include/ruby-3.0.0/ruby.h:38,
                 from conftest.c:1:
C:/Users/vagrant/pro/pkg/w32/ruby/include/ruby-3.0.0/ruby/internal/core/rarray.h: In function 'RARRAY_EMBED_LEN':
C:/Users/vagrant/pro/pkg/w32/ruby/include/ruby-3.0.0/ruby/internal/core/rarray.h:123:5: warning: ISO C90 forbids mixed declarations and code [-Wdeclaration-after-statement]
  123 |     VALUE f = RBASIC(ary)->flags;
      |     ^~~~~
C:/Users/vagrant/pro/pkg/w32/ruby/include/ruby-3.0.0/ruby/internal/core/rarray.h: In function 'RARRAY_PTR':
C:/Users/vagrant/pro/pkg/w32/ruby/include/ruby-3.0.0/ruby/internal/core/rarray.h:248:5: warning: ISO C90 forbids mixed declarations and code [-Wdeclaration-after-statement]
  248 |     VALUE tmp = RB_OBJ_WB_UNPROTECT_FOR(ARRAY, ary);
      |     ^~~~~
C:/Users/vagrant/pro/pkg/w32/ruby/include/ruby-3.0.0/ruby/internal/core/rarray.h: In function 'RARRAY_ASET':
C:/Users/vagrant/pro/pkg/w32/ruby/include/ruby-3.0.0/ruby/internal/core/rarray.h:227:5: warning: ISO C90 forbids mixed declarations and code [-Wdeclaration-after-statement]
  227 |     const VALUE rbimpl_ary = (ary);                          \
      |     ^~~~~
C:/Users/vagrant/pro/pkg/w32/ruby/include/ruby-3.0.0/ruby/internal/core/rarray.h:227:5: note: in definition of macro 'RBIMPL_RARRAY_STMT'
  227 |     const VALUE rbimpl_ary = (ary);                          \
      |     ^~~~~
C:/Users/vagrant/pro/pkg/w32/ruby/include/ruby-3.0.0/ruby/internal/core/rarray.h:255:5: note: in expansion of macro 'RARRAY_PTR_USE_TRANSIENT'
  255 |     RARRAY_PTR_USE_TRANSIENT(ary, ptr,
      |     ^~~~~~~~~~~~~~~~~~~~~~~~
In file included from C:/Users/vagrant/pro/pkg/w32/ruby/include/ruby-3.0.0/ruby/internal/core.h:30,
                 from C:/Users/vagrant/pro/pkg/w32/ruby/include/ruby-3.0.0/ruby/ruby.h:26,
                 from C:/Users/vagrant/pro/pkg/w32/ruby/include/ruby-3.0.0/ruby.h:38,
                 from conftest.c:1:
C:/Users/vagrant/pro/pkg/w32/ruby/include/ruby-3.0.0/ruby/internal/core/robject.h: In function 'ROBJECT_IVPTR':
C:/Users/vagrant/pro/pkg/w32/ruby/include/ruby-3.0.0/ruby/internal/core/robject.h:86:5: warning: ISO C90 forbids mixed declarations and code [-Wdeclaration-after-statement]
   86 |     struct RObject *const ptr = ROBJECT(obj);
      |     ^~~~~~
In file included from C:/Users/vagrant/pro/pkg/w32/ruby/include/ruby-3.0.0/ruby/internal/core.h:31,
                 from C:/Users/vagrant/pro/pkg/w32/ruby/include/ruby-3.0.0/ruby/ruby.h:26,
                 from C:/Users/vagrant/pro/pkg/w32/ruby/include/ruby-3.0.0/ruby.h:38,
                 from conftest.c:1:
C:/Users/vagrant/pro/pkg/w32/ruby/include/ruby-3.0.0/ruby/internal/core/rregexp.h: In function 'RREGEXP_SRC':
C:/Users/vagrant/pro/pkg/w32/ruby/include/ruby-3.0.0/ruby/internal/core/rregexp.h:55:5: warning: ISO C90 forbids mixed declarations and code [-Wdeclaration-after-statement]
   55 |     VALUE ret = RREGEXP(rexp)->src;
      |     ^~~~~
In file included from C:/Users/vagrant/pro/pkg/w32/ruby/include/ruby-3.0.0/ruby/ruby.h:42,
                 from C:/Users/vagrant/pro/pkg/w32/ruby/include/ruby-3.0.0/ruby.h:38,
                 from conftest.c:1:
C:/Users/vagrant/pro/pkg/w32/ruby/include/ruby-3.0.0/ruby/internal/newobj.h: In function 'rb_clone_setup':
C:/Users/vagrant/pro/pkg/w32/ruby/include/ruby-3.0.0/ruby/internal/newobj.h:56:5: warning: ISO C90 forbids mixed declarations and code [-Wdeclaration-after-statement]
   56 |     const VALUE flags = RUBY_FL_PROMOTED0 | RUBY_FL_PROMOTED1 | RUBY_FL_FINALIZE;
      |     ^~~~~
conftest.c: At top level:
conftest.c:6:10: fatal error: sys/socket.h: No such file or directory
    6 | #include <sys/socket.h>
      |          ^~~~~~~~~~~~~~
compilation terminated.
checked program was:
/* begin */
 1: #include "ruby.h"
 2: 
 3: #include <winsock2.h>
 4: #include <windows.h>
 5: #include <sys/types.h>
 6: #include <sys/socket.h>
 7: #include <sys/un.h>
 8: #include <net/if.h>
 9: #include <netinet/in.h>
10: 
11: /*top*/
12: typedef struct sockaddr_iso conftest_type;
13: int conftestval[sizeof(conftest_type)?1:-1];
/* end */

--------------------

have_type: checking for struct sockaddr_ns in sys/types.h,sys/socket.h,sys/un.h,net/if.h,netinet/in.h... -------------------- no

"x86_64-w64-mingw32-gcc -IC:/Users/vagrant/pro/pkg/w32/ruby/include/ruby-3.0.0/x64-mingw32 -IC:/Users/vagrant/pro/pkg/w32/ruby/include/ruby-3.0.0/ruby/backward -IC:/Users/vagrant/pro/pkg/w32/ruby/include/ruby-3.0.0 -I. -D_WIN32_WINNT=0x0600 -D__MINGW_USE_VC2005_COMPAT -D_FILE_OFFSET_BITS=64  -O3 -DFD_SETSIZE=2048 -fno-omit-frame-pointer -fno-fast-math -Wall -Wextra -Wno-unused-parameter -Wno-parentheses -Wno-long-long -Wno-missing-field-initializers -Wunused-variable -Wpointer-arith -Wwrite-strings -Wdeclaration-after-statement -Wimplicit-function-declaration -m64  -c conftest.c"
In file included from C:/Users/vagrant/pro/pkg/w32/ruby/include/ruby-3.0.0/ruby/internal/arithmetic/int.h:26,
                 from C:/Users/vagrant/pro/pkg/w32/ruby/include/ruby-3.0.0/ruby/internal/arithmetic/char.h:23,
                 from C:/Users/vagrant/pro/pkg/w32/ruby/include/ruby-3.0.0/ruby/internal/arithmetic.h:23,
                 from C:/Users/vagrant/pro/pkg/w32/ruby/include/ruby-3.0.0/ruby/ruby.h:25,
                 from C:/Users/vagrant/pro/pkg/w32/ruby/include/ruby-3.0.0/ruby.h:38,
                 from conftest.c:1:
C:/Users/vagrant/pro/pkg/w32/ruby/include/ruby-3.0.0/ruby/internal/arithmetic/long.h: In function 'RB_INT2FIX':
C:/Users/vagrant/pro/pkg/w32/ruby/include/ruby-3.0.0/ruby/internal/arithmetic/long.h:88:5: warning: ISO C90 forbids mixed declarations and code [-Wdeclaration-after-statement]
   88 |     const unsigned long j = i;
      |     ^~~~~
C:/Users/vagrant/pro/pkg/w32/ruby/include/ruby-3.0.0/ruby/internal/arithmetic/long.h: In function 'rbimpl_fix2long_by_idiv':
C:/Users/vagrant/pro/pkg/w32/ruby/include/ruby-3.0.0/ruby/internal/arithmetic/long.h:123:5: warning: ISO C90 forbids mixed declarations and code [-Wdeclaration-after-statement]
  123 |     const SIGNED_VALUE y = x - RUBY_FIXNUM_FLAG;
      |     ^~~~~
C:/Users/vagrant/pro/pkg/w32/ruby/include/ruby-3.0.0/ruby/internal/arithmetic/long.h: In function 'rbimpl_fix2long_by_shift':
C:/Users/vagrant/pro/pkg/w32/ruby/include/ruby-3.0.0/ruby/internal/arithmetic/long.h:140:5: warning: ISO C90 forbids mixed declarations and code [-Wdeclaration-after-statement]
  140 |     const SIGNED_VALUE y = x;
      |     ^~~~~
In file included from C:/Users/vagrant/pro/pkg/w32/ruby/include/ruby-3.0.0/ruby/internal/fl_type.h:35,
                 from C:/Users/vagrant/pro/pkg/w32/ruby/include/ruby-3.0.0/ruby/internal/core/rstring.h:30,
                 from C:/Users/vagrant/pro/pkg/w32/ruby/include/ruby-3.0.0/ruby/internal/arithmetic/char.h:29,
                 from C:/Users/vagrant/pro/pkg/w32/ruby/include/ruby-3.0.0/ruby/internal/arithmetic.h:23,
                 from C:/Users/vagrant/pro/pkg/w32/ruby/include/ruby-3.0.0/ruby/ruby.h:25,
                 from C:/Users/vagrant/pro/pkg/w32/ruby/include/ruby-3.0.0/ruby.h:38,
                 from conftest.c:1:
C:/Users/vagrant/pro/pkg/w32/ruby/include/ruby-3.0.0/ruby/internal/value_type.h: In function 'RB_BUILTIN_TYPE':
C:/Users/vagrant/pro/pkg/w32/ruby/include/ruby-3.0.0/ruby/internal/value_type.h:157:5: warning: ISO C90 forbids mixed declarations and code [-Wdeclaration-after-statement]
  157 |     VALUE ret = RBASIC(obj)->flags & RUBY_T_MASK;
      |     ^~~~~
In file included from C:/Users/vagrant/pro/pkg/w32/ruby/include/ruby-3.0.0/ruby/internal/arithmetic/char.h:29,
                 from C:/Users/vagrant/pro/pkg/w32/ruby/include/ruby-3.0.0/ruby/internal/arithmetic.h:23,
                 from C:/Users/vagrant/pro/pkg/w32/ruby/include/ruby-3.0.0/ruby/ruby.h:25,
                 from C:/Users/vagrant/pro/pkg/w32/ruby/include/ruby-3.0.0/ruby.h:38,
                 from conftest.c:1:
C:/Users/vagrant/pro/pkg/w32/ruby/include/ruby-3.0.0/ruby/internal/core/rstring.h: In function 'RSTRING_EMBED_LEN':
C:/Users/vagrant/pro/pkg/w32/ruby/include/ruby-3.0.0/ruby/internal/core/rstring.h:109:5: warning: ISO C90 forbids mixed declarations and code [-Wdeclaration-after-statement]
  109 |     VALUE f = RBASIC(str)->flags;
      |     ^~~~~
In file included from C:/Users/vagrant/pro/pkg/w32/ruby/include/ruby-3.0.0/ruby/internal/arithmetic.h:36,
                 from C:/Users/vagrant/pro/pkg/w32/ruby/include/ruby-3.0.0/ruby/ruby.h:25,
                 from C:/Users/vagrant/pro/pkg/w32/ruby/include/ruby-3.0.0/ruby.h:38,
                 from conftest.c:1:
C:/Users/vagrant/pro/pkg/w32/ruby/include/ruby-3.0.0/ruby/internal/arithmetic/st_data_t.h: In function 'RB_ST2FIX':
C:/Users/vagrant/pro/pkg/w32/ruby/include/ruby-3.0.0/ruby/internal/arithmetic/st_data_t.h:55:5: warning: ISO C90 forbids mixed declarations and code [-Wdeclaration-after-statement]
   55 |     unsigned long y = RBIMPL_CAST((unsigned long)x);
      |     ^~~~~~~~
In file included from C:/Users/vagrant/pro/pkg/w32/ruby/include/ruby-3.0.0/ruby/internal/core.h:23,
                 from C:/Users/vagrant/pro/pkg/w32/ruby/include/ruby-3.0.0/ruby/ruby.h:26,
                 from C:/Users/vagrant/pro/pkg/w32/ruby/include/ruby-3.0.0/ruby.h:38,
                 from conftest.c:1:
C:/Users/vagrant/pro/pkg/w32/ruby/include/ruby-3.0.0/ruby/internal/core/rarray.h: In function 'RARRAY_EMBED_LEN':
C:/Users/vagrant/pro/pkg/w32/ruby/include/ruby-3.0.0/ruby/internal/core/rarray.h:123:5: warning: ISO C90 forbids mixed declarations and code [-Wdeclaration-after-statement]
  123 |     VALUE f = RBASIC(ary)->flags;
      |     ^~~~~
C:/Users/vagrant/pro/pkg/w32/ruby/include/ruby-3.0.0/ruby/internal/core/rarray.h: In function 'RARRAY_PTR':
C:/Users/vagrant/pro/pkg/w32/ruby/include/ruby-3.0.0/ruby/internal/core/rarray.h:248:5: warning: ISO C90 forbids mixed declarations and code [-Wdeclaration-after-statement]
  248 |     VALUE tmp = RB_OBJ_WB_UNPROTECT_FOR(ARRAY, ary);
      |     ^~~~~
C:/Users/vagrant/pro/pkg/w32/ruby/include/ruby-3.0.0/ruby/internal/core/rarray.h: In function 'RARRAY_ASET':
C:/Users/vagrant/pro/pkg/w32/ruby/include/ruby-3.0.0/ruby/internal/core/rarray.h:227:5: warning: ISO C90 forbids mixed declarations and code [-Wdeclaration-after-statement]
  227 |     const VALUE rbimpl_ary = (ary);                          \
      |     ^~~~~
C:/Users/vagrant/pro/pkg/w32/ruby/include/ruby-3.0.0/ruby/internal/core/rarray.h:227:5: note: in definition of macro 'RBIMPL_RARRAY_STMT'
  227 |     const VALUE rbimpl_ary = (ary);                          \
      |     ^~~~~
C:/Users/vagrant/pro/pkg/w32/ruby/include/ruby-3.0.0/ruby/internal/core/rarray.h:255:5: note: in expansion of macro 'RARRAY_PTR_USE_TRANSIENT'
  255 |     RARRAY_PTR_USE_TRANSIENT(ary, ptr,
      |     ^~~~~~~~~~~~~~~~~~~~~~~~
In file included from C:/Users/vagrant/pro/pkg/w32/ruby/include/ruby-3.0.0/ruby/internal/core.h:30,
                 from C:/Users/vagrant/pro/pkg/w32/ruby/include/ruby-3.0.0/ruby/ruby.h:26,
                 from C:/Users/vagrant/pro/pkg/w32/ruby/include/ruby-3.0.0/ruby.h:38,
                 from conftest.c:1:
C:/Users/vagrant/pro/pkg/w32/ruby/include/ruby-3.0.0/ruby/internal/core/robject.h: In function 'ROBJECT_IVPTR':
C:/Users/vagrant/pro/pkg/w32/ruby/include/ruby-3.0.0/ruby/internal/core/robject.h:86:5: warning: ISO C90 forbids mixed declarations and code [-Wdeclaration-after-statement]
   86 |     struct RObject *const ptr = ROBJECT(obj);
      |     ^~~~~~
In file included from C:/Users/vagrant/pro/pkg/w32/ruby/include/ruby-3.0.0/ruby/internal/core.h:31,
                 from C:/Users/vagrant/pro/pkg/w32/ruby/include/ruby-3.0.0/ruby/ruby.h:26,
                 from C:/Users/vagrant/pro/pkg/w32/ruby/include/ruby-3.0.0/ruby.h:38,
                 from conftest.c:1:
C:/Users/vagrant/pro/pkg/w32/ruby/include/ruby-3.0.0/ruby/internal/core/rregexp.h: In function 'RREGEXP_SRC':
C:/Users/vagrant/pro/pkg/w32/ruby/include/ruby-3.0.0/ruby/internal/core/rregexp.h:55:5: warning: ISO C90 forbids mixed declarations and code [-Wdeclaration-after-statement]
   55 |     VALUE ret = RREGEXP(rexp)->src;
      |     ^~~~~
In file included from C:/Users/vagrant/pro/pkg/w32/ruby/include/ruby-3.0.0/ruby/ruby.h:42,
                 from C:/Users/vagrant/pro/pkg/w32/ruby/include/ruby-3.0.0/ruby.h:38,
                 from conftest.c:1:
C:/Users/vagrant/pro/pkg/w32/ruby/include/ruby-3.0.0/ruby/internal/newobj.h: In function 'rb_clone_setup':
C:/Users/vagrant/pro/pkg/w32/ruby/include/ruby-3.0.0/ruby/internal/newobj.h:56:5: warning: ISO C90 forbids mixed declarations and code [-Wdeclaration-after-statement]
   56 |     const VALUE flags = RUBY_FL_PROMOTED0 | RUBY_FL_PROMOTED1 | RUBY_FL_FINALIZE;
      |     ^~~~~
conftest.c: At top level:
conftest.c:6:10: fatal error: sys/socket.h: No such file or directory
    6 | #include <sys/socket.h>
      |          ^~~~~~~~~~~~~~
compilation terminated.
checked program was:
/* begin */
 1: #include "ruby.h"
 2: 
 3: #include <winsock2.h>
 4: #include <windows.h>
 5: #include <sys/types.h>
 6: #include <sys/socket.h>
 7: #include <sys/un.h>
 8: #include <net/if.h>
 9: #include <netinet/in.h>
10: 
11: /*top*/
12: typedef struct sockaddr_ns conftest_type;
13: int conftestval[sizeof(conftest_type)?1:-1];
/* end */

--------------------

have_type: checking for struct sockaddr_un in sys/types.h,sys/socket.h,sys/un.h,net/if.h,netinet/in.h... -------------------- no

"x86_64-w64-mingw32-gcc -IC:/Users/vagrant/pro/pkg/w32/ruby/include/ruby-3.0.0/x64-mingw32 -IC:/Users/vagrant/pro/pkg/w32/ruby/include/ruby-3.0.0/ruby/backward -IC:/Users/vagrant/pro/pkg/w32/ruby/include/ruby-3.0.0 -I. -D_WIN32_WINNT=0x0600 -D__MINGW_USE_VC2005_COMPAT -D_FILE_OFFSET_BITS=64  -O3 -DFD_SETSIZE=2048 -fno-omit-frame-pointer -fno-fast-math -Wall -Wextra -Wno-unused-parameter -Wno-parentheses -Wno-long-long -Wno-missing-field-initializers -Wunused-variable -Wpointer-arith -Wwrite-strings -Wdeclaration-after-statement -Wimplicit-function-declaration -m64  -c conftest.c"
In file included from C:/Users/vagrant/pro/pkg/w32/ruby/include/ruby-3.0.0/ruby/internal/arithmetic/int.h:26,
                 from C:/Users/vagrant/pro/pkg/w32/ruby/include/ruby-3.0.0/ruby/internal/arithmetic/char.h:23,
                 from C:/Users/vagrant/pro/pkg/w32/ruby/include/ruby-3.0.0/ruby/internal/arithmetic.h:23,
                 from C:/Users/vagrant/pro/pkg/w32/ruby/include/ruby-3.0.0/ruby/ruby.h:25,
                 from C:/Users/vagrant/pro/pkg/w32/ruby/include/ruby-3.0.0/ruby.h:38,
                 from conftest.c:1:
C:/Users/vagrant/pro/pkg/w32/ruby/include/ruby-3.0.0/ruby/internal/arithmetic/long.h: In function 'RB_INT2FIX':
C:/Users/vagrant/pro/pkg/w32/ruby/include/ruby-3.0.0/ruby/internal/arithmetic/long.h:88:5: warning: ISO C90 forbids mixed declarations and code [-Wdeclaration-after-statement]
   88 |     const unsigned long j = i;
      |     ^~~~~
C:/Users/vagrant/pro/pkg/w32/ruby/include/ruby-3.0.0/ruby/internal/arithmetic/long.h: In function 'rbimpl_fix2long_by_idiv':
C:/Users/vagrant/pro/pkg/w32/ruby/include/ruby-3.0.0/ruby/internal/arithmetic/long.h:123:5: warning: ISO C90 forbids mixed declarations and code [-Wdeclaration-after-statement]
  123 |     const SIGNED_VALUE y = x - RUBY_FIXNUM_FLAG;
      |     ^~~~~
C:/Users/vagrant/pro/pkg/w32/ruby/include/ruby-3.0.0/ruby/internal/arithmetic/long.h: In function 'rbimpl_fix2long_by_shift':
C:/Users/vagrant/pro/pkg/w32/ruby/include/ruby-3.0.0/ruby/internal/arithmetic/long.h:140:5: warning: ISO C90 forbids mixed declarations and code [-Wdeclaration-after-statement]
  140 |     const SIGNED_VALUE y = x;
      |     ^~~~~
In file included from C:/Users/vagrant/pro/pkg/w32/ruby/include/ruby-3.0.0/ruby/internal/fl_type.h:35,
                 from C:/Users/vagrant/pro/pkg/w32/ruby/include/ruby-3.0.0/ruby/internal/core/rstring.h:30,
                 from C:/Users/vagrant/pro/pkg/w32/ruby/include/ruby-3.0.0/ruby/internal/arithmetic/char.h:29,
                 from C:/Users/vagrant/pro/pkg/w32/ruby/include/ruby-3.0.0/ruby/internal/arithmetic.h:23,
                 from C:/Users/vagrant/pro/pkg/w32/ruby/include/ruby-3.0.0/ruby/ruby.h:25,
                 from C:/Users/vagrant/pro/pkg/w32/ruby/include/ruby-3.0.0/ruby.h:38,
                 from conftest.c:1:
C:/Users/vagrant/pro/pkg/w32/ruby/include/ruby-3.0.0/ruby/internal/value_type.h: In function 'RB_BUILTIN_TYPE':
C:/Users/vagrant/pro/pkg/w32/ruby/include/ruby-3.0.0/ruby/internal/value_type.h:157:5: warning: ISO C90 forbids mixed declarations and code [-Wdeclaration-after-statement]
  157 |     VALUE ret = RBASIC(obj)->flags & RUBY_T_MASK;
      |     ^~~~~
In file included from C:/Users/vagrant/pro/pkg/w32/ruby/include/ruby-3.0.0/ruby/internal/arithmetic/char.h:29,
                 from C:/Users/vagrant/pro/pkg/w32/ruby/include/ruby-3.0.0/ruby/internal/arithmetic.h:23,
                 from C:/Users/vagrant/pro/pkg/w32/ruby/include/ruby-3.0.0/ruby/ruby.h:25,
                 from C:/Users/vagrant/pro/pkg/w32/ruby/include/ruby-3.0.0/ruby.h:38,
                 from conftest.c:1:
C:/Users/vagrant/pro/pkg/w32/ruby/include/ruby-3.0.0/ruby/internal/core/rstring.h: In function 'RSTRING_EMBED_LEN':
C:/Users/vagrant/pro/pkg/w32/ruby/include/ruby-3.0.0/ruby/internal/core/rstring.h:109:5: warning: ISO C90 forbids mixed declarations and code [-Wdeclaration-after-statement]
  109 |     VALUE f = RBASIC(str)->flags;
      |     ^~~~~
In file included from C:/Users/vagrant/pro/pkg/w32/ruby/include/ruby-3.0.0/ruby/internal/arithmetic.h:36,
                 from C:/Users/vagrant/pro/pkg/w32/ruby/include/ruby-3.0.0/ruby/ruby.h:25,
                 from C:/Users/vagrant/pro/pkg/w32/ruby/include/ruby-3.0.0/ruby.h:38,
                 from conftest.c:1:
C:/Users/vagrant/pro/pkg/w32/ruby/include/ruby-3.0.0/ruby/internal/arithmetic/st_data_t.h: In function 'RB_ST2FIX':
C:/Users/vagrant/pro/pkg/w32/ruby/include/ruby-3.0.0/ruby/internal/arithmetic/st_data_t.h:55:5: warning: ISO C90 forbids mixed declarations and code [-Wdeclaration-after-statement]
   55 |     unsigned long y = RBIMPL_CAST((unsigned long)x);
      |     ^~~~~~~~
In file included from C:/Users/vagrant/pro/pkg/w32/ruby/include/ruby-3.0.0/ruby/internal/core.h:23,
                 from C:/Users/vagrant/pro/pkg/w32/ruby/include/ruby-3.0.0/ruby/ruby.h:26,
                 from C:/Users/vagrant/pro/pkg/w32/ruby/include/ruby-3.0.0/ruby.h:38,
                 from conftest.c:1:
C:/Users/vagrant/pro/pkg/w32/ruby/include/ruby-3.0.0/ruby/internal/core/rarray.h: In function 'RARRAY_EMBED_LEN':
C:/Users/vagrant/pro/pkg/w32/ruby/include/ruby-3.0.0/ruby/internal/core/rarray.h:123:5: warning: ISO C90 forbids mixed declarations and code [-Wdeclaration-after-statement]
  123 |     VALUE f = RBASIC(ary)->flags;
      |     ^~~~~
C:/Users/vagrant/pro/pkg/w32/ruby/include/ruby-3.0.0/ruby/internal/core/rarray.h: In function 'RARRAY_PTR':
C:/Users/vagrant/pro/pkg/w32/ruby/include/ruby-3.0.0/ruby/internal/core/rarray.h:248:5: warning: ISO C90 forbids mixed declarations and code [-Wdeclaration-after-statement]
  248 |     VALUE tmp = RB_OBJ_WB_UNPROTECT_FOR(ARRAY, ary);
      |     ^~~~~
C:/Users/vagrant/pro/pkg/w32/ruby/include/ruby-3.0.0/ruby/internal/core/rarray.h: In function 'RARRAY_ASET':
C:/Users/vagrant/pro/pkg/w32/ruby/include/ruby-3.0.0/ruby/internal/core/rarray.h:227:5: warning: ISO C90 forbids mixed declarations and code [-Wdeclaration-after-statement]
  227 |     const VALUE rbimpl_ary = (ary);                          \
      |     ^~~~~
C:/Users/vagrant/pro/pkg/w32/ruby/include/ruby-3.0.0/ruby/internal/core/rarray.h:227:5: note: in definition of macro 'RBIMPL_RARRAY_STMT'
  227 |     const VALUE rbimpl_ary = (ary);                          \
      |     ^~~~~
C:/Users/vagrant/pro/pkg/w32/ruby/include/ruby-3.0.0/ruby/internal/core/rarray.h:255:5: note: in expansion of macro 'RARRAY_PTR_USE_TRANSIENT'
  255 |     RARRAY_PTR_USE_TRANSIENT(ary, ptr,
      |     ^~~~~~~~~~~~~~~~~~~~~~~~
In file included from C:/Users/vagrant/pro/pkg/w32/ruby/include/ruby-3.0.0/ruby/internal/core.h:30,
                 from C:/Users/vagrant/pro/pkg/w32/ruby/include/ruby-3.0.0/ruby/ruby.h:26,
                 from C:/Users/vagrant/pro/pkg/w32/ruby/include/ruby-3.0.0/ruby.h:38,
                 from conftest.c:1:
C:/Users/vagrant/pro/pkg/w32/ruby/include/ruby-3.0.0/ruby/internal/core/robject.h: In function 'ROBJECT_IVPTR':
C:/Users/vagrant/pro/pkg/w32/ruby/include/ruby-3.0.0/ruby/internal/core/robject.h:86:5: warning: ISO C90 forbids mixed declarations and code [-Wdeclaration-after-statement]
   86 |     struct RObject *const ptr = ROBJECT(obj);
      |     ^~~~~~
In file included from C:/Users/vagrant/pro/pkg/w32/ruby/include/ruby-3.0.0/ruby/internal/core.h:31,
                 from C:/Users/vagrant/pro/pkg/w32/ruby/include/ruby-3.0.0/ruby/ruby.h:26,
                 from C:/Users/vagrant/pro/pkg/w32/ruby/include/ruby-3.0.0/ruby.h:38,
                 from conftest.c:1:
C:/Users/vagrant/pro/pkg/w32/ruby/include/ruby-3.0.0/ruby/internal/core/rregexp.h: In function 'RREGEXP_SRC':
C:/Users/vagrant/pro/pkg/w32/ruby/include/ruby-3.0.0/ruby/internal/core/rregexp.h:55:5: warning: ISO C90 forbids mixed declarations and code [-Wdeclaration-after-statement]
   55 |     VALUE ret = RREGEXP(rexp)->src;
      |     ^~~~~
In file included from C:/Users/vagrant/pro/pkg/w32/ruby/include/ruby-3.0.0/ruby/ruby.h:42,
                 from C:/Users/vagrant/pro/pkg/w32/ruby/include/ruby-3.0.0/ruby.h:38,
                 from conftest.c:1:
C:/Users/vagrant/pro/pkg/w32/ruby/include/ruby-3.0.0/ruby/internal/newobj.h: In function 'rb_clone_setup':
C:/Users/vagrant/pro/pkg/w32/ruby/include/ruby-3.0.0/ruby/internal/newobj.h:56:5: warning: ISO C90 forbids mixed declarations and code [-Wdeclaration-after-statement]
   56 |     const VALUE flags = RUBY_FL_PROMOTED0 | RUBY_FL_PROMOTED1 | RUBY_FL_FINALIZE;
      |     ^~~~~
conftest.c: At top level:
conftest.c:6:10: fatal error: sys/socket.h: No such file or directory
    6 | #include <sys/socket.h>
      |          ^~~~~~~~~~~~~~
compilation terminated.
checked program was:
/* begin */
 1: #include "ruby.h"
 2: 
 3: #include <winsock2.h>
 4: #include <windows.h>
 5: #include <sys/types.h>
 6: #include <sys/socket.h>
 7: #include <sys/un.h>
 8: #include <net/if.h>
 9: #include <netinet/in.h>
10: 
11: /*top*/
12: typedef struct sockaddr_un conftest_type;
13: int conftestval[sizeof(conftest_type)?1:-1];
/* end */

--------------------

have_type: checking for struct sockaddr_x25 in sys/types.h,sys/socket.h,sys/un.h,net/if.h,netinet/in.h... -------------------- no

"x86_64-w64-mingw32-gcc -IC:/Users/vagrant/pro/pkg/w32/ruby/include/ruby-3.0.0/x64-mingw32 -IC:/Users/vagrant/pro/pkg/w32/ruby/include/ruby-3.0.0/ruby/backward -IC:/Users/vagrant/pro/pkg/w32/ruby/include/ruby-3.0.0 -I. -D_WIN32_WINNT=0x0600 -D__MINGW_USE_VC2005_COMPAT -D_FILE_OFFSET_BITS=64  -O3 -DFD_SETSIZE=2048 -fno-omit-frame-pointer -fno-fast-math -Wall -Wextra -Wno-unused-parameter -Wno-parentheses -Wno-long-long -Wno-missing-field-initializers -Wunused-variable -Wpointer-arith -Wwrite-strings -Wdeclaration-after-statement -Wimplicit-function-declaration -m64  -c conftest.c"
In file included from C:/Users/vagrant/pro/pkg/w32/ruby/include/ruby-3.0.0/ruby/internal/arithmetic/int.h:26,
                 from C:/Users/vagrant/pro/pkg/w32/ruby/include/ruby-3.0.0/ruby/internal/arithmetic/char.h:23,
                 from C:/Users/vagrant/pro/pkg/w32/ruby/include/ruby-3.0.0/ruby/internal/arithmetic.h:23,
                 from C:/Users/vagrant/pro/pkg/w32/ruby/include/ruby-3.0.0/ruby/ruby.h:25,
                 from C:/Users/vagrant/pro/pkg/w32/ruby/include/ruby-3.0.0/ruby.h:38,
                 from conftest.c:1:
C:/Users/vagrant/pro/pkg/w32/ruby/include/ruby-3.0.0/ruby/internal/arithmetic/long.h: In function 'RB_INT2FIX':
C:/Users/vagrant/pro/pkg/w32/ruby/include/ruby-3.0.0/ruby/internal/arithmetic/long.h:88:5: warning: ISO C90 forbids mixed declarations and code [-Wdeclaration-after-statement]
   88 |     const unsigned long j = i;
      |     ^~~~~
C:/Users/vagrant/pro/pkg/w32/ruby/include/ruby-3.0.0/ruby/internal/arithmetic/long.h: In function 'rbimpl_fix2long_by_idiv':
C:/Users/vagrant/pro/pkg/w32/ruby/include/ruby-3.0.0/ruby/internal/arithmetic/long.h:123:5: warning: ISO C90 forbids mixed declarations and code [-Wdeclaration-after-statement]
  123 |     const SIGNED_VALUE y = x - RUBY_FIXNUM_FLAG;
      |     ^~~~~
C:/Users/vagrant/pro/pkg/w32/ruby/include/ruby-3.0.0/ruby/internal/arithmetic/long.h: In function 'rbimpl_fix2long_by_shift':
C:/Users/vagrant/pro/pkg/w32/ruby/include/ruby-3.0.0/ruby/internal/arithmetic/long.h:140:5: warning: ISO C90 forbids mixed declarations and code [-Wdeclaration-after-statement]
  140 |     const SIGNED_VALUE y = x;
      |     ^~~~~
In file included from C:/Users/vagrant/pro/pkg/w32/ruby/include/ruby-3.0.0/ruby/internal/fl_type.h:35,
                 from C:/Users/vagrant/pro/pkg/w32/ruby/include/ruby-3.0.0/ruby/internal/core/rstring.h:30,
                 from C:/Users/vagrant/pro/pkg/w32/ruby/include/ruby-3.0.0/ruby/internal/arithmetic/char.h:29,
                 from C:/Users/vagrant/pro/pkg/w32/ruby/include/ruby-3.0.0/ruby/internal/arithmetic.h:23,
                 from C:/Users/vagrant/pro/pkg/w32/ruby/include/ruby-3.0.0/ruby/ruby.h:25,
                 from C:/Users/vagrant/pro/pkg/w32/ruby/include/ruby-3.0.0/ruby.h:38,
                 from conftest.c:1:
C:/Users/vagrant/pro/pkg/w32/ruby/include/ruby-3.0.0/ruby/internal/value_type.h: In function 'RB_BUILTIN_TYPE':
C:/Users/vagrant/pro/pkg/w32/ruby/include/ruby-3.0.0/ruby/internal/value_type.h:157:5: warning: ISO C90 forbids mixed declarations and code [-Wdeclaration-after-statement]
  157 |     VALUE ret = RBASIC(obj)->flags & RUBY_T_MASK;
      |     ^~~~~
In file included from C:/Users/vagrant/pro/pkg/w32/ruby/include/ruby-3.0.0/ruby/internal/arithmetic/char.h:29,
                 from C:/Users/vagrant/pro/pkg/w32/ruby/include/ruby-3.0.0/ruby/internal/arithmetic.h:23,
                 from C:/Users/vagrant/pro/pkg/w32/ruby/include/ruby-3.0.0/ruby/ruby.h:25,
                 from C:/Users/vagrant/pro/pkg/w32/ruby/include/ruby-3.0.0/ruby.h:38,
                 from conftest.c:1:
C:/Users/vagrant/pro/pkg/w32/ruby/include/ruby-3.0.0/ruby/internal/core/rstring.h: In function 'RSTRING_EMBED_LEN':
C:/Users/vagrant/pro/pkg/w32/ruby/include/ruby-3.0.0/ruby/internal/core/rstring.h:109:5: warning: ISO C90 forbids mixed declarations and code [-Wdeclaration-after-statement]
  109 |     VALUE f = RBASIC(str)->flags;
      |     ^~~~~
In file included from C:/Users/vagrant/pro/pkg/w32/ruby/include/ruby-3.0.0/ruby/internal/arithmetic.h:36,
                 from C:/Users/vagrant/pro/pkg/w32/ruby/include/ruby-3.0.0/ruby/ruby.h:25,
                 from C:/Users/vagrant/pro/pkg/w32/ruby/include/ruby-3.0.0/ruby.h:38,
                 from conftest.c:1:
C:/Users/vagrant/pro/pkg/w32/ruby/include/ruby-3.0.0/ruby/internal/arithmetic/st_data_t.h: In function 'RB_ST2FIX':
C:/Users/vagrant/pro/pkg/w32/ruby/include/ruby-3.0.0/ruby/internal/arithmetic/st_data_t.h:55:5: warning: ISO C90 forbids mixed declarations and code [-Wdeclaration-after-statement]
   55 |     unsigned long y = RBIMPL_CAST((unsigned long)x);
      |     ^~~~~~~~
In file included from C:/Users/vagrant/pro/pkg/w32/ruby/include/ruby-3.0.0/ruby/internal/core.h:23,
                 from C:/Users/vagrant/pro/pkg/w32/ruby/include/ruby-3.0.0/ruby/ruby.h:26,
                 from C:/Users/vagrant/pro/pkg/w32/ruby/include/ruby-3.0.0/ruby.h:38,
                 from conftest.c:1:
C:/Users/vagrant/pro/pkg/w32/ruby/include/ruby-3.0.0/ruby/internal/core/rarray.h: In function 'RARRAY_EMBED_LEN':
C:/Users/vagrant/pro/pkg/w32/ruby/include/ruby-3.0.0/ruby/internal/core/rarray.h:123:5: warning: ISO C90 forbids mixed declarations and code [-Wdeclaration-after-statement]
  123 |     VALUE f = RBASIC(ary)->flags;
      |     ^~~~~
C:/Users/vagrant/pro/pkg/w32/ruby/include/ruby-3.0.0/ruby/internal/core/rarray.h: In function 'RARRAY_PTR':
C:/Users/vagrant/pro/pkg/w32/ruby/include/ruby-3.0.0/ruby/internal/core/rarray.h:248:5: warning: ISO C90 forbids mixed declarations and code [-Wdeclaration-after-statement]
  248 |     VALUE tmp = RB_OBJ_WB_UNPROTECT_FOR(ARRAY, ary);
      |     ^~~~~
C:/Users/vagrant/pro/pkg/w32/ruby/include/ruby-3.0.0/ruby/internal/core/rarray.h: In function 'RARRAY_ASET':
C:/Users/vagrant/pro/pkg/w32/ruby/include/ruby-3.0.0/ruby/internal/core/rarray.h:227:5: warning: ISO C90 forbids mixed declarations and code [-Wdeclaration-after-statement]
  227 |     const VALUE rbimpl_ary = (ary);                          \
      |     ^~~~~
C:/Users/vagrant/pro/pkg/w32/ruby/include/ruby-3.0.0/ruby/internal/core/rarray.h:227:5: note: in definition of macro 'RBIMPL_RARRAY_STMT'
  227 |     const VALUE rbimpl_ary = (ary);                          \
      |     ^~~~~
C:/Users/vagrant/pro/pkg/w32/ruby/include/ruby-3.0.0/ruby/internal/core/rarray.h:255:5: note: in expansion of macro 'RARRAY_PTR_USE_TRANSIENT'
  255 |     RARRAY_PTR_USE_TRANSIENT(ary, ptr,
      |     ^~~~~~~~~~~~~~~~~~~~~~~~
In file included from C:/Users/vagrant/pro/pkg/w32/ruby/include/ruby-3.0.0/ruby/internal/core.h:30,
                 from C:/Users/vagrant/pro/pkg/w32/ruby/include/ruby-3.0.0/ruby/ruby.h:26,
                 from C:/Users/vagrant/pro/pkg/w32/ruby/include/ruby-3.0.0/ruby.h:38,
                 from conftest.c:1:
C:/Users/vagrant/pro/pkg/w32/ruby/include/ruby-3.0.0/ruby/internal/core/robject.h: In function 'ROBJECT_IVPTR':
C:/Users/vagrant/pro/pkg/w32/ruby/include/ruby-3.0.0/ruby/internal/core/robject.h:86:5: warning: ISO C90 forbids mixed declarations and code [-Wdeclaration-after-statement]
   86 |     struct RObject *const ptr = ROBJECT(obj);
      |     ^~~~~~
In file included from C:/Users/vagrant/pro/pkg/w32/ruby/include/ruby-3.0.0/ruby/internal/core.h:31,
                 from C:/Users/vagrant/pro/pkg/w32/ruby/include/ruby-3.0.0/ruby/ruby.h:26,
                 from C:/Users/vagrant/pro/pkg/w32/ruby/include/ruby-3.0.0/ruby.h:38,
                 from conftest.c:1:
C:/Users/vagrant/pro/pkg/w32/ruby/include/ruby-3.0.0/ruby/internal/core/rregexp.h: In function 'RREGEXP_SRC':
C:/Users/vagrant/pro/pkg/w32/ruby/include/ruby-3.0.0/ruby/internal/core/rregexp.h:55:5: warning: ISO C90 forbids mixed declarations and code [-Wdeclaration-after-statement]
   55 |     VALUE ret = RREGEXP(rexp)->src;
      |     ^~~~~
In file included from C:/Users/vagrant/pro/pkg/w32/ruby/include/ruby-3.0.0/ruby/ruby.h:42,
                 from C:/Users/vagrant/pro/pkg/w32/ruby/include/ruby-3.0.0/ruby.h:38,
                 from conftest.c:1:
C:/Users/vagrant/pro/pkg/w32/ruby/include/ruby-3.0.0/ruby/internal/newobj.h: In function 'rb_clone_setup':
C:/Users/vagrant/pro/pkg/w32/ruby/include/ruby-3.0.0/ruby/internal/newobj.h:56:5: warning: ISO C90 forbids mixed declarations and code [-Wdeclaration-after-statement]
   56 |     const VALUE flags = RUBY_FL_PROMOTED0 | RUBY_FL_PROMOTED1 | RUBY_FL_FINALIZE;
      |     ^~~~~
conftest.c: At top level:
conftest.c:6:10: fatal error: sys/socket.h: No such file or directory
    6 | #include <sys/socket.h>
      |          ^~~~~~~~~~~~~~
compilation terminated.
checked program was:
/* begin */
 1: #include "ruby.h"
 2: 
 3: #include <winsock2.h>
 4: #include <windows.h>
 5: #include <sys/types.h>
 6: #include <sys/socket.h>
 7: #include <sys/un.h>
 8: #include <net/if.h>
 9: #include <netinet/in.h>
10: 
11: /*top*/
12: typedef struct sockaddr_x25 conftest_type;
13: int conftestval[sizeof(conftest_type)?1:-1];
/* end */

--------------------

have_type: checking for struct sockaddr_rose in sys/types.h,sys/socket.h,sys/un.h,net/if.h,netinet/in.h... -------------------- no

"x86_64-w64-mingw32-gcc -IC:/Users/vagrant/pro/pkg/w32/ruby/include/ruby-3.0.0/x64-mingw32 -IC:/Users/vagrant/pro/pkg/w32/ruby/include/ruby-3.0.0/ruby/backward -IC:/Users/vagrant/pro/pkg/w32/ruby/include/ruby-3.0.0 -I. -D_WIN32_WINNT=0x0600 -D__MINGW_USE_VC2005_COMPAT -D_FILE_OFFSET_BITS=64  -O3 -DFD_SETSIZE=2048 -fno-omit-frame-pointer -fno-fast-math -Wall -Wextra -Wno-unused-parameter -Wno-parentheses -Wno-long-long -Wno-missing-field-initializers -Wunused-variable -Wpointer-arith -Wwrite-strings -Wdeclaration-after-statement -Wimplicit-function-declaration -m64  -c conftest.c"
In file included from C:/Users/vagrant/pro/pkg/w32/ruby/include/ruby-3.0.0/ruby/internal/arithmetic/int.h:26,
                 from C:/Users/vagrant/pro/pkg/w32/ruby/include/ruby-3.0.0/ruby/internal/arithmetic/char.h:23,
                 from C:/Users/vagrant/pro/pkg/w32/ruby/include/ruby-3.0.0/ruby/internal/arithmetic.h:23,
                 from C:/Users/vagrant/pro/pkg/w32/ruby/include/ruby-3.0.0/ruby/ruby.h:25,
                 from C:/Users/vagrant/pro/pkg/w32/ruby/include/ruby-3.0.0/ruby.h:38,
                 from conftest.c:1:
C:/Users/vagrant/pro/pkg/w32/ruby/include/ruby-3.0.0/ruby/internal/arithmetic/long.h: In function 'RB_INT2FIX':
C:/Users/vagrant/pro/pkg/w32/ruby/include/ruby-3.0.0/ruby/internal/arithmetic/long.h:88:5: warning: ISO C90 forbids mixed declarations and code [-Wdeclaration-after-statement]
   88 |     const unsigned long j = i;
      |     ^~~~~
C:/Users/vagrant/pro/pkg/w32/ruby/include/ruby-3.0.0/ruby/internal/arithmetic/long.h: In function 'rbimpl_fix2long_by_idiv':
C:/Users/vagrant/pro/pkg/w32/ruby/include/ruby-3.0.0/ruby/internal/arithmetic/long.h:123:5: warning: ISO C90 forbids mixed declarations and code [-Wdeclaration-after-statement]
  123 |     const SIGNED_VALUE y = x - RUBY_FIXNUM_FLAG;
      |     ^~~~~
C:/Users/vagrant/pro/pkg/w32/ruby/include/ruby-3.0.0/ruby/internal/arithmetic/long.h: In function 'rbimpl_fix2long_by_shift':
C:/Users/vagrant/pro/pkg/w32/ruby/include/ruby-3.0.0/ruby/internal/arithmetic/long.h:140:5: warning: ISO C90 forbids mixed declarations and code [-Wdeclaration-after-statement]
  140 |     const SIGNED_VALUE y = x;
      |     ^~~~~
In file included from C:/Users/vagrant/pro/pkg/w32/ruby/include/ruby-3.0.0/ruby/internal/fl_type.h:35,
                 from C:/Users/vagrant/pro/pkg/w32/ruby/include/ruby-3.0.0/ruby/internal/core/rstring.h:30,
                 from C:/Users/vagrant/pro/pkg/w32/ruby/include/ruby-3.0.0/ruby/internal/arithmetic/char.h:29,
                 from C:/Users/vagrant/pro/pkg/w32/ruby/include/ruby-3.0.0/ruby/internal/arithmetic.h:23,
                 from C:/Users/vagrant/pro/pkg/w32/ruby/include/ruby-3.0.0/ruby/ruby.h:25,
                 from C:/Users/vagrant/pro/pkg/w32/ruby/include/ruby-3.0.0/ruby.h:38,
                 from conftest.c:1:
C:/Users/vagrant/pro/pkg/w32/ruby/include/ruby-3.0.0/ruby/internal/value_type.h: In function 'RB_BUILTIN_TYPE':
C:/Users/vagrant/pro/pkg/w32/ruby/include/ruby-3.0.0/ruby/internal/value_type.h:157:5: warning: ISO C90 forbids mixed declarations and code [-Wdeclaration-after-statement]
  157 |     VALUE ret = RBASIC(obj)->flags & RUBY_T_MASK;
      |     ^~~~~
In file included from C:/Users/vagrant/pro/pkg/w32/ruby/include/ruby-3.0.0/ruby/internal/arithmetic/char.h:29,
                 from C:/Users/vagrant/pro/pkg/w32/ruby/include/ruby-3.0.0/ruby/internal/arithmetic.h:23,
                 from C:/Users/vagrant/pro/pkg/w32/ruby/include/ruby-3.0.0/ruby/ruby.h:25,
                 from C:/Users/vagrant/pro/pkg/w32/ruby/include/ruby-3.0.0/ruby.h:38,
                 from conftest.c:1:
C:/Users/vagrant/pro/pkg/w32/ruby/include/ruby-3.0.0/ruby/internal/core/rstring.h: In function 'RSTRING_EMBED_LEN':
C:/Users/vagrant/pro/pkg/w32/ruby/include/ruby-3.0.0/ruby/internal/core/rstring.h:109:5: warning: ISO C90 forbids mixed declarations and code [-Wdeclaration-after-statement]
  109 |     VALUE f = RBASIC(str)->flags;
      |     ^~~~~
In file included from C:/Users/vagrant/pro/pkg/w32/ruby/include/ruby-3.0.0/ruby/internal/arithmetic.h:36,
                 from C:/Users/vagrant/pro/pkg/w32/ruby/include/ruby-3.0.0/ruby/ruby.h:25,
                 from C:/Users/vagrant/pro/pkg/w32/ruby/include/ruby-3.0.0/ruby.h:38,
                 from conftest.c:1:
C:/Users/vagrant/pro/pkg/w32/ruby/include/ruby-3.0.0/ruby/internal/arithmetic/st_data_t.h: In function 'RB_ST2FIX':
C:/Users/vagrant/pro/pkg/w32/ruby/include/ruby-3.0.0/ruby/internal/arithmetic/st_data_t.h:55:5: warning: ISO C90 forbids mixed declarations and code [-Wdeclaration-after-statement]
   55 |     unsigned long y = RBIMPL_CAST((unsigned long)x);
      |     ^~~~~~~~
In file included from C:/Users/vagrant/pro/pkg/w32/ruby/include/ruby-3.0.0/ruby/internal/core.h:23,
                 from C:/Users/vagrant/pro/pkg/w32/ruby/include/ruby-3.0.0/ruby/ruby.h:26,
                 from C:/Users/vagrant/pro/pkg/w32/ruby/include/ruby-3.0.0/ruby.h:38,
                 from conftest.c:1:
C:/Users/vagrant/pro/pkg/w32/ruby/include/ruby-3.0.0/ruby/internal/core/rarray.h: In function 'RARRAY_EMBED_LEN':
C:/Users/vagrant/pro/pkg/w32/ruby/include/ruby-3.0.0/ruby/internal/core/rarray.h:123:5: warning: ISO C90 forbids mixed declarations and code [-Wdeclaration-after-statement]
  123 |     VALUE f = RBASIC(ary)->flags;
      |     ^~~~~
C:/Users/vagrant/pro/pkg/w32/ruby/include/ruby-3.0.0/ruby/internal/core/rarray.h: In function 'RARRAY_PTR':
C:/Users/vagrant/pro/pkg/w32/ruby/include/ruby-3.0.0/ruby/internal/core/rarray.h:248:5: warning: ISO C90 forbids mixed declarations and code [-Wdeclaration-after-statement]
  248 |     VALUE tmp = RB_OBJ_WB_UNPROTECT_FOR(ARRAY, ary);
      |     ^~~~~
C:/Users/vagrant/pro/pkg/w32/ruby/include/ruby-3.0.0/ruby/internal/core/rarray.h: In function 'RARRAY_ASET':
C:/Users/vagrant/pro/pkg/w32/ruby/include/ruby-3.0.0/ruby/internal/core/rarray.h:227:5: warning: ISO C90 forbids mixed declarations and code [-Wdeclaration-after-statement]
  227 |     const VALUE rbimpl_ary = (ary);                          \
      |     ^~~~~
C:/Users/vagrant/pro/pkg/w32/ruby/include/ruby-3.0.0/ruby/internal/core/rarray.h:227:5: note: in definition of macro 'RBIMPL_RARRAY_STMT'
  227 |     const VALUE rbimpl_ary = (ary);                          \
      |     ^~~~~
C:/Users/vagrant/pro/pkg/w32/ruby/include/ruby-3.0.0/ruby/internal/core/rarray.h:255:5: note: in expansion of macro 'RARRAY_PTR_USE_TRANSIENT'
  255 |     RARRAY_PTR_USE_TRANSIENT(ary, ptr,
      |     ^~~~~~~~~~~~~~~~~~~~~~~~
In file included from C:/Users/vagrant/pro/pkg/w32/ruby/include/ruby-3.0.0/ruby/internal/core.h:30,
                 from C:/Users/vagrant/pro/pkg/w32/ruby/include/ruby-3.0.0/ruby/ruby.h:26,
                 from C:/Users/vagrant/pro/pkg/w32/ruby/include/ruby-3.0.0/ruby.h:38,
                 from conftest.c:1:
C:/Users/vagrant/pro/pkg/w32/ruby/include/ruby-3.0.0/ruby/internal/core/robject.h: In function 'ROBJECT_IVPTR':
C:/Users/vagrant/pro/pkg/w32/ruby/include/ruby-3.0.0/ruby/internal/core/robject.h:86:5: warning: ISO C90 forbids mixed declarations and code [-Wdeclaration-after-statement]
   86 |     struct RObject *const ptr = ROBJECT(obj);
      |     ^~~~~~
In file included from C:/Users/vagrant/pro/pkg/w32/ruby/include/ruby-3.0.0/ruby/internal/core.h:31,
                 from C:/Users/vagrant/pro/pkg/w32/ruby/include/ruby-3.0.0/ruby/ruby.h:26,
                 from C:/Users/vagrant/pro/pkg/w32/ruby/include/ruby-3.0.0/ruby.h:38,
                 from conftest.c:1:
C:/Users/vagrant/pro/pkg/w32/ruby/include/ruby-3.0.0/ruby/internal/core/rregexp.h: In function 'RREGEXP_SRC':
C:/Users/vagrant/pro/pkg/w32/ruby/include/ruby-3.0.0/ruby/internal/core/rregexp.h:55:5: warning: ISO C90 forbids mixed declarations and code [-Wdeclaration-after-statement]
   55 |     VALUE ret = RREGEXP(rexp)->src;
      |     ^~~~~
In file included from C:/Users/vagrant/pro/pkg/w32/ruby/include/ruby-3.0.0/ruby/ruby.h:42,
                 from C:/Users/vagrant/pro/pkg/w32/ruby/include/ruby-3.0.0/ruby.h:38,
                 from conftest.c:1:
C:/Users/vagrant/pro/pkg/w32/ruby/include/ruby-3.0.0/ruby/internal/newobj.h: In function 'rb_clone_setup':
C:/Users/vagrant/pro/pkg/w32/ruby/include/ruby-3.0.0/ruby/internal/newobj.h:56:5: warning: ISO C90 forbids mixed declarations and code [-Wdeclaration-after-statement]
   56 |     const VALUE flags = RUBY_FL_PROMOTED0 | RUBY_FL_PROMOTED1 | RUBY_FL_FINALIZE;
      |     ^~~~~
conftest.c: At top level:
conftest.c:6:10: fatal error: sys/socket.h: No such file or directory
    6 | #include <sys/socket.h>
      |          ^~~~~~~~~~~~~~
compilation terminated.
checked program was:
/* begin */
 1: #include "ruby.h"
 2: 
 3: #include <winsock2.h>
 4: #include <windows.h>
 5: #include <sys/types.h>
 6: #include <sys/socket.h>
 7: #include <sys/un.h>
 8: #include <net/if.h>
 9: #include <netinet/in.h>
10: 
11: /*top*/
12: typedef struct sockaddr_rose conftest_type;
13: int conftestval[sizeof(conftest_type)?1:-1];
/* end */

--------------------

have_type: checking for struct sockaddr_ash in sys/types.h,sys/socket.h,sys/un.h,net/if.h,netinet/in.h... -------------------- no

"x86_64-w64-mingw32-gcc -IC:/Users/vagrant/pro/pkg/w32/ruby/include/ruby-3.0.0/x64-mingw32 -IC:/Users/vagrant/pro/pkg/w32/ruby/include/ruby-3.0.0/ruby/backward -IC:/Users/vagrant/pro/pkg/w32/ruby/include/ruby-3.0.0 -I. -D_WIN32_WINNT=0x0600 -D__MINGW_USE_VC2005_COMPAT -D_FILE_OFFSET_BITS=64  -O3 -DFD_SETSIZE=2048 -fno-omit-frame-pointer -fno-fast-math -Wall -Wextra -Wno-unused-parameter -Wno-parentheses -Wno-long-long -Wno-missing-field-initializers -Wunused-variable -Wpointer-arith -Wwrite-strings -Wdeclaration-after-statement -Wimplicit-function-declaration -m64  -c conftest.c"
In file included from C:/Users/vagrant/pro/pkg/w32/ruby/include/ruby-3.0.0/ruby/internal/arithmetic/int.h:26,
                 from C:/Users/vagrant/pro/pkg/w32/ruby/include/ruby-3.0.0/ruby/internal/arithmetic/char.h:23,
                 from C:/Users/vagrant/pro/pkg/w32/ruby/include/ruby-3.0.0/ruby/internal/arithmetic.h:23,
                 from C:/Users/vagrant/pro/pkg/w32/ruby/include/ruby-3.0.0/ruby/ruby.h:25,
                 from C:/Users/vagrant/pro/pkg/w32/ruby/include/ruby-3.0.0/ruby.h:38,
                 from conftest.c:1:
C:/Users/vagrant/pro/pkg/w32/ruby/include/ruby-3.0.0/ruby/internal/arithmetic/long.h: In function 'RB_INT2FIX':
C:/Users/vagrant/pro/pkg/w32/ruby/include/ruby-3.0.0/ruby/internal/arithmetic/long.h:88:5: warning: ISO C90 forbids mixed declarations and code [-Wdeclaration-after-statement]
   88 |     const unsigned long j = i;
      |     ^~~~~
C:/Users/vagrant/pro/pkg/w32/ruby/include/ruby-3.0.0/ruby/internal/arithmetic/long.h: In function 'rbimpl_fix2long_by_idiv':
C:/Users/vagrant/pro/pkg/w32/ruby/include/ruby-3.0.0/ruby/internal/arithmetic/long.h:123:5: warning: ISO C90 forbids mixed declarations and code [-Wdeclaration-after-statement]
  123 |     const SIGNED_VALUE y = x - RUBY_FIXNUM_FLAG;
      |     ^~~~~
C:/Users/vagrant/pro/pkg/w32/ruby/include/ruby-3.0.0/ruby/internal/arithmetic/long.h: In function 'rbimpl_fix2long_by_shift':
C:/Users/vagrant/pro/pkg/w32/ruby/include/ruby-3.0.0/ruby/internal/arithmetic/long.h:140:5: warning: ISO C90 forbids mixed declarations and code [-Wdeclaration-after-statement]
  140 |     const SIGNED_VALUE y = x;
      |     ^~~~~
In file included from C:/Users/vagrant/pro/pkg/w32/ruby/include/ruby-3.0.0/ruby/internal/fl_type.h:35,
                 from C:/Users/vagrant/pro/pkg/w32/ruby/include/ruby-3.0.0/ruby/internal/core/rstring.h:30,
                 from C:/Users/vagrant/pro/pkg/w32/ruby/include/ruby-3.0.0/ruby/internal/arithmetic/char.h:29,
                 from C:/Users/vagrant/pro/pkg/w32/ruby/include/ruby-3.0.0/ruby/internal/arithmetic.h:23,
                 from C:/Users/vagrant/pro/pkg/w32/ruby/include/ruby-3.0.0/ruby/ruby.h:25,
                 from C:/Users/vagrant/pro/pkg/w32/ruby/include/ruby-3.0.0/ruby.h:38,
                 from conftest.c:1:
C:/Users/vagrant/pro/pkg/w32/ruby/include/ruby-3.0.0/ruby/internal/value_type.h: In function 'RB_BUILTIN_TYPE':
C:/Users/vagrant/pro/pkg/w32/ruby/include/ruby-3.0.0/ruby/internal/value_type.h:157:5: warning: ISO C90 forbids mixed declarations and code [-Wdeclaration-after-statement]
  157 |     VALUE ret = RBASIC(obj)->flags & RUBY_T_MASK;
      |     ^~~~~
In file included from C:/Users/vagrant/pro/pkg/w32/ruby/include/ruby-3.0.0/ruby/internal/arithmetic/char.h:29,
                 from C:/Users/vagrant/pro/pkg/w32/ruby/include/ruby-3.0.0/ruby/internal/arithmetic.h:23,
                 from C:/Users/vagrant/pro/pkg/w32/ruby/include/ruby-3.0.0/ruby/ruby.h:25,
                 from C:/Users/vagrant/pro/pkg/w32/ruby/include/ruby-3.0.0/ruby.h:38,
                 from conftest.c:1:
C:/Users/vagrant/pro/pkg/w32/ruby/include/ruby-3.0.0/ruby/internal/core/rstring.h: In function 'RSTRING_EMBED_LEN':
C:/Users/vagrant/pro/pkg/w32/ruby/include/ruby-3.0.0/ruby/internal/core/rstring.h:109:5: warning: ISO C90 forbids mixed declarations and code [-Wdeclaration-after-statement]
  109 |     VALUE f = RBASIC(str)->flags;
      |     ^~~~~
In file included from C:/Users/vagrant/pro/pkg/w32/ruby/include/ruby-3.0.0/ruby/internal/arithmetic.h:36,
                 from C:/Users/vagrant/pro/pkg/w32/ruby/include/ruby-3.0.0/ruby/ruby.h:25,
                 from C:/Users/vagrant/pro/pkg/w32/ruby/include/ruby-3.0.0/ruby.h:38,
                 from conftest.c:1:
C:/Users/vagrant/pro/pkg/w32/ruby/include/ruby-3.0.0/ruby/internal/arithmetic/st_data_t.h: In function 'RB_ST2FIX':
C:/Users/vagrant/pro/pkg/w32/ruby/include/ruby-3.0.0/ruby/internal/arithmetic/st_data_t.h:55:5: warning: ISO C90 forbids mixed declarations and code [-Wdeclaration-after-statement]
   55 |     unsigned long y = RBIMPL_CAST((unsigned long)x);
      |     ^~~~~~~~
In file included from C:/Users/vagrant/pro/pkg/w32/ruby/include/ruby-3.0.0/ruby/internal/core.h:23,
                 from C:/Users/vagrant/pro/pkg/w32/ruby/include/ruby-3.0.0/ruby/ruby.h:26,
                 from C:/Users/vagrant/pro/pkg/w32/ruby/include/ruby-3.0.0/ruby.h:38,
                 from conftest.c:1:
C:/Users/vagrant/pro/pkg/w32/ruby/include/ruby-3.0.0/ruby/internal/core/rarray.h: In function 'RARRAY_EMBED_LEN':
C:/Users/vagrant/pro/pkg/w32/ruby/include/ruby-3.0.0/ruby/internal/core/rarray.h:123:5: warning: ISO C90 forbids mixed declarations and code [-Wdeclaration-after-statement]
  123 |     VALUE f = RBASIC(ary)->flags;
      |     ^~~~~
C:/Users/vagrant/pro/pkg/w32/ruby/include/ruby-3.0.0/ruby/internal/core/rarray.h: In function 'RARRAY_PTR':
C:/Users/vagrant/pro/pkg/w32/ruby/include/ruby-3.0.0/ruby/internal/core/rarray.h:248:5: warning: ISO C90 forbids mixed declarations and code [-Wdeclaration-after-statement]
  248 |     VALUE tmp = RB_OBJ_WB_UNPROTECT_FOR(ARRAY, ary);
      |     ^~~~~
C:/Users/vagrant/pro/pkg/w32/ruby/include/ruby-3.0.0/ruby/internal/core/rarray.h: In function 'RARRAY_ASET':
C:/Users/vagrant/pro/pkg/w32/ruby/include/ruby-3.0.0/ruby/internal/core/rarray.h:227:5: warning: ISO C90 forbids mixed declarations and code [-Wdeclaration-after-statement]
  227 |     const VALUE rbimpl_ary = (ary);                          \
      |     ^~~~~
C:/Users/vagrant/pro/pkg/w32/ruby/include/ruby-3.0.0/ruby/internal/core/rarray.h:227:5: note: in definition of macro 'RBIMPL_RARRAY_STMT'
  227 |     const VALUE rbimpl_ary = (ary);                          \
      |     ^~~~~
C:/Users/vagrant/pro/pkg/w32/ruby/include/ruby-3.0.0/ruby/internal/core/rarray.h:255:5: note: in expansion of macro 'RARRAY_PTR_USE_TRANSIENT'
  255 |     RARRAY_PTR_USE_TRANSIENT(ary, ptr,
      |     ^~~~~~~~~~~~~~~~~~~~~~~~
In file included from C:/Users/vagrant/pro/pkg/w32/ruby/include/ruby-3.0.0/ruby/internal/core.h:30,
                 from C:/Users/vagrant/pro/pkg/w32/ruby/include/ruby-3.0.0/ruby/ruby.h:26,
                 from C:/Users/vagrant/pro/pkg/w32/ruby/include/ruby-3.0.0/ruby.h:38,
                 from conftest.c:1:
C:/Users/vagrant/pro/pkg/w32/ruby/include/ruby-3.0.0/ruby/internal/core/robject.h: In function 'ROBJECT_IVPTR':
C:/Users/vagrant/pro/pkg/w32/ruby/include/ruby-3.0.0/ruby/internal/core/robject.h:86:5: warning: ISO C90 forbids mixed declarations and code [-Wdeclaration-after-statement]
   86 |     struct RObject *const ptr = ROBJECT(obj);
      |     ^~~~~~
In file included from C:/Users/vagrant/pro/pkg/w32/ruby/include/ruby-3.0.0/ruby/internal/core.h:31,
                 from C:/Users/vagrant/pro/pkg/w32/ruby/include/ruby-3.0.0/ruby/ruby.h:26,
                 from C:/Users/vagrant/pro/pkg/w32/ruby/include/ruby-3.0.0/ruby.h:38,
                 from conftest.c:1:
C:/Users/vagrant/pro/pkg/w32/ruby/include/ruby-3.0.0/ruby/internal/core/rregexp.h: In function 'RREGEXP_SRC':
C:/Users/vagrant/pro/pkg/w32/ruby/include/ruby-3.0.0/ruby/internal/core/rregexp.h:55:5: warning: ISO C90 forbids mixed declarations and code [-Wdeclaration-after-statement]
   55 |     VALUE ret = RREGEXP(rexp)->src;
      |     ^~~~~
In file included from C:/Users/vagrant/pro/pkg/w32/ruby/include/ruby-3.0.0/ruby/ruby.h:42,
                 from C:/Users/vagrant/pro/pkg/w32/ruby/include/ruby-3.0.0/ruby.h:38,
                 from conftest.c:1:
C:/Users/vagrant/pro/pkg/w32/ruby/include/ruby-3.0.0/ruby/internal/newobj.h: In function 'rb_clone_setup':
C:/Users/vagrant/pro/pkg/w32/ruby/include/ruby-3.0.0/ruby/internal/newobj.h:56:5: warning: ISO C90 forbids mixed declarations and code [-Wdeclaration-after-statement]
   56 |     const VALUE flags = RUBY_FL_PROMOTED0 | RUBY_FL_PROMOTED1 | RUBY_FL_FINALIZE;
      |     ^~~~~
conftest.c: At top level:
conftest.c:6:10: fatal error: sys/socket.h: No such file or directory
    6 | #include <sys/socket.h>
      |          ^~~~~~~~~~~~~~
compilation terminated.
checked program was:
/* begin */
 1: #include "ruby.h"
 2: 
 3: #include <winsock2.h>
 4: #include <windows.h>
 5: #include <sys/types.h>
 6: #include <sys/socket.h>
 7: #include <sys/un.h>
 8: #include <net/if.h>
 9: #include <netinet/in.h>
10: 
11: /*top*/
12: typedef struct sockaddr_ash conftest_type;
13: int conftestval[sizeof(conftest_type)?1:-1];
/* end */

--------------------

have_type: checking for struct sockaddr_ec in sys/types.h,sys/socket.h,sys/un.h,net/if.h,netinet/in.h... -------------------- no

"x86_64-w64-mingw32-gcc -IC:/Users/vagrant/pro/pkg/w32/ruby/include/ruby-3.0.0/x64-mingw32 -IC:/Users/vagrant/pro/pkg/w32/ruby/include/ruby-3.0.0/ruby/backward -IC:/Users/vagrant/pro/pkg/w32/ruby/include/ruby-3.0.0 -I. -D_WIN32_WINNT=0x0600 -D__MINGW_USE_VC2005_COMPAT -D_FILE_OFFSET_BITS=64  -O3 -DFD_SETSIZE=2048 -fno-omit-frame-pointer -fno-fast-math -Wall -Wextra -Wno-unused-parameter -Wno-parentheses -Wno-long-long -Wno-missing-field-initializers -Wunused-variable -Wpointer-arith -Wwrite-strings -Wdeclaration-after-statement -Wimplicit-function-declaration -m64  -c conftest.c"
In file included from C:/Users/vagrant/pro/pkg/w32/ruby/include/ruby-3.0.0/ruby/internal/arithmetic/int.h:26,
                 from C:/Users/vagrant/pro/pkg/w32/ruby/include/ruby-3.0.0/ruby/internal/arithmetic/char.h:23,
                 from C:/Users/vagrant/pro/pkg/w32/ruby/include/ruby-3.0.0/ruby/internal/arithmetic.h:23,
                 from C:/Users/vagrant/pro/pkg/w32/ruby/include/ruby-3.0.0/ruby/ruby.h:25,
                 from C:/Users/vagrant/pro/pkg/w32/ruby/include/ruby-3.0.0/ruby.h:38,
                 from conftest.c:1:
C:/Users/vagrant/pro/pkg/w32/ruby/include/ruby-3.0.0/ruby/internal/arithmetic/long.h: In function 'RB_INT2FIX':
C:/Users/vagrant/pro/pkg/w32/ruby/include/ruby-3.0.0/ruby/internal/arithmetic/long.h:88:5: warning: ISO C90 forbids mixed declarations and code [-Wdeclaration-after-statement]
   88 |     const unsigned long j = i;
      |     ^~~~~
C:/Users/vagrant/pro/pkg/w32/ruby/include/ruby-3.0.0/ruby/internal/arithmetic/long.h: In function 'rbimpl_fix2long_by_idiv':
C:/Users/vagrant/pro/pkg/w32/ruby/include/ruby-3.0.0/ruby/internal/arithmetic/long.h:123:5: warning: ISO C90 forbids mixed declarations and code [-Wdeclaration-after-statement]
  123 |     const SIGNED_VALUE y = x - RUBY_FIXNUM_FLAG;
      |     ^~~~~
C:/Users/vagrant/pro/pkg/w32/ruby/include/ruby-3.0.0/ruby/internal/arithmetic/long.h: In function 'rbimpl_fix2long_by_shift':
C:/Users/vagrant/pro/pkg/w32/ruby/include/ruby-3.0.0/ruby/internal/arithmetic/long.h:140:5: warning: ISO C90 forbids mixed declarations and code [-Wdeclaration-after-statement]
  140 |     const SIGNED_VALUE y = x;
      |     ^~~~~
In file included from C:/Users/vagrant/pro/pkg/w32/ruby/include/ruby-3.0.0/ruby/internal/fl_type.h:35,
                 from C:/Users/vagrant/pro/pkg/w32/ruby/include/ruby-3.0.0/ruby/internal/core/rstring.h:30,
                 from C:/Users/vagrant/pro/pkg/w32/ruby/include/ruby-3.0.0/ruby/internal/arithmetic/char.h:29,
                 from C:/Users/vagrant/pro/pkg/w32/ruby/include/ruby-3.0.0/ruby/internal/arithmetic.h:23,
                 from C:/Users/vagrant/pro/pkg/w32/ruby/include/ruby-3.0.0/ruby/ruby.h:25,
                 from C:/Users/vagrant/pro/pkg/w32/ruby/include/ruby-3.0.0/ruby.h:38,
                 from conftest.c:1:
C:/Users/vagrant/pro/pkg/w32/ruby/include/ruby-3.0.0/ruby/internal/value_type.h: In function 'RB_BUILTIN_TYPE':
C:/Users/vagrant/pro/pkg/w32/ruby/include/ruby-3.0.0/ruby/internal/value_type.h:157:5: warning: ISO C90 forbids mixed declarations and code [-Wdeclaration-after-statement]
  157 |     VALUE ret = RBASIC(obj)->flags & RUBY_T_MASK;
      |     ^~~~~
In file included from C:/Users/vagrant/pro/pkg/w32/ruby/include/ruby-3.0.0/ruby/internal/arithmetic/char.h:29,
                 from C:/Users/vagrant/pro/pkg/w32/ruby/include/ruby-3.0.0/ruby/internal/arithmetic.h:23,
                 from C:/Users/vagrant/pro/pkg/w32/ruby/include/ruby-3.0.0/ruby/ruby.h:25,
                 from C:/Users/vagrant/pro/pkg/w32/ruby/include/ruby-3.0.0/ruby.h:38,
                 from conftest.c:1:
C:/Users/vagrant/pro/pkg/w32/ruby/include/ruby-3.0.0/ruby/internal/core/rstring.h: In function 'RSTRING_EMBED_LEN':
C:/Users/vagrant/pro/pkg/w32/ruby/include/ruby-3.0.0/ruby/internal/core/rstring.h:109:5: warning: ISO C90 forbids mixed declarations and code [-Wdeclaration-after-statement]
  109 |     VALUE f = RBASIC(str)->flags;
      |     ^~~~~
In file included from C:/Users/vagrant/pro/pkg/w32/ruby/include/ruby-3.0.0/ruby/internal/arithmetic.h:36,
                 from C:/Users/vagrant/pro/pkg/w32/ruby/include/ruby-3.0.0/ruby/ruby.h:25,
                 from C:/Users/vagrant/pro/pkg/w32/ruby/include/ruby-3.0.0/ruby.h:38,
                 from conftest.c:1:
C:/Users/vagrant/pro/pkg/w32/ruby/include/ruby-3.0.0/ruby/internal/arithmetic/st_data_t.h: In function 'RB_ST2FIX':
C:/Users/vagrant/pro/pkg/w32/ruby/include/ruby-3.0.0/ruby/internal/arithmetic/st_data_t.h:55:5: warning: ISO C90 forbids mixed declarations and code [-Wdeclaration-after-statement]
   55 |     unsigned long y = RBIMPL_CAST((unsigned long)x);
      |     ^~~~~~~~
In file included from C:/Users/vagrant/pro/pkg/w32/ruby/include/ruby-3.0.0/ruby/internal/core.h:23,
                 from C:/Users/vagrant/pro/pkg/w32/ruby/include/ruby-3.0.0/ruby/ruby.h:26,
                 from C:/Users/vagrant/pro/pkg/w32/ruby/include/ruby-3.0.0/ruby.h:38,
                 from conftest.c:1:
C:/Users/vagrant/pro/pkg/w32/ruby/include/ruby-3.0.0/ruby/internal/core/rarray.h: In function 'RARRAY_EMBED_LEN':
C:/Users/vagrant/pro/pkg/w32/ruby/include/ruby-3.0.0/ruby/internal/core/rarray.h:123:5: warning: ISO C90 forbids mixed declarations and code [-Wdeclaration-after-statement]
  123 |     VALUE f = RBASIC(ary)->flags;
      |     ^~~~~
C:/Users/vagrant/pro/pkg/w32/ruby/include/ruby-3.0.0/ruby/internal/core/rarray.h: In function 'RARRAY_PTR':
C:/Users/vagrant/pro/pkg/w32/ruby/include/ruby-3.0.0/ruby/internal/core/rarray.h:248:5: warning: ISO C90 forbids mixed declarations and code [-Wdeclaration-after-statement]
  248 |     VALUE tmp = RB_OBJ_WB_UNPROTECT_FOR(ARRAY, ary);
      |     ^~~~~
C:/Users/vagrant/pro/pkg/w32/ruby/include/ruby-3.0.0/ruby/internal/core/rarray.h: In function 'RARRAY_ASET':
C:/Users/vagrant/pro/pkg/w32/ruby/include/ruby-3.0.0/ruby/internal/core/rarray.h:227:5: warning: ISO C90 forbids mixed declarations and code [-Wdeclaration-after-statement]
  227 |     const VALUE rbimpl_ary = (ary);                          \
      |     ^~~~~
C:/Users/vagrant/pro/pkg/w32/ruby/include/ruby-3.0.0/ruby/internal/core/rarray.h:227:5: note: in definition of macro 'RBIMPL_RARRAY_STMT'
  227 |     const VALUE rbimpl_ary = (ary);                          \
      |     ^~~~~
C:/Users/vagrant/pro/pkg/w32/ruby/include/ruby-3.0.0/ruby/internal/core/rarray.h:255:5: note: in expansion of macro 'RARRAY_PTR_USE_TRANSIENT'
  255 |     RARRAY_PTR_USE_TRANSIENT(ary, ptr,
      |     ^~~~~~~~~~~~~~~~~~~~~~~~
In file included from C:/Users/vagrant/pro/pkg/w32/ruby/include/ruby-3.0.0/ruby/internal/core.h:30,
                 from C:/Users/vagrant/pro/pkg/w32/ruby/include/ruby-3.0.0/ruby/ruby.h:26,
                 from C:/Users/vagrant/pro/pkg/w32/ruby/include/ruby-3.0.0/ruby.h:38,
                 from conftest.c:1:
C:/Users/vagrant/pro/pkg/w32/ruby/include/ruby-3.0.0/ruby/internal/core/robject.h: In function 'ROBJECT_IVPTR':
C:/Users/vagrant/pro/pkg/w32/ruby/include/ruby-3.0.0/ruby/internal/core/robject.h:86:5: warning: ISO C90 forbids mixed declarations and code [-Wdeclaration-after-statement]
   86 |     struct RObject *const ptr = ROBJECT(obj);
      |     ^~~~~~
In file included from C:/Users/vagrant/pro/pkg/w32/ruby/include/ruby-3.0.0/ruby/internal/core.h:31,
                 from C:/Users/vagrant/pro/pkg/w32/ruby/include/ruby-3.0.0/ruby/ruby.h:26,
                 from C:/Users/vagrant/pro/pkg/w32/ruby/include/ruby-3.0.0/ruby.h:38,
                 from conftest.c:1:
C:/Users/vagrant/pro/pkg/w32/ruby/include/ruby-3.0.0/ruby/internal/core/rregexp.h: In function 'RREGEXP_SRC':
C:/Users/vagrant/pro/pkg/w32/ruby/include/ruby-3.0.0/ruby/internal/core/rregexp.h:55:5: warning: ISO C90 forbids mixed declarations and code [-Wdeclaration-after-statement]
   55 |     VALUE ret = RREGEXP(rexp)->src;
      |     ^~~~~
In file included from C:/Users/vagrant/pro/pkg/w32/ruby/include/ruby-3.0.0/ruby/ruby.h:42,
                 from C:/Users/vagrant/pro/pkg/w32/ruby/include/ruby-3.0.0/ruby.h:38,
                 from conftest.c:1:
C:/Users/vagrant/pro/pkg/w32/ruby/include/ruby-3.0.0/ruby/internal/newobj.h: In function 'rb_clone_setup':
C:/Users/vagrant/pro/pkg/w32/ruby/include/ruby-3.0.0/ruby/internal/newobj.h:56:5: warning: ISO C90 forbids mixed declarations and code [-Wdeclaration-after-statement]
   56 |     const VALUE flags = RUBY_FL_PROMOTED0 | RUBY_FL_PROMOTED1 | RUBY_FL_FINALIZE;
      |     ^~~~~
conftest.c: At top level:
conftest.c:6:10: fatal error: sys/socket.h: No such file or directory
    6 | #include <sys/socket.h>
      |          ^~~~~~~~~~~~~~
compilation terminated.
checked program was:
/* begin */
 1: #include "ruby.h"
 2: 
 3: #include <winsock2.h>
 4: #include <windows.h>
 5: #include <sys/types.h>
 6: #include <sys/socket.h>
 7: #include <sys/un.h>
 8: #include <net/if.h>
 9: #include <netinet/in.h>
10: 
11: /*top*/
12: typedef struct sockaddr_ec conftest_type;
13: int conftestval[sizeof(conftest_type)?1:-1];
/* end */

--------------------

have_type: checking for struct sockaddr_ll in sys/types.h,sys/socket.h,sys/un.h,net/if.h,netinet/in.h... -------------------- no

"x86_64-w64-mingw32-gcc -IC:/Users/vagrant/pro/pkg/w32/ruby/include/ruby-3.0.0/x64-mingw32 -IC:/Users/vagrant/pro/pkg/w32/ruby/include/ruby-3.0.0/ruby/backward -IC:/Users/vagrant/pro/pkg/w32/ruby/include/ruby-3.0.0 -I. -D_WIN32_WINNT=0x0600 -D__MINGW_USE_VC2005_COMPAT -D_FILE_OFFSET_BITS=64  -O3 -DFD_SETSIZE=2048 -fno-omit-frame-pointer -fno-fast-math -Wall -Wextra -Wno-unused-parameter -Wno-parentheses -Wno-long-long -Wno-missing-field-initializers -Wunused-variable -Wpointer-arith -Wwrite-strings -Wdeclaration-after-statement -Wimplicit-function-declaration -m64  -c conftest.c"
In file included from C:/Users/vagrant/pro/pkg/w32/ruby/include/ruby-3.0.0/ruby/internal/arithmetic/int.h:26,
                 from C:/Users/vagrant/pro/pkg/w32/ruby/include/ruby-3.0.0/ruby/internal/arithmetic/char.h:23,
                 from C:/Users/vagrant/pro/pkg/w32/ruby/include/ruby-3.0.0/ruby/internal/arithmetic.h:23,
                 from C:/Users/vagrant/pro/pkg/w32/ruby/include/ruby-3.0.0/ruby/ruby.h:25,
                 from C:/Users/vagrant/pro/pkg/w32/ruby/include/ruby-3.0.0/ruby.h:38,
                 from conftest.c:1:
C:/Users/vagrant/pro/pkg/w32/ruby/include/ruby-3.0.0/ruby/internal/arithmetic/long.h: In function 'RB_INT2FIX':
C:/Users/vagrant/pro/pkg/w32/ruby/include/ruby-3.0.0/ruby/internal/arithmetic/long.h:88:5: warning: ISO C90 forbids mixed declarations and code [-Wdeclaration-after-statement]
   88 |     const unsigned long j = i;
      |     ^~~~~
C:/Users/vagrant/pro/pkg/w32/ruby/include/ruby-3.0.0/ruby/internal/arithmetic/long.h: In function 'rbimpl_fix2long_by_idiv':
C:/Users/vagrant/pro/pkg/w32/ruby/include/ruby-3.0.0/ruby/internal/arithmetic/long.h:123:5: warning: ISO C90 forbids mixed declarations and code [-Wdeclaration-after-statement]
  123 |     const SIGNED_VALUE y = x - RUBY_FIXNUM_FLAG;
      |     ^~~~~
C:/Users/vagrant/pro/pkg/w32/ruby/include/ruby-3.0.0/ruby/internal/arithmetic/long.h: In function 'rbimpl_fix2long_by_shift':
C:/Users/vagrant/pro/pkg/w32/ruby/include/ruby-3.0.0/ruby/internal/arithmetic/long.h:140:5: warning: ISO C90 forbids mixed declarations and code [-Wdeclaration-after-statement]
  140 |     const SIGNED_VALUE y = x;
      |     ^~~~~
In file included from C:/Users/vagrant/pro/pkg/w32/ruby/include/ruby-3.0.0/ruby/internal/fl_type.h:35,
                 from C:/Users/vagrant/pro/pkg/w32/ruby/include/ruby-3.0.0/ruby/internal/core/rstring.h:30,
                 from C:/Users/vagrant/pro/pkg/w32/ruby/include/ruby-3.0.0/ruby/internal/arithmetic/char.h:29,
                 from C:/Users/vagrant/pro/pkg/w32/ruby/include/ruby-3.0.0/ruby/internal/arithmetic.h:23,
                 from C:/Users/vagrant/pro/pkg/w32/ruby/include/ruby-3.0.0/ruby/ruby.h:25,
                 from C:/Users/vagrant/pro/pkg/w32/ruby/include/ruby-3.0.0/ruby.h:38,
                 from conftest.c:1:
C:/Users/vagrant/pro/pkg/w32/ruby/include/ruby-3.0.0/ruby/internal/value_type.h: In function 'RB_BUILTIN_TYPE':
C:/Users/vagrant/pro/pkg/w32/ruby/include/ruby-3.0.0/ruby/internal/value_type.h:157:5: warning: ISO C90 forbids mixed declarations and code [-Wdeclaration-after-statement]
  157 |     VALUE ret = RBASIC(obj)->flags & RUBY_T_MASK;
      |     ^~~~~
In file included from C:/Users/vagrant/pro/pkg/w32/ruby/include/ruby-3.0.0/ruby/internal/arithmetic/char.h:29,
                 from C:/Users/vagrant/pro/pkg/w32/ruby/include/ruby-3.0.0/ruby/internal/arithmetic.h:23,
                 from C:/Users/vagrant/pro/pkg/w32/ruby/include/ruby-3.0.0/ruby/ruby.h:25,
                 from C:/Users/vagrant/pro/pkg/w32/ruby/include/ruby-3.0.0/ruby.h:38,
                 from conftest.c:1:
C:/Users/vagrant/pro/pkg/w32/ruby/include/ruby-3.0.0/ruby/internal/core/rstring.h: In function 'RSTRING_EMBED_LEN':
C:/Users/vagrant/pro/pkg/w32/ruby/include/ruby-3.0.0/ruby/internal/core/rstring.h:109:5: warning: ISO C90 forbids mixed declarations and code [-Wdeclaration-after-statement]
  109 |     VALUE f = RBASIC(str)->flags;
      |     ^~~~~
In file included from C:/Users/vagrant/pro/pkg/w32/ruby/include/ruby-3.0.0/ruby/internal/arithmetic.h:36,
                 from C:/Users/vagrant/pro/pkg/w32/ruby/include/ruby-3.0.0/ruby/ruby.h:25,
                 from C:/Users/vagrant/pro/pkg/w32/ruby/include/ruby-3.0.0/ruby.h:38,
                 from conftest.c:1:
C:/Users/vagrant/pro/pkg/w32/ruby/include/ruby-3.0.0/ruby/internal/arithmetic/st_data_t.h: In function 'RB_ST2FIX':
C:/Users/vagrant/pro/pkg/w32/ruby/include/ruby-3.0.0/ruby/internal/arithmetic/st_data_t.h:55:5: warning: ISO C90 forbids mixed declarations and code [-Wdeclaration-after-statement]
   55 |     unsigned long y = RBIMPL_CAST((unsigned long)x);
      |     ^~~~~~~~
In file included from C:/Users/vagrant/pro/pkg/w32/ruby/include/ruby-3.0.0/ruby/internal/core.h:23,
                 from C:/Users/vagrant/pro/pkg/w32/ruby/include/ruby-3.0.0/ruby/ruby.h:26,
                 from C:/Users/vagrant/pro/pkg/w32/ruby/include/ruby-3.0.0/ruby.h:38,
                 from conftest.c:1:
C:/Users/vagrant/pro/pkg/w32/ruby/include/ruby-3.0.0/ruby/internal/core/rarray.h: In function 'RARRAY_EMBED_LEN':
C:/Users/vagrant/pro/pkg/w32/ruby/include/ruby-3.0.0/ruby/internal/core/rarray.h:123:5: warning: ISO C90 forbids mixed declarations and code [-Wdeclaration-after-statement]
  123 |     VALUE f = RBASIC(ary)->flags;
      |     ^~~~~
C:/Users/vagrant/pro/pkg/w32/ruby/include/ruby-3.0.0/ruby/internal/core/rarray.h: In function 'RARRAY_PTR':
C:/Users/vagrant/pro/pkg/w32/ruby/include/ruby-3.0.0/ruby/internal/core/rarray.h:248:5: warning: ISO C90 forbids mixed declarations and code [-Wdeclaration-after-statement]
  248 |     VALUE tmp = RB_OBJ_WB_UNPROTECT_FOR(ARRAY, ary);
      |     ^~~~~
C:/Users/vagrant/pro/pkg/w32/ruby/include/ruby-3.0.0/ruby/internal/core/rarray.h: In function 'RARRAY_ASET':
C:/Users/vagrant/pro/pkg/w32/ruby/include/ruby-3.0.0/ruby/internal/core/rarray.h:227:5: warning: ISO C90 forbids mixed declarations and code [-Wdeclaration-after-statement]
  227 |     const VALUE rbimpl_ary = (ary);                          \
      |     ^~~~~
C:/Users/vagrant/pro/pkg/w32/ruby/include/ruby-3.0.0/ruby/internal/core/rarray.h:227:5: note: in definition of macro 'RBIMPL_RARRAY_STMT'
  227 |     const VALUE rbimpl_ary = (ary);                          \
      |     ^~~~~
C:/Users/vagrant/pro/pkg/w32/ruby/include/ruby-3.0.0/ruby/internal/core/rarray.h:255:5: note: in expansion of macro 'RARRAY_PTR_USE_TRANSIENT'
  255 |     RARRAY_PTR_USE_TRANSIENT(ary, ptr,
      |     ^~~~~~~~~~~~~~~~~~~~~~~~
In file included from C:/Users/vagrant/pro/pkg/w32/ruby/include/ruby-3.0.0/ruby/internal/core.h:30,
                 from C:/Users/vagrant/pro/pkg/w32/ruby/include/ruby-3.0.0/ruby/ruby.h:26,
                 from C:/Users/vagrant/pro/pkg/w32/ruby/include/ruby-3.0.0/ruby.h:38,
                 from conftest.c:1:
C:/Users/vagrant/pro/pkg/w32/ruby/include/ruby-3.0.0/ruby/internal/core/robject.h: In function 'ROBJECT_IVPTR':
C:/Users/vagrant/pro/pkg/w32/ruby/include/ruby-3.0.0/ruby/internal/core/robject.h:86:5: warning: ISO C90 forbids mixed declarations and code [-Wdeclaration-after-statement]
   86 |     struct RObject *const ptr = ROBJECT(obj);
      |     ^~~~~~
In file included from C:/Users/vagrant/pro/pkg/w32/ruby/include/ruby-3.0.0/ruby/internal/core.h:31,
                 from C:/Users/vagrant/pro/pkg/w32/ruby/include/ruby-3.0.0/ruby/ruby.h:26,
                 from C:/Users/vagrant/pro/pkg/w32/ruby/include/ruby-3.0.0/ruby.h:38,
                 from conftest.c:1:
C:/Users/vagrant/pro/pkg/w32/ruby/include/ruby-3.0.0/ruby/internal/core/rregexp.h: In function 'RREGEXP_SRC':
C:/Users/vagrant/pro/pkg/w32/ruby/include/ruby-3.0.0/ruby/internal/core/rregexp.h:55:5: warning: ISO C90 forbids mixed declarations and code [-Wdeclaration-after-statement]
   55 |     VALUE ret = RREGEXP(rexp)->src;
      |     ^~~~~
In file included from C:/Users/vagrant/pro/pkg/w32/ruby/include/ruby-3.0.0/ruby/ruby.h:42,
                 from C:/Users/vagrant/pro/pkg/w32/ruby/include/ruby-3.0.0/ruby.h:38,
                 from conftest.c:1:
C:/Users/vagrant/pro/pkg/w32/ruby/include/ruby-3.0.0/ruby/internal/newobj.h: In function 'rb_clone_setup':
C:/Users/vagrant/pro/pkg/w32/ruby/include/ruby-3.0.0/ruby/internal/newobj.h:56:5: warning: ISO C90 forbids mixed declarations and code [-Wdeclaration-after-statement]
   56 |     const VALUE flags = RUBY_FL_PROMOTED0 | RUBY_FL_PROMOTED1 | RUBY_FL_FINALIZE;
      |     ^~~~~
conftest.c: At top level:
conftest.c:6:10: fatal error: sys/socket.h: No such file or directory
    6 | #include <sys/socket.h>
      |          ^~~~~~~~~~~~~~
compilation terminated.
checked program was:
/* begin */
 1: #include "ruby.h"
 2: 
 3: #include <winsock2.h>
 4: #include <windows.h>
 5: #include <sys/types.h>
 6: #include <sys/socket.h>
 7: #include <sys/un.h>
 8: #include <net/if.h>
 9: #include <netinet/in.h>
10: 
11: /*top*/
12: typedef struct sockaddr_ll conftest_type;
13: int conftestval[sizeof(conftest_type)?1:-1];
/* end */

--------------------

have_type: checking for struct sockaddr_atmpvc in sys/types.h,sys/socket.h,sys/un.h,net/if.h,netinet/in.h... -------------------- no

"x86_64-w64-mingw32-gcc -IC:/Users/vagrant/pro/pkg/w32/ruby/include/ruby-3.0.0/x64-mingw32 -IC:/Users/vagrant/pro/pkg/w32/ruby/include/ruby-3.0.0/ruby/backward -IC:/Users/vagrant/pro/pkg/w32/ruby/include/ruby-3.0.0 -I. -D_WIN32_WINNT=0x0600 -D__MINGW_USE_VC2005_COMPAT -D_FILE_OFFSET_BITS=64  -O3 -DFD_SETSIZE=2048 -fno-omit-frame-pointer -fno-fast-math -Wall -Wextra -Wno-unused-parameter -Wno-parentheses -Wno-long-long -Wno-missing-field-initializers -Wunused-variable -Wpointer-arith -Wwrite-strings -Wdeclaration-after-statement -Wimplicit-function-declaration -m64  -c conftest.c"
In file included from C:/Users/vagrant/pro/pkg/w32/ruby/include/ruby-3.0.0/ruby/internal/arithmetic/int.h:26,
                 from C:/Users/vagrant/pro/pkg/w32/ruby/include/ruby-3.0.0/ruby/internal/arithmetic/char.h:23,
                 from C:/Users/vagrant/pro/pkg/w32/ruby/include/ruby-3.0.0/ruby/internal/arithmetic.h:23,
                 from C:/Users/vagrant/pro/pkg/w32/ruby/include/ruby-3.0.0/ruby/ruby.h:25,
                 from C:/Users/vagrant/pro/pkg/w32/ruby/include/ruby-3.0.0/ruby.h:38,
                 from conftest.c:1:
C:/Users/vagrant/pro/pkg/w32/ruby/include/ruby-3.0.0/ruby/internal/arithmetic/long.h: In function 'RB_INT2FIX':
C:/Users/vagrant/pro/pkg/w32/ruby/include/ruby-3.0.0/ruby/internal/arithmetic/long.h:88:5: warning: ISO C90 forbids mixed declarations and code [-Wdeclaration-after-statement]
   88 |     const unsigned long j = i;
      |     ^~~~~
C:/Users/vagrant/pro/pkg/w32/ruby/include/ruby-3.0.0/ruby/internal/arithmetic/long.h: In function 'rbimpl_fix2long_by_idiv':
C:/Users/vagrant/pro/pkg/w32/ruby/include/ruby-3.0.0/ruby/internal/arithmetic/long.h:123:5: warning: ISO C90 forbids mixed declarations and code [-Wdeclaration-after-statement]
  123 |     const SIGNED_VALUE y = x - RUBY_FIXNUM_FLAG;
      |     ^~~~~
C:/Users/vagrant/pro/pkg/w32/ruby/include/ruby-3.0.0/ruby/internal/arithmetic/long.h: In function 'rbimpl_fix2long_by_shift':
C:/Users/vagrant/pro/pkg/w32/ruby/include/ruby-3.0.0/ruby/internal/arithmetic/long.h:140:5: warning: ISO C90 forbids mixed declarations and code [-Wdeclaration-after-statement]
  140 |     const SIGNED_VALUE y = x;
      |     ^~~~~
In file included from C:/Users/vagrant/pro/pkg/w32/ruby/include/ruby-3.0.0/ruby/internal/fl_type.h:35,
                 from C:/Users/vagrant/pro/pkg/w32/ruby/include/ruby-3.0.0/ruby/internal/core/rstring.h:30,
                 from C:/Users/vagrant/pro/pkg/w32/ruby/include/ruby-3.0.0/ruby/internal/arithmetic/char.h:29,
                 from C:/Users/vagrant/pro/pkg/w32/ruby/include/ruby-3.0.0/ruby/internal/arithmetic.h:23,
                 from C:/Users/vagrant/pro/pkg/w32/ruby/include/ruby-3.0.0/ruby/ruby.h:25,
                 from C:/Users/vagrant/pro/pkg/w32/ruby/include/ruby-3.0.0/ruby.h:38,
                 from conftest.c:1:
C:/Users/vagrant/pro/pkg/w32/ruby/include/ruby-3.0.0/ruby/internal/value_type.h: In function 'RB_BUILTIN_TYPE':
C:/Users/vagrant/pro/pkg/w32/ruby/include/ruby-3.0.0/ruby/internal/value_type.h:157:5: warning: ISO C90 forbids mixed declarations and code [-Wdeclaration-after-statement]
  157 |     VALUE ret = RBASIC(obj)->flags & RUBY_T_MASK;
      |     ^~~~~
In file included from C:/Users/vagrant/pro/pkg/w32/ruby/include/ruby-3.0.0/ruby/internal/arithmetic/char.h:29,
                 from C:/Users/vagrant/pro/pkg/w32/ruby/include/ruby-3.0.0/ruby/internal/arithmetic.h:23,
                 from C:/Users/vagrant/pro/pkg/w32/ruby/include/ruby-3.0.0/ruby/ruby.h:25,
                 from C:/Users/vagrant/pro/pkg/w32/ruby/include/ruby-3.0.0/ruby.h:38,
                 from conftest.c:1:
C:/Users/vagrant/pro/pkg/w32/ruby/include/ruby-3.0.0/ruby/internal/core/rstring.h: In function 'RSTRING_EMBED_LEN':
C:/Users/vagrant/pro/pkg/w32/ruby/include/ruby-3.0.0/ruby/internal/core/rstring.h:109:5: warning: ISO C90 forbids mixed declarations and code [-Wdeclaration-after-statement]
  109 |     VALUE f = RBASIC(str)->flags;
      |     ^~~~~
In file included from C:/Users/vagrant/pro/pkg/w32/ruby/include/ruby-3.0.0/ruby/internal/arithmetic.h:36,
                 from C:/Users/vagrant/pro/pkg/w32/ruby/include/ruby-3.0.0/ruby/ruby.h:25,
                 from C:/Users/vagrant/pro/pkg/w32/ruby/include/ruby-3.0.0/ruby.h:38,
                 from conftest.c:1:
C:/Users/vagrant/pro/pkg/w32/ruby/include/ruby-3.0.0/ruby/internal/arithmetic/st_data_t.h: In function 'RB_ST2FIX':
C:/Users/vagrant/pro/pkg/w32/ruby/include/ruby-3.0.0/ruby/internal/arithmetic/st_data_t.h:55:5: warning: ISO C90 forbids mixed declarations and code [-Wdeclaration-after-statement]
   55 |     unsigned long y = RBIMPL_CAST((unsigned long)x);
      |     ^~~~~~~~
In file included from C:/Users/vagrant/pro/pkg/w32/ruby/include/ruby-3.0.0/ruby/internal/core.h:23,
                 from C:/Users/vagrant/pro/pkg/w32/ruby/include/ruby-3.0.0/ruby/ruby.h:26,
                 from C:/Users/vagrant/pro/pkg/w32/ruby/include/ruby-3.0.0/ruby.h:38,
                 from conftest.c:1:
C:/Users/vagrant/pro/pkg/w32/ruby/include/ruby-3.0.0/ruby/internal/core/rarray.h: In function 'RARRAY_EMBED_LEN':
C:/Users/vagrant/pro/pkg/w32/ruby/include/ruby-3.0.0/ruby/internal/core/rarray.h:123:5: warning: ISO C90 forbids mixed declarations and code [-Wdeclaration-after-statement]
  123 |     VALUE f = RBASIC(ary)->flags;
      |     ^~~~~
C:/Users/vagrant/pro/pkg/w32/ruby/include/ruby-3.0.0/ruby/internal/core/rarray.h: In function 'RARRAY_PTR':
C:/Users/vagrant/pro/pkg/w32/ruby/include/ruby-3.0.0/ruby/internal/core/rarray.h:248:5: warning: ISO C90 forbids mixed declarations and code [-Wdeclaration-after-statement]
  248 |     VALUE tmp = RB_OBJ_WB_UNPROTECT_FOR(ARRAY, ary);
      |     ^~~~~
C:/Users/vagrant/pro/pkg/w32/ruby/include/ruby-3.0.0/ruby/internal/core/rarray.h: In function 'RARRAY_ASET':
C:/Users/vagrant/pro/pkg/w32/ruby/include/ruby-3.0.0/ruby/internal/core/rarray.h:227:5: warning: ISO C90 forbids mixed declarations and code [-Wdeclaration-after-statement]
  227 |     const VALUE rbimpl_ary = (ary);                          \
      |     ^~~~~
C:/Users/vagrant/pro/pkg/w32/ruby/include/ruby-3.0.0/ruby/internal/core/rarray.h:227:5: note: in definition of macro 'RBIMPL_RARRAY_STMT'
  227 |     const VALUE rbimpl_ary = (ary);                          \
      |     ^~~~~
C:/Users/vagrant/pro/pkg/w32/ruby/include/ruby-3.0.0/ruby/internal/core/rarray.h:255:5: note: in expansion of macro 'RARRAY_PTR_USE_TRANSIENT'
  255 |     RARRAY_PTR_USE_TRANSIENT(ary, ptr,
      |     ^~~~~~~~~~~~~~~~~~~~~~~~
In file included from C:/Users/vagrant/pro/pkg/w32/ruby/include/ruby-3.0.0/ruby/internal/core.h:30,
                 from C:/Users/vagrant/pro/pkg/w32/ruby/include/ruby-3.0.0/ruby/ruby.h:26,
                 from C:/Users/vagrant/pro/pkg/w32/ruby/include/ruby-3.0.0/ruby.h:38,
                 from conftest.c:1:
C:/Users/vagrant/pro/pkg/w32/ruby/include/ruby-3.0.0/ruby/internal/core/robject.h: In function 'ROBJECT_IVPTR':
C:/Users/vagrant/pro/pkg/w32/ruby/include/ruby-3.0.0/ruby/internal/core/robject.h:86:5: warning: ISO C90 forbids mixed declarations and code [-Wdeclaration-after-statement]
   86 |     struct RObject *const ptr = ROBJECT(obj);
      |     ^~~~~~
In file included from C:/Users/vagrant/pro/pkg/w32/ruby/include/ruby-3.0.0/ruby/internal/core.h:31,
                 from C:/Users/vagrant/pro/pkg/w32/ruby/include/ruby-3.0.0/ruby/ruby.h:26,
                 from C:/Users/vagrant/pro/pkg/w32/ruby/include/ruby-3.0.0/ruby.h:38,
                 from conftest.c:1:
C:/Users/vagrant/pro/pkg/w32/ruby/include/ruby-3.0.0/ruby/internal/core/rregexp.h: In function 'RREGEXP_SRC':
C:/Users/vagrant/pro/pkg/w32/ruby/include/ruby-3.0.0/ruby/internal/core/rregexp.h:55:5: warning: ISO C90 forbids mixed declarations and code [-Wdeclaration-after-statement]
   55 |     VALUE ret = RREGEXP(rexp)->src;
      |     ^~~~~
In file included from C:/Users/vagrant/pro/pkg/w32/ruby/include/ruby-3.0.0/ruby/ruby.h:42,
                 from C:/Users/vagrant/pro/pkg/w32/ruby/include/ruby-3.0.0/ruby.h:38,
                 from conftest.c:1:
C:/Users/vagrant/pro/pkg/w32/ruby/include/ruby-3.0.0/ruby/internal/newobj.h: In function 'rb_clone_setup':
C:/Users/vagrant/pro/pkg/w32/ruby/include/ruby-3.0.0/ruby/internal/newobj.h:56:5: warning: ISO C90 forbids mixed declarations and code [-Wdeclaration-after-statement]
   56 |     const VALUE flags = RUBY_FL_PROMOTED0 | RUBY_FL_PROMOTED1 | RUBY_FL_FINALIZE;
      |     ^~~~~
conftest.c: At top level:
conftest.c:6:10: fatal error: sys/socket.h: No such file or directory
    6 | #include <sys/socket.h>
      |          ^~~~~~~~~~~~~~
compilation terminated.
checked program was:
/* begin */
 1: #include "ruby.h"
 2: 
 3: #include <winsock2.h>
 4: #include <windows.h>
 5: #include <sys/types.h>
 6: #include <sys/socket.h>
 7: #include <sys/un.h>
 8: #include <net/if.h>
 9: #include <netinet/in.h>
10: 
11: /*top*/
12: typedef struct sockaddr_atmpvc conftest_type;
13: int conftestval[sizeof(conftest_type)?1:-1];
/* end */

--------------------

have_type: checking for struct sockaddr_atmsvc in sys/types.h,sys/socket.h,sys/un.h,net/if.h,netinet/in.h... -------------------- no

"x86_64-w64-mingw32-gcc -IC:/Users/vagrant/pro/pkg/w32/ruby/include/ruby-3.0.0/x64-mingw32 -IC:/Users/vagrant/pro/pkg/w32/ruby/include/ruby-3.0.0/ruby/backward -IC:/Users/vagrant/pro/pkg/w32/ruby/include/ruby-3.0.0 -I. -D_WIN32_WINNT=0x0600 -D__MINGW_USE_VC2005_COMPAT -D_FILE_OFFSET_BITS=64  -O3 -DFD_SETSIZE=2048 -fno-omit-frame-pointer -fno-fast-math -Wall -Wextra -Wno-unused-parameter -Wno-parentheses -Wno-long-long -Wno-missing-field-initializers -Wunused-variable -Wpointer-arith -Wwrite-strings -Wdeclaration-after-statement -Wimplicit-function-declaration -m64  -c conftest.c"
In file included from C:/Users/vagrant/pro/pkg/w32/ruby/include/ruby-3.0.0/ruby/internal/arithmetic/int.h:26,
                 from C:/Users/vagrant/pro/pkg/w32/ruby/include/ruby-3.0.0/ruby/internal/arithmetic/char.h:23,
                 from C:/Users/vagrant/pro/pkg/w32/ruby/include/ruby-3.0.0/ruby/internal/arithmetic.h:23,
                 from C:/Users/vagrant/pro/pkg/w32/ruby/include/ruby-3.0.0/ruby/ruby.h:25,
                 from C:/Users/vagrant/pro/pkg/w32/ruby/include/ruby-3.0.0/ruby.h:38,
                 from conftest.c:1:
C:/Users/vagrant/pro/pkg/w32/ruby/include/ruby-3.0.0/ruby/internal/arithmetic/long.h: In function 'RB_INT2FIX':
C:/Users/vagrant/pro/pkg/w32/ruby/include/ruby-3.0.0/ruby/internal/arithmetic/long.h:88:5: warning: ISO C90 forbids mixed declarations and code [-Wdeclaration-after-statement]
   88 |     const unsigned long j = i;
      |     ^~~~~
C:/Users/vagrant/pro/pkg/w32/ruby/include/ruby-3.0.0/ruby/internal/arithmetic/long.h: In function 'rbimpl_fix2long_by_idiv':
C:/Users/vagrant/pro/pkg/w32/ruby/include/ruby-3.0.0/ruby/internal/arithmetic/long.h:123:5: warning: ISO C90 forbids mixed declarations and code [-Wdeclaration-after-statement]
  123 |     const SIGNED_VALUE y = x - RUBY_FIXNUM_FLAG;
      |     ^~~~~
C:/Users/vagrant/pro/pkg/w32/ruby/include/ruby-3.0.0/ruby/internal/arithmetic/long.h: In function 'rbimpl_fix2long_by_shift':
C:/Users/vagrant/pro/pkg/w32/ruby/include/ruby-3.0.0/ruby/internal/arithmetic/long.h:140:5: warning: ISO C90 forbids mixed declarations and code [-Wdeclaration-after-statement]
  140 |     const SIGNED_VALUE y = x;
      |     ^~~~~
In file included from C:/Users/vagrant/pro/pkg/w32/ruby/include/ruby-3.0.0/ruby/internal/fl_type.h:35,
                 from C:/Users/vagrant/pro/pkg/w32/ruby/include/ruby-3.0.0/ruby/internal/core/rstring.h:30,
                 from C:/Users/vagrant/pro/pkg/w32/ruby/include/ruby-3.0.0/ruby/internal/arithmetic/char.h:29,
                 from C:/Users/vagrant/pro/pkg/w32/ruby/include/ruby-3.0.0/ruby/internal/arithmetic.h:23,
                 from C:/Users/vagrant/pro/pkg/w32/ruby/include/ruby-3.0.0/ruby/ruby.h:25,
                 from C:/Users/vagrant/pro/pkg/w32/ruby/include/ruby-3.0.0/ruby.h:38,
                 from conftest.c:1:
C:/Users/vagrant/pro/pkg/w32/ruby/include/ruby-3.0.0/ruby/internal/value_type.h: In function 'RB_BUILTIN_TYPE':
C:/Users/vagrant/pro/pkg/w32/ruby/include/ruby-3.0.0/ruby/internal/value_type.h:157:5: warning: ISO C90 forbids mixed declarations and code [-Wdeclaration-after-statement]
  157 |     VALUE ret = RBASIC(obj)->flags & RUBY_T_MASK;
      |     ^~~~~
In file included from C:/Users/vagrant/pro/pkg/w32/ruby/include/ruby-3.0.0/ruby/internal/arithmetic/char.h:29,
                 from C:/Users/vagrant/pro/pkg/w32/ruby/include/ruby-3.0.0/ruby/internal/arithmetic.h:23,
                 from C:/Users/vagrant/pro/pkg/w32/ruby/include/ruby-3.0.0/ruby/ruby.h:25,
                 from C:/Users/vagrant/pro/pkg/w32/ruby/include/ruby-3.0.0/ruby.h:38,
                 from conftest.c:1:
C:/Users/vagrant/pro/pkg/w32/ruby/include/ruby-3.0.0/ruby/internal/core/rstring.h: In function 'RSTRING_EMBED_LEN':
C:/Users/vagrant/pro/pkg/w32/ruby/include/ruby-3.0.0/ruby/internal/core/rstring.h:109:5: warning: ISO C90 forbids mixed declarations and code [-Wdeclaration-after-statement]
  109 |     VALUE f = RBASIC(str)->flags;
      |     ^~~~~
In file included from C:/Users/vagrant/pro/pkg/w32/ruby/include/ruby-3.0.0/ruby/internal/arithmetic.h:36,
                 from C:/Users/vagrant/pro/pkg/w32/ruby/include/ruby-3.0.0/ruby/ruby.h:25,
                 from C:/Users/vagrant/pro/pkg/w32/ruby/include/ruby-3.0.0/ruby.h:38,
                 from conftest.c:1:
C:/Users/vagrant/pro/pkg/w32/ruby/include/ruby-3.0.0/ruby/internal/arithmetic/st_data_t.h: In function 'RB_ST2FIX':
C:/Users/vagrant/pro/pkg/w32/ruby/include/ruby-3.0.0/ruby/internal/arithmetic/st_data_t.h:55:5: warning: ISO C90 forbids mixed declarations and code [-Wdeclaration-after-statement]
   55 |     unsigned long y = RBIMPL_CAST((unsigned long)x);
      |     ^~~~~~~~
In file included from C:/Users/vagrant/pro/pkg/w32/ruby/include/ruby-3.0.0/ruby/internal/core.h:23,
                 from C:/Users/vagrant/pro/pkg/w32/ruby/include/ruby-3.0.0/ruby/ruby.h:26,
                 from C:/Users/vagrant/pro/pkg/w32/ruby/include/ruby-3.0.0/ruby.h:38,
                 from conftest.c:1:
C:/Users/vagrant/pro/pkg/w32/ruby/include/ruby-3.0.0/ruby/internal/core/rarray.h: In function 'RARRAY_EMBED_LEN':
C:/Users/vagrant/pro/pkg/w32/ruby/include/ruby-3.0.0/ruby/internal/core/rarray.h:123:5: warning: ISO C90 forbids mixed declarations and code [-Wdeclaration-after-statement]
  123 |     VALUE f = RBASIC(ary)->flags;
      |     ^~~~~
C:/Users/vagrant/pro/pkg/w32/ruby/include/ruby-3.0.0/ruby/internal/core/rarray.h: In function 'RARRAY_PTR':
C:/Users/vagrant/pro/pkg/w32/ruby/include/ruby-3.0.0/ruby/internal/core/rarray.h:248:5: warning: ISO C90 forbids mixed declarations and code [-Wdeclaration-after-statement]
  248 |     VALUE tmp = RB_OBJ_WB_UNPROTECT_FOR(ARRAY, ary);
      |     ^~~~~
C:/Users/vagrant/pro/pkg/w32/ruby/include/ruby-3.0.0/ruby/internal/core/rarray.h: In function 'RARRAY_ASET':
C:/Users/vagrant/pro/pkg/w32/ruby/include/ruby-3.0.0/ruby/internal/core/rarray.h:227:5: warning: ISO C90 forbids mixed declarations and code [-Wdeclaration-after-statement]
  227 |     const VALUE rbimpl_ary = (ary);                          \
      |     ^~~~~
C:/Users/vagrant/pro/pkg/w32/ruby/include/ruby-3.0.0/ruby/internal/core/rarray.h:227:5: note: in definition of macro 'RBIMPL_RARRAY_STMT'
  227 |     const VALUE rbimpl_ary = (ary);                          \
      |     ^~~~~
C:/Users/vagrant/pro/pkg/w32/ruby/include/ruby-3.0.0/ruby/internal/core/rarray.h:255:5: note: in expansion of macro 'RARRAY_PTR_USE_TRANSIENT'
  255 |     RARRAY_PTR_USE_TRANSIENT(ary, ptr,
      |     ^~~~~~~~~~~~~~~~~~~~~~~~
In file included from C:/Users/vagrant/pro/pkg/w32/ruby/include/ruby-3.0.0/ruby/internal/core.h:30,
                 from C:/Users/vagrant/pro/pkg/w32/ruby/include/ruby-3.0.0/ruby/ruby.h:26,
                 from C:/Users/vagrant/pro/pkg/w32/ruby/include/ruby-3.0.0/ruby.h:38,
                 from conftest.c:1:
C:/Users/vagrant/pro/pkg/w32/ruby/include/ruby-3.0.0/ruby/internal/core/robject.h: In function 'ROBJECT_IVPTR':
C:/Users/vagrant/pro/pkg/w32/ruby/include/ruby-3.0.0/ruby/internal/core/robject.h:86:5: warning: ISO C90 forbids mixed declarations and code [-Wdeclaration-after-statement]
   86 |     struct RObject *const ptr = ROBJECT(obj);
      |     ^~~~~~
In file included from C:/Users/vagrant/pro/pkg/w32/ruby/include/ruby-3.0.0/ruby/internal/core.h:31,
                 from C:/Users/vagrant/pro/pkg/w32/ruby/include/ruby-3.0.0/ruby/ruby.h:26,
                 from C:/Users/vagrant/pro/pkg/w32/ruby/include/ruby-3.0.0/ruby.h:38,
                 from conftest.c:1:
C:/Users/vagrant/pro/pkg/w32/ruby/include/ruby-3.0.0/ruby/internal/core/rregexp.h: In function 'RREGEXP_SRC':
C:/Users/vagrant/pro/pkg/w32/ruby/include/ruby-3.0.0/ruby/internal/core/rregexp.h:55:5: warning: ISO C90 forbids mixed declarations and code [-Wdeclaration-after-statement]
   55 |     VALUE ret = RREGEXP(rexp)->src;
      |     ^~~~~
In file included from C:/Users/vagrant/pro/pkg/w32/ruby/include/ruby-3.0.0/ruby/ruby.h:42,
                 from C:/Users/vagrant/pro/pkg/w32/ruby/include/ruby-3.0.0/ruby.h:38,
                 from conftest.c:1:
C:/Users/vagrant/pro/pkg/w32/ruby/include/ruby-3.0.0/ruby/internal/newobj.h: In function 'rb_clone_setup':
C:/Users/vagrant/pro/pkg/w32/ruby/include/ruby-3.0.0/ruby/internal/newobj.h:56:5: warning: ISO C90 forbids mixed declarations and code [-Wdeclaration-after-statement]
   56 |     const VALUE flags = RUBY_FL_PROMOTED0 | RUBY_FL_PROMOTED1 | RUBY_FL_FINALIZE;
      |     ^~~~~
conftest.c: At top level:
conftest.c:6:10: fatal error: sys/socket.h: No such file or directory
    6 | #include <sys/socket.h>
      |          ^~~~~~~~~~~~~~
compilation terminated.
checked program was:
/* begin */
 1: #include "ruby.h"
 2: 
 3: #include <winsock2.h>
 4: #include <windows.h>
 5: #include <sys/types.h>
 6: #include <sys/socket.h>
 7: #include <sys/un.h>
 8: #include <net/if.h>
 9: #include <netinet/in.h>
10: 
11: /*top*/
12: typedef struct sockaddr_atmsvc conftest_type;
13: int conftestval[sizeof(conftest_type)?1:-1];
/* end */

--------------------

have_type: checking for struct sockaddr_dn in sys/types.h,sys/socket.h,sys/un.h,net/if.h,netinet/in.h... -------------------- no

"x86_64-w64-mingw32-gcc -IC:/Users/vagrant/pro/pkg/w32/ruby/include/ruby-3.0.0/x64-mingw32 -IC:/Users/vagrant/pro/pkg/w32/ruby/include/ruby-3.0.0/ruby/backward -IC:/Users/vagrant/pro/pkg/w32/ruby/include/ruby-3.0.0 -I. -D_WIN32_WINNT=0x0600 -D__MINGW_USE_VC2005_COMPAT -D_FILE_OFFSET_BITS=64  -O3 -DFD_SETSIZE=2048 -fno-omit-frame-pointer -fno-fast-math -Wall -Wextra -Wno-unused-parameter -Wno-parentheses -Wno-long-long -Wno-missing-field-initializers -Wunused-variable -Wpointer-arith -Wwrite-strings -Wdeclaration-after-statement -Wimplicit-function-declaration -m64  -c conftest.c"
In file included from C:/Users/vagrant/pro/pkg/w32/ruby/include/ruby-3.0.0/ruby/internal/arithmetic/int.h:26,
                 from C:/Users/vagrant/pro/pkg/w32/ruby/include/ruby-3.0.0/ruby/internal/arithmetic/char.h:23,
                 from C:/Users/vagrant/pro/pkg/w32/ruby/include/ruby-3.0.0/ruby/internal/arithmetic.h:23,
                 from C:/Users/vagrant/pro/pkg/w32/ruby/include/ruby-3.0.0/ruby/ruby.h:25,
                 from C:/Users/vagrant/pro/pkg/w32/ruby/include/ruby-3.0.0/ruby.h:38,
                 from conftest.c:1:
C:/Users/vagrant/pro/pkg/w32/ruby/include/ruby-3.0.0/ruby/internal/arithmetic/long.h: In function 'RB_INT2FIX':
C:/Users/vagrant/pro/pkg/w32/ruby/include/ruby-3.0.0/ruby/internal/arithmetic/long.h:88:5: warning: ISO C90 forbids mixed declarations and code [-Wdeclaration-after-statement]
   88 |     const unsigned long j = i;
      |     ^~~~~
C:/Users/vagrant/pro/pkg/w32/ruby/include/ruby-3.0.0/ruby/internal/arithmetic/long.h: In function 'rbimpl_fix2long_by_idiv':
C:/Users/vagrant/pro/pkg/w32/ruby/include/ruby-3.0.0/ruby/internal/arithmetic/long.h:123:5: warning: ISO C90 forbids mixed declarations and code [-Wdeclaration-after-statement]
  123 |     const SIGNED_VALUE y = x - RUBY_FIXNUM_FLAG;
      |     ^~~~~
C:/Users/vagrant/pro/pkg/w32/ruby/include/ruby-3.0.0/ruby/internal/arithmetic/long.h: In function 'rbimpl_fix2long_by_shift':
C:/Users/vagrant/pro/pkg/w32/ruby/include/ruby-3.0.0/ruby/internal/arithmetic/long.h:140:5: warning: ISO C90 forbids mixed declarations and code [-Wdeclaration-after-statement]
  140 |     const SIGNED_VALUE y = x;
      |     ^~~~~
In file included from C:/Users/vagrant/pro/pkg/w32/ruby/include/ruby-3.0.0/ruby/internal/fl_type.h:35,
                 from C:/Users/vagrant/pro/pkg/w32/ruby/include/ruby-3.0.0/ruby/internal/core/rstring.h:30,
                 from C:/Users/vagrant/pro/pkg/w32/ruby/include/ruby-3.0.0/ruby/internal/arithmetic/char.h:29,
                 from C:/Users/vagrant/pro/pkg/w32/ruby/include/ruby-3.0.0/ruby/internal/arithmetic.h:23,
                 from C:/Users/vagrant/pro/pkg/w32/ruby/include/ruby-3.0.0/ruby/ruby.h:25,
                 from C:/Users/vagrant/pro/pkg/w32/ruby/include/ruby-3.0.0/ruby.h:38,
                 from conftest.c:1:
C:/Users/vagrant/pro/pkg/w32/ruby/include/ruby-3.0.0/ruby/internal/value_type.h: In function 'RB_BUILTIN_TYPE':
C:/Users/vagrant/pro/pkg/w32/ruby/include/ruby-3.0.0/ruby/internal/value_type.h:157:5: warning: ISO C90 forbids mixed declarations and code [-Wdeclaration-after-statement]
  157 |     VALUE ret = RBASIC(obj)->flags & RUBY_T_MASK;
      |     ^~~~~
In file included from C:/Users/vagrant/pro/pkg/w32/ruby/include/ruby-3.0.0/ruby/internal/arithmetic/char.h:29,
                 from C:/Users/vagrant/pro/pkg/w32/ruby/include/ruby-3.0.0/ruby/internal/arithmetic.h:23,
                 from C:/Users/vagrant/pro/pkg/w32/ruby/include/ruby-3.0.0/ruby/ruby.h:25,
                 from C:/Users/vagrant/pro/pkg/w32/ruby/include/ruby-3.0.0/ruby.h:38,
                 from conftest.c:1:
C:/Users/vagrant/pro/pkg/w32/ruby/include/ruby-3.0.0/ruby/internal/core/rstring.h: In function 'RSTRING_EMBED_LEN':
C:/Users/vagrant/pro/pkg/w32/ruby/include/ruby-3.0.0/ruby/internal/core/rstring.h:109:5: warning: ISO C90 forbids mixed declarations and code [-Wdeclaration-after-statement]
  109 |     VALUE f = RBASIC(str)->flags;
      |     ^~~~~
In file included from C:/Users/vagrant/pro/pkg/w32/ruby/include/ruby-3.0.0/ruby/internal/arithmetic.h:36,
                 from C:/Users/vagrant/pro/pkg/w32/ruby/include/ruby-3.0.0/ruby/ruby.h:25,
                 from C:/Users/vagrant/pro/pkg/w32/ruby/include/ruby-3.0.0/ruby.h:38,
                 from conftest.c:1:
C:/Users/vagrant/pro/pkg/w32/ruby/include/ruby-3.0.0/ruby/internal/arithmetic/st_data_t.h: In function 'RB_ST2FIX':
C:/Users/vagrant/pro/pkg/w32/ruby/include/ruby-3.0.0/ruby/internal/arithmetic/st_data_t.h:55:5: warning: ISO C90 forbids mixed declarations and code [-Wdeclaration-after-statement]
   55 |     unsigned long y = RBIMPL_CAST((unsigned long)x);
      |     ^~~~~~~~
In file included from C:/Users/vagrant/pro/pkg/w32/ruby/include/ruby-3.0.0/ruby/internal/core.h:23,
                 from C:/Users/vagrant/pro/pkg/w32/ruby/include/ruby-3.0.0/ruby/ruby.h:26,
                 from C:/Users/vagrant/pro/pkg/w32/ruby/include/ruby-3.0.0/ruby.h:38,
                 from conftest.c:1:
C:/Users/vagrant/pro/pkg/w32/ruby/include/ruby-3.0.0/ruby/internal/core/rarray.h: In function 'RARRAY_EMBED_LEN':
C:/Users/vagrant/pro/pkg/w32/ruby/include/ruby-3.0.0/ruby/internal/core/rarray.h:123:5: warning: ISO C90 forbids mixed declarations and code [-Wdeclaration-after-statement]
  123 |     VALUE f = RBASIC(ary)->flags;
      |     ^~~~~
C:/Users/vagrant/pro/pkg/w32/ruby/include/ruby-3.0.0/ruby/internal/core/rarray.h: In function 'RARRAY_PTR':
C:/Users/vagrant/pro/pkg/w32/ruby/include/ruby-3.0.0/ruby/internal/core/rarray.h:248:5: warning: ISO C90 forbids mixed declarations and code [-Wdeclaration-after-statement]
  248 |     VALUE tmp = RB_OBJ_WB_UNPROTECT_FOR(ARRAY, ary);
      |     ^~~~~
C:/Users/vagrant/pro/pkg/w32/ruby/include/ruby-3.0.0/ruby/internal/core/rarray.h: In function 'RARRAY_ASET':
C:/Users/vagrant/pro/pkg/w32/ruby/include/ruby-3.0.0/ruby/internal/core/rarray.h:227:5: warning: ISO C90 forbids mixed declarations and code [-Wdeclaration-after-statement]
  227 |     const VALUE rbimpl_ary = (ary);                          \
      |     ^~~~~
C:/Users/vagrant/pro/pkg/w32/ruby/include/ruby-3.0.0/ruby/internal/core/rarray.h:227:5: note: in definition of macro 'RBIMPL_RARRAY_STMT'
  227 |     const VALUE rbimpl_ary = (ary);                          \
      |     ^~~~~
C:/Users/vagrant/pro/pkg/w32/ruby/include/ruby-3.0.0/ruby/internal/core/rarray.h:255:5: note: in expansion of macro 'RARRAY_PTR_USE_TRANSIENT'
  255 |     RARRAY_PTR_USE_TRANSIENT(ary, ptr,
      |     ^~~~~~~~~~~~~~~~~~~~~~~~
In file included from C:/Users/vagrant/pro/pkg/w32/ruby/include/ruby-3.0.0/ruby/internal/core.h:30,
                 from C:/Users/vagrant/pro/pkg/w32/ruby/include/ruby-3.0.0/ruby/ruby.h:26,
                 from C:/Users/vagrant/pro/pkg/w32/ruby/include/ruby-3.0.0/ruby.h:38,
                 from conftest.c:1:
C:/Users/vagrant/pro/pkg/w32/ruby/include/ruby-3.0.0/ruby/internal/core/robject.h: In function 'ROBJECT_IVPTR':
C:/Users/vagrant/pro/pkg/w32/ruby/include/ruby-3.0.0/ruby/internal/core/robject.h:86:5: warning: ISO C90 forbids mixed declarations and code [-Wdeclaration-after-statement]
   86 |     struct RObject *const ptr = ROBJECT(obj);
      |     ^~~~~~
In file included from C:/Users/vagrant/pro/pkg/w32/ruby/include/ruby-3.0.0/ruby/internal/core.h:31,
                 from C:/Users/vagrant/pro/pkg/w32/ruby/include/ruby-3.0.0/ruby/ruby.h:26,
                 from C:/Users/vagrant/pro/pkg/w32/ruby/include/ruby-3.0.0/ruby.h:38,
                 from conftest.c:1:
C:/Users/vagrant/pro/pkg/w32/ruby/include/ruby-3.0.0/ruby/internal/core/rregexp.h: In function 'RREGEXP_SRC':
C:/Users/vagrant/pro/pkg/w32/ruby/include/ruby-3.0.0/ruby/internal/core/rregexp.h:55:5: warning: ISO C90 forbids mixed declarations and code [-Wdeclaration-after-statement]
   55 |     VALUE ret = RREGEXP(rexp)->src;
      |     ^~~~~
In file included from C:/Users/vagrant/pro/pkg/w32/ruby/include/ruby-3.0.0/ruby/ruby.h:42,
                 from C:/Users/vagrant/pro/pkg/w32/ruby/include/ruby-3.0.0/ruby.h:38,
                 from conftest.c:1:
C:/Users/vagrant/pro/pkg/w32/ruby/include/ruby-3.0.0/ruby/internal/newobj.h: In function 'rb_clone_setup':
C:/Users/vagrant/pro/pkg/w32/ruby/include/ruby-3.0.0/ruby/internal/newobj.h:56:5: warning: ISO C90 forbids mixed declarations and code [-Wdeclaration-after-statement]
   56 |     const VALUE flags = RUBY_FL_PROMOTED0 | RUBY_FL_PROMOTED1 | RUBY_FL_FINALIZE;
      |     ^~~~~
conftest.c: At top level:
conftest.c:6:10: fatal error: sys/socket.h: No such file or directory
    6 | #include <sys/socket.h>
      |          ^~~~~~~~~~~~~~
compilation terminated.
checked program was:
/* begin */
 1: #include "ruby.h"
 2: 
 3: #include <winsock2.h>
 4: #include <windows.h>
 5: #include <sys/types.h>
 6: #include <sys/socket.h>
 7: #include <sys/un.h>
 8: #include <net/if.h>
 9: #include <netinet/in.h>
10: 
11: /*top*/
12: typedef struct sockaddr_dn conftest_type;
13: int conftestval[sizeof(conftest_type)?1:-1];
/* end */

--------------------

have_type: checking for struct sockaddr_irda in sys/types.h,sys/socket.h,sys/un.h,net/if.h,netinet/in.h... -------------------- no

"x86_64-w64-mingw32-gcc -IC:/Users/vagrant/pro/pkg/w32/ruby/include/ruby-3.0.0/x64-mingw32 -IC:/Users/vagrant/pro/pkg/w32/ruby/include/ruby-3.0.0/ruby/backward -IC:/Users/vagrant/pro/pkg/w32/ruby/include/ruby-3.0.0 -I. -D_WIN32_WINNT=0x0600 -D__MINGW_USE_VC2005_COMPAT -D_FILE_OFFSET_BITS=64  -O3 -DFD_SETSIZE=2048 -fno-omit-frame-pointer -fno-fast-math -Wall -Wextra -Wno-unused-parameter -Wno-parentheses -Wno-long-long -Wno-missing-field-initializers -Wunused-variable -Wpointer-arith -Wwrite-strings -Wdeclaration-after-statement -Wimplicit-function-declaration -m64  -c conftest.c"
In file included from C:/Users/vagrant/pro/pkg/w32/ruby/include/ruby-3.0.0/ruby/internal/arithmetic/int.h:26,
                 from C:/Users/vagrant/pro/pkg/w32/ruby/include/ruby-3.0.0/ruby/internal/arithmetic/char.h:23,
                 from C:/Users/vagrant/pro/pkg/w32/ruby/include/ruby-3.0.0/ruby/internal/arithmetic.h:23,
                 from C:/Users/vagrant/pro/pkg/w32/ruby/include/ruby-3.0.0/ruby/ruby.h:25,
                 from C:/Users/vagrant/pro/pkg/w32/ruby/include/ruby-3.0.0/ruby.h:38,
                 from conftest.c:1:
C:/Users/vagrant/pro/pkg/w32/ruby/include/ruby-3.0.0/ruby/internal/arithmetic/long.h: In function 'RB_INT2FIX':
C:/Users/vagrant/pro/pkg/w32/ruby/include/ruby-3.0.0/ruby/internal/arithmetic/long.h:88:5: warning: ISO C90 forbids mixed declarations and code [-Wdeclaration-after-statement]
   88 |     const unsigned long j = i;
      |     ^~~~~
C:/Users/vagrant/pro/pkg/w32/ruby/include/ruby-3.0.0/ruby/internal/arithmetic/long.h: In function 'rbimpl_fix2long_by_idiv':
C:/Users/vagrant/pro/pkg/w32/ruby/include/ruby-3.0.0/ruby/internal/arithmetic/long.h:123:5: warning: ISO C90 forbids mixed declarations and code [-Wdeclaration-after-statement]
  123 |     const SIGNED_VALUE y = x - RUBY_FIXNUM_FLAG;
      |     ^~~~~
C:/Users/vagrant/pro/pkg/w32/ruby/include/ruby-3.0.0/ruby/internal/arithmetic/long.h: In function 'rbimpl_fix2long_by_shift':
C:/Users/vagrant/pro/pkg/w32/ruby/include/ruby-3.0.0/ruby/internal/arithmetic/long.h:140:5: warning: ISO C90 forbids mixed declarations and code [-Wdeclaration-after-statement]
  140 |     const SIGNED_VALUE y = x;
      |     ^~~~~
In file included from C:/Users/vagrant/pro/pkg/w32/ruby/include/ruby-3.0.0/ruby/internal/fl_type.h:35,
                 from C:/Users/vagrant/pro/pkg/w32/ruby/include/ruby-3.0.0/ruby/internal/core/rstring.h:30,
                 from C:/Users/vagrant/pro/pkg/w32/ruby/include/ruby-3.0.0/ruby/internal/arithmetic/char.h:29,
                 from C:/Users/vagrant/pro/pkg/w32/ruby/include/ruby-3.0.0/ruby/internal/arithmetic.h:23,
                 from C:/Users/vagrant/pro/pkg/w32/ruby/include/ruby-3.0.0/ruby/ruby.h:25,
                 from C:/Users/vagrant/pro/pkg/w32/ruby/include/ruby-3.0.0/ruby.h:38,
                 from conftest.c:1:
C:/Users/vagrant/pro/pkg/w32/ruby/include/ruby-3.0.0/ruby/internal/value_type.h: In function 'RB_BUILTIN_TYPE':
C:/Users/vagrant/pro/pkg/w32/ruby/include/ruby-3.0.0/ruby/internal/value_type.h:157:5: warning: ISO C90 forbids mixed declarations and code [-Wdeclaration-after-statement]
  157 |     VALUE ret = RBASIC(obj)->flags & RUBY_T_MASK;
      |     ^~~~~
In file included from C:/Users/vagrant/pro/pkg/w32/ruby/include/ruby-3.0.0/ruby/internal/arithmetic/char.h:29,
                 from C:/Users/vagrant/pro/pkg/w32/ruby/include/ruby-3.0.0/ruby/internal/arithmetic.h:23,
                 from C:/Users/vagrant/pro/pkg/w32/ruby/include/ruby-3.0.0/ruby/ruby.h:25,
                 from C:/Users/vagrant/pro/pkg/w32/ruby/include/ruby-3.0.0/ruby.h:38,
                 from conftest.c:1:
C:/Users/vagrant/pro/pkg/w32/ruby/include/ruby-3.0.0/ruby/internal/core/rstring.h: In function 'RSTRING_EMBED_LEN':
C:/Users/vagrant/pro/pkg/w32/ruby/include/ruby-3.0.0/ruby/internal/core/rstring.h:109:5: warning: ISO C90 forbids mixed declarations and code [-Wdeclaration-after-statement]
  109 |     VALUE f = RBASIC(str)->flags;
      |     ^~~~~
In file included from C:/Users/vagrant/pro/pkg/w32/ruby/include/ruby-3.0.0/ruby/internal/arithmetic.h:36,
                 from C:/Users/vagrant/pro/pkg/w32/ruby/include/ruby-3.0.0/ruby/ruby.h:25,
                 from C:/Users/vagrant/pro/pkg/w32/ruby/include/ruby-3.0.0/ruby.h:38,
                 from conftest.c:1:
C:/Users/vagrant/pro/pkg/w32/ruby/include/ruby-3.0.0/ruby/internal/arithmetic/st_data_t.h: In function 'RB_ST2FIX':
C:/Users/vagrant/pro/pkg/w32/ruby/include/ruby-3.0.0/ruby/internal/arithmetic/st_data_t.h:55:5: warning: ISO C90 forbids mixed declarations and code [-Wdeclaration-after-statement]
   55 |     unsigned long y = RBIMPL_CAST((unsigned long)x);
      |     ^~~~~~~~
In file included from C:/Users/vagrant/pro/pkg/w32/ruby/include/ruby-3.0.0/ruby/internal/core.h:23,
                 from C:/Users/vagrant/pro/pkg/w32/ruby/include/ruby-3.0.0/ruby/ruby.h:26,
                 from C:/Users/vagrant/pro/pkg/w32/ruby/include/ruby-3.0.0/ruby.h:38,
                 from conftest.c:1:
C:/Users/vagrant/pro/pkg/w32/ruby/include/ruby-3.0.0/ruby/internal/core/rarray.h: In function 'RARRAY_EMBED_LEN':
C:/Users/vagrant/pro/pkg/w32/ruby/include/ruby-3.0.0/ruby/internal/core/rarray.h:123:5: warning: ISO C90 forbids mixed declarations and code [-Wdeclaration-after-statement]
  123 |     VALUE f = RBASIC(ary)->flags;
      |     ^~~~~
C:/Users/vagrant/pro/pkg/w32/ruby/include/ruby-3.0.0/ruby/internal/core/rarray.h: In function 'RARRAY_PTR':
C:/Users/vagrant/pro/pkg/w32/ruby/include/ruby-3.0.0/ruby/internal/core/rarray.h:248:5: warning: ISO C90 forbids mixed declarations and code [-Wdeclaration-after-statement]
  248 |     VALUE tmp = RB_OBJ_WB_UNPROTECT_FOR(ARRAY, ary);
      |     ^~~~~
C:/Users/vagrant/pro/pkg/w32/ruby/include/ruby-3.0.0/ruby/internal/core/rarray.h: In function 'RARRAY_ASET':
C:/Users/vagrant/pro/pkg/w32/ruby/include/ruby-3.0.0/ruby/internal/core/rarray.h:227:5: warning: ISO C90 forbids mixed declarations and code [-Wdeclaration-after-statement]
  227 |     const VALUE rbimpl_ary = (ary);                          \
      |     ^~~~~
C:/Users/vagrant/pro/pkg/w32/ruby/include/ruby-3.0.0/ruby/internal/core/rarray.h:227:5: note: in definition of macro 'RBIMPL_RARRAY_STMT'
  227 |     const VALUE rbimpl_ary = (ary);                          \
      |     ^~~~~
C:/Users/vagrant/pro/pkg/w32/ruby/include/ruby-3.0.0/ruby/internal/core/rarray.h:255:5: note: in expansion of macro 'RARRAY_PTR_USE_TRANSIENT'
  255 |     RARRAY_PTR_USE_TRANSIENT(ary, ptr,
      |     ^~~~~~~~~~~~~~~~~~~~~~~~
In file included from C:/Users/vagrant/pro/pkg/w32/ruby/include/ruby-3.0.0/ruby/internal/core.h:30,
                 from C:/Users/vagrant/pro/pkg/w32/ruby/include/ruby-3.0.0/ruby/ruby.h:26,
                 from C:/Users/vagrant/pro/pkg/w32/ruby/include/ruby-3.0.0/ruby.h:38,
                 from conftest.c:1:
C:/Users/vagrant/pro/pkg/w32/ruby/include/ruby-3.0.0/ruby/internal/core/robject.h: In function 'ROBJECT_IVPTR':
C:/Users/vagrant/pro/pkg/w32/ruby/include/ruby-3.0.0/ruby/internal/core/robject.h:86:5: warning: ISO C90 forbids mixed declarations and code [-Wdeclaration-after-statement]
   86 |     struct RObject *const ptr = ROBJECT(obj);
      |     ^~~~~~
In file included from C:/Users/vagrant/pro/pkg/w32/ruby/include/ruby-3.0.0/ruby/internal/core.h:31,
                 from C:/Users/vagrant/pro/pkg/w32/ruby/include/ruby-3.0.0/ruby/ruby.h:26,
                 from C:/Users/vagrant/pro/pkg/w32/ruby/include/ruby-3.0.0/ruby.h:38,
                 from conftest.c:1:
C:/Users/vagrant/pro/pkg/w32/ruby/include/ruby-3.0.0/ruby/internal/core/rregexp.h: In function 'RREGEXP_SRC':
C:/Users/vagrant/pro/pkg/w32/ruby/include/ruby-3.0.0/ruby/internal/core/rregexp.h:55:5: warning: ISO C90 forbids mixed declarations and code [-Wdeclaration-after-statement]
   55 |     VALUE ret = RREGEXP(rexp)->src;
      |     ^~~~~
In file included from C:/Users/vagrant/pro/pkg/w32/ruby/include/ruby-3.0.0/ruby/ruby.h:42,
                 from C:/Users/vagrant/pro/pkg/w32/ruby/include/ruby-3.0.0/ruby.h:38,
                 from conftest.c:1:
C:/Users/vagrant/pro/pkg/w32/ruby/include/ruby-3.0.0/ruby/internal/newobj.h: In function 'rb_clone_setup':
C:/Users/vagrant/pro/pkg/w32/ruby/include/ruby-3.0.0/ruby/internal/newobj.h:56:5: warning: ISO C90 forbids mixed declarations and code [-Wdeclaration-after-statement]
   56 |     const VALUE flags = RUBY_FL_PROMOTED0 | RUBY_FL_PROMOTED1 | RUBY_FL_FINALIZE;
      |     ^~~~~
conftest.c: At top level:
conftest.c:6:10: fatal error: sys/socket.h: No such file or directory
    6 | #include <sys/socket.h>
      |          ^~~~~~~~~~~~~~
compilation terminated.
checked program was:
/* begin */
 1: #include "ruby.h"
 2: 
 3: #include <winsock2.h>
 4: #include <windows.h>
 5: #include <sys/types.h>
 6: #include <sys/socket.h>
 7: #include <sys/un.h>
 8: #include <net/if.h>
 9: #include <netinet/in.h>
10: 
11: /*top*/
12: typedef struct sockaddr_irda conftest_type;
13: int conftestval[sizeof(conftest_type)?1:-1];
/* end */

--------------------

have_type: checking for struct sockaddr_llc in sys/types.h,sys/socket.h,sys/un.h,net/if.h,netinet/in.h... -------------------- no

"x86_64-w64-mingw32-gcc -IC:/Users/vagrant/pro/pkg/w32/ruby/include/ruby-3.0.0/x64-mingw32 -IC:/Users/vagrant/pro/pkg/w32/ruby/include/ruby-3.0.0/ruby/backward -IC:/Users/vagrant/pro/pkg/w32/ruby/include/ruby-3.0.0 -I. -D_WIN32_WINNT=0x0600 -D__MINGW_USE_VC2005_COMPAT -D_FILE_OFFSET_BITS=64  -O3 -DFD_SETSIZE=2048 -fno-omit-frame-pointer -fno-fast-math -Wall -Wextra -Wno-unused-parameter -Wno-parentheses -Wno-long-long -Wno-missing-field-initializers -Wunused-variable -Wpointer-arith -Wwrite-strings -Wdeclaration-after-statement -Wimplicit-function-declaration -m64  -c conftest.c"
In file included from C:/Users/vagrant/pro/pkg/w32/ruby/include/ruby-3.0.0/ruby/internal/arithmetic/int.h:26,
                 from C:/Users/vagrant/pro/pkg/w32/ruby/include/ruby-3.0.0/ruby/internal/arithmetic/char.h:23,
                 from C:/Users/vagrant/pro/pkg/w32/ruby/include/ruby-3.0.0/ruby/internal/arithmetic.h:23,
                 from C:/Users/vagrant/pro/pkg/w32/ruby/include/ruby-3.0.0/ruby/ruby.h:25,
                 from C:/Users/vagrant/pro/pkg/w32/ruby/include/ruby-3.0.0/ruby.h:38,
                 from conftest.c:1:
C:/Users/vagrant/pro/pkg/w32/ruby/include/ruby-3.0.0/ruby/internal/arithmetic/long.h: In function 'RB_INT2FIX':
C:/Users/vagrant/pro/pkg/w32/ruby/include/ruby-3.0.0/ruby/internal/arithmetic/long.h:88:5: warning: ISO C90 forbids mixed declarations and code [-Wdeclaration-after-statement]
   88 |     const unsigned long j = i;
      |     ^~~~~
C:/Users/vagrant/pro/pkg/w32/ruby/include/ruby-3.0.0/ruby/internal/arithmetic/long.h: In function 'rbimpl_fix2long_by_idiv':
C:/Users/vagrant/pro/pkg/w32/ruby/include/ruby-3.0.0/ruby/internal/arithmetic/long.h:123:5: warning: ISO C90 forbids mixed declarations and code [-Wdeclaration-after-statement]
  123 |     const SIGNED_VALUE y = x - RUBY_FIXNUM_FLAG;
      |     ^~~~~
C:/Users/vagrant/pro/pkg/w32/ruby/include/ruby-3.0.0/ruby/internal/arithmetic/long.h: In function 'rbimpl_fix2long_by_shift':
C:/Users/vagrant/pro/pkg/w32/ruby/include/ruby-3.0.0/ruby/internal/arithmetic/long.h:140:5: warning: ISO C90 forbids mixed declarations and code [-Wdeclaration-after-statement]
  140 |     const SIGNED_VALUE y = x;
      |     ^~~~~
In file included from C:/Users/vagrant/pro/pkg/w32/ruby/include/ruby-3.0.0/ruby/internal/fl_type.h:35,
                 from C:/Users/vagrant/pro/pkg/w32/ruby/include/ruby-3.0.0/ruby/internal/core/rstring.h:30,
                 from C:/Users/vagrant/pro/pkg/w32/ruby/include/ruby-3.0.0/ruby/internal/arithmetic/char.h:29,
                 from C:/Users/vagrant/pro/pkg/w32/ruby/include/ruby-3.0.0/ruby/internal/arithmetic.h:23,
                 from C:/Users/vagrant/pro/pkg/w32/ruby/include/ruby-3.0.0/ruby/ruby.h:25,
                 from C:/Users/vagrant/pro/pkg/w32/ruby/include/ruby-3.0.0/ruby.h:38,
                 from conftest.c:1:
C:/Users/vagrant/pro/pkg/w32/ruby/include/ruby-3.0.0/ruby/internal/value_type.h: In function 'RB_BUILTIN_TYPE':
C:/Users/vagrant/pro/pkg/w32/ruby/include/ruby-3.0.0/ruby/internal/value_type.h:157:5: warning: ISO C90 forbids mixed declarations and code [-Wdeclaration-after-statement]
  157 |     VALUE ret = RBASIC(obj)->flags & RUBY_T_MASK;
      |     ^~~~~
In file included from C:/Users/vagrant/pro/pkg/w32/ruby/include/ruby-3.0.0/ruby/internal/arithmetic/char.h:29,
                 from C:/Users/vagrant/pro/pkg/w32/ruby/include/ruby-3.0.0/ruby/internal/arithmetic.h:23,
                 from C:/Users/vagrant/pro/pkg/w32/ruby/include/ruby-3.0.0/ruby/ruby.h:25,
                 from C:/Users/vagrant/pro/pkg/w32/ruby/include/ruby-3.0.0/ruby.h:38,
                 from conftest.c:1:
C:/Users/vagrant/pro/pkg/w32/ruby/include/ruby-3.0.0/ruby/internal/core/rstring.h: In function 'RSTRING_EMBED_LEN':
C:/Users/vagrant/pro/pkg/w32/ruby/include/ruby-3.0.0/ruby/internal/core/rstring.h:109:5: warning: ISO C90 forbids mixed declarations and code [-Wdeclaration-after-statement]
  109 |     VALUE f = RBASIC(str)->flags;
      |     ^~~~~
In file included from C:/Users/vagrant/pro/pkg/w32/ruby/include/ruby-3.0.0/ruby/internal/arithmetic.h:36,
                 from C:/Users/vagrant/pro/pkg/w32/ruby/include/ruby-3.0.0/ruby/ruby.h:25,
                 from C:/Users/vagrant/pro/pkg/w32/ruby/include/ruby-3.0.0/ruby.h:38,
                 from conftest.c:1:
C:/Users/vagrant/pro/pkg/w32/ruby/include/ruby-3.0.0/ruby/internal/arithmetic/st_data_t.h: In function 'RB_ST2FIX':
C:/Users/vagrant/pro/pkg/w32/ruby/include/ruby-3.0.0/ruby/internal/arithmetic/st_data_t.h:55:5: warning: ISO C90 forbids mixed declarations and code [-Wdeclaration-after-statement]
   55 |     unsigned long y = RBIMPL_CAST((unsigned long)x);
      |     ^~~~~~~~
In file included from C:/Users/vagrant/pro/pkg/w32/ruby/include/ruby-3.0.0/ruby/internal/core.h:23,
                 from C:/Users/vagrant/pro/pkg/w32/ruby/include/ruby-3.0.0/ruby/ruby.h:26,
                 from C:/Users/vagrant/pro/pkg/w32/ruby/include/ruby-3.0.0/ruby.h:38,
                 from conftest.c:1:
C:/Users/vagrant/pro/pkg/w32/ruby/include/ruby-3.0.0/ruby/internal/core/rarray.h: In function 'RARRAY_EMBED_LEN':
C:/Users/vagrant/pro/pkg/w32/ruby/include/ruby-3.0.0/ruby/internal/core/rarray.h:123:5: warning: ISO C90 forbids mixed declarations and code [-Wdeclaration-after-statement]
  123 |     VALUE f = RBASIC(ary)->flags;
      |     ^~~~~
C:/Users/vagrant/pro/pkg/w32/ruby/include/ruby-3.0.0/ruby/internal/core/rarray.h: In function 'RARRAY_PTR':
C:/Users/vagrant/pro/pkg/w32/ruby/include/ruby-3.0.0/ruby/internal/core/rarray.h:248:5: warning: ISO C90 forbids mixed declarations and code [-Wdeclaration-after-statement]
  248 |     VALUE tmp = RB_OBJ_WB_UNPROTECT_FOR(ARRAY, ary);
      |     ^~~~~
C:/Users/vagrant/pro/pkg/w32/ruby/include/ruby-3.0.0/ruby/internal/core/rarray.h: In function 'RARRAY_ASET':
C:/Users/vagrant/pro/pkg/w32/ruby/include/ruby-3.0.0/ruby/internal/core/rarray.h:227:5: warning: ISO C90 forbids mixed declarations and code [-Wdeclaration-after-statement]
  227 |     const VALUE rbimpl_ary = (ary);                          \
      |     ^~~~~
C:/Users/vagrant/pro/pkg/w32/ruby/include/ruby-3.0.0/ruby/internal/core/rarray.h:227:5: note: in definition of macro 'RBIMPL_RARRAY_STMT'
  227 |     const VALUE rbimpl_ary = (ary);                          \
      |     ^~~~~
C:/Users/vagrant/pro/pkg/w32/ruby/include/ruby-3.0.0/ruby/internal/core/rarray.h:255:5: note: in expansion of macro 'RARRAY_PTR_USE_TRANSIENT'
  255 |     RARRAY_PTR_USE_TRANSIENT(ary, ptr,
      |     ^~~~~~~~~~~~~~~~~~~~~~~~
In file included from C:/Users/vagrant/pro/pkg/w32/ruby/include/ruby-3.0.0/ruby/internal/core.h:30,
                 from C:/Users/vagrant/pro/pkg/w32/ruby/include/ruby-3.0.0/ruby/ruby.h:26,
                 from C:/Users/vagrant/pro/pkg/w32/ruby/include/ruby-3.0.0/ruby.h:38,
                 from conftest.c:1:
C:/Users/vagrant/pro/pkg/w32/ruby/include/ruby-3.0.0/ruby/internal/core/robject.h: In function 'ROBJECT_IVPTR':
C:/Users/vagrant/pro/pkg/w32/ruby/include/ruby-3.0.0/ruby/internal/core/robject.h:86:5: warning: ISO C90 forbids mixed declarations and code [-Wdeclaration-after-statement]
   86 |     struct RObject *const ptr = ROBJECT(obj);
      |     ^~~~~~
In file included from C:/Users/vagrant/pro/pkg/w32/ruby/include/ruby-3.0.0/ruby/internal/core.h:31,
                 from C:/Users/vagrant/pro/pkg/w32/ruby/include/ruby-3.0.0/ruby/ruby.h:26,
                 from C:/Users/vagrant/pro/pkg/w32/ruby/include/ruby-3.0.0/ruby.h:38,
                 from conftest.c:1:
C:/Users/vagrant/pro/pkg/w32/ruby/include/ruby-3.0.0/ruby/internal/core/rregexp.h: In function 'RREGEXP_SRC':
C:/Users/vagrant/pro/pkg/w32/ruby/include/ruby-3.0.0/ruby/internal/core/rregexp.h:55:5: warning: ISO C90 forbids mixed declarations and code [-Wdeclaration-after-statement]
   55 |     VALUE ret = RREGEXP(rexp)->src;
      |     ^~~~~
In file included from C:/Users/vagrant/pro/pkg/w32/ruby/include/ruby-3.0.0/ruby/ruby.h:42,
                 from C:/Users/vagrant/pro/pkg/w32/ruby/include/ruby-3.0.0/ruby.h:38,
                 from conftest.c:1:
C:/Users/vagrant/pro/pkg/w32/ruby/include/ruby-3.0.0/ruby/internal/newobj.h: In function 'rb_clone_setup':
C:/Users/vagrant/pro/pkg/w32/ruby/include/ruby-3.0.0/ruby/internal/newobj.h:56:5: warning: ISO C90 forbids mixed declarations and code [-Wdeclaration-after-statement]
   56 |     const VALUE flags = RUBY_FL_PROMOTED0 | RUBY_FL_PROMOTED1 | RUBY_FL_FINALIZE;
      |     ^~~~~
conftest.c: At top level:
conftest.c:6:10: fatal error: sys/socket.h: No such file or directory
    6 | #include <sys/socket.h>
      |          ^~~~~~~~~~~~~~
compilation terminated.
checked program was:
/* begin */
 1: #include "ruby.h"
 2: 
 3: #include <winsock2.h>
 4: #include <windows.h>
 5: #include <sys/types.h>
 6: #include <sys/socket.h>
 7: #include <sys/un.h>
 8: #include <net/if.h>
 9: #include <netinet/in.h>
10: 
11: /*top*/
12: typedef struct sockaddr_llc conftest_type;
13: int conftestval[sizeof(conftest_type)?1:-1];
/* end */

--------------------

